03:47:16.578 [main                     ] DEBUG GameApplication      - Logger initialized
03:47:16.603 [main                     ] DEBUG GameApplication      - Logging settings
Title: PokeBounce - Zealand
Version: 0.1
Width: 600
Height: 600
Fullscreen: false
Intro: false
Menus: true
Profiling: false
Single step:false
App Mode: DEVELOPER
Menu Key: ESCAPE
Stage Style: DECORATED
Scene Factory: class PokeBounce.pokebounce.BasicGameApp$1
Dialog Factory: class com.almasb.fxgl.ui.FXGLDialogFactory
UI Factory: class com.almasb.fxgl.ui.FXGLUIFactory

03:47:17.978 [JavaFX Application Thread] DEBUG Engine               - Initializing FXGL
03:47:17.978 [JavaFX Application Thread] INFO  Engine               - FXGL-11.7 (05.01.2020 09.46) on WINDOWS (J:11.0.5 FX:10.0.2-internal)
03:47:17.978 [JavaFX Application Thread] INFO  Engine               - Source code and latest versions at: https://github.com/AlmasB/FXGL
03:47:17.979 [JavaFX Application Thread] INFO  Engine               -              Join the FXGL chat at: https://gitter.im/AlmasB/FXGL
03:47:17.979 [JavaFX Application Thread] DEBUG Engine               - Initializing environment variables
03:47:17.982 [JavaFX Application Thread] DEBUG Engine               - Logging environment variables
03:47:17.982 [JavaFX Application Thread] DEBUG Engine               - achievements: []
03:47:17.982 [JavaFX Application Thread] DEBUG Engine               - sceneStack: com.almasb.fxgl.app.Engine@47d96055
03:47:17.982 [JavaFX Application Thread] DEBUG Engine               - language: ObjectProperty [value: ENGLISH]
03:47:17.983 [JavaFX Application Thread] DEBUG Engine               - isCloseConfirmation: false
03:47:17.983 [JavaFX Application Thread] DEBUG Engine               - isProfilingEnabled: false
03:47:17.983 [JavaFX Application Thread] DEBUG Engine               - soundNotification: core/notification.wav
03:47:17.983 [JavaFX Application Thread] DEBUG Engine               - devShowBBoxProperty: BooleanProperty [value: false]
03:47:17.984 [JavaFX Application Thread] DEBUG Engine               - pixelsPerMeter: 50.0
03:47:17.984 [JavaFX Application Thread] DEBUG Engine               - overlayRoot: Group@13bae140
03:47:17.984 [JavaFX Application Thread] DEBUG Engine               - soundMenuBack: menu/back.wav
03:47:17.984 [JavaFX Application Thread] DEBUG Engine               - appIcon: EvilPuffIcon.png
03:47:17.984 [JavaFX Application Thread] DEBUG Engine               - isFullScreenAllowed: false
03:47:17.985 [JavaFX Application Thread] DEBUG Engine               - isIntroEnabled: false
03:47:17.987 [JavaFX Application Thread] DEBUG Engine               - eventBus: com.almasb.fxgl.event.EventBus@5666dd6c
03:47:17.988 [JavaFX Application Thread] DEBUG Engine               - fontMono: lucida_console.ttf
03:47:17.988 [JavaFX Application Thread] DEBUG Engine               - soundMenuSelect: menu/select.wav
03:47:17.988 [JavaFX Application Thread] DEBUG Engine               - isWindows: true
03:47:17.988 [JavaFX Application Thread] DEBUG Engine               - isMobile: false
03:47:17.989 [JavaFX Application Thread] DEBUG Engine               - height: 600
03:47:17.989 [JavaFX Application Thread] DEBUG Engine               - isExperimentalNative: false
03:47:17.989 [JavaFX Application Thread] DEBUG Engine               - isSingleStep: false
03:47:17.989 [JavaFX Application Thread] DEBUG Engine               - cSSList: [fxgl_dark.css]
03:47:17.989 [JavaFX Application Thread] DEBUG Engine               - fontGame: Abel-Regular.ttf
03:47:17.989 [JavaFX Application Thread] DEBUG Engine               - menuKey: ESCAPE
03:47:17.989 [JavaFX Application Thread] DEBUG Engine               - devShowPositionProperty: BooleanProperty [value: false]
03:47:17.989 [JavaFX Application Thread] DEBUG Engine               - versionCheckDays: 7
03:47:17.989 [JavaFX Application Thread] DEBUG Engine               - masterTimer: com.almasb.fxgl.time.Timer@5ab1d43d
03:47:17.989 [JavaFX Application Thread] DEBUG Engine               - configClass: Optional.empty
03:47:17.989 [JavaFX Application Thread] DEBUG Engine               - isFullScreenFromStart: false
03:47:17.990 [JavaFX Application Thread] DEBUG Engine               - version: 0.1
03:47:17.990 [JavaFX Application Thread] DEBUG Engine               - fullScreen: BooleanProperty [value: false]
03:47:17.990 [JavaFX Application Thread] DEBUG Engine               - randomSeed: -1
03:47:17.990 [JavaFX Application Thread] DEBUG Engine               - dialogFactory: com.almasb.fxgl.ui.FXGLDialogFactory@2f4a6cdb
03:47:17.990 [JavaFX Application Thread] DEBUG Engine               - applicationMode: DEVELOPER
03:47:17.990 [JavaFX Application Thread] DEBUG Engine               - isMac: false
03:47:17.990 [JavaFX Application Thread] DEBUG Engine               - urlGoogleForms: https://goo.gl/forms/6wrMnOBxTE1fEpOy2
03:47:17.990 [JavaFX Application Thread] DEBUG Engine               - isMenuEnabled: true
03:47:17.990 [JavaFX Application Thread] DEBUG Engine               - urlPOM: https://raw.githubusercontent.com/AlmasB/FXGL/master/pom.xml
03:47:17.991 [JavaFX Application Thread] DEBUG Engine               - profileName: user.profile
03:47:17.991 [JavaFX Application Thread] DEBUG Engine               - devSensorColorProperty: ObjectProperty [value: 0xffff00ff]
03:47:17.991 [JavaFX Application Thread] DEBUG Engine               - notificationViewClass: class com.almasb.fxgl.notification.view.XboxNotificationView
03:47:17.992 [JavaFX Application Thread] DEBUG Engine               - sceneFactory: PokeBounce.pokebounce.BasicGameApp$1@6b3e2893
03:47:17.992 [JavaFX Application Thread] DEBUG Engine               - dataFileExt: .dat
03:47:17.992 [JavaFX Application Thread] DEBUG Engine               - stageStyle: DECORATED
03:47:17.992 [JavaFX Application Thread] DEBUG Engine               - isManualResizeEnabled: false
03:47:17.992 [JavaFX Application Thread] DEBUG Engine               - title: PokeBounce - Zealand
03:47:17.992 [JavaFX Application Thread] DEBUG Engine               - platform: WINDOWS
03:47:17.992 [JavaFX Application Thread] DEBUG Engine               - devBBoxColorProperty: ObjectProperty [value: 0xff0000ff]
03:47:17.992 [JavaFX Application Thread] DEBUG Engine               - isDesktop: true
03:47:17.992 [JavaFX Application Thread] DEBUG Engine               - credits: []
03:47:17.993 [JavaFX Application Thread] DEBUG Engine               - globalMusicVolumeProperty: DoubleProperty [value: 0.5]
03:47:17.993 [JavaFX Application Thread] DEBUG Engine               - uIFactory: com.almasb.fxgl.ui.FXGLUIFactory@b531525
03:47:17.993 [JavaFX Application Thread] DEBUG Engine               - isPreserveResizeRatio: false
03:47:17.993 [JavaFX Application Thread] DEBUG Engine               - fontText: Courier-Prime.ttf
03:47:17.993 [JavaFX Application Thread] DEBUG Engine               - isExperimentalTiledLargeMap: false
03:47:17.993 [JavaFX Application Thread] DEBUG Engine               - secondsIn24h: 60
03:47:17.993 [JavaFX Application Thread] DEBUG Engine               - runtimeInfo: RuntimeInfo(platform=WINDOWS, version=11.7, build=05.01.2020 09.46)
03:47:17.994 [JavaFX Application Thread] DEBUG Engine               - isLinux: false
03:47:17.994 [JavaFX Application Thread] DEBUG Engine               - soundMenuPress: menu/press.wav
03:47:17.994 [JavaFX Application Thread] DEBUG Engine               - urlGithub: https://github.com/AlmasB/FXGL
03:47:17.994 [JavaFX Application Thread] DEBUG Engine               - profileDir: profiles/
03:47:17.994 [JavaFX Application Thread] DEBUG Engine               - isDeveloperMenuEnabled: false
03:47:17.994 [JavaFX Application Thread] DEBUG Engine               - globalSoundVolumeProperty: DoubleProperty [value: 0.5]
03:47:17.994 [JavaFX Application Thread] DEBUG Engine               - globalSoundVolume: 0.5
03:47:17.994 [JavaFX Application Thread] DEBUG Engine               - isBrowser: false
03:47:17.994 [JavaFX Application Thread] DEBUG Engine               - urlLeaderboard: http://fxgl-top.herokuapp.com/
03:47:17.995 [JavaFX Application Thread] DEBUG Engine               - saveDir: saves/
03:47:17.995 [JavaFX Application Thread] DEBUG Engine               - engineServices: [class com.almasb.fxgl.audio.AudioPlayer, class com.almasb.fxgl.notification.impl.NotificationServiceProvider, class com.almasb.fxgl.achievement.AchievementManager, class com.almasb.fxgl.cutscene.CutsceneService, class com.almasb.fxgl.minigames.MiniGameService]
03:47:17.995 [JavaFX Application Thread] DEBUG Engine               - globalMusicVolume: 0.5
03:47:17.995 [JavaFX Application Thread] DEBUG Engine               - width: 600
03:47:17.995 [JavaFX Application Thread] DEBUG Engine               - saveFileExt: .sav
03:47:17.995 [JavaFX Application Thread] DEBUG Engine               - isAndroid: false
03:47:17.995 [JavaFX Application Thread] DEBUG Engine               - fontUI: VarelaRound-Regular.ttf
03:47:17.995 [JavaFX Application Thread] DEBUG Engine               - isIOS: false
03:47:17.995 [JavaFX Application Thread] DEBUG Engine               - enabledMenuItems: []
03:47:17.999 [JavaFX Application Thread] DEBUG Engine               - Adding new engine service: class com.almasb.fxgl.audio.AudioPlayer
03:47:18.002 [JavaFX Application Thread] DEBUG Engine               - Adding new engine service: class com.almasb.fxgl.notification.impl.NotificationServiceProvider
03:47:18.002 [JavaFX Application Thread] DEBUG Engine               - Adding new engine service: class com.almasb.fxgl.achievement.AchievementManager
03:47:18.003 [JavaFX Application Thread] DEBUG Engine               - Adding new engine service: class com.almasb.fxgl.cutscene.CutsceneService
03:47:18.003 [JavaFX Application Thread] DEBUG Engine               - Adding new engine service: class com.almasb.fxgl.minigames.MiniGameService
03:47:18.005 [JavaFX Application Thread] DEBUG Engine               - Loading localizations
03:47:18.010 [JavaFX Application Thread] DEBUG AssetLoader          - Loading from file system: /assets/properties/languages/english.properties
03:47:18.015 [JavaFX Application Thread] DEBUG AssetLoader          - Loading from file system: /assets/properties/languages/french.properties
03:47:18.019 [JavaFX Application Thread] DEBUG AssetLoader          - Loading from file system: /assets/properties/languages/german.properties
03:47:18.022 [JavaFX Application Thread] DEBUG AssetLoader          - Loading from file system: /assets/properties/languages/russian.properties
03:47:18.028 [JavaFX Application Thread] DEBUG AssetLoader          - Loading from file system: /assets/properties/languages/hungarian.properties
03:47:18.032 [JavaFX Application Thread] DEBUG Engine               - Registering font factories
03:47:18.033 [JavaFX Application Thread] DEBUG AssetLoader          - Loading from file system: /assets/ui/fonts/VarelaRound-Regular.ttf
03:47:18.379 [JavaFX Application Thread] DEBUG AssetLoader          - Loading from file system: /assets/ui/fonts/Abel-Regular.ttf
03:47:18.393 [JavaFX Application Thread] DEBUG AssetLoader          - Loading from file system: /assets/ui/fonts/lucida_console.ttf
03:47:18.408 [JavaFX Application Thread] DEBUG AssetLoader          - Loading from file system: /assets/ui/fonts/Courier-Prime.ttf
03:47:18.427 [JavaFX Application Thread] DEBUG Engine               - Setting UI factory
03:47:18.527 [JavaFX Application Thread] DEBUG AssetLoader          - Loading from file system: /assets/textures/fxgl_logo.png
03:47:18.576 [JavaFX Application Thread] DEBUG MainWindow           - Creating a JavaFX scene
03:47:18.612 [JavaFX Application Thread] DEBUG MainWindow           - Target settings size: 600.0 x 600.0
03:47:18.612 [JavaFX Application Thread] DEBUG MainWindow           - Scaled scene size:    600.0 x 600.0
03:47:18.613 [JavaFX Application Thread] DEBUG MainWindow           - Scaled ratio: (1.0, 1.0)
03:47:18.613 [JavaFX Application Thread] DEBUG MainWindow           - Set initial scene to FXGLStartupScene
03:47:18.621 [JavaFX Application Thread] DEBUG AssetLoader          - Loading from file system: /assets/textures/EvilPuffIcon.png
03:47:18.622 [JavaFX Application Thread] DEBUG Engine               - Applying CSS: fxgl_dark.css
03:47:18.622 [JavaFX Application Thread] DEBUG AssetLoader          - Loading from file system: /assets/ui/css/fxgl_dark.css
03:47:18.625 [JavaFX Application Thread] DEBUG AssetLoader          - Loading from file system: /assets/ui/cursors/fxgl_default.png
03:47:18.628 [JavaFX Application Thread] DEBUG MainWindow           - Opening main window
03:47:18.751 [JavaFX Application Thread] DEBUG MainWindow           - Window border size: (16.0, 39.0)
03:47:18.751 [JavaFX Application Thread] DEBUG MainWindow           - Scaled size: 600.0 x 600.0
03:47:18.751 [JavaFX Application Thread] DEBUG MainWindow           - Scaled ratio: (1.0, 1.0)
03:47:18.751 [JavaFX Application Thread] DEBUG MainWindow           - Scene size: 600.0 x 600.0
03:47:18.751 [JavaFX Application Thread] DEBUG MainWindow           - Stage size: 616.0 x 639.0
03:47:18.779 [FXGL Background Thread 1 ] DEBUG FS                   - Loaded FSServiceImpl
03:47:18.780 [FXGL Background Thread 1 ] DEBUG Engine               - Loading FXGL system data
03:47:18.812 [FXGL Background Thread 1 ] DEBUG FSServiceImpl        - Reading from: E:\Spil projekt - Jan 2020\Demo1\system\fxgl.bundle
03:47:18.819 [FXGL Background Thread 1 ] DEBUG Engine               - Bundle FXGL: {}
03:47:18.819 [FXGL Background Thread 1 ] DEBUG Engine               - Initializing application scenes
03:47:18.852 [FXGL Background Thread 1 ] DEBUG GameWorld            - Game world initialized
03:47:18.904 [FXGL Background Thread 1 ] DEBUG PhysicsWorld         - Physics world initialized: appHeight=600, physics.ppm=50,0
03:47:18.906 [FXGL Background Thread 1 ] DEBUG GameScene            - Game scene initialized: 600x600
03:47:18.930 [FXGL Background Thread 1 ] DEBUG AssetLoader          - Loading from file system: /assets/textures/MainMenuGif.gif
03:47:19.090 [FXGL Background Thread 1 ] DEBUG AssetLoader          - Loading from file system: /assets/textures/GameMenuEvilPuff3.png
03:47:19.415 [FXGL Background Thread 1 ] DEBUG Engine               - Application scenes initialized
03:47:19.420 [JavaFX Application Thread] DEBUG Engine               - Running preInit()
03:47:19.427 [JavaFX Application Thread] DEBUG Input                - Registered new binding: Move Right - D
03:47:19.427 [JavaFX Application Thread] DEBUG Input                - Registered new binding: Move Left - A
03:47:19.427 [JavaFX Application Thread] DEBUG Input                - Registered new binding: Move Up - W
03:47:19.428 [JavaFX Application Thread] DEBUG Input                - Registered new binding: Move Down - S
03:47:19.428 [JavaFX Application Thread] DEBUG Input                - Registered new binding: Screenshot - P
03:47:19.428 [JavaFX Application Thread] DEBUG Input                - Registered new binding: System info dump - CTRL+9
03:47:19.429 [JavaFX Application Thread] DEBUG Input                - Registered new binding: Restart - CTRL+R
03:47:19.429 [JavaFX Application Thread] DEBUG Engine               - generateDefaultProfile()
03:47:19.429 [JavaFX Application Thread] DEBUG Engine               - Creating default profile
03:47:19.429 [JavaFX Application Thread] DEBUG EventBus             - Firing event: SaveEvent
03:47:19.438 [JavaFX Application Thread] DEBUG AssetLoader          - Loading from file system: /assets/music/MainMenuMusic.mp3
03:47:19.591 [JavaFX Application Thread] DEBUG AudioPlayer          - Playing music com.almasb.fxgl.audio.Music@2b883b30
03:47:19.591 [JavaFX Application Thread] INFO  Engine               - FXGL initialization took: 1,585 sec
03:47:19.592 [JavaFX Application Thread] DEBUG LoopRunner           - Starting loop
03:47:19.593 [JavaFX Application Thread] DEBUG FXGLStartupScene     - STARTUP
03:47:19.595 [JavaFX Application Thread] DEBUG Input                - Clearing active input actions
03:47:19.605 [JavaFX Application Thread] DEBUG Engine               - Removing overlay from FXGLStartupScene and adding to PokeBounceMainMenu
03:47:19.606 [JavaFX Application Thread] DEBUG MainWindow           - FXGLStartupScene -> PokeBounceMainMenu
03:47:57.185 [JavaFX Application Thread] DEBUG Menu                 - fireExit()
03:47:57.195 [JavaFX Application Thread] DEBUG MainWindow           - Push state: DialogSubState
03:47:57.195 [JavaFX Application Thread] DEBUG Input                - Clearing active input actions
03:47:57.201 [JavaFX Application Thread] DEBUG Engine               - Removing overlay from PokeBounceMainMenu and adding to DialogSubState
03:47:57.201 [JavaFX Application Thread] DEBUG MainWindow           - PokeBounceMainMenu -> DialogSubState
03:47:57.792 [JavaFX Application Thread] DEBUG MainWindow           - Pop state: DialogSubState
03:47:57.793 [JavaFX Application Thread] DEBUG Input                - Clearing active input actions
03:47:57.793 [JavaFX Application Thread] DEBUG Engine               - Removing overlay from DialogSubState and adding to PokeBounceMainMenu
03:47:57.793 [JavaFX Application Thread] DEBUG MainWindow           - PokeBounceMainMenu <- DialogSubState
03:47:57.793 [JavaFX Application Thread] DEBUG Engine               - Exiting FXGL
03:47:57.793 [JavaFX Application Thread] DEBUG Engine               - Shutting down background threads
03:47:57.793 [JavaFX Application Thread] DEBUG Engine               - Saving FXGL system data
03:47:57.797 [JavaFX Application Thread] DEBUG FSServiceImpl        - Writing to: E:\Spil projekt - Jan 2020\Demo1\system\fxgl.bundle
03:47:57.799 [JavaFX Application Thread] DEBUG Engine               - Closing logger and exiting JavaFX
