19:01:30.856 [main                     ] DEBUG GameApplication      - Logger initialized
19:01:30.889 [main                     ] DEBUG GameApplication      - Logging settings
Title: PokeBounce - Zealand
Version: 0.1
Width: 600
Height: 600
Fullscreen: false
Intro: false
Menus: true
Profiling: false
Single step:false
App Mode: DEVELOPER
Menu Key: ESCAPE
Stage Style: DECORATED
Scene Factory: class PokeBounce.pokebounce.BasicGameApp$1
Dialog Factory: class com.almasb.fxgl.ui.FXGLDialogFactory
UI Factory: class com.almasb.fxgl.ui.FXGLUIFactory

19:01:31.268 [JavaFX Application Thread] DEBUG Engine               - Initializing FXGL
19:01:31.268 [JavaFX Application Thread] INFO  Engine               - FXGL-11.7 (05.01.2020 09.46) on WINDOWS (J:11.0.5 FX:10.0.2-internal)
19:01:31.268 [JavaFX Application Thread] INFO  Engine               - Source code and latest versions at: https://github.com/AlmasB/FXGL
19:01:31.269 [JavaFX Application Thread] INFO  Engine               -              Join the FXGL chat at: https://gitter.im/AlmasB/FXGL
19:01:31.269 [JavaFX Application Thread] DEBUG Engine               - Initializing environment variables
19:01:31.270 [JavaFX Application Thread] DEBUG Engine               - Logging environment variables
19:01:31.271 [JavaFX Application Thread] DEBUG Engine               - achievements: []
19:01:31.271 [JavaFX Application Thread] DEBUG Engine               - sceneStack: com.almasb.fxgl.app.Engine@44d1b723
19:01:31.271 [JavaFX Application Thread] DEBUG Engine               - language: ObjectProperty [value: ENGLISH]
19:01:31.272 [JavaFX Application Thread] DEBUG Engine               - isCloseConfirmation: false
19:01:31.273 [JavaFX Application Thread] DEBUG Engine               - isProfilingEnabled: false
19:01:31.273 [JavaFX Application Thread] DEBUG Engine               - soundNotification: core/notification.wav
19:01:31.273 [JavaFX Application Thread] DEBUG Engine               - devShowBBoxProperty: BooleanProperty [value: false]
19:01:31.274 [JavaFX Application Thread] DEBUG Engine               - pixelsPerMeter: 50.0
19:01:31.275 [JavaFX Application Thread] DEBUG Engine               - overlayRoot: Group@58c228f6
19:01:31.275 [JavaFX Application Thread] DEBUG Engine               - soundMenuBack: menu/back.wav
19:01:31.276 [JavaFX Application Thread] DEBUG Engine               - appIcon: EvilPuffIcon.png
19:01:31.276 [JavaFX Application Thread] DEBUG Engine               - isFullScreenAllowed: false
19:01:31.276 [JavaFX Application Thread] DEBUG Engine               - isIntroEnabled: false
19:01:31.277 [JavaFX Application Thread] DEBUG Engine               - eventBus: com.almasb.fxgl.event.EventBus@41cd8156
19:01:31.277 [JavaFX Application Thread] DEBUG Engine               - fontMono: lucida_console.ttf
19:01:31.277 [JavaFX Application Thread] DEBUG Engine               - soundMenuSelect: menu/select.wav
19:01:31.278 [JavaFX Application Thread] DEBUG Engine               - isWindows: true
19:01:31.278 [JavaFX Application Thread] DEBUG Engine               - isMobile: false
19:01:31.281 [JavaFX Application Thread] DEBUG Engine               - height: 600
19:01:31.281 [JavaFX Application Thread] DEBUG Engine               - isExperimentalNative: false
19:01:31.281 [JavaFX Application Thread] DEBUG Engine               - isSingleStep: false
19:01:31.281 [JavaFX Application Thread] DEBUG Engine               - cSSList: [fxgl_dark.css]
19:01:31.281 [JavaFX Application Thread] DEBUG Engine               - fontGame: Abel-Regular.ttf
19:01:31.282 [JavaFX Application Thread] DEBUG Engine               - menuKey: ESCAPE
19:01:31.282 [JavaFX Application Thread] DEBUG Engine               - devShowPositionProperty: BooleanProperty [value: false]
19:01:31.282 [JavaFX Application Thread] DEBUG Engine               - versionCheckDays: 7
19:01:31.282 [JavaFX Application Thread] DEBUG Engine               - masterTimer: com.almasb.fxgl.time.Timer@8ec5ee3
19:01:31.282 [JavaFX Application Thread] DEBUG Engine               - configClass: Optional.empty
19:01:31.282 [JavaFX Application Thread] DEBUG Engine               - isFullScreenFromStart: false
19:01:31.282 [JavaFX Application Thread] DEBUG Engine               - version: 0.1
19:01:31.282 [JavaFX Application Thread] DEBUG Engine               - fullScreen: BooleanProperty [value: false]
19:01:31.282 [JavaFX Application Thread] DEBUG Engine               - randomSeed: -1
19:01:31.282 [JavaFX Application Thread] DEBUG Engine               - dialogFactory: com.almasb.fxgl.ui.FXGLDialogFactory@83566e2
19:01:31.282 [JavaFX Application Thread] DEBUG Engine               - applicationMode: DEVELOPER
19:01:31.282 [JavaFX Application Thread] DEBUG Engine               - isMac: false
19:01:31.283 [JavaFX Application Thread] DEBUG Engine               - urlGoogleForms: https://goo.gl/forms/6wrMnOBxTE1fEpOy2
19:01:31.283 [JavaFX Application Thread] DEBUG Engine               - isMenuEnabled: true
19:01:31.283 [JavaFX Application Thread] DEBUG Engine               - profileName: user.profile
19:01:31.283 [JavaFX Application Thread] DEBUG Engine               - urlPOM: https://raw.githubusercontent.com/AlmasB/FXGL/master/pom.xml
19:01:31.283 [JavaFX Application Thread] DEBUG Engine               - notificationViewClass: class com.almasb.fxgl.notification.view.XboxNotificationView
19:01:31.283 [JavaFX Application Thread] DEBUG Engine               - devSensorColorProperty: ObjectProperty [value: 0xffff00ff]
19:01:31.283 [JavaFX Application Thread] DEBUG Engine               - sceneFactory: PokeBounce.pokebounce.BasicGameApp$1@41797a8a
19:01:31.283 [JavaFX Application Thread] DEBUG Engine               - dataFileExt: .dat
19:01:31.283 [JavaFX Application Thread] DEBUG Engine               - stageStyle: DECORATED
19:01:31.283 [JavaFX Application Thread] DEBUG Engine               - isManualResizeEnabled: false
19:01:31.284 [JavaFX Application Thread] DEBUG Engine               - title: PokeBounce - Zealand
19:01:31.284 [JavaFX Application Thread] DEBUG Engine               - platform: WINDOWS
19:01:31.284 [JavaFX Application Thread] DEBUG Engine               - devBBoxColorProperty: ObjectProperty [value: 0xff0000ff]
19:01:31.284 [JavaFX Application Thread] DEBUG Engine               - isDesktop: true
19:01:31.284 [JavaFX Application Thread] DEBUG Engine               - credits: []
19:01:31.284 [JavaFX Application Thread] DEBUG Engine               - globalMusicVolumeProperty: DoubleProperty [value: 0.5]
19:01:31.284 [JavaFX Application Thread] DEBUG Engine               - uIFactory: com.almasb.fxgl.ui.FXGLUIFactory@6c1394c2
19:01:31.284 [JavaFX Application Thread] DEBUG Engine               - isPreserveResizeRatio: false
19:01:31.284 [JavaFX Application Thread] DEBUG Engine               - fontText: Courier-Prime.ttf
19:01:31.284 [JavaFX Application Thread] DEBUG Engine               - isExperimentalTiledLargeMap: false
19:01:31.284 [JavaFX Application Thread] DEBUG Engine               - secondsIn24h: 60
19:01:31.285 [JavaFX Application Thread] DEBUG Engine               - runtimeInfo: RuntimeInfo(platform=WINDOWS, version=11.7, build=05.01.2020 09.46)
19:01:31.285 [JavaFX Application Thread] DEBUG Engine               - isLinux: false
19:01:31.285 [JavaFX Application Thread] DEBUG Engine               - soundMenuPress: menu/press.wav
19:01:31.285 [JavaFX Application Thread] DEBUG Engine               - urlGithub: https://github.com/AlmasB/FXGL
19:01:31.285 [JavaFX Application Thread] DEBUG Engine               - profileDir: profiles/
19:01:31.285 [JavaFX Application Thread] DEBUG Engine               - isDeveloperMenuEnabled: false
19:01:31.285 [JavaFX Application Thread] DEBUG Engine               - globalSoundVolumeProperty: DoubleProperty [value: 0.5]
19:01:31.286 [JavaFX Application Thread] DEBUG Engine               - isBrowser: false
19:01:31.286 [JavaFX Application Thread] DEBUG Engine               - globalSoundVolume: 0.5
19:01:31.286 [JavaFX Application Thread] DEBUG Engine               - urlLeaderboard: http://fxgl-top.herokuapp.com/
19:01:31.286 [JavaFX Application Thread] DEBUG Engine               - saveDir: saves/
19:01:31.286 [JavaFX Application Thread] DEBUG Engine               - engineServices: [class com.almasb.fxgl.audio.AudioPlayer, class com.almasb.fxgl.notification.impl.NotificationServiceProvider, class com.almasb.fxgl.achievement.AchievementManager, class com.almasb.fxgl.cutscene.CutsceneService, class com.almasb.fxgl.minigames.MiniGameService]
19:01:31.286 [JavaFX Application Thread] DEBUG Engine               - globalMusicVolume: 0.5
19:01:31.286 [JavaFX Application Thread] DEBUG Engine               - width: 600
19:01:31.286 [JavaFX Application Thread] DEBUG Engine               - saveFileExt: .sav
19:01:31.286 [JavaFX Application Thread] DEBUG Engine               - isAndroid: false
19:01:31.286 [JavaFX Application Thread] DEBUG Engine               - fontUI: VarelaRound-Regular.ttf
19:01:31.287 [JavaFX Application Thread] DEBUG Engine               - enabledMenuItems: []
19:01:31.287 [JavaFX Application Thread] DEBUG Engine               - isIOS: false
19:01:31.289 [JavaFX Application Thread] DEBUG Engine               - Adding new engine service: class com.almasb.fxgl.audio.AudioPlayer
19:01:31.290 [JavaFX Application Thread] DEBUG Engine               - Adding new engine service: class com.almasb.fxgl.notification.impl.NotificationServiceProvider
19:01:31.290 [JavaFX Application Thread] DEBUG Engine               - Adding new engine service: class com.almasb.fxgl.achievement.AchievementManager
19:01:31.291 [JavaFX Application Thread] DEBUG Engine               - Adding new engine service: class com.almasb.fxgl.cutscene.CutsceneService
19:01:31.291 [JavaFX Application Thread] DEBUG Engine               - Adding new engine service: class com.almasb.fxgl.minigames.MiniGameService
19:01:31.294 [JavaFX Application Thread] DEBUG Engine               - Loading localizations
19:01:31.297 [JavaFX Application Thread] DEBUG AssetLoader          - Loading from file system: /assets/properties/languages/english.properties
19:01:31.302 [JavaFX Application Thread] DEBUG AssetLoader          - Loading from file system: /assets/properties/languages/french.properties
19:01:31.303 [JavaFX Application Thread] DEBUG AssetLoader          - Loading from file system: /assets/properties/languages/german.properties
19:01:31.304 [JavaFX Application Thread] DEBUG AssetLoader          - Loading from file system: /assets/properties/languages/russian.properties
19:01:31.305 [JavaFX Application Thread] DEBUG AssetLoader          - Loading from file system: /assets/properties/languages/hungarian.properties
19:01:31.307 [JavaFX Application Thread] DEBUG Engine               - Registering font factories
19:01:31.307 [JavaFX Application Thread] DEBUG AssetLoader          - Loading from file system: /assets/ui/fonts/VarelaRound-Regular.ttf
19:01:31.577 [JavaFX Application Thread] DEBUG AssetLoader          - Loading from file system: /assets/ui/fonts/Abel-Regular.ttf
19:01:31.597 [JavaFX Application Thread] DEBUG AssetLoader          - Loading from file system: /assets/ui/fonts/lucida_console.ttf
19:01:31.620 [JavaFX Application Thread] DEBUG AssetLoader          - Loading from file system: /assets/ui/fonts/Courier-Prime.ttf
19:01:31.645 [JavaFX Application Thread] DEBUG Engine               - Setting UI factory
19:01:31.777 [JavaFX Application Thread] DEBUG AssetLoader          - Loading from file system: /assets/textures/fxgl_logo.png
19:01:31.827 [JavaFX Application Thread] DEBUG MainWindow           - Creating a JavaFX scene
19:01:31.884 [JavaFX Application Thread] DEBUG MainWindow           - Target settings size: 600.0 x 600.0
19:01:31.884 [JavaFX Application Thread] DEBUG MainWindow           - Scaled scene size:    600.0 x 600.0
19:01:31.885 [JavaFX Application Thread] DEBUG MainWindow           - Scaled ratio: (1.0, 1.0)
19:01:31.886 [JavaFX Application Thread] DEBUG MainWindow           - Set initial scene to FXGLStartupScene
19:01:31.897 [JavaFX Application Thread] DEBUG AssetLoader          - Loading from file system: /assets/textures/EvilPuffIcon.png
19:01:31.900 [JavaFX Application Thread] DEBUG Engine               - Applying CSS: fxgl_dark.css
19:01:31.900 [JavaFX Application Thread] DEBUG AssetLoader          - Loading from file system: /assets/ui/css/fxgl_dark.css
19:01:31.906 [JavaFX Application Thread] DEBUG AssetLoader          - Loading from file system: /assets/ui/cursors/fxgl_default.png
19:01:31.908 [JavaFX Application Thread] DEBUG MainWindow           - Opening main window
19:01:32.047 [JavaFX Application Thread] DEBUG MainWindow           - Window border size: (16.0, 39.0)
19:01:32.047 [JavaFX Application Thread] DEBUG MainWindow           - Scaled size: 600.0 x 600.0
19:01:32.047 [JavaFX Application Thread] DEBUG MainWindow           - Scaled ratio: (1.0, 1.0)
19:01:32.047 [JavaFX Application Thread] DEBUG MainWindow           - Scene size: 600.0 x 600.0
19:01:32.047 [JavaFX Application Thread] DEBUG MainWindow           - Stage size: 616.0 x 639.0
19:01:32.059 [FXGL Background Thread 1 ] DEBUG FS                   - Loaded FSServiceImpl
19:01:32.059 [FXGL Background Thread 1 ] DEBUG Engine               - Loading FXGL system data
19:01:32.062 [FXGL Background Thread 1 ] DEBUG FSServiceImpl        - Reading from: E:\Spil projekt - Jan 2020\Demo1\system\fxgl.bundle
19:01:32.071 [FXGL Background Thread 1 ] DEBUG Engine               - Bundle FXGL: {}
19:01:32.072 [FXGL Background Thread 1 ] DEBUG Engine               - Initializing application scenes
19:01:32.092 [FXGL Background Thread 1 ] DEBUG GameWorld            - Game world initialized
19:01:32.136 [FXGL Background Thread 1 ] DEBUG PhysicsWorld         - Physics world initialized: appHeight=600, physics.ppm=50,0
19:01:32.138 [FXGL Background Thread 1 ] DEBUG GameScene            - Game scene initialized: 600x600
19:01:32.163 [FXGL Background Thread 1 ] DEBUG AssetLoader          - Loading from file system: /assets/textures/MainMenuGif.gif
19:01:32.318 [FXGL Background Thread 1 ] DEBUG AssetLoader          - Loading from file system: /assets/textures/GameMenuEvilPuff3.png
19:01:32.331 [FXGL Background Thread 1 ] DEBUG Engine               - Application scenes initialized
19:01:32.334 [JavaFX Application Thread] DEBUG Engine               - Running preInit()
19:01:32.341 [JavaFX Application Thread] DEBUG Input                - Registered new binding: Move Right - D
19:01:32.341 [JavaFX Application Thread] DEBUG Input                - Registered new binding: Move Left - A
19:01:32.341 [JavaFX Application Thread] DEBUG Input                - Registered new binding: Move Up - W
19:01:32.341 [JavaFX Application Thread] DEBUG Input                - Registered new binding: Move Down - S
19:01:32.342 [JavaFX Application Thread] DEBUG Input                - Registered new binding: Screenshot - P
19:01:32.342 [JavaFX Application Thread] DEBUG Input                - Registered new binding: System info dump - CTRL+9
19:01:32.342 [JavaFX Application Thread] DEBUG Input                - Registered new binding: Restart - CTRL+R
19:01:32.343 [JavaFX Application Thread] DEBUG Engine               - generateDefaultProfile()
19:01:32.343 [JavaFX Application Thread] DEBUG Engine               - Creating default profile
19:01:32.343 [JavaFX Application Thread] DEBUG EventBus             - Firing event: SaveEvent
19:01:32.358 [JavaFX Application Thread] INFO  Engine               - FXGL initialization took: 1,064 sec
19:01:32.358 [JavaFX Application Thread] DEBUG LoopRunner           - Starting loop
19:01:32.360 [JavaFX Application Thread] DEBUG FXGLStartupScene     - STARTUP
19:01:32.361 [JavaFX Application Thread] DEBUG Input                - Clearing active input actions
19:01:32.371 [JavaFX Application Thread] DEBUG Engine               - Removing overlay from FXGLStartupScene and adding to PokeBounceMainMenu
19:01:32.371 [JavaFX Application Thread] DEBUG MainWindow           - FXGLStartupScene -> PokeBounceMainMenu
19:01:32.952 [JavaFX Application Thread] FATAL Engine               - Uncaught Exception:

Fatal exception occurred: java.lang.IllegalArgumentException : VBox@657c1634[styleClass=root]is already set as root of another scene
E: javafx.graphics/javafx.scene.Scene$8.invalidated(Scene.java:1237)
E: javafx.base/javafx.beans.property.ObjectPropertyBase.markInvalid(ObjectPropertyBase.java:112)
E: javafx.base/javafx.beans.property.ObjectPropertyBase.set(ObjectPropertyBase.java:147)
E: javafx.graphics/javafx.scene.Scene.setRoot(Scene.java:1199)
E: javafx.graphics/javafx.scene.Scene.<init>(Scene.java:357)
E: javafx.graphics/javafx.scene.Scene.<init>(Scene.java:208)
E: PokeBounce.control.PokeBounceMainMenu.showScores(PokeBounceMainMenu.java:115)
E: PokeBounce.control.PokeBounceMainMenu.lambda$new$1(PokeBounceMainMenu.java:39)
E: PokeBounce.control.PokeBounceMainMenu$PokeBounceButton.lambda$new$0(PokeBounceMainMenu.java:167)
E: javafx.base/com.sun.javafx.event.CompositeEventHandler.dispatchBubblingEvent(CompositeEventHandler.java:86)
E: javafx.base/com.sun.javafx.event.EventHandlerManager.dispatchBubblingEvent(EventHandlerManager.java:238)
E: javafx.base/com.sun.javafx.event.EventHandlerManager.dispatchBubblingEvent(EventHandlerManager.java:191)
E: javafx.base/com.sun.javafx.event.CompositeEventDispatcher.dispatchBubblingEvent(CompositeEventDispatcher.java:59)
E: javafx.base/com.sun.javafx.event.BasicEventDispatcher.dispatchEvent(BasicEventDispatcher.java:58)
E: javafx.base/com.sun.javafx.event.EventDispatchChainImpl.dispatchEvent(EventDispatchChainImpl.java:114)
E: javafx.base/com.sun.javafx.event.BasicEventDispatcher.dispatchEvent(BasicEventDispatcher.java:56)
E: javafx.base/com.sun.javafx.event.EventDispatchChainImpl.dispatchEvent(EventDispatchChainImpl.java:114)
E: javafx.base/com.sun.javafx.event.BasicEventDispatcher.dispatchEvent(BasicEventDispatcher.java:56)
E: javafx.base/com.sun.javafx.event.EventDispatchChainImpl.dispatchEvent(EventDispatchChainImpl.java:114)
E: javafx.base/com.sun.javafx.event.EventUtil.fireEventImpl(EventUtil.java:74)
E: javafx.base/com.sun.javafx.event.EventUtil.fireEvent(EventUtil.java:54)
E: javafx.base/javafx.event.Event.fireEvent(Event.java:198)
E: javafx.graphics/javafx.scene.Scene$ClickGenerator.postProcess(Scene.java:3589)
E: javafx.graphics/javafx.scene.Scene$ClickGenerator.access$8300(Scene.java:3517)
E: javafx.graphics/javafx.scene.Scene$MouseHandler.process(Scene.java:3885)
E: javafx.graphics/javafx.scene.Scene$MouseHandler.access$1300(Scene.java:3604)
E: javafx.graphics/javafx.scene.Scene.processMouseEvent(Scene.java:1874)
E: javafx.graphics/javafx.scene.Scene$ScenePeerListener.mouseEvent(Scene.java:2613)
E: javafx.graphics/com.sun.javafx.tk.quantum.GlassViewEventHandler$MouseEventNotification.run(GlassViewEventHandler.java:397)
E: javafx.graphics/com.sun.javafx.tk.quantum.GlassViewEventHandler$MouseEventNotification.run(GlassViewEventHandler.java:295)
E: java.base/java.security.AccessController.doPrivileged(Native Method)
E: javafx.graphics/com.sun.javafx.tk.quantum.GlassViewEventHandler.lambda$handleMouseEvent$2(GlassViewEventHandler.java:434)
E: javafx.graphics/com.sun.javafx.tk.quantum.QuantumToolkit.runWithoutRenderLock(QuantumToolkit.java:395)
E: javafx.graphics/com.sun.javafx.tk.quantum.GlassViewEventHandler.handleMouseEvent(GlassViewEventHandler.java:433)
E: javafx.graphics/com.sun.glass.ui.View.handleMouseEvent(View.java:556)
E: javafx.graphics/com.sun.glass.ui.View.notifyMouse(View.java:942)
E: javafx.graphics/com.sun.glass.ui.win.WinApplication._runLoop(Native Method)
E: javafx.graphics/com.sun.glass.ui.win.WinApplication.lambda$runLoop$3(WinApplication.java:175)
E: java.base/java.lang.Thread.run(Thread.java:834)

19:01:32.952 [JavaFX Application Thread] FATAL Engine               - Application will now exit
19:01:32.953 [JavaFX Application Thread] DEBUG LoopRunner           - Stopping loop
19:01:35.516 [JavaFX Application Thread] DEBUG Engine               - Exiting FXGL
19:01:35.516 [JavaFX Application Thread] DEBUG Engine               - Shutting down background threads
19:01:35.516 [JavaFX Application Thread] DEBUG Engine               - Saving FXGL system data
19:01:35.519 [JavaFX Application Thread] DEBUG FSServiceImpl        - Writing to: E:\Spil projekt - Jan 2020\Demo1\system\fxgl.bundle
19:01:35.521 [JavaFX Application Thread] DEBUG Engine               - Closing logger and exiting JavaFX
