06:16:13.374 [main                     ] DEBUG GameApplication      - Logger initialized
06:16:13.393 [main                     ] DEBUG GameApplication      - Logging settings
Title: PokeBounce - Zealand
Version: 0.1
Width: 600
Height: 600
Fullscreen: false
Intro: false
Menus: true
Profiling: false
Single step:false
App Mode: DEVELOPER
Menu Key: ESCAPE
Stage Style: DECORATED
Scene Factory: class PokeBounce.pokebounce.BasicGameApp$1
Dialog Factory: class com.almasb.fxgl.ui.FXGLDialogFactory
UI Factory: class com.almasb.fxgl.ui.FXGLUIFactory

06:16:13.737 [JavaFX Application Thread] DEBUG Engine               - Initializing FXGL
06:16:13.738 [JavaFX Application Thread] INFO  Engine               - FXGL-11.7 (05.01.2020 09.46) on WINDOWS (J:11.0.5 FX:10.0.2-internal)
06:16:13.738 [JavaFX Application Thread] INFO  Engine               - Source code and latest versions at: https://github.com/AlmasB/FXGL
06:16:13.738 [JavaFX Application Thread] INFO  Engine               -              Join the FXGL chat at: https://gitter.im/AlmasB/FXGL
06:16:13.738 [JavaFX Application Thread] DEBUG Engine               - Initializing environment variables
06:16:13.740 [JavaFX Application Thread] DEBUG Engine               - Logging environment variables
06:16:13.740 [JavaFX Application Thread] DEBUG Engine               - achievements: []
06:16:13.740 [JavaFX Application Thread] DEBUG Engine               - sceneStack: com.almasb.fxgl.app.Engine@240947db
06:16:13.740 [JavaFX Application Thread] DEBUG Engine               - language: ObjectProperty [value: ENGLISH]
06:16:13.741 [JavaFX Application Thread] DEBUG Engine               - isCloseConfirmation: false
06:16:13.741 [JavaFX Application Thread] DEBUG Engine               - isProfilingEnabled: false
06:16:13.741 [JavaFX Application Thread] DEBUG Engine               - soundNotification: core/notification.wav
06:16:13.741 [JavaFX Application Thread] DEBUG Engine               - devShowBBoxProperty: BooleanProperty [value: false]
06:16:13.742 [JavaFX Application Thread] DEBUG Engine               - pixelsPerMeter: 50.0
06:16:13.742 [JavaFX Application Thread] DEBUG Engine               - overlayRoot: Group@35e424f9
06:16:13.743 [JavaFX Application Thread] DEBUG Engine               - soundMenuBack: menu/back.wav
06:16:13.743 [JavaFX Application Thread] DEBUG Engine               - appIcon: EvilPuffIcon.png
06:16:13.743 [JavaFX Application Thread] DEBUG Engine               - isFullScreenAllowed: false
06:16:13.743 [JavaFX Application Thread] DEBUG Engine               - isIntroEnabled: false
06:16:13.743 [JavaFX Application Thread] DEBUG Engine               - eventBus: com.almasb.fxgl.event.EventBus@3895b32f
06:16:13.744 [JavaFX Application Thread] DEBUG Engine               - fontMono: lucida_console.ttf
06:16:13.744 [JavaFX Application Thread] DEBUG Engine               - soundMenuSelect: menu/select.wav
06:16:13.744 [JavaFX Application Thread] DEBUG Engine               - isWindows: true
06:16:13.744 [JavaFX Application Thread] DEBUG Engine               - isMobile: false
06:16:13.744 [JavaFX Application Thread] DEBUG Engine               - height: 600
06:16:13.744 [JavaFX Application Thread] DEBUG Engine               - isExperimentalNative: false
06:16:13.744 [JavaFX Application Thread] DEBUG Engine               - isSingleStep: false
06:16:13.744 [JavaFX Application Thread] DEBUG Engine               - cSSList: [fxgl_dark.css]
06:16:13.745 [JavaFX Application Thread] DEBUG Engine               - fontGame: Abel-Regular.ttf
06:16:13.745 [JavaFX Application Thread] DEBUG Engine               - menuKey: ESCAPE
06:16:13.745 [JavaFX Application Thread] DEBUG Engine               - devShowPositionProperty: BooleanProperty [value: false]
06:16:13.745 [JavaFX Application Thread] DEBUG Engine               - versionCheckDays: 7
06:16:13.745 [JavaFX Application Thread] DEBUG Engine               - masterTimer: com.almasb.fxgl.time.Timer@564c1c79
06:16:13.745 [JavaFX Application Thread] DEBUG Engine               - configClass: Optional.empty
06:16:13.745 [JavaFX Application Thread] DEBUG Engine               - isFullScreenFromStart: false
06:16:13.745 [JavaFX Application Thread] DEBUG Engine               - version: 0.1
06:16:13.745 [JavaFX Application Thread] DEBUG Engine               - fullScreen: BooleanProperty [value: false]
06:16:13.745 [JavaFX Application Thread] DEBUG Engine               - randomSeed: -1
06:16:13.745 [JavaFX Application Thread] DEBUG Engine               - dialogFactory: com.almasb.fxgl.ui.FXGLDialogFactory@52dd8aab
06:16:13.746 [JavaFX Application Thread] DEBUG Engine               - applicationMode: DEVELOPER
06:16:13.746 [JavaFX Application Thread] DEBUG Engine               - isMac: false
06:16:13.746 [JavaFX Application Thread] DEBUG Engine               - urlGoogleForms: https://goo.gl/forms/6wrMnOBxTE1fEpOy2
06:16:13.746 [JavaFX Application Thread] DEBUG Engine               - isMenuEnabled: true
06:16:13.746 [JavaFX Application Thread] DEBUG Engine               - profileName: user.profile
06:16:13.746 [JavaFX Application Thread] DEBUG Engine               - urlPOM: https://raw.githubusercontent.com/AlmasB/FXGL/master/pom.xml
06:16:13.746 [JavaFX Application Thread] DEBUG Engine               - devSensorColorProperty: ObjectProperty [value: 0xffff00ff]
06:16:13.746 [JavaFX Application Thread] DEBUG Engine               - notificationViewClass: class com.almasb.fxgl.notification.view.XboxNotificationView
06:16:13.746 [JavaFX Application Thread] DEBUG Engine               - sceneFactory: PokeBounce.pokebounce.BasicGameApp$1@460abfe5
06:16:13.746 [JavaFX Application Thread] DEBUG Engine               - dataFileExt: .dat
06:16:13.746 [JavaFX Application Thread] DEBUG Engine               - stageStyle: DECORATED
06:16:13.747 [JavaFX Application Thread] DEBUG Engine               - isManualResizeEnabled: false
06:16:13.747 [JavaFX Application Thread] DEBUG Engine               - title: PokeBounce - Zealand
06:16:13.747 [JavaFX Application Thread] DEBUG Engine               - platform: WINDOWS
06:16:13.747 [JavaFX Application Thread] DEBUG Engine               - devBBoxColorProperty: ObjectProperty [value: 0xff0000ff]
06:16:13.747 [JavaFX Application Thread] DEBUG Engine               - isDesktop: true
06:16:13.747 [JavaFX Application Thread] DEBUG Engine               - globalMusicVolumeProperty: DoubleProperty [value: 0.5]
06:16:13.747 [JavaFX Application Thread] DEBUG Engine               - credits: []
06:16:13.747 [JavaFX Application Thread] DEBUG Engine               - uIFactory: com.almasb.fxgl.ui.FXGLUIFactory@539360c0
06:16:13.747 [JavaFX Application Thread] DEBUG Engine               - isPreserveResizeRatio: false
06:16:13.747 [JavaFX Application Thread] DEBUG Engine               - fontText: Courier-Prime.ttf
06:16:13.747 [JavaFX Application Thread] DEBUG Engine               - isExperimentalTiledLargeMap: false
06:16:13.747 [JavaFX Application Thread] DEBUG Engine               - secondsIn24h: 60
06:16:13.748 [JavaFX Application Thread] DEBUG Engine               - runtimeInfo: RuntimeInfo(platform=WINDOWS, version=11.7, build=05.01.2020 09.46)
06:16:13.748 [JavaFX Application Thread] DEBUG Engine               - isLinux: false
06:16:13.748 [JavaFX Application Thread] DEBUG Engine               - soundMenuPress: menu/press.wav
06:16:13.748 [JavaFX Application Thread] DEBUG Engine               - urlGithub: https://github.com/AlmasB/FXGL
06:16:13.748 [JavaFX Application Thread] DEBUG Engine               - profileDir: profiles/
06:16:13.748 [JavaFX Application Thread] DEBUG Engine               - globalSoundVolumeProperty: DoubleProperty [value: 0.5]
06:16:13.748 [JavaFX Application Thread] DEBUG Engine               - isDeveloperMenuEnabled: false
06:16:13.748 [JavaFX Application Thread] DEBUG Engine               - isBrowser: false
06:16:13.748 [JavaFX Application Thread] DEBUG Engine               - urlLeaderboard: http://fxgl-top.herokuapp.com/
06:16:13.748 [JavaFX Application Thread] DEBUG Engine               - globalSoundVolume: 0.5
06:16:13.749 [JavaFX Application Thread] DEBUG Engine               - saveDir: saves/
06:16:13.749 [JavaFX Application Thread] DEBUG Engine               - engineServices: [class com.almasb.fxgl.audio.AudioPlayer, class com.almasb.fxgl.notification.impl.NotificationServiceProvider, class com.almasb.fxgl.achievement.AchievementManager, class com.almasb.fxgl.cutscene.CutsceneService, class com.almasb.fxgl.minigames.MiniGameService]
06:16:13.749 [JavaFX Application Thread] DEBUG Engine               - globalMusicVolume: 0.5
06:16:13.749 [JavaFX Application Thread] DEBUG Engine               - width: 600
06:16:13.749 [JavaFX Application Thread] DEBUG Engine               - saveFileExt: .sav
06:16:13.749 [JavaFX Application Thread] DEBUG Engine               - isAndroid: false
06:16:13.749 [JavaFX Application Thread] DEBUG Engine               - fontUI: VarelaRound-Regular.ttf
06:16:13.749 [JavaFX Application Thread] DEBUG Engine               - isIOS: false
06:16:13.749 [JavaFX Application Thread] DEBUG Engine               - enabledMenuItems: []
06:16:13.751 [JavaFX Application Thread] DEBUG Engine               - Adding new engine service: class com.almasb.fxgl.audio.AudioPlayer
06:16:13.752 [JavaFX Application Thread] DEBUG Engine               - Adding new engine service: class com.almasb.fxgl.notification.impl.NotificationServiceProvider
06:16:13.752 [JavaFX Application Thread] DEBUG Engine               - Adding new engine service: class com.almasb.fxgl.achievement.AchievementManager
06:16:13.753 [JavaFX Application Thread] DEBUG Engine               - Adding new engine service: class com.almasb.fxgl.cutscene.CutsceneService
06:16:13.753 [JavaFX Application Thread] DEBUG Engine               - Adding new engine service: class com.almasb.fxgl.minigames.MiniGameService
06:16:13.755 [JavaFX Application Thread] DEBUG Engine               - Loading localizations
06:16:13.757 [JavaFX Application Thread] DEBUG AssetLoader          - Loading from file system: /assets/properties/languages/english.properties
06:16:13.760 [JavaFX Application Thread] DEBUG AssetLoader          - Loading from file system: /assets/properties/languages/french.properties
06:16:13.761 [JavaFX Application Thread] DEBUG AssetLoader          - Loading from file system: /assets/properties/languages/german.properties
06:16:13.762 [JavaFX Application Thread] DEBUG AssetLoader          - Loading from file system: /assets/properties/languages/russian.properties
06:16:13.763 [JavaFX Application Thread] DEBUG AssetLoader          - Loading from file system: /assets/properties/languages/hungarian.properties
06:16:13.764 [JavaFX Application Thread] DEBUG Engine               - Registering font factories
06:16:13.765 [JavaFX Application Thread] DEBUG AssetLoader          - Loading from file system: /assets/ui/fonts/VarelaRound-Regular.ttf
06:16:13.908 [JavaFX Application Thread] DEBUG AssetLoader          - Loading from file system: /assets/ui/fonts/Abel-Regular.ttf
06:16:13.917 [JavaFX Application Thread] DEBUG AssetLoader          - Loading from file system: /assets/ui/fonts/lucida_console.ttf
06:16:13.971 [JavaFX Application Thread] DEBUG AssetLoader          - Loading from file system: /assets/ui/fonts/Courier-Prime.ttf
06:16:13.998 [JavaFX Application Thread] DEBUG Engine               - Setting UI factory
06:16:14.075 [JavaFX Application Thread] DEBUG AssetLoader          - Loading from file system: /assets/textures/fxgl_logo.png
06:16:14.116 [JavaFX Application Thread] DEBUG MainWindow           - Creating a JavaFX scene
06:16:14.146 [JavaFX Application Thread] DEBUG MainWindow           - Target settings size: 600.0 x 600.0
06:16:14.146 [JavaFX Application Thread] DEBUG MainWindow           - Scaled scene size:    600.0 x 600.0
06:16:14.146 [JavaFX Application Thread] DEBUG MainWindow           - Scaled ratio: (1.0, 1.0)
06:16:14.148 [JavaFX Application Thread] DEBUG MainWindow           - Set initial scene to FXGLStartupScene
06:16:14.154 [JavaFX Application Thread] DEBUG AssetLoader          - Loading from file system: /assets/textures/EvilPuffIcon.png
06:16:14.156 [JavaFX Application Thread] DEBUG Engine               - Applying CSS: fxgl_dark.css
06:16:14.157 [JavaFX Application Thread] DEBUG AssetLoader          - Loading from file system: /assets/ui/css/fxgl_dark.css
06:16:14.159 [JavaFX Application Thread] DEBUG AssetLoader          - Loading from file system: /assets/ui/cursors/fxgl_default.png
06:16:14.160 [JavaFX Application Thread] DEBUG MainWindow           - Opening main window
06:16:14.265 [JavaFX Application Thread] DEBUG MainWindow           - Window border size: (16.0, 39.0)
06:16:14.265 [JavaFX Application Thread] DEBUG MainWindow           - Scaled size: 600.0 x 600.0
06:16:14.265 [JavaFX Application Thread] DEBUG MainWindow           - Scaled ratio: (1.0, 1.0)
06:16:14.265 [JavaFX Application Thread] DEBUG MainWindow           - Scene size: 600.0 x 600.0
06:16:14.265 [JavaFX Application Thread] DEBUG MainWindow           - Stage size: 616.0 x 639.0
06:16:14.285 [FXGL Background Thread 1 ] DEBUG FS                   - Loaded FSServiceImpl
06:16:14.286 [FXGL Background Thread 1 ] DEBUG Engine               - Loading FXGL system data
06:16:14.288 [FXGL Background Thread 1 ] DEBUG FSServiceImpl        - Reading from: E:\Spil projekt - Jan 2020\Demo1\system\fxgl.bundle
06:16:14.295 [FXGL Background Thread 1 ] DEBUG Engine               - Bundle FXGL: {}
06:16:14.295 [FXGL Background Thread 1 ] DEBUG Engine               - Initializing application scenes
06:16:14.314 [FXGL Background Thread 1 ] DEBUG GameWorld            - Game world initialized
06:16:14.348 [FXGL Background Thread 1 ] DEBUG PhysicsWorld         - Physics world initialized: appHeight=600, physics.ppm=50,0
06:16:14.349 [FXGL Background Thread 1 ] DEBUG GameScene            - Game scene initialized: 600x600
06:16:14.368 [FXGL Background Thread 1 ] DEBUG AssetLoader          - Loading from file system: /assets/textures/MainMenuGif.gif
06:16:14.497 [FXGL Background Thread 1 ] DEBUG AssetLoader          - Loading from file system: /assets/textures/GameMenuEvilPuff3.png
06:16:14.509 [FXGL Background Thread 1 ] DEBUG Engine               - Application scenes initialized
06:16:14.511 [JavaFX Application Thread] DEBUG Engine               - Running preInit()
06:16:14.517 [JavaFX Application Thread] DEBUG Input                - Registered new binding: Move Right - D
06:16:14.517 [JavaFX Application Thread] DEBUG Input                - Registered new binding: Move Left - A
06:16:14.517 [JavaFX Application Thread] DEBUG Input                - Registered new binding: Move Up - W
06:16:14.517 [JavaFX Application Thread] DEBUG Input                - Registered new binding: Move Down - S
06:16:14.518 [JavaFX Application Thread] DEBUG Input                - Registered new binding: Screenshot - P
06:16:14.518 [JavaFX Application Thread] DEBUG Input                - Registered new binding: System info dump - CTRL+9
06:16:14.518 [JavaFX Application Thread] DEBUG Input                - Registered new binding: Restart - CTRL+R
06:16:14.518 [JavaFX Application Thread] DEBUG Engine               - generateDefaultProfile()
06:16:14.518 [JavaFX Application Thread] DEBUG Engine               - Creating default profile
06:16:14.519 [JavaFX Application Thread] DEBUG EventBus             - Firing event: SaveEvent
06:16:14.526 [JavaFX Application Thread] INFO  Engine               - FXGL initialization took: 0,770 sec
06:16:14.526 [JavaFX Application Thread] DEBUG LoopRunner           - Starting loop
06:16:14.527 [JavaFX Application Thread] DEBUG FXGLStartupScene     - STARTUP
06:16:14.529 [JavaFX Application Thread] DEBUG Input                - Clearing active input actions
06:16:14.538 [JavaFX Application Thread] DEBUG Engine               - Removing overlay from FXGLStartupScene and adding to PokeBounceMainMenu
06:16:14.538 [JavaFX Application Thread] DEBUG MainWindow           - FXGLStartupScene -> PokeBounceMainMenu
06:16:22.908 [JavaFX Application Thread] DEBUG Engine               - Exiting FXGL
06:16:22.908 [JavaFX Application Thread] DEBUG Engine               - Shutting down background threads
06:16:22.909 [JavaFX Application Thread] DEBUG Engine               - Saving FXGL system data
06:16:22.910 [JavaFX Application Thread] DEBUG FSServiceImpl        - Writing to: E:\Spil projekt - Jan 2020\Demo1\system\fxgl.bundle
06:16:22.912 [JavaFX Application Thread] DEBUG Engine               - Closing logger and exiting JavaFX
