18:54:17.096 [main                     ] DEBUG GameApplication      - Logger initialized
18:54:17.118 [main                     ] DEBUG GameApplication      - Logging settings
Title: PokeBounce - Zealand
Version: 0.1
Width: 600
Height: 600
Fullscreen: false
Intro: false
Menus: true
Profiling: false
Single step:false
App Mode: DEVELOPER
Menu Key: ESCAPE
Stage Style: DECORATED
Scene Factory: class PokeBounce.pokebounce.BasicGameApp$1
Dialog Factory: class com.almasb.fxgl.ui.FXGLDialogFactory
UI Factory: class com.almasb.fxgl.ui.FXGLUIFactory

18:54:17.398 [JavaFX Application Thread] DEBUG Engine               - Initializing FXGL
18:54:17.398 [JavaFX Application Thread] INFO  Engine               - FXGL-11.7 (05.01.2020 09.46) on WINDOWS (J:11.0.5 FX:10.0.2-internal)
18:54:17.398 [JavaFX Application Thread] INFO  Engine               - Source code and latest versions at: https://github.com/AlmasB/FXGL
18:54:17.398 [JavaFX Application Thread] INFO  Engine               -              Join the FXGL chat at: https://gitter.im/AlmasB/FXGL
18:54:17.399 [JavaFX Application Thread] DEBUG Engine               - Initializing environment variables
18:54:17.400 [JavaFX Application Thread] DEBUG Engine               - Logging environment variables
18:54:17.400 [JavaFX Application Thread] DEBUG Engine               - achievements: []
18:54:17.401 [JavaFX Application Thread] DEBUG Engine               - sceneStack: com.almasb.fxgl.app.Engine@7273a1ab
18:54:17.401 [JavaFX Application Thread] DEBUG Engine               - language: ObjectProperty [value: ENGLISH]
18:54:17.401 [JavaFX Application Thread] DEBUG Engine               - isCloseConfirmation: false
18:54:17.401 [JavaFX Application Thread] DEBUG Engine               - isProfilingEnabled: false
18:54:17.401 [JavaFX Application Thread] DEBUG Engine               - soundNotification: core/notification.wav
18:54:17.401 [JavaFX Application Thread] DEBUG Engine               - devShowBBoxProperty: BooleanProperty [value: false]
18:54:17.403 [JavaFX Application Thread] DEBUG Engine               - pixelsPerMeter: 50.0
18:54:17.403 [JavaFX Application Thread] DEBUG Engine               - overlayRoot: Group@4772e107
18:54:17.404 [JavaFX Application Thread] DEBUG Engine               - appIcon: EvilPuffIcon.png
18:54:17.404 [JavaFX Application Thread] DEBUG Engine               - soundMenuBack: menu/back.wav
18:54:17.404 [JavaFX Application Thread] DEBUG Engine               - isFullScreenAllowed: false
18:54:17.404 [JavaFX Application Thread] DEBUG Engine               - isIntroEnabled: false
18:54:17.404 [JavaFX Application Thread] DEBUG Engine               - eventBus: com.almasb.fxgl.event.EventBus@2933c372
18:54:17.404 [JavaFX Application Thread] DEBUG Engine               - fontMono: lucida_console.ttf
18:54:17.404 [JavaFX Application Thread] DEBUG Engine               - soundMenuSelect: menu/select.wav
18:54:17.404 [JavaFX Application Thread] DEBUG Engine               - isWindows: true
18:54:17.405 [JavaFX Application Thread] DEBUG Engine               - isMobile: false
18:54:17.405 [JavaFX Application Thread] DEBUG Engine               - height: 600
18:54:17.405 [JavaFX Application Thread] DEBUG Engine               - isExperimentalNative: false
18:54:17.405 [JavaFX Application Thread] DEBUG Engine               - cSSList: [fxgl_dark.css]
18:54:17.405 [JavaFX Application Thread] DEBUG Engine               - isSingleStep: false
18:54:17.405 [JavaFX Application Thread] DEBUG Engine               - fontGame: Abel-Regular.ttf
18:54:17.405 [JavaFX Application Thread] DEBUG Engine               - menuKey: ESCAPE
18:54:17.406 [JavaFX Application Thread] DEBUG Engine               - devShowPositionProperty: BooleanProperty [value: false]
18:54:17.406 [JavaFX Application Thread] DEBUG Engine               - versionCheckDays: 7
18:54:17.406 [JavaFX Application Thread] DEBUG Engine               - masterTimer: com.almasb.fxgl.time.Timer@46224106
18:54:17.406 [JavaFX Application Thread] DEBUG Engine               - configClass: Optional.empty
18:54:17.406 [JavaFX Application Thread] DEBUG Engine               - isFullScreenFromStart: false
18:54:17.406 [JavaFX Application Thread] DEBUG Engine               - version: 0.1
18:54:17.406 [JavaFX Application Thread] DEBUG Engine               - fullScreen: BooleanProperty [value: false]
18:54:17.407 [JavaFX Application Thread] DEBUG Engine               - randomSeed: -1
18:54:17.407 [JavaFX Application Thread] DEBUG Engine               - dialogFactory: com.almasb.fxgl.ui.FXGLDialogFactory@4a84e45c
18:54:17.408 [JavaFX Application Thread] DEBUG Engine               - applicationMode: DEVELOPER
18:54:17.408 [JavaFX Application Thread] DEBUG Engine               - isMac: false
18:54:17.408 [JavaFX Application Thread] DEBUG Engine               - urlGoogleForms: https://goo.gl/forms/6wrMnOBxTE1fEpOy2
18:54:17.408 [JavaFX Application Thread] DEBUG Engine               - isMenuEnabled: true
18:54:17.408 [JavaFX Application Thread] DEBUG Engine               - profileName: user.profile
18:54:17.408 [JavaFX Application Thread] DEBUG Engine               - urlPOM: https://raw.githubusercontent.com/AlmasB/FXGL/master/pom.xml
18:54:17.409 [JavaFX Application Thread] DEBUG Engine               - devSensorColorProperty: ObjectProperty [value: 0xffff00ff]
18:54:17.409 [JavaFX Application Thread] DEBUG Engine               - notificationViewClass: class com.almasb.fxgl.notification.view.XboxNotificationView
18:54:17.409 [JavaFX Application Thread] DEBUG Engine               - dataFileExt: .dat
18:54:17.409 [JavaFX Application Thread] DEBUG Engine               - sceneFactory: PokeBounce.pokebounce.BasicGameApp$1@1a2e4ed2
18:54:17.410 [JavaFX Application Thread] DEBUG Engine               - stageStyle: DECORATED
18:54:17.410 [JavaFX Application Thread] DEBUG Engine               - isManualResizeEnabled: false
18:54:17.410 [JavaFX Application Thread] DEBUG Engine               - title: PokeBounce - Zealand
18:54:17.410 [JavaFX Application Thread] DEBUG Engine               - platform: WINDOWS
18:54:17.410 [JavaFX Application Thread] DEBUG Engine               - devBBoxColorProperty: ObjectProperty [value: 0xff0000ff]
18:54:17.410 [JavaFX Application Thread] DEBUG Engine               - isDesktop: true
18:54:17.410 [JavaFX Application Thread] DEBUG Engine               - globalMusicVolumeProperty: DoubleProperty [value: 0.5]
18:54:17.410 [JavaFX Application Thread] DEBUG Engine               - credits: []
18:54:17.410 [JavaFX Application Thread] DEBUG Engine               - uIFactory: com.almasb.fxgl.ui.FXGLUIFactory@2db126b6
18:54:17.410 [JavaFX Application Thread] DEBUG Engine               - isPreserveResizeRatio: false
18:54:17.410 [JavaFX Application Thread] DEBUG Engine               - fontText: Courier-Prime.ttf
18:54:17.410 [JavaFX Application Thread] DEBUG Engine               - isExperimentalTiledLargeMap: false
18:54:17.411 [JavaFX Application Thread] DEBUG Engine               - secondsIn24h: 60
18:54:17.411 [JavaFX Application Thread] DEBUG Engine               - runtimeInfo: RuntimeInfo(platform=WINDOWS, version=11.7, build=05.01.2020 09.46)
18:54:17.411 [JavaFX Application Thread] DEBUG Engine               - urlGithub: https://github.com/AlmasB/FXGL
18:54:17.411 [JavaFX Application Thread] DEBUG Engine               - isLinux: false
18:54:17.411 [JavaFX Application Thread] DEBUG Engine               - soundMenuPress: menu/press.wav
18:54:17.411 [JavaFX Application Thread] DEBUG Engine               - profileDir: profiles/
18:54:17.411 [JavaFX Application Thread] DEBUG Engine               - globalSoundVolumeProperty: DoubleProperty [value: 0.5]
18:54:17.411 [JavaFX Application Thread] DEBUG Engine               - isDeveloperMenuEnabled: false
18:54:17.411 [JavaFX Application Thread] DEBUG Engine               - globalSoundVolume: 0.5
18:54:17.411 [JavaFX Application Thread] DEBUG Engine               - urlLeaderboard: http://fxgl-top.herokuapp.com/
18:54:17.411 [JavaFX Application Thread] DEBUG Engine               - isBrowser: false
18:54:17.411 [JavaFX Application Thread] DEBUG Engine               - saveDir: saves/
18:54:17.412 [JavaFX Application Thread] DEBUG Engine               - engineServices: [class com.almasb.fxgl.audio.AudioPlayer, class com.almasb.fxgl.notification.impl.NotificationServiceProvider, class com.almasb.fxgl.achievement.AchievementManager, class com.almasb.fxgl.cutscene.CutsceneService, class com.almasb.fxgl.minigames.MiniGameService]
18:54:17.412 [JavaFX Application Thread] DEBUG Engine               - globalMusicVolume: 0.5
18:54:17.412 [JavaFX Application Thread] DEBUG Engine               - width: 600
18:54:17.412 [JavaFX Application Thread] DEBUG Engine               - saveFileExt: .sav
18:54:17.412 [JavaFX Application Thread] DEBUG Engine               - isAndroid: false
18:54:17.412 [JavaFX Application Thread] DEBUG Engine               - fontUI: VarelaRound-Regular.ttf
18:54:17.412 [JavaFX Application Thread] DEBUG Engine               - isIOS: false
18:54:17.412 [JavaFX Application Thread] DEBUG Engine               - enabledMenuItems: []
18:54:17.414 [JavaFX Application Thread] DEBUG Engine               - Adding new engine service: class com.almasb.fxgl.audio.AudioPlayer
18:54:17.415 [JavaFX Application Thread] DEBUG Engine               - Adding new engine service: class com.almasb.fxgl.notification.impl.NotificationServiceProvider
18:54:17.415 [JavaFX Application Thread] DEBUG Engine               - Adding new engine service: class com.almasb.fxgl.achievement.AchievementManager
18:54:17.416 [JavaFX Application Thread] DEBUG Engine               - Adding new engine service: class com.almasb.fxgl.cutscene.CutsceneService
18:54:17.416 [JavaFX Application Thread] DEBUG Engine               - Adding new engine service: class com.almasb.fxgl.minigames.MiniGameService
18:54:17.418 [JavaFX Application Thread] DEBUG Engine               - Loading localizations
18:54:17.422 [JavaFX Application Thread] DEBUG AssetLoader          - Loading from file system: /assets/properties/languages/english.properties
18:54:17.424 [JavaFX Application Thread] DEBUG AssetLoader          - Loading from file system: /assets/properties/languages/french.properties
18:54:17.426 [JavaFX Application Thread] DEBUG AssetLoader          - Loading from file system: /assets/properties/languages/german.properties
18:54:17.427 [JavaFX Application Thread] DEBUG AssetLoader          - Loading from file system: /assets/properties/languages/russian.properties
18:54:17.428 [JavaFX Application Thread] DEBUG AssetLoader          - Loading from file system: /assets/properties/languages/hungarian.properties
18:54:17.429 [JavaFX Application Thread] DEBUG Engine               - Registering font factories
18:54:17.430 [JavaFX Application Thread] DEBUG AssetLoader          - Loading from file system: /assets/ui/fonts/VarelaRound-Regular.ttf
18:54:17.610 [JavaFX Application Thread] DEBUG AssetLoader          - Loading from file system: /assets/ui/fonts/Abel-Regular.ttf
18:54:17.622 [JavaFX Application Thread] DEBUG AssetLoader          - Loading from file system: /assets/ui/fonts/lucida_console.ttf
18:54:17.638 [JavaFX Application Thread] DEBUG AssetLoader          - Loading from file system: /assets/ui/fonts/Courier-Prime.ttf
18:54:17.652 [JavaFX Application Thread] DEBUG Engine               - Setting UI factory
18:54:17.751 [JavaFX Application Thread] DEBUG AssetLoader          - Loading from file system: /assets/textures/fxgl_logo.png
18:54:17.799 [JavaFX Application Thread] DEBUG MainWindow           - Creating a JavaFX scene
18:54:17.824 [JavaFX Application Thread] DEBUG MainWindow           - Target settings size: 600.0 x 600.0
18:54:17.824 [JavaFX Application Thread] DEBUG MainWindow           - Scaled scene size:    600.0 x 600.0
18:54:17.824 [JavaFX Application Thread] DEBUG MainWindow           - Scaled ratio: (1.0, 1.0)
18:54:17.825 [JavaFX Application Thread] DEBUG MainWindow           - Set initial scene to FXGLStartupScene
18:54:17.830 [JavaFX Application Thread] DEBUG AssetLoader          - Loading from file system: /assets/textures/EvilPuffIcon.png
18:54:17.832 [JavaFX Application Thread] DEBUG Engine               - Applying CSS: fxgl_dark.css
18:54:17.832 [JavaFX Application Thread] DEBUG AssetLoader          - Loading from file system: /assets/ui/css/fxgl_dark.css
18:54:17.835 [JavaFX Application Thread] DEBUG AssetLoader          - Loading from file system: /assets/ui/cursors/fxgl_default.png
18:54:17.836 [JavaFX Application Thread] DEBUG MainWindow           - Opening main window
18:54:17.950 [JavaFX Application Thread] DEBUG MainWindow           - Window border size: (16.0, 39.0)
18:54:17.950 [JavaFX Application Thread] DEBUG MainWindow           - Scaled size: 600.0 x 600.0
18:54:17.950 [JavaFX Application Thread] DEBUG MainWindow           - Scaled ratio: (1.0, 1.0)
18:54:17.950 [JavaFX Application Thread] DEBUG MainWindow           - Scene size: 600.0 x 600.0
18:54:17.950 [JavaFX Application Thread] DEBUG MainWindow           - Stage size: 616.0 x 639.0
18:54:17.968 [FXGL Background Thread 1 ] DEBUG FS                   - Loaded FSServiceImpl
18:54:17.969 [FXGL Background Thread 1 ] DEBUG Engine               - Loading FXGL system data
18:54:17.972 [FXGL Background Thread 1 ] DEBUG FSServiceImpl        - Reading from: E:\Spil projekt - Jan 2020\Demo1\system\fxgl.bundle
18:54:17.979 [FXGL Background Thread 1 ] DEBUG Engine               - Bundle FXGL: {}
18:54:17.979 [FXGL Background Thread 1 ] DEBUG Engine               - Initializing application scenes
18:54:18.001 [FXGL Background Thread 1 ] DEBUG GameWorld            - Game world initialized
18:54:18.037 [FXGL Background Thread 1 ] DEBUG PhysicsWorld         - Physics world initialized: appHeight=600, physics.ppm=50,0
18:54:18.038 [FXGL Background Thread 1 ] DEBUG GameScene            - Game scene initialized: 600x600
18:54:18.059 [FXGL Background Thread 1 ] DEBUG AssetLoader          - Loading from file system: /assets/textures/MainMenuGif.gif
18:54:18.195 [FXGL Background Thread 1 ] DEBUG AssetLoader          - Loading from file system: /assets/textures/GameMenuEvilPuff3.png
18:54:18.207 [FXGL Background Thread 1 ] DEBUG Engine               - Application scenes initialized
18:54:18.209 [JavaFX Application Thread] DEBUG Engine               - Running preInit()
18:54:18.215 [JavaFX Application Thread] DEBUG Input                - Registered new binding: Move Right - D
18:54:18.215 [JavaFX Application Thread] DEBUG Input                - Registered new binding: Move Left - A
18:54:18.215 [JavaFX Application Thread] DEBUG Input                - Registered new binding: Move Up - W
18:54:18.215 [JavaFX Application Thread] DEBUG Input                - Registered new binding: Move Down - S
18:54:18.215 [JavaFX Application Thread] DEBUG Input                - Registered new binding: Screenshot - P
18:54:18.216 [JavaFX Application Thread] DEBUG Input                - Registered new binding: System info dump - CTRL+9
18:54:18.216 [JavaFX Application Thread] DEBUG Input                - Registered new binding: Restart - CTRL+R
18:54:18.216 [JavaFX Application Thread] DEBUG Engine               - generateDefaultProfile()
18:54:18.216 [JavaFX Application Thread] DEBUG Engine               - Creating default profile
18:54:18.216 [JavaFX Application Thread] DEBUG EventBus             - Firing event: SaveEvent
18:54:18.223 [JavaFX Application Thread] INFO  Engine               - FXGL initialization took: 0,805 sec
18:54:18.224 [JavaFX Application Thread] DEBUG LoopRunner           - Starting loop
18:54:18.225 [JavaFX Application Thread] DEBUG FXGLStartupScene     - STARTUP
18:54:18.226 [JavaFX Application Thread] DEBUG Input                - Clearing active input actions
18:54:18.234 [JavaFX Application Thread] DEBUG Engine               - Removing overlay from FXGLStartupScene and adding to PokeBounceMainMenu
18:54:18.235 [JavaFX Application Thread] DEBUG MainWindow           - FXGLStartupScene -> PokeBounceMainMenu
18:54:20.613 [JavaFX Application Thread] DEBUG Engine               - Exiting FXGL
18:54:20.613 [JavaFX Application Thread] DEBUG Engine               - Shutting down background threads
18:54:20.613 [JavaFX Application Thread] DEBUG Engine               - Saving FXGL system data
18:54:20.615 [JavaFX Application Thread] DEBUG FSServiceImpl        - Writing to: E:\Spil projekt - Jan 2020\Demo1\system\fxgl.bundle
18:54:20.616 [JavaFX Application Thread] DEBUG Engine               - Closing logger and exiting JavaFX
