09:14:06.981 [main                     ] DEBUG GameApplication      - Logger initialized
09:14:06.999 [main                     ] DEBUG GameApplication      - Logging settings
Title: PokeBounce - Zealand
Version: 0.1
Width: 600
Height: 600
Fullscreen: false
Intro: false
Menus: true
Profiling: false
Single step:false
App Mode: DEVELOPER
Menu Key: ESCAPE
Stage Style: DECORATED
Scene Factory: class PokeBounce.pokebounce.BasicGameApp$1
Dialog Factory: class com.almasb.fxgl.ui.FXGLDialogFactory
UI Factory: class com.almasb.fxgl.ui.FXGLUIFactory

09:14:07.273 [JavaFX Application Thread] DEBUG Engine               - Initializing FXGL
09:14:07.273 [JavaFX Application Thread] INFO  Engine               - FXGL-11.7 (05.01.2020 09.46) on WINDOWS (J:11.0.5 FX:10.0.2-internal)
09:14:07.274 [JavaFX Application Thread] INFO  Engine               - Source code and latest versions at: https://github.com/AlmasB/FXGL
09:14:07.275 [JavaFX Application Thread] INFO  Engine               -              Join the FXGL chat at: https://gitter.im/AlmasB/FXGL
09:14:07.275 [JavaFX Application Thread] DEBUG Engine               - Initializing environment variables
09:14:07.277 [JavaFX Application Thread] DEBUG Engine               - Logging environment variables
09:14:07.277 [JavaFX Application Thread] DEBUG Engine               - achievements: []
09:14:07.277 [JavaFX Application Thread] DEBUG Engine               - sceneStack: com.almasb.fxgl.app.Engine@551e9731
09:14:07.278 [JavaFX Application Thread] DEBUG Engine               - language: ObjectProperty [value: ENGLISH]
09:14:07.278 [JavaFX Application Thread] DEBUG Engine               - isCloseConfirmation: false
09:14:07.278 [JavaFX Application Thread] DEBUG Engine               - isProfilingEnabled: false
09:14:07.278 [JavaFX Application Thread] DEBUG Engine               - soundNotification: core/notification.wav
09:14:07.278 [JavaFX Application Thread] DEBUG Engine               - devShowBBoxProperty: BooleanProperty [value: false]
09:14:07.279 [JavaFX Application Thread] DEBUG Engine               - pixelsPerMeter: 50.0
09:14:07.279 [JavaFX Application Thread] DEBUG Engine               - overlayRoot: Group@51d5cce6
09:14:07.279 [JavaFX Application Thread] DEBUG Engine               - appIcon: EvilPuffIcon.png
09:14:07.279 [JavaFX Application Thread] DEBUG Engine               - soundMenuBack: menu/back.wav
09:14:07.280 [JavaFX Application Thread] DEBUG Engine               - isFullScreenAllowed: false
09:14:07.280 [JavaFX Application Thread] DEBUG Engine               - isIntroEnabled: false
09:14:07.280 [JavaFX Application Thread] DEBUG Engine               - eventBus: com.almasb.fxgl.event.EventBus@63ed3dbd
09:14:07.280 [JavaFX Application Thread] DEBUG Engine               - fontMono: lucida_console.ttf
09:14:07.280 [JavaFX Application Thread] DEBUG Engine               - soundMenuSelect: menu/select.wav
09:14:07.280 [JavaFX Application Thread] DEBUG Engine               - isWindows: true
09:14:07.281 [JavaFX Application Thread] DEBUG Engine               - isMobile: false
09:14:07.281 [JavaFX Application Thread] DEBUG Engine               - height: 600
09:14:07.281 [JavaFX Application Thread] DEBUG Engine               - isExperimentalNative: false
09:14:07.281 [JavaFX Application Thread] DEBUG Engine               - cSSList: [fxgl_dark.css]
09:14:07.281 [JavaFX Application Thread] DEBUG Engine               - isSingleStep: false
09:14:07.281 [JavaFX Application Thread] DEBUG Engine               - fontGame: Abel-Regular.ttf
09:14:07.281 [JavaFX Application Thread] DEBUG Engine               - menuKey: ESCAPE
09:14:07.281 [JavaFX Application Thread] DEBUG Engine               - devShowPositionProperty: BooleanProperty [value: false]
09:14:07.282 [JavaFX Application Thread] DEBUG Engine               - versionCheckDays: 7
09:14:07.282 [JavaFX Application Thread] DEBUG Engine               - masterTimer: com.almasb.fxgl.time.Timer@42eb89ee
09:14:07.282 [JavaFX Application Thread] DEBUG Engine               - configClass: Optional.empty
09:14:07.282 [JavaFX Application Thread] DEBUG Engine               - isFullScreenFromStart: false
09:14:07.282 [JavaFX Application Thread] DEBUG Engine               - version: 0.1
09:14:07.282 [JavaFX Application Thread] DEBUG Engine               - fullScreen: BooleanProperty [value: false]
09:14:07.282 [JavaFX Application Thread] DEBUG Engine               - randomSeed: -1
09:14:07.283 [JavaFX Application Thread] DEBUG Engine               - dialogFactory: com.almasb.fxgl.ui.FXGLDialogFactory@2dbd226d
09:14:07.283 [JavaFX Application Thread] DEBUG Engine               - applicationMode: DEVELOPER
09:14:07.283 [JavaFX Application Thread] DEBUG Engine               - isMac: false
09:14:07.283 [JavaFX Application Thread] DEBUG Engine               - urlGoogleForms: https://goo.gl/forms/6wrMnOBxTE1fEpOy2
09:14:07.283 [JavaFX Application Thread] DEBUG Engine               - isMenuEnabled: true
09:14:07.283 [JavaFX Application Thread] DEBUG Engine               - urlPOM: https://raw.githubusercontent.com/AlmasB/FXGL/master/pom.xml
09:14:07.284 [JavaFX Application Thread] DEBUG Engine               - profileName: user.profile
09:14:07.284 [JavaFX Application Thread] DEBUG Engine               - notificationViewClass: class com.almasb.fxgl.notification.view.XboxNotificationView
09:14:07.284 [JavaFX Application Thread] DEBUG Engine               - devSensorColorProperty: ObjectProperty [value: 0xffff00ff]
09:14:07.284 [JavaFX Application Thread] DEBUG Engine               - sceneFactory: PokeBounce.pokebounce.BasicGameApp$1@527069c0
09:14:07.284 [JavaFX Application Thread] DEBUG Engine               - dataFileExt: .dat
09:14:07.284 [JavaFX Application Thread] DEBUG Engine               - stageStyle: DECORATED
09:14:07.284 [JavaFX Application Thread] DEBUG Engine               - isManualResizeEnabled: false
09:14:07.284 [JavaFX Application Thread] DEBUG Engine               - title: PokeBounce - Zealand
09:14:07.285 [JavaFX Application Thread] DEBUG Engine               - platform: WINDOWS
09:14:07.285 [JavaFX Application Thread] DEBUG Engine               - devBBoxColorProperty: ObjectProperty [value: 0xff0000ff]
09:14:07.285 [JavaFX Application Thread] DEBUG Engine               - isDesktop: true
09:14:07.285 [JavaFX Application Thread] DEBUG Engine               - credits: []
09:14:07.285 [JavaFX Application Thread] DEBUG Engine               - globalMusicVolumeProperty: DoubleProperty [value: 0.5]
09:14:07.285 [JavaFX Application Thread] DEBUG Engine               - uIFactory: com.almasb.fxgl.ui.FXGLUIFactory@587ab6e6
09:14:07.286 [JavaFX Application Thread] DEBUG Engine               - isPreserveResizeRatio: false
09:14:07.286 [JavaFX Application Thread] DEBUG Engine               - fontText: Courier-Prime.ttf
09:14:07.286 [JavaFX Application Thread] DEBUG Engine               - isExperimentalTiledLargeMap: false
09:14:07.286 [JavaFX Application Thread] DEBUG Engine               - secondsIn24h: 60
09:14:07.286 [JavaFX Application Thread] DEBUG Engine               - runtimeInfo: RuntimeInfo(platform=WINDOWS, version=11.7, build=05.01.2020 09.46)
09:14:07.286 [JavaFX Application Thread] DEBUG Engine               - soundMenuPress: menu/press.wav
09:14:07.286 [JavaFX Application Thread] DEBUG Engine               - isLinux: false
09:14:07.286 [JavaFX Application Thread] DEBUG Engine               - urlGithub: https://github.com/AlmasB/FXGL
09:14:07.286 [JavaFX Application Thread] DEBUG Engine               - profileDir: profiles/
09:14:07.287 [JavaFX Application Thread] DEBUG Engine               - isDeveloperMenuEnabled: false
09:14:07.287 [JavaFX Application Thread] DEBUG Engine               - globalSoundVolumeProperty: DoubleProperty [value: 0.5]
09:14:07.287 [JavaFX Application Thread] DEBUG Engine               - isBrowser: false
09:14:07.288 [JavaFX Application Thread] DEBUG Engine               - globalSoundVolume: 0.5
09:14:07.288 [JavaFX Application Thread] DEBUG Engine               - urlLeaderboard: http://fxgl-top.herokuapp.com/
09:14:07.288 [JavaFX Application Thread] DEBUG Engine               - saveDir: saves/
09:14:07.288 [JavaFX Application Thread] DEBUG Engine               - engineServices: [class com.almasb.fxgl.audio.AudioPlayer, class com.almasb.fxgl.notification.impl.NotificationServiceProvider, class com.almasb.fxgl.achievement.AchievementManager, class com.almasb.fxgl.cutscene.CutsceneService, class com.almasb.fxgl.minigames.MiniGameService]
09:14:07.288 [JavaFX Application Thread] DEBUG Engine               - globalMusicVolume: 0.5
09:14:07.288 [JavaFX Application Thread] DEBUG Engine               - width: 600
09:14:07.288 [JavaFX Application Thread] DEBUG Engine               - saveFileExt: .sav
09:14:07.288 [JavaFX Application Thread] DEBUG Engine               - isAndroid: false
09:14:07.288 [JavaFX Application Thread] DEBUG Engine               - fontUI: VarelaRound-Regular.ttf
09:14:07.288 [JavaFX Application Thread] DEBUG Engine               - enabledMenuItems: []
09:14:07.289 [JavaFX Application Thread] DEBUG Engine               - isIOS: false
09:14:07.291 [JavaFX Application Thread] DEBUG Engine               - Adding new engine service: class com.almasb.fxgl.audio.AudioPlayer
09:14:07.292 [JavaFX Application Thread] DEBUG Engine               - Adding new engine service: class com.almasb.fxgl.notification.impl.NotificationServiceProvider
09:14:07.292 [JavaFX Application Thread] DEBUG Engine               - Adding new engine service: class com.almasb.fxgl.achievement.AchievementManager
09:14:07.293 [JavaFX Application Thread] DEBUG Engine               - Adding new engine service: class com.almasb.fxgl.cutscene.CutsceneService
09:14:07.293 [JavaFX Application Thread] DEBUG Engine               - Adding new engine service: class com.almasb.fxgl.minigames.MiniGameService
09:14:07.296 [JavaFX Application Thread] DEBUG Engine               - Loading localizations
09:14:07.297 [JavaFX Application Thread] DEBUG AssetLoader          - Loading from file system: /assets/properties/languages/english.properties
09:14:07.300 [JavaFX Application Thread] DEBUG AssetLoader          - Loading from file system: /assets/properties/languages/french.properties
09:14:07.301 [JavaFX Application Thread] DEBUG AssetLoader          - Loading from file system: /assets/properties/languages/german.properties
09:14:07.302 [JavaFX Application Thread] DEBUG AssetLoader          - Loading from file system: /assets/properties/languages/russian.properties
09:14:07.303 [JavaFX Application Thread] DEBUG AssetLoader          - Loading from file system: /assets/properties/languages/hungarian.properties
09:14:07.305 [JavaFX Application Thread] DEBUG Engine               - Registering font factories
09:14:07.306 [JavaFX Application Thread] DEBUG AssetLoader          - Loading from file system: /assets/ui/fonts/VarelaRound-Regular.ttf
09:14:07.447 [JavaFX Application Thread] DEBUG AssetLoader          - Loading from file system: /assets/ui/fonts/Abel-Regular.ttf
09:14:07.454 [JavaFX Application Thread] DEBUG AssetLoader          - Loading from file system: /assets/ui/fonts/lucida_console.ttf
09:14:07.463 [JavaFX Application Thread] DEBUG AssetLoader          - Loading from file system: /assets/ui/fonts/Courier-Prime.ttf
09:14:07.472 [JavaFX Application Thread] DEBUG Engine               - Setting UI factory
09:14:07.535 [JavaFX Application Thread] DEBUG AssetLoader          - Loading from file system: /assets/textures/fxgl_logo.png
09:14:07.571 [JavaFX Application Thread] DEBUG MainWindow           - Creating a JavaFX scene
09:14:07.596 [JavaFX Application Thread] DEBUG MainWindow           - Target settings size: 600.0 x 600.0
09:14:07.596 [JavaFX Application Thread] DEBUG MainWindow           - Scaled scene size:    600.0 x 600.0
09:14:07.597 [JavaFX Application Thread] DEBUG MainWindow           - Scaled ratio: (1.0, 1.0)
09:14:07.597 [JavaFX Application Thread] DEBUG MainWindow           - Set initial scene to FXGLStartupScene
09:14:07.603 [JavaFX Application Thread] DEBUG AssetLoader          - Loading from file system: /assets/textures/EvilPuffIcon.png
09:14:07.605 [JavaFX Application Thread] DEBUG Engine               - Applying CSS: fxgl_dark.css
09:14:07.605 [JavaFX Application Thread] DEBUG AssetLoader          - Loading from file system: /assets/ui/css/fxgl_dark.css
09:14:07.607 [JavaFX Application Thread] DEBUG AssetLoader          - Loading from file system: /assets/ui/cursors/fxgl_default.png
09:14:07.608 [JavaFX Application Thread] DEBUG MainWindow           - Opening main window
09:14:07.694 [JavaFX Application Thread] DEBUG MainWindow           - Window border size: (16.0, 39.0)
09:14:07.694 [JavaFX Application Thread] DEBUG MainWindow           - Scaled size: 600.0 x 600.0
09:14:07.694 [JavaFX Application Thread] DEBUG MainWindow           - Scaled ratio: (1.0, 1.0)
09:14:07.694 [JavaFX Application Thread] DEBUG MainWindow           - Scene size: 600.0 x 600.0
09:14:07.694 [JavaFX Application Thread] DEBUG MainWindow           - Stage size: 616.0 x 639.0
09:14:07.708 [FXGL Background Thread 1 ] DEBUG FS                   - Loaded FSServiceImpl
09:14:07.708 [FXGL Background Thread 1 ] DEBUG Engine               - Loading FXGL system data
09:14:07.711 [FXGL Background Thread 1 ] DEBUG FSServiceImpl        - Reading from: E:\Spil projekt - Jan 2020\Demo1\system\fxgl.bundle
09:14:07.717 [FXGL Background Thread 1 ] DEBUG Engine               - Bundle FXGL: {}
09:14:07.717 [FXGL Background Thread 1 ] DEBUG Engine               - Initializing application scenes
09:14:07.739 [FXGL Background Thread 1 ] DEBUG GameWorld            - Game world initialized
09:14:07.772 [FXGL Background Thread 1 ] DEBUG PhysicsWorld         - Physics world initialized: appHeight=600, physics.ppm=50,0
09:14:07.774 [FXGL Background Thread 1 ] DEBUG GameScene            - Game scene initialized: 600x600
09:14:07.798 [FXGL Background Thread 1 ] DEBUG AssetLoader          - Loading from file system: /assets/textures/MainMenuGif.gif
09:14:07.936 [FXGL Background Thread 1 ] DEBUG AssetLoader          - Loading from file system: /assets/textures/GameMenuEvilPuff3.png
09:14:07.948 [FXGL Background Thread 1 ] DEBUG Engine               - Application scenes initialized
09:14:07.950 [JavaFX Application Thread] DEBUG Engine               - Running preInit()
09:14:07.956 [JavaFX Application Thread] DEBUG Input                - Registered new binding: Move Right - D
09:14:07.956 [JavaFX Application Thread] DEBUG Input                - Registered new binding: Move Left - A
09:14:07.956 [JavaFX Application Thread] DEBUG Input                - Registered new binding: Move Up - W
09:14:07.956 [JavaFX Application Thread] DEBUG Input                - Registered new binding: Move Down - S
09:14:07.957 [JavaFX Application Thread] DEBUG Input                - Registered new binding: Screenshot - P
09:14:07.957 [JavaFX Application Thread] DEBUG Input                - Registered new binding: System info dump - CTRL+9
09:14:07.957 [JavaFX Application Thread] DEBUG Input                - Registered new binding: Restart - CTRL+R
09:14:07.957 [JavaFX Application Thread] DEBUG Engine               - generateDefaultProfile()
09:14:07.957 [JavaFX Application Thread] DEBUG Engine               - Creating default profile
09:14:07.957 [JavaFX Application Thread] DEBUG EventBus             - Firing event: SaveEvent
09:14:07.965 [JavaFX Application Thread] DEBUG AssetLoader          - Loading from file system: /assets/music/Pokemon Red, Yellow, Blue Battle Music- Trainer.mp3
09:14:08.034 [JavaFX Application Thread] DEBUG AudioPlayer          - Playing music com.almasb.fxgl.audio.Music@5fcafacd
09:14:08.034 [JavaFX Application Thread] INFO  Engine               - FXGL initialization took: 0,738 sec
09:14:08.034 [JavaFX Application Thread] DEBUG LoopRunner           - Starting loop
09:14:08.035 [JavaFX Application Thread] DEBUG FXGLStartupScene     - STARTUP
09:14:08.037 [JavaFX Application Thread] DEBUG Input                - Clearing active input actions
09:14:08.049 [JavaFX Application Thread] DEBUG Engine               - Removing overlay from FXGLStartupScene and adding to PokeBounceMainMenu
09:14:08.050 [JavaFX Application Thread] DEBUG MainWindow           - FXGLStartupScene -> PokeBounceMainMenu
09:14:08.725 [JavaFX Application Thread] DEBUG Menu                 - fireNewGame()
09:14:08.725 [JavaFX Application Thread] DEBUG Engine               - Starting new game
09:14:08.728 [JavaFX Application Thread] DEBUG Input                - Clearing active input actions
09:14:08.729 [FXGL Background Thread 1 ] DEBUG InitAppTask          - Clearing previous game
09:14:08.729 [FXGL Background Thread 1 ] DEBUG GameWorld            - Clearing game world
09:14:08.729 [FXGL Background Thread 1 ] DEBUG PhysicsWorld         - Clearing physics world
09:14:08.729 [FXGL Background Thread 1 ] DEBUG GameScene            - Clearing game scene
09:14:08.729 [FXGL Background Thread 1 ] DEBUG InitAppTask          - Initializing Game
09:14:08.733 [FXGL Background Thread 1 ] DEBUG AssetLoader          - Loading from file system: /assets/sounds/NewEvilPuffEntry.wav
09:14:08.734 [JavaFX Application Thread] DEBUG Engine               - Removing overlay from PokeBounceMainMenu and adding to LoadingScene
09:14:08.734 [JavaFX Application Thread] DEBUG MainWindow           - PokeBounceMainMenu -> LoadingScene
09:14:08.739 [FXGL Background Thread 1 ] DEBUG AssetLoader          - Loading from file system: /assets/sounds/NewCoinEntry.wav
09:14:08.740 [FXGL Background Thread 1 ] DEBUG AssetLoader          - Loading from file system: /assets/sounds/PowerUpSpawn.wav
09:14:08.742 [FXGL Background Thread 1 ] DEBUG AssetLoader          - Loading from file system: /assets/textures/EvilPuff1.png
09:14:08.752 [FXGL Background Thread 1 ] DEBUG AssetLoader          - Loading from file system: /assets/textures/Coin.png
09:14:08.753 [FXGL Background Thread 1 ] DEBUG AssetLoader          - Loading from file system: /assets/textures/PokePlayerUnit1.png
09:14:08.754 [FXGL Background Thread 1 ] DEBUG AssetLoader          - Loading from file system: /assets/textures/backGroundGif.gif
09:14:08.801 [FXGL Background Thread 1 ] DEBUG InitAppTask          - Initializing Physics
09:14:08.801 [FXGL Background Thread 1 ] DEBUG InitAppTask          - Initializing UI
09:14:08.803 [FXGL Background Thread 1 ] DEBUG InitAppTask          - Initialization Complete
09:14:08.803 [FXGL Background Thread 1 ] INFO  InitAppTask          - Game initialization took: 0,075 sec
09:14:08.810 [JavaFX Application Thread] DEBUG Input                - Clearing active input actions
09:14:08.816 [JavaFX Application Thread] DEBUG Engine               - Removing overlay from LoadingScene and adding to GameScene
09:14:08.817 [JavaFX Application Thread] DEBUG MainWindow           - LoadingScene -> GameScene
09:14:08.853 [JavaFX Application Thread] DEBUG AssetLoader          - Loading from cache: /assets/textures/EvilPuff1.png
09:14:08.856 [JavaFX Application Thread] DEBUG AssetLoader          - Loading from cache: /assets/textures/PokePlayerUnit1.png
09:14:08.858 [JavaFX Application Thread] DEBUG AssetLoader          - Loading from cache: /assets/textures/EvilPuff1.png
09:14:08.858 [JavaFX Application Thread] DEBUG AssetLoader          - Loading from cache: /assets/textures/PokePlayerUnit1.png
09:14:08.867 [JavaFX Application Thread] DEBUG AssetLoader          - Loading from cache: /assets/textures/EvilPuff1.png
09:14:08.867 [JavaFX Application Thread] DEBUG AssetLoader          - Loading from cache: /assets/textures/PokePlayerUnit1.png
09:14:08.874 [JavaFX Application Thread] DEBUG AssetLoader          - Loading from cache: /assets/textures/EvilPuff1.png
09:14:08.874 [JavaFX Application Thread] DEBUG AssetLoader          - Loading from cache: /assets/textures/PokePlayerUnit1.png
09:14:08.881 [JavaFX Application Thread] DEBUG AssetLoader          - Loading from cache: /assets/textures/EvilPuff1.png
09:14:08.881 [JavaFX Application Thread] DEBUG AssetLoader          - Loading from cache: /assets/textures/PokePlayerUnit1.png
09:14:08.888 [JavaFX Application Thread] DEBUG AssetLoader          - Loading from cache: /assets/textures/EvilPuff1.png
09:14:08.889 [JavaFX Application Thread] DEBUG AssetLoader          - Loading from cache: /assets/textures/PokePlayerUnit1.png
09:14:08.890 [JavaFX Application Thread] DEBUG AssetLoader          - Loading from cache: /assets/textures/EvilPuff1.png
09:14:08.891 [JavaFX Application Thread] DEBUG AssetLoader          - Loading from cache: /assets/textures/PokePlayerUnit1.png
09:14:08.902 [JavaFX Application Thread] DEBUG AssetLoader          - Loading from cache: /assets/textures/EvilPuff1.png
09:14:08.902 [JavaFX Application Thread] DEBUG AssetLoader          - Loading from cache: /assets/textures/PokePlayerUnit1.png
09:14:08.906 [JavaFX Application Thread] DEBUG AssetLoader          - Loading from cache: /assets/textures/EvilPuff1.png
09:14:08.906 [JavaFX Application Thread] DEBUG AssetLoader          - Loading from cache: /assets/textures/PokePlayerUnit1.png
09:14:08.916 [JavaFX Application Thread] DEBUG AssetLoader          - Loading from cache: /assets/textures/EvilPuff1.png
09:14:08.916 [JavaFX Application Thread] DEBUG AssetLoader          - Loading from cache: /assets/textures/PokePlayerUnit1.png
09:14:08.923 [JavaFX Application Thread] DEBUG AssetLoader          - Loading from cache: /assets/textures/EvilPuff1.png
09:14:08.923 [JavaFX Application Thread] DEBUG AssetLoader          - Loading from cache: /assets/textures/PokePlayerUnit1.png
09:14:08.930 [JavaFX Application Thread] DEBUG AssetLoader          - Loading from cache: /assets/textures/EvilPuff1.png
09:14:08.931 [JavaFX Application Thread] DEBUG AssetLoader          - Loading from cache: /assets/textures/PokePlayerUnit1.png
09:14:08.937 [JavaFX Application Thread] DEBUG AssetLoader          - Loading from cache: /assets/textures/EvilPuff1.png
09:14:08.937 [JavaFX Application Thread] DEBUG AssetLoader          - Loading from cache: /assets/textures/PokePlayerUnit1.png
09:14:08.938 [JavaFX Application Thread] DEBUG AssetLoader          - Loading from cache: /assets/textures/EvilPuff1.png
09:14:08.938 [JavaFX Application Thread] DEBUG AssetLoader          - Loading from cache: /assets/textures/PokePlayerUnit1.png
09:14:08.950 [JavaFX Application Thread] DEBUG AssetLoader          - Loading from cache: /assets/textures/EvilPuff1.png
09:14:08.950 [JavaFX Application Thread] DEBUG AssetLoader          - Loading from cache: /assets/textures/PokePlayerUnit1.png
09:14:08.954 [JavaFX Application Thread] DEBUG AssetLoader          - Loading from cache: /assets/textures/EvilPuff1.png
09:14:08.954 [JavaFX Application Thread] DEBUG AssetLoader          - Loading from cache: /assets/textures/PokePlayerUnit1.png
09:14:08.964 [JavaFX Application Thread] DEBUG AssetLoader          - Loading from cache: /assets/textures/EvilPuff1.png
09:14:08.964 [JavaFX Application Thread] DEBUG AssetLoader          - Loading from cache: /assets/textures/PokePlayerUnit1.png
09:14:08.970 [JavaFX Application Thread] DEBUG AssetLoader          - Loading from cache: /assets/textures/EvilPuff1.png
09:14:08.970 [JavaFX Application Thread] DEBUG AssetLoader          - Loading from cache: /assets/textures/PokePlayerUnit1.png
09:14:08.978 [JavaFX Application Thread] DEBUG AssetLoader          - Loading from cache: /assets/textures/EvilPuff1.png
09:14:08.978 [JavaFX Application Thread] DEBUG AssetLoader          - Loading from cache: /assets/textures/PokePlayerUnit1.png
09:14:08.986 [JavaFX Application Thread] DEBUG AssetLoader          - Loading from cache: /assets/textures/EvilPuff1.png
09:14:08.986 [JavaFX Application Thread] DEBUG AssetLoader          - Loading from cache: /assets/textures/PokePlayerUnit1.png
09:14:08.998 [JavaFX Application Thread] DEBUG AssetLoader          - Loading from cache: /assets/textures/EvilPuff1.png
09:14:08.998 [JavaFX Application Thread] DEBUG AssetLoader          - Loading from cache: /assets/textures/PokePlayerUnit1.png
09:14:09.002 [JavaFX Application Thread] DEBUG AssetLoader          - Loading from cache: /assets/textures/EvilPuff1.png
09:14:09.002 [JavaFX Application Thread] DEBUG AssetLoader          - Loading from cache: /assets/textures/PokePlayerUnit1.png
09:14:09.027 [JavaFX Application Thread] DEBUG AssetLoader          - Loading from cache: /assets/textures/EvilPuff1.png
09:14:09.027 [JavaFX Application Thread] DEBUG AssetLoader          - Loading from cache: /assets/textures/PokePlayerUnit1.png
09:14:09.034 [JavaFX Application Thread] DEBUG AssetLoader          - Loading from cache: /assets/textures/EvilPuff1.png
09:14:09.034 [JavaFX Application Thread] DEBUG AssetLoader          - Loading from cache: /assets/textures/PokePlayerUnit1.png
09:14:09.041 [JavaFX Application Thread] DEBUG AssetLoader          - Loading from cache: /assets/textures/EvilPuff1.png
09:14:09.041 [JavaFX Application Thread] DEBUG AssetLoader          - Loading from cache: /assets/textures/PokePlayerUnit1.png
09:14:09.048 [JavaFX Application Thread] DEBUG AssetLoader          - Loading from cache: /assets/textures/EvilPuff1.png
09:14:09.048 [JavaFX Application Thread] DEBUG AssetLoader          - Loading from cache: /assets/textures/PokePlayerUnit1.png
09:14:09.050 [JavaFX Application Thread] DEBUG AssetLoader          - Loading from cache: /assets/textures/EvilPuff1.png
09:14:09.050 [JavaFX Application Thread] DEBUG AssetLoader          - Loading from cache: /assets/textures/PokePlayerUnit1.png
09:14:09.062 [JavaFX Application Thread] DEBUG AssetLoader          - Loading from cache: /assets/textures/EvilPuff1.png
09:14:09.062 [JavaFX Application Thread] DEBUG AssetLoader          - Loading from cache: /assets/textures/PokePlayerUnit1.png
09:14:09.066 [JavaFX Application Thread] DEBUG AssetLoader          - Loading from cache: /assets/textures/EvilPuff1.png
09:14:09.066 [JavaFX Application Thread] DEBUG AssetLoader          - Loading from cache: /assets/textures/PokePlayerUnit1.png
09:14:09.076 [JavaFX Application Thread] DEBUG AssetLoader          - Loading from cache: /assets/textures/EvilPuff1.png
09:14:09.077 [JavaFX Application Thread] DEBUG AssetLoader          - Loading from cache: /assets/textures/PokePlayerUnit1.png
09:14:09.082 [JavaFX Application Thread] DEBUG AssetLoader          - Loading from cache: /assets/textures/EvilPuff1.png
09:14:09.082 [JavaFX Application Thread] DEBUG AssetLoader          - Loading from cache: /assets/textures/PokePlayerUnit1.png
09:14:09.089 [JavaFX Application Thread] DEBUG AssetLoader          - Loading from cache: /assets/textures/EvilPuff1.png
09:14:09.090 [JavaFX Application Thread] DEBUG AssetLoader          - Loading from cache: /assets/textures/PokePlayerUnit1.png
09:14:09.097 [JavaFX Application Thread] DEBUG AssetLoader          - Loading from cache: /assets/textures/EvilPuff1.png
09:14:09.097 [JavaFX Application Thread] DEBUG AssetLoader          - Loading from cache: /assets/textures/PokePlayerUnit1.png
09:14:09.098 [JavaFX Application Thread] DEBUG AssetLoader          - Loading from cache: /assets/textures/EvilPuff1.png
09:14:09.098 [JavaFX Application Thread] DEBUG AssetLoader          - Loading from cache: /assets/textures/PokePlayerUnit1.png
09:14:09.111 [JavaFX Application Thread] DEBUG AssetLoader          - Loading from cache: /assets/textures/EvilPuff1.png
09:14:09.111 [JavaFX Application Thread] DEBUG AssetLoader          - Loading from cache: /assets/textures/PokePlayerUnit1.png
09:14:09.114 [JavaFX Application Thread] DEBUG AssetLoader          - Loading from cache: /assets/textures/EvilPuff1.png
09:14:09.114 [JavaFX Application Thread] DEBUG AssetLoader          - Loading from cache: /assets/textures/PokePlayerUnit1.png
09:14:09.146 [JavaFX Application Thread] DEBUG AssetLoader          - Loading from cache: /assets/textures/EvilPuff1.png
09:14:09.146 [JavaFX Application Thread] DEBUG AssetLoader          - Loading from cache: /assets/textures/PokePlayerUnit1.png
09:14:09.152 [JavaFX Application Thread] DEBUG AssetLoader          - Loading from cache: /assets/textures/EvilPuff1.png
09:14:09.152 [JavaFX Application Thread] DEBUG AssetLoader          - Loading from cache: /assets/textures/PokePlayerUnit1.png
09:14:09.159 [JavaFX Application Thread] DEBUG AssetLoader          - Loading from cache: /assets/textures/EvilPuff1.png
09:14:09.159 [JavaFX Application Thread] DEBUG AssetLoader          - Loading from cache: /assets/textures/PokePlayerUnit1.png
09:14:09.162 [JavaFX Application Thread] DEBUG AssetLoader          - Loading from cache: /assets/textures/EvilPuff1.png
09:14:09.162 [JavaFX Application Thread] DEBUG AssetLoader          - Loading from cache: /assets/textures/PokePlayerUnit1.png
09:14:09.173 [JavaFX Application Thread] DEBUG AssetLoader          - Loading from cache: /assets/textures/EvilPuff1.png
09:14:09.173 [JavaFX Application Thread] DEBUG AssetLoader          - Loading from cache: /assets/textures/PokePlayerUnit1.png
09:14:09.178 [JavaFX Application Thread] DEBUG AssetLoader          - Loading from cache: /assets/textures/EvilPuff1.png
09:14:09.178 [JavaFX Application Thread] DEBUG AssetLoader          - Loading from cache: /assets/textures/PokePlayerUnit1.png
09:14:09.187 [JavaFX Application Thread] DEBUG AssetLoader          - Loading from cache: /assets/textures/EvilPuff1.png
09:14:09.187 [JavaFX Application Thread] DEBUG AssetLoader          - Loading from cache: /assets/textures/PokePlayerUnit1.png
09:14:09.193 [JavaFX Application Thread] DEBUG AssetLoader          - Loading from cache: /assets/textures/EvilPuff1.png
09:14:09.194 [JavaFX Application Thread] DEBUG AssetLoader          - Loading from cache: /assets/textures/PokePlayerUnit1.png
09:14:09.201 [JavaFX Application Thread] DEBUG AssetLoader          - Loading from cache: /assets/textures/EvilPuff1.png
09:14:09.201 [JavaFX Application Thread] DEBUG AssetLoader          - Loading from cache: /assets/textures/PokePlayerUnit1.png
09:14:09.207 [JavaFX Application Thread] DEBUG AssetLoader          - Loading from cache: /assets/textures/EvilPuff1.png
09:14:09.208 [JavaFX Application Thread] DEBUG AssetLoader          - Loading from cache: /assets/textures/PokePlayerUnit1.png
09:14:09.210 [JavaFX Application Thread] DEBUG AssetLoader          - Loading from cache: /assets/textures/EvilPuff1.png
09:14:09.210 [JavaFX Application Thread] DEBUG AssetLoader          - Loading from cache: /assets/textures/PokePlayerUnit1.png
09:14:09.221 [JavaFX Application Thread] DEBUG AssetLoader          - Loading from cache: /assets/textures/EvilPuff1.png
09:14:09.222 [JavaFX Application Thread] DEBUG AssetLoader          - Loading from cache: /assets/textures/PokePlayerUnit1.png
09:14:09.226 [JavaFX Application Thread] DEBUG AssetLoader          - Loading from cache: /assets/textures/EvilPuff1.png
09:14:09.226 [JavaFX Application Thread] DEBUG AssetLoader          - Loading from cache: /assets/textures/PokePlayerUnit1.png
09:14:09.235 [JavaFX Application Thread] DEBUG AssetLoader          - Loading from cache: /assets/textures/EvilPuff1.png
09:14:09.236 [JavaFX Application Thread] DEBUG AssetLoader          - Loading from cache: /assets/textures/PokePlayerUnit1.png
09:14:09.242 [JavaFX Application Thread] DEBUG AssetLoader          - Loading from cache: /assets/textures/EvilPuff1.png
09:14:09.242 [JavaFX Application Thread] DEBUG AssetLoader          - Loading from cache: /assets/textures/PokePlayerUnit1.png
09:14:09.249 [JavaFX Application Thread] DEBUG AssetLoader          - Loading from cache: /assets/textures/EvilPuff1.png
09:14:09.249 [JavaFX Application Thread] DEBUG AssetLoader          - Loading from cache: /assets/textures/PokePlayerUnit1.png
09:14:09.257 [JavaFX Application Thread] DEBUG AssetLoader          - Loading from cache: /assets/textures/EvilPuff1.png
09:14:09.257 [JavaFX Application Thread] DEBUG AssetLoader          - Loading from cache: /assets/textures/PokePlayerUnit1.png
09:14:09.258 [JavaFX Application Thread] DEBUG AssetLoader          - Loading from cache: /assets/textures/EvilPuff1.png
09:14:09.258 [JavaFX Application Thread] DEBUG AssetLoader          - Loading from cache: /assets/textures/PokePlayerUnit1.png
09:14:09.270 [JavaFX Application Thread] DEBUG AssetLoader          - Loading from cache: /assets/textures/EvilPuff1.png
09:14:09.270 [JavaFX Application Thread] DEBUG AssetLoader          - Loading from cache: /assets/textures/PokePlayerUnit1.png
09:14:09.274 [JavaFX Application Thread] DEBUG AssetLoader          - Loading from cache: /assets/textures/EvilPuff1.png
09:14:09.274 [JavaFX Application Thread] DEBUG AssetLoader          - Loading from cache: /assets/textures/PokePlayerUnit1.png
09:14:09.284 [JavaFX Application Thread] DEBUG AssetLoader          - Loading from cache: /assets/textures/EvilPuff1.png
09:14:09.284 [JavaFX Application Thread] DEBUG AssetLoader          - Loading from cache: /assets/textures/PokePlayerUnit1.png
09:14:09.290 [JavaFX Application Thread] DEBUG AssetLoader          - Loading from cache: /assets/textures/EvilPuff1.png
09:14:09.290 [JavaFX Application Thread] DEBUG AssetLoader          - Loading from cache: /assets/textures/PokePlayerUnit1.png
09:14:09.298 [JavaFX Application Thread] DEBUG AssetLoader          - Loading from cache: /assets/textures/EvilPuff1.png
09:14:09.298 [JavaFX Application Thread] DEBUG AssetLoader          - Loading from cache: /assets/textures/PokePlayerUnit1.png
09:14:09.305 [JavaFX Application Thread] DEBUG AssetLoader          - Loading from cache: /assets/textures/EvilPuff1.png
09:14:09.305 [JavaFX Application Thread] DEBUG AssetLoader          - Loading from cache: /assets/textures/PokePlayerUnit1.png
09:14:09.306 [JavaFX Application Thread] DEBUG AssetLoader          - Loading from cache: /assets/textures/EvilPuff1.png
09:14:09.306 [JavaFX Application Thread] DEBUG AssetLoader          - Loading from cache: /assets/textures/PokePlayerUnit1.png
09:14:09.319 [JavaFX Application Thread] DEBUG AssetLoader          - Loading from cache: /assets/textures/EvilPuff1.png
09:14:09.319 [JavaFX Application Thread] DEBUG AssetLoader          - Loading from cache: /assets/textures/PokePlayerUnit1.png
09:14:09.322 [JavaFX Application Thread] DEBUG AssetLoader          - Loading from cache: /assets/textures/EvilPuff1.png
09:14:09.322 [JavaFX Application Thread] DEBUG AssetLoader          - Loading from cache: /assets/textures/PokePlayerUnit1.png
09:14:09.333 [JavaFX Application Thread] DEBUG AssetLoader          - Loading from cache: /assets/textures/EvilPuff1.png
09:14:09.333 [JavaFX Application Thread] DEBUG AssetLoader          - Loading from cache: /assets/textures/PokePlayerUnit1.png
09:14:09.338 [JavaFX Application Thread] DEBUG AssetLoader          - Loading from cache: /assets/textures/EvilPuff1.png
09:14:09.338 [JavaFX Application Thread] DEBUG AssetLoader          - Loading from cache: /assets/textures/PokePlayerUnit1.png
09:14:09.347 [JavaFX Application Thread] DEBUG AssetLoader          - Loading from cache: /assets/textures/EvilPuff1.png
09:14:09.347 [JavaFX Application Thread] DEBUG AssetLoader          - Loading from cache: /assets/textures/PokePlayerUnit1.png
09:14:09.353 [JavaFX Application Thread] DEBUG AssetLoader          - Loading from cache: /assets/textures/EvilPuff1.png
09:14:09.354 [JavaFX Application Thread] DEBUG AssetLoader          - Loading from cache: /assets/textures/PokePlayerUnit1.png
09:14:09.355 [JavaFX Application Thread] DEBUG AssetLoader          - Loading from cache: /assets/textures/EvilPuff1.png
09:14:09.355 [JavaFX Application Thread] DEBUG AssetLoader          - Loading from cache: /assets/textures/PokePlayerUnit1.png
09:14:09.368 [JavaFX Application Thread] DEBUG AssetLoader          - Loading from cache: /assets/textures/EvilPuff1.png
09:14:09.368 [JavaFX Application Thread] DEBUG AssetLoader          - Loading from cache: /assets/textures/PokePlayerUnit1.png
09:14:09.370 [JavaFX Application Thread] DEBUG AssetLoader          - Loading from cache: /assets/textures/EvilPuff1.png
09:14:09.370 [JavaFX Application Thread] DEBUG AssetLoader          - Loading from cache: /assets/textures/PokePlayerUnit1.png
09:14:09.381 [JavaFX Application Thread] DEBUG AssetLoader          - Loading from cache: /assets/textures/EvilPuff1.png
09:14:09.382 [JavaFX Application Thread] DEBUG AssetLoader          - Loading from cache: /assets/textures/PokePlayerUnit1.png
09:14:09.386 [JavaFX Application Thread] DEBUG AssetLoader          - Loading from cache: /assets/textures/EvilPuff1.png
09:14:09.386 [JavaFX Application Thread] DEBUG AssetLoader          - Loading from cache: /assets/textures/PokePlayerUnit1.png
09:14:09.395 [JavaFX Application Thread] DEBUG AssetLoader          - Loading from cache: /assets/textures/EvilPuff1.png
09:14:09.395 [JavaFX Application Thread] DEBUG AssetLoader          - Loading from cache: /assets/textures/PokePlayerUnit1.png
09:14:09.401 [JavaFX Application Thread] DEBUG AssetLoader          - Loading from cache: /assets/textures/EvilPuff1.png
09:14:09.402 [JavaFX Application Thread] DEBUG AssetLoader          - Loading from cache: /assets/textures/PokePlayerUnit1.png
09:14:09.409 [JavaFX Application Thread] DEBUG AssetLoader          - Loading from cache: /assets/textures/EvilPuff1.png
09:14:09.410 [JavaFX Application Thread] DEBUG AssetLoader          - Loading from cache: /assets/textures/PokePlayerUnit1.png
09:14:09.416 [JavaFX Application Thread] DEBUG AssetLoader          - Loading from cache: /assets/textures/EvilPuff1.png
09:14:09.416 [JavaFX Application Thread] DEBUG AssetLoader          - Loading from cache: /assets/textures/PokePlayerUnit1.png
09:14:09.418 [JavaFX Application Thread] DEBUG AssetLoader          - Loading from cache: /assets/textures/EvilPuff1.png
09:14:09.418 [JavaFX Application Thread] DEBUG AssetLoader          - Loading from cache: /assets/textures/PokePlayerUnit1.png
09:14:09.430 [JavaFX Application Thread] DEBUG AssetLoader          - Loading from cache: /assets/textures/EvilPuff1.png
09:14:09.430 [JavaFX Application Thread] DEBUG AssetLoader          - Loading from cache: /assets/textures/PokePlayerUnit1.png
09:14:09.434 [JavaFX Application Thread] DEBUG AssetLoader          - Loading from cache: /assets/textures/EvilPuff1.png
09:14:09.434 [JavaFX Application Thread] DEBUG AssetLoader          - Loading from cache: /assets/textures/PokePlayerUnit1.png
09:14:09.444 [JavaFX Application Thread] DEBUG AssetLoader          - Loading from cache: /assets/textures/EvilPuff1.png
09:14:09.444 [JavaFX Application Thread] DEBUG AssetLoader          - Loading from cache: /assets/textures/PokePlayerUnit1.png
09:14:09.450 [JavaFX Application Thread] DEBUG AssetLoader          - Loading from cache: /assets/textures/EvilPuff1.png
09:14:09.450 [JavaFX Application Thread] DEBUG AssetLoader          - Loading from cache: /assets/textures/PokePlayerUnit1.png
09:14:09.457 [JavaFX Application Thread] DEBUG AssetLoader          - Loading from cache: /assets/textures/EvilPuff1.png
09:14:09.458 [JavaFX Application Thread] DEBUG AssetLoader          - Loading from cache: /assets/textures/PokePlayerUnit1.png
09:14:09.465 [JavaFX Application Thread] DEBUG AssetLoader          - Loading from cache: /assets/textures/EvilPuff1.png
09:14:09.466 [JavaFX Application Thread] DEBUG AssetLoader          - Loading from cache: /assets/textures/PokePlayerUnit1.png
09:14:09.467 [JavaFX Application Thread] DEBUG AssetLoader          - Loading from cache: /assets/textures/EvilPuff1.png
09:14:09.467 [JavaFX Application Thread] DEBUG AssetLoader          - Loading from cache: /assets/textures/PokePlayerUnit1.png
09:14:09.479 [JavaFX Application Thread] DEBUG AssetLoader          - Loading from cache: /assets/textures/EvilPuff1.png
09:14:09.479 [JavaFX Application Thread] DEBUG AssetLoader          - Loading from cache: /assets/textures/PokePlayerUnit1.png
09:14:09.482 [JavaFX Application Thread] DEBUG AssetLoader          - Loading from cache: /assets/textures/EvilPuff1.png
09:14:09.482 [JavaFX Application Thread] DEBUG AssetLoader          - Loading from cache: /assets/textures/PokePlayerUnit1.png
09:14:09.519 [JavaFX Application Thread] DEBUG AssetLoader          - Loading from cache: /assets/textures/EvilPuff1.png
09:14:09.520 [JavaFX Application Thread] DEBUG AssetLoader          - Loading from cache: /assets/textures/PokePlayerUnit1.png
09:14:09.526 [JavaFX Application Thread] DEBUG AssetLoader          - Loading from cache: /assets/textures/EvilPuff1.png
09:14:09.527 [JavaFX Application Thread] DEBUG AssetLoader          - Loading from cache: /assets/textures/PokePlayerUnit1.png
09:14:09.530 [JavaFX Application Thread] DEBUG AssetLoader          - Loading from cache: /assets/textures/EvilPuff1.png
09:14:09.530 [JavaFX Application Thread] DEBUG AssetLoader          - Loading from cache: /assets/textures/PokePlayerUnit1.png
09:14:09.540 [JavaFX Application Thread] DEBUG AssetLoader          - Loading from cache: /assets/textures/EvilPuff1.png
09:14:09.540 [JavaFX Application Thread] DEBUG AssetLoader          - Loading from cache: /assets/textures/PokePlayerUnit1.png
09:14:09.546 [JavaFX Application Thread] DEBUG AssetLoader          - Loading from cache: /assets/textures/EvilPuff1.png
09:14:09.546 [JavaFX Application Thread] DEBUG AssetLoader          - Loading from cache: /assets/textures/PokePlayerUnit1.png
09:14:09.555 [JavaFX Application Thread] DEBUG AssetLoader          - Loading from cache: /assets/textures/EvilPuff1.png
09:14:09.555 [JavaFX Application Thread] DEBUG AssetLoader          - Loading from cache: /assets/textures/PokePlayerUnit1.png
09:14:09.561 [JavaFX Application Thread] DEBUG AssetLoader          - Loading from cache: /assets/textures/EvilPuff1.png
09:14:09.561 [JavaFX Application Thread] DEBUG AssetLoader          - Loading from cache: /assets/textures/PokePlayerUnit1.png
09:14:09.562 [JavaFX Application Thread] DEBUG AssetLoader          - Loading from cache: /assets/textures/EvilPuff1.png
09:14:09.562 [JavaFX Application Thread] DEBUG AssetLoader          - Loading from cache: /assets/textures/PokePlayerUnit1.png
09:14:09.575 [JavaFX Application Thread] DEBUG AssetLoader          - Loading from cache: /assets/textures/EvilPuff1.png
09:14:09.575 [JavaFX Application Thread] DEBUG AssetLoader          - Loading from cache: /assets/textures/PokePlayerUnit1.png
09:14:09.578 [JavaFX Application Thread] DEBUG AssetLoader          - Loading from cache: /assets/textures/EvilPuff1.png
09:14:09.578 [JavaFX Application Thread] DEBUG AssetLoader          - Loading from cache: /assets/textures/PokePlayerUnit1.png
09:14:09.589 [JavaFX Application Thread] DEBUG AssetLoader          - Loading from cache: /assets/textures/EvilPuff1.png
09:14:09.589 [JavaFX Application Thread] DEBUG AssetLoader          - Loading from cache: /assets/textures/PokePlayerUnit1.png
09:14:09.594 [JavaFX Application Thread] DEBUG AssetLoader          - Loading from cache: /assets/textures/EvilPuff1.png
09:14:09.594 [JavaFX Application Thread] DEBUG AssetLoader          - Loading from cache: /assets/textures/PokePlayerUnit1.png
09:14:09.603 [JavaFX Application Thread] DEBUG AssetLoader          - Loading from cache: /assets/textures/EvilPuff1.png
09:14:09.603 [JavaFX Application Thread] DEBUG AssetLoader          - Loading from cache: /assets/textures/PokePlayerUnit1.png
09:14:09.610 [JavaFX Application Thread] DEBUG AssetLoader          - Loading from cache: /assets/textures/EvilPuff1.png
09:14:09.610 [JavaFX Application Thread] DEBUG AssetLoader          - Loading from cache: /assets/textures/PokePlayerUnit1.png
09:14:09.617 [JavaFX Application Thread] DEBUG AssetLoader          - Loading from cache: /assets/textures/EvilPuff1.png
09:14:09.617 [JavaFX Application Thread] DEBUG AssetLoader          - Loading from cache: /assets/textures/PokePlayerUnit1.png
09:14:09.624 [JavaFX Application Thread] DEBUG AssetLoader          - Loading from cache: /assets/textures/EvilPuff1.png
09:14:09.624 [JavaFX Application Thread] DEBUG AssetLoader          - Loading from cache: /assets/textures/PokePlayerUnit1.png
09:14:09.626 [JavaFX Application Thread] DEBUG AssetLoader          - Loading from cache: /assets/textures/EvilPuff1.png
09:14:09.626 [JavaFX Application Thread] DEBUG AssetLoader          - Loading from cache: /assets/textures/PokePlayerUnit1.png
09:14:09.637 [JavaFX Application Thread] DEBUG AssetLoader          - Loading from cache: /assets/textures/EvilPuff1.png
09:14:09.638 [JavaFX Application Thread] DEBUG AssetLoader          - Loading from cache: /assets/textures/PokePlayerUnit1.png
09:14:09.642 [JavaFX Application Thread] DEBUG AssetLoader          - Loading from cache: /assets/textures/EvilPuff1.png
09:14:09.642 [JavaFX Application Thread] DEBUG AssetLoader          - Loading from cache: /assets/textures/PokePlayerUnit1.png
09:14:09.651 [JavaFX Application Thread] DEBUG AssetLoader          - Loading from cache: /assets/textures/EvilPuff1.png
09:14:09.651 [JavaFX Application Thread] DEBUG AssetLoader          - Loading from cache: /assets/textures/PokePlayerUnit1.png
09:14:09.658 [JavaFX Application Thread] DEBUG AssetLoader          - Loading from cache: /assets/textures/EvilPuff1.png
09:14:09.658 [JavaFX Application Thread] DEBUG AssetLoader          - Loading from cache: /assets/textures/PokePlayerUnit1.png
09:14:09.694 [JavaFX Application Thread] DEBUG AssetLoader          - Loading from cache: /assets/textures/EvilPuff1.png
09:14:09.694 [JavaFX Application Thread] DEBUG AssetLoader          - Loading from cache: /assets/textures/PokePlayerUnit1.png
09:14:09.700 [JavaFX Application Thread] DEBUG AssetLoader          - Loading from cache: /assets/textures/EvilPuff1.png
09:14:09.700 [JavaFX Application Thread] DEBUG AssetLoader          - Loading from cache: /assets/textures/PokePlayerUnit1.png
09:14:09.706 [JavaFX Application Thread] DEBUG AssetLoader          - Loading from cache: /assets/textures/EvilPuff1.png
09:14:09.706 [JavaFX Application Thread] DEBUG AssetLoader          - Loading from cache: /assets/textures/PokePlayerUnit1.png
09:14:09.715 [JavaFX Application Thread] DEBUG AssetLoader          - Loading from cache: /assets/textures/EvilPuff1.png
09:14:09.715 [JavaFX Application Thread] DEBUG AssetLoader          - Loading from cache: /assets/textures/PokePlayerUnit1.png
09:14:09.720 [JavaFX Application Thread] DEBUG AssetLoader          - Loading from cache: /assets/textures/EvilPuff1.png
09:14:09.721 [JavaFX Application Thread] DEBUG AssetLoader          - Loading from cache: /assets/textures/PokePlayerUnit1.png
09:14:09.722 [JavaFX Application Thread] DEBUG AssetLoader          - Loading from cache: /assets/textures/EvilPuff1.png
09:14:09.722 [JavaFX Application Thread] DEBUG AssetLoader          - Loading from cache: /assets/textures/PokePlayerUnit1.png
09:14:09.735 [JavaFX Application Thread] DEBUG AssetLoader          - Loading from cache: /assets/textures/EvilPuff1.png
09:14:09.735 [JavaFX Application Thread] DEBUG AssetLoader          - Loading from cache: /assets/textures/PokePlayerUnit1.png
09:14:09.738 [JavaFX Application Thread] DEBUG AssetLoader          - Loading from cache: /assets/textures/EvilPuff1.png
09:14:09.738 [JavaFX Application Thread] DEBUG AssetLoader          - Loading from cache: /assets/textures/PokePlayerUnit1.png
09:14:09.749 [JavaFX Application Thread] DEBUG AssetLoader          - Loading from cache: /assets/textures/EvilPuff1.png
09:14:09.749 [JavaFX Application Thread] DEBUG AssetLoader          - Loading from cache: /assets/textures/PokePlayerUnit1.png
09:14:09.755 [JavaFX Application Thread] DEBUG AssetLoader          - Loading from cache: /assets/textures/EvilPuff1.png
09:14:09.756 [JavaFX Application Thread] DEBUG AssetLoader          - Loading from cache: /assets/textures/PokePlayerUnit1.png
09:14:09.763 [JavaFX Application Thread] DEBUG AssetLoader          - Loading from cache: /assets/textures/EvilPuff1.png
09:14:09.763 [JavaFX Application Thread] DEBUG AssetLoader          - Loading from file system: /assets/sounds/CoinPickedUp.wav
09:14:09.766 [JavaFX Application Thread] DEBUG AssetLoader          - Loading from cache: /assets/textures/PokePlayerUnit1.png
09:14:09.770 [JavaFX Application Thread] DEBUG AssetLoader          - Loading from cache: /assets/textures/EvilPuff1.png
09:14:09.771 [JavaFX Application Thread] DEBUG AssetLoader          - Loading from cache: /assets/textures/PokePlayerUnit1.png
09:14:09.777 [JavaFX Application Thread] DEBUG AssetLoader          - Loading from cache: /assets/textures/EvilPuff1.png
09:14:09.777 [JavaFX Application Thread] DEBUG AssetLoader          - Loading from cache: /assets/textures/PokePlayerUnit1.png
09:14:09.784 [JavaFX Application Thread] DEBUG AssetLoader          - Loading from cache: /assets/textures/EvilPuff1.png
09:14:09.784 [JavaFX Application Thread] DEBUG AssetLoader          - Loading from cache: /assets/textures/PokePlayerUnit1.png
09:14:09.786 [JavaFX Application Thread] DEBUG AssetLoader          - Loading from cache: /assets/textures/EvilPuff1.png
09:14:09.786 [JavaFX Application Thread] DEBUG AssetLoader          - Loading from cache: /assets/textures/PokePlayerUnit1.png
09:14:09.798 [JavaFX Application Thread] DEBUG AssetLoader          - Loading from cache: /assets/textures/EvilPuff1.png
09:14:09.798 [JavaFX Application Thread] DEBUG AssetLoader          - Loading from cache: /assets/textures/PokePlayerUnit1.png
09:14:09.802 [JavaFX Application Thread] DEBUG AssetLoader          - Loading from cache: /assets/textures/EvilPuff1.png
09:14:09.802 [JavaFX Application Thread] DEBUG AssetLoader          - Loading from cache: /assets/textures/PokePlayerUnit1.png
09:14:09.812 [JavaFX Application Thread] DEBUG AssetLoader          - Loading from cache: /assets/textures/EvilPuff1.png
09:14:09.812 [JavaFX Application Thread] DEBUG AssetLoader          - Loading from cache: /assets/textures/PokePlayerUnit1.png
09:14:09.818 [JavaFX Application Thread] DEBUG AssetLoader          - Loading from cache: /assets/textures/EvilPuff1.png
09:14:09.818 [JavaFX Application Thread] DEBUG AssetLoader          - Loading from cache: /assets/textures/PokePlayerUnit1.png
09:14:09.825 [JavaFX Application Thread] DEBUG AssetLoader          - Loading from cache: /assets/textures/EvilPuff1.png
09:14:09.826 [JavaFX Application Thread] DEBUG AssetLoader          - Loading from cache: /assets/textures/PokePlayerUnit1.png
09:14:09.833 [JavaFX Application Thread] DEBUG AssetLoader          - Loading from cache: /assets/textures/EvilPuff1.png
09:14:09.833 [JavaFX Application Thread] DEBUG AssetLoader          - Loading from cache: /assets/textures/PokePlayerUnit1.png
09:14:09.834 [JavaFX Application Thread] DEBUG AssetLoader          - Loading from cache: /assets/textures/EvilPuff1.png
09:14:09.834 [JavaFX Application Thread] DEBUG AssetLoader          - Loading from cache: /assets/textures/PokePlayerUnit1.png
09:14:09.846 [JavaFX Application Thread] DEBUG AssetLoader          - Loading from cache: /assets/textures/EvilPuff1.png
09:14:09.847 [JavaFX Application Thread] DEBUG AssetLoader          - Loading from cache: /assets/textures/PokePlayerUnit1.png
09:14:09.850 [JavaFX Application Thread] DEBUG AssetLoader          - Loading from cache: /assets/textures/EvilPuff1.png
09:14:09.850 [JavaFX Application Thread] DEBUG AssetLoader          - Loading from cache: /assets/textures/PokePlayerUnit1.png
09:14:09.861 [JavaFX Application Thread] DEBUG AssetLoader          - Loading from cache: /assets/textures/EvilPuff1.png
09:14:09.861 [JavaFX Application Thread] DEBUG AssetLoader          - Loading from cache: /assets/textures/PokePlayerUnit1.png
09:14:09.866 [JavaFX Application Thread] DEBUG AssetLoader          - Loading from cache: /assets/textures/EvilPuff1.png
09:14:09.866 [JavaFX Application Thread] DEBUG AssetLoader          - Loading from cache: /assets/textures/PokePlayerUnit1.png
09:14:09.874 [JavaFX Application Thread] DEBUG AssetLoader          - Loading from cache: /assets/textures/EvilPuff1.png
09:14:09.874 [JavaFX Application Thread] DEBUG AssetLoader          - Loading from cache: /assets/textures/PokePlayerUnit1.png
09:14:09.881 [JavaFX Application Thread] DEBUG AssetLoader          - Loading from cache: /assets/textures/EvilPuff1.png
09:14:09.881 [JavaFX Application Thread] DEBUG AssetLoader          - Loading from cache: /assets/textures/PokePlayerUnit1.png
09:14:09.882 [JavaFX Application Thread] DEBUG AssetLoader          - Loading from cache: /assets/textures/EvilPuff1.png
09:14:09.882 [JavaFX Application Thread] DEBUG AssetLoader          - Loading from cache: /assets/textures/PokePlayerUnit1.png
09:14:09.895 [JavaFX Application Thread] DEBUG AssetLoader          - Loading from cache: /assets/textures/EvilPuff1.png
09:14:09.895 [JavaFX Application Thread] DEBUG AssetLoader          - Loading from cache: /assets/textures/PokePlayerUnit1.png
09:14:09.898 [JavaFX Application Thread] DEBUG AssetLoader          - Loading from cache: /assets/textures/EvilPuff1.png
09:14:09.898 [JavaFX Application Thread] DEBUG AssetLoader          - Loading from cache: /assets/textures/PokePlayerUnit1.png
09:14:09.908 [JavaFX Application Thread] DEBUG AssetLoader          - Loading from cache: /assets/textures/EvilPuff1.png
09:14:09.909 [JavaFX Application Thread] DEBUG AssetLoader          - Loading from cache: /assets/textures/PokePlayerUnit1.png
09:14:09.914 [JavaFX Application Thread] DEBUG AssetLoader          - Loading from cache: /assets/textures/EvilPuff1.png
09:14:09.914 [JavaFX Application Thread] DEBUG AssetLoader          - Loading from cache: /assets/textures/PokePlayerUnit1.png
09:14:09.922 [JavaFX Application Thread] DEBUG AssetLoader          - Loading from cache: /assets/textures/EvilPuff1.png
09:14:09.923 [JavaFX Application Thread] DEBUG AssetLoader          - Loading from cache: /assets/textures/PokePlayerUnit1.png
09:14:09.930 [JavaFX Application Thread] DEBUG AssetLoader          - Loading from cache: /assets/textures/EvilPuff1.png
09:14:09.930 [JavaFX Application Thread] DEBUG AssetLoader          - Loading from cache: /assets/textures/PokePlayerUnit1.png
09:14:09.936 [JavaFX Application Thread] DEBUG AssetLoader          - Loading from cache: /assets/textures/EvilPuff1.png
09:14:09.937 [JavaFX Application Thread] DEBUG AssetLoader          - Loading from cache: /assets/textures/PokePlayerUnit1.png
09:14:09.944 [JavaFX Application Thread] DEBUG AssetLoader          - Loading from cache: /assets/textures/EvilPuff1.png
09:14:09.944 [JavaFX Application Thread] DEBUG AssetLoader          - Loading from cache: /assets/textures/PokePlayerUnit1.png
09:14:09.946 [JavaFX Application Thread] DEBUG AssetLoader          - Loading from cache: /assets/textures/EvilPuff1.png
09:14:09.946 [JavaFX Application Thread] DEBUG AssetLoader          - Loading from cache: /assets/textures/PokePlayerUnit1.png
09:14:09.958 [JavaFX Application Thread] DEBUG AssetLoader          - Loading from cache: /assets/textures/EvilPuff1.png
09:14:09.958 [JavaFX Application Thread] DEBUG AssetLoader          - Loading from cache: /assets/textures/PokePlayerUnit1.png
09:14:09.962 [JavaFX Application Thread] DEBUG AssetLoader          - Loading from cache: /assets/textures/EvilPuff1.png
09:14:09.962 [JavaFX Application Thread] DEBUG AssetLoader          - Loading from cache: /assets/textures/PokePlayerUnit1.png
09:14:09.972 [JavaFX Application Thread] DEBUG AssetLoader          - Loading from cache: /assets/textures/EvilPuff1.png
09:14:09.972 [JavaFX Application Thread] DEBUG AssetLoader          - Loading from cache: /assets/textures/PokePlayerUnit1.png
09:14:09.978 [JavaFX Application Thread] DEBUG AssetLoader          - Loading from cache: /assets/textures/EvilPuff1.png
09:14:09.978 [JavaFX Application Thread] DEBUG AssetLoader          - Loading from cache: /assets/textures/PokePlayerUnit1.png
09:14:09.985 [JavaFX Application Thread] DEBUG AssetLoader          - Loading from cache: /assets/textures/EvilPuff1.png
09:14:09.985 [JavaFX Application Thread] DEBUG AssetLoader          - Loading from cache: /assets/textures/PokePlayerUnit1.png
09:14:09.992 [JavaFX Application Thread] DEBUG AssetLoader          - Loading from cache: /assets/textures/EvilPuff1.png
09:14:09.992 [JavaFX Application Thread] DEBUG AssetLoader          - Loading from cache: /assets/textures/PokePlayerUnit1.png
09:14:09.994 [JavaFX Application Thread] DEBUG AssetLoader          - Loading from cache: /assets/textures/EvilPuff1.png
09:14:09.994 [JavaFX Application Thread] DEBUG AssetLoader          - Loading from cache: /assets/textures/PokePlayerUnit1.png
09:14:10.006 [JavaFX Application Thread] DEBUG AssetLoader          - Loading from cache: /assets/textures/EvilPuff1.png
09:14:10.006 [JavaFX Application Thread] DEBUG AssetLoader          - Loading from cache: /assets/textures/PokePlayerUnit1.png
09:14:10.010 [JavaFX Application Thread] DEBUG AssetLoader          - Loading from cache: /assets/textures/EvilPuff1.png
09:14:10.010 [JavaFX Application Thread] DEBUG AssetLoader          - Loading from cache: /assets/textures/PokePlayerUnit1.png
09:14:10.026 [JavaFX Application Thread] DEBUG AssetLoader          - Loading from cache: /assets/textures/EvilPuff1.png
09:14:10.026 [JavaFX Application Thread] DEBUG AssetLoader          - Loading from cache: /assets/textures/PokePlayerUnit1.png
09:14:10.055 [JavaFX Application Thread] DEBUG AssetLoader          - Loading from cache: /assets/textures/EvilPuff1.png
09:14:10.055 [JavaFX Application Thread] DEBUG AssetLoader          - Loading from cache: /assets/textures/PokePlayerUnit1.png
09:14:10.058 [JavaFX Application Thread] DEBUG AssetLoader          - Loading from cache: /assets/textures/EvilPuff1.png
09:14:10.058 [JavaFX Application Thread] DEBUG AssetLoader          - Loading from cache: /assets/textures/PokePlayerUnit1.png
09:14:10.069 [JavaFX Application Thread] DEBUG AssetLoader          - Loading from cache: /assets/textures/EvilPuff1.png
09:14:10.069 [JavaFX Application Thread] DEBUG AssetLoader          - Loading from cache: /assets/textures/PokePlayerUnit1.png
09:14:10.074 [JavaFX Application Thread] DEBUG AssetLoader          - Loading from cache: /assets/textures/EvilPuff1.png
09:14:10.074 [JavaFX Application Thread] DEBUG AssetLoader          - Loading from cache: /assets/textures/PokePlayerUnit1.png
09:14:10.083 [JavaFX Application Thread] DEBUG AssetLoader          - Loading from cache: /assets/textures/EvilPuff1.png
09:14:10.084 [JavaFX Application Thread] DEBUG AssetLoader          - Loading from cache: /assets/textures/PokePlayerUnit1.png
09:14:10.089 [JavaFX Application Thread] DEBUG AssetLoader          - Loading from cache: /assets/textures/EvilPuff1.png
09:14:10.090 [JavaFX Application Thread] DEBUG AssetLoader          - Loading from cache: /assets/textures/PokePlayerUnit1.png
09:14:10.091 [JavaFX Application Thread] DEBUG AssetLoader          - Loading from cache: /assets/textures/EvilPuff1.png
09:14:10.091 [JavaFX Application Thread] DEBUG AssetLoader          - Loading from cache: /assets/textures/PokePlayerUnit1.png
09:14:10.102 [JavaFX Application Thread] DEBUG AssetLoader          - Loading from cache: /assets/textures/EvilPuff1.png
09:14:10.103 [JavaFX Application Thread] DEBUG AssetLoader          - Loading from cache: /assets/textures/PokePlayerUnit1.png
09:14:10.106 [JavaFX Application Thread] DEBUG AssetLoader          - Loading from cache: /assets/textures/EvilPuff1.png
09:14:10.106 [JavaFX Application Thread] DEBUG AssetLoader          - Loading from cache: /assets/textures/PokePlayerUnit1.png
09:14:10.116 [JavaFX Application Thread] DEBUG AssetLoader          - Loading from cache: /assets/textures/EvilPuff1.png
09:14:10.116 [JavaFX Application Thread] DEBUG AssetLoader          - Loading from cache: /assets/textures/PokePlayerUnit1.png
09:14:10.122 [JavaFX Application Thread] DEBUG AssetLoader          - Loading from cache: /assets/textures/EvilPuff1.png
09:14:10.122 [JavaFX Application Thread] DEBUG AssetLoader          - Loading from cache: /assets/textures/PokePlayerUnit1.png
09:14:10.130 [JavaFX Application Thread] DEBUG AssetLoader          - Loading from cache: /assets/textures/EvilPuff1.png
09:14:10.130 [JavaFX Application Thread] DEBUG AssetLoader          - Loading from cache: /assets/textures/PokePlayerUnit1.png
09:14:10.138 [JavaFX Application Thread] DEBUG AssetLoader          - Loading from cache: /assets/textures/EvilPuff1.png
09:14:10.139 [JavaFX Application Thread] DEBUG AssetLoader          - Loading from cache: /assets/textures/PokePlayerUnit1.png
09:14:10.145 [JavaFX Application Thread] DEBUG AssetLoader          - Loading from cache: /assets/textures/EvilPuff1.png
09:14:10.145 [JavaFX Application Thread] DEBUG AssetLoader          - Loading from cache: /assets/textures/PokePlayerUnit1.png
09:14:10.152 [JavaFX Application Thread] DEBUG AssetLoader          - Loading from cache: /assets/textures/EvilPuff1.png
09:14:10.152 [JavaFX Application Thread] DEBUG AssetLoader          - Loading from cache: /assets/textures/PokePlayerUnit1.png
09:14:10.157 [JavaFX Application Thread] DEBUG AssetLoader          - Loading from cache: /assets/textures/EvilPuff1.png
09:14:10.158 [JavaFX Application Thread] DEBUG AssetLoader          - Loading from cache: /assets/textures/PokePlayerUnit1.png
09:14:10.167 [JavaFX Application Thread] DEBUG AssetLoader          - Loading from cache: /assets/textures/EvilPuff1.png
09:14:10.167 [JavaFX Application Thread] DEBUG AssetLoader          - Loading from cache: /assets/textures/PokePlayerUnit1.png
09:14:10.170 [JavaFX Application Thread] DEBUG AssetLoader          - Loading from cache: /assets/textures/EvilPuff1.png
09:14:10.170 [JavaFX Application Thread] DEBUG AssetLoader          - Loading from cache: /assets/textures/PokePlayerUnit1.png
09:14:10.180 [JavaFX Application Thread] DEBUG AssetLoader          - Loading from cache: /assets/textures/EvilPuff1.png
09:14:10.180 [JavaFX Application Thread] DEBUG AssetLoader          - Loading from cache: /assets/textures/PokePlayerUnit1.png
09:14:10.186 [JavaFX Application Thread] DEBUG AssetLoader          - Loading from cache: /assets/textures/EvilPuff1.png
09:14:10.186 [JavaFX Application Thread] DEBUG AssetLoader          - Loading from cache: /assets/textures/PokePlayerUnit1.png
09:14:10.194 [JavaFX Application Thread] DEBUG AssetLoader          - Loading from cache: /assets/textures/EvilPuff1.png
09:14:10.194 [JavaFX Application Thread] DEBUG AssetLoader          - Loading from cache: /assets/textures/PokePlayerUnit1.png
09:14:10.202 [JavaFX Application Thread] DEBUG AssetLoader          - Loading from cache: /assets/textures/EvilPuff1.png
09:14:10.202 [JavaFX Application Thread] DEBUG AssetLoader          - Loading from cache: /assets/textures/PokePlayerUnit1.png
09:14:10.214 [JavaFX Application Thread] DEBUG AssetLoader          - Loading from cache: /assets/textures/EvilPuff1.png
09:14:10.214 [JavaFX Application Thread] DEBUG AssetLoader          - Loading from cache: /assets/textures/PokePlayerUnit1.png
09:14:10.218 [JavaFX Application Thread] DEBUG AssetLoader          - Loading from cache: /assets/textures/EvilPuff1.png
09:14:10.218 [JavaFX Application Thread] DEBUG AssetLoader          - Loading from cache: /assets/textures/PokePlayerUnit1.png
09:14:10.228 [JavaFX Application Thread] DEBUG AssetLoader          - Loading from cache: /assets/textures/EvilPuff1.png
09:14:10.228 [JavaFX Application Thread] DEBUG AssetLoader          - Loading from cache: /assets/textures/PokePlayerUnit1.png
09:14:10.234 [JavaFX Application Thread] DEBUG AssetLoader          - Loading from cache: /assets/textures/EvilPuff1.png
09:14:10.234 [JavaFX Application Thread] DEBUG AssetLoader          - Loading from cache: /assets/textures/PokePlayerUnit1.png
09:14:10.242 [JavaFX Application Thread] DEBUG AssetLoader          - Loading from cache: /assets/textures/EvilPuff1.png
09:14:10.242 [JavaFX Application Thread] DEBUG AssetLoader          - Loading from cache: /assets/textures/PokePlayerUnit1.png
09:14:10.250 [JavaFX Application Thread] DEBUG AssetLoader          - Loading from cache: /assets/textures/EvilPuff1.png
09:14:10.250 [JavaFX Application Thread] DEBUG AssetLoader          - Loading from cache: /assets/textures/PokePlayerUnit1.png
09:14:10.256 [JavaFX Application Thread] DEBUG AssetLoader          - Loading from cache: /assets/textures/EvilPuff1.png
09:14:10.256 [JavaFX Application Thread] DEBUG AssetLoader          - Loading from cache: /assets/textures/PokePlayerUnit1.png
09:14:10.263 [JavaFX Application Thread] DEBUG AssetLoader          - Loading from cache: /assets/textures/EvilPuff1.png
09:14:10.264 [JavaFX Application Thread] DEBUG AssetLoader          - Loading from cache: /assets/textures/PokePlayerUnit1.png
09:14:10.266 [JavaFX Application Thread] DEBUG AssetLoader          - Loading from cache: /assets/textures/EvilPuff1.png
09:14:10.266 [JavaFX Application Thread] DEBUG AssetLoader          - Loading from cache: /assets/textures/PokePlayerUnit1.png
09:14:10.278 [JavaFX Application Thread] DEBUG AssetLoader          - Loading from cache: /assets/textures/EvilPuff1.png
09:14:10.278 [JavaFX Application Thread] DEBUG AssetLoader          - Loading from cache: /assets/textures/PokePlayerUnit1.png
09:14:10.282 [JavaFX Application Thread] DEBUG AssetLoader          - Loading from cache: /assets/textures/EvilPuff1.png
09:14:10.282 [JavaFX Application Thread] DEBUG AssetLoader          - Loading from cache: /assets/textures/PokePlayerUnit1.png
09:14:10.290 [JavaFX Application Thread] DEBUG AssetLoader          - Loading from cache: /assets/textures/EvilPuff1.png
09:14:10.290 [JavaFX Application Thread] DEBUG AssetLoader          - Loading from cache: /assets/textures/PokePlayerUnit1.png
09:14:10.297 [JavaFX Application Thread] DEBUG AssetLoader          - Loading from cache: /assets/textures/EvilPuff1.png
09:14:10.298 [JavaFX Application Thread] DEBUG AssetLoader          - Loading from cache: /assets/textures/PokePlayerUnit1.png
09:14:10.305 [JavaFX Application Thread] DEBUG AssetLoader          - Loading from cache: /assets/textures/EvilPuff1.png
09:14:10.305 [JavaFX Application Thread] DEBUG AssetLoader          - Loading from cache: /assets/textures/PokePlayerUnit1.png
09:14:10.312 [JavaFX Application Thread] DEBUG AssetLoader          - Loading from cache: /assets/textures/EvilPuff1.png
09:14:10.312 [JavaFX Application Thread] DEBUG AssetLoader          - Loading from cache: /assets/textures/PokePlayerUnit1.png
09:14:10.314 [JavaFX Application Thread] DEBUG AssetLoader          - Loading from cache: /assets/textures/EvilPuff1.png
09:14:10.314 [JavaFX Application Thread] DEBUG AssetLoader          - Loading from cache: /assets/textures/PokePlayerUnit1.png
09:14:10.325 [JavaFX Application Thread] DEBUG AssetLoader          - Loading from cache: /assets/textures/EvilPuff1.png
09:14:10.326 [JavaFX Application Thread] DEBUG AssetLoader          - Loading from cache: /assets/textures/PokePlayerUnit1.png
09:14:10.330 [JavaFX Application Thread] DEBUG AssetLoader          - Loading from cache: /assets/textures/EvilPuff1.png
09:14:10.330 [JavaFX Application Thread] DEBUG AssetLoader          - Loading from cache: /assets/textures/PokePlayerUnit1.png
09:14:10.339 [JavaFX Application Thread] DEBUG AssetLoader          - Loading from cache: /assets/textures/EvilPuff1.png
09:14:10.339 [JavaFX Application Thread] DEBUG AssetLoader          - Loading from cache: /assets/textures/PokePlayerUnit1.png
09:14:10.346 [JavaFX Application Thread] DEBUG AssetLoader          - Loading from cache: /assets/textures/EvilPuff1.png
09:14:10.346 [JavaFX Application Thread] DEBUG AssetLoader          - Loading from cache: /assets/textures/PokePlayerUnit1.png
09:14:10.353 [JavaFX Application Thread] DEBUG AssetLoader          - Loading from cache: /assets/textures/EvilPuff1.png
09:14:10.353 [JavaFX Application Thread] DEBUG AssetLoader          - Loading from cache: /assets/textures/PokePlayerUnit1.png
09:14:10.361 [JavaFX Application Thread] DEBUG AssetLoader          - Loading from cache: /assets/textures/EvilPuff1.png
09:14:10.361 [JavaFX Application Thread] DEBUG AssetLoader          - Loading from cache: /assets/textures/PokePlayerUnit1.png
09:14:10.362 [JavaFX Application Thread] DEBUG AssetLoader          - Loading from cache: /assets/textures/EvilPuff1.png
09:14:10.362 [JavaFX Application Thread] DEBUG AssetLoader          - Loading from cache: /assets/textures/PokePlayerUnit1.png
09:14:10.375 [JavaFX Application Thread] DEBUG AssetLoader          - Loading from cache: /assets/textures/EvilPuff1.png
09:14:10.375 [JavaFX Application Thread] DEBUG AssetLoader          - Loading from cache: /assets/textures/PokePlayerUnit1.png
09:14:10.378 [JavaFX Application Thread] DEBUG AssetLoader          - Loading from cache: /assets/textures/EvilPuff1.png
09:14:10.378 [JavaFX Application Thread] DEBUG AssetLoader          - Loading from cache: /assets/textures/PokePlayerUnit1.png
09:14:10.388 [JavaFX Application Thread] DEBUG AssetLoader          - Loading from cache: /assets/textures/EvilPuff1.png
09:14:10.389 [JavaFX Application Thread] DEBUG AssetLoader          - Loading from cache: /assets/textures/PokePlayerUnit1.png
09:14:10.394 [JavaFX Application Thread] DEBUG AssetLoader          - Loading from cache: /assets/textures/EvilPuff1.png
09:14:10.394 [JavaFX Application Thread] DEBUG AssetLoader          - Loading from cache: /assets/textures/PokePlayerUnit1.png
09:14:10.403 [JavaFX Application Thread] DEBUG AssetLoader          - Loading from cache: /assets/textures/EvilPuff1.png
09:14:10.403 [JavaFX Application Thread] DEBUG AssetLoader          - Loading from cache: /assets/textures/PokePlayerUnit1.png
09:14:10.409 [JavaFX Application Thread] DEBUG AssetLoader          - Loading from cache: /assets/textures/EvilPuff1.png
09:14:10.409 [JavaFX Application Thread] DEBUG AssetLoader          - Loading from cache: /assets/textures/PokePlayerUnit1.png
09:14:10.410 [JavaFX Application Thread] DEBUG AssetLoader          - Loading from cache: /assets/textures/EvilPuff1.png
09:14:10.410 [JavaFX Application Thread] DEBUG AssetLoader          - Loading from cache: /assets/textures/PokePlayerUnit1.png
09:14:10.423 [JavaFX Application Thread] DEBUG AssetLoader          - Loading from cache: /assets/textures/EvilPuff1.png
09:14:10.423 [JavaFX Application Thread] DEBUG AssetLoader          - Loading from cache: /assets/textures/PokePlayerUnit1.png
09:14:10.426 [JavaFX Application Thread] DEBUG AssetLoader          - Loading from cache: /assets/textures/EvilPuff1.png
09:14:10.426 [JavaFX Application Thread] DEBUG AssetLoader          - Loading from cache: /assets/textures/PokePlayerUnit1.png
09:14:10.437 [JavaFX Application Thread] DEBUG AssetLoader          - Loading from cache: /assets/textures/EvilPuff1.png
09:14:10.438 [JavaFX Application Thread] DEBUG AssetLoader          - Loading from cache: /assets/textures/PokePlayerUnit1.png
09:14:10.442 [JavaFX Application Thread] DEBUG AssetLoader          - Loading from cache: /assets/textures/EvilPuff1.png
09:14:10.442 [JavaFX Application Thread] DEBUG AssetLoader          - Loading from cache: /assets/textures/PokePlayerUnit1.png
09:14:10.451 [JavaFX Application Thread] DEBUG AssetLoader          - Loading from cache: /assets/textures/EvilPuff1.png
09:14:10.451 [JavaFX Application Thread] DEBUG AssetLoader          - Loading from cache: /assets/textures/PokePlayerUnit1.png
09:14:10.458 [JavaFX Application Thread] DEBUG AssetLoader          - Loading from cache: /assets/textures/EvilPuff1.png
09:14:10.458 [JavaFX Application Thread] DEBUG AssetLoader          - Loading from cache: /assets/textures/PokePlayerUnit1.png
09:14:10.465 [JavaFX Application Thread] DEBUG AssetLoader          - Loading from cache: /assets/textures/EvilPuff1.png
09:14:10.465 [JavaFX Application Thread] DEBUG AssetLoader          - Loading from cache: /assets/textures/PokePlayerUnit1.png
09:14:10.471 [JavaFX Application Thread] DEBUG AssetLoader          - Loading from cache: /assets/textures/EvilPuff1.png
09:14:10.471 [JavaFX Application Thread] DEBUG AssetLoader          - Loading from cache: /assets/textures/PokePlayerUnit1.png
09:14:10.474 [JavaFX Application Thread] DEBUG AssetLoader          - Loading from cache: /assets/textures/EvilPuff1.png
09:14:10.474 [JavaFX Application Thread] DEBUG AssetLoader          - Loading from cache: /assets/textures/PokePlayerUnit1.png
09:14:10.485 [JavaFX Application Thread] DEBUG AssetLoader          - Loading from cache: /assets/textures/EvilPuff1.png
09:14:10.485 [JavaFX Application Thread] DEBUG AssetLoader          - Loading from cache: /assets/textures/PokePlayerUnit1.png
09:14:10.490 [JavaFX Application Thread] DEBUG AssetLoader          - Loading from cache: /assets/textures/EvilPuff1.png
09:14:10.490 [JavaFX Application Thread] DEBUG AssetLoader          - Loading from cache: /assets/textures/PokePlayerUnit1.png
09:14:10.499 [JavaFX Application Thread] DEBUG AssetLoader          - Loading from cache: /assets/textures/EvilPuff1.png
09:14:10.499 [JavaFX Application Thread] DEBUG AssetLoader          - Loading from cache: /assets/textures/PokePlayerUnit1.png
09:14:10.506 [JavaFX Application Thread] DEBUG AssetLoader          - Loading from cache: /assets/textures/EvilPuff1.png
09:14:10.506 [JavaFX Application Thread] DEBUG AssetLoader          - Loading from cache: /assets/textures/PokePlayerUnit1.png
09:14:10.513 [JavaFX Application Thread] DEBUG AssetLoader          - Loading from cache: /assets/textures/EvilPuff1.png
09:14:10.513 [JavaFX Application Thread] DEBUG AssetLoader          - Loading from cache: /assets/textures/PokePlayerUnit1.png
09:14:10.520 [JavaFX Application Thread] DEBUG AssetLoader          - Loading from cache: /assets/textures/EvilPuff1.png
09:14:10.520 [JavaFX Application Thread] DEBUG AssetLoader          - Loading from cache: /assets/textures/PokePlayerUnit1.png
09:14:10.522 [JavaFX Application Thread] DEBUG AssetLoader          - Loading from cache: /assets/textures/EvilPuff1.png
09:14:10.522 [JavaFX Application Thread] DEBUG AssetLoader          - Loading from cache: /assets/textures/PokePlayerUnit1.png
09:14:10.534 [JavaFX Application Thread] DEBUG AssetLoader          - Loading from cache: /assets/textures/EvilPuff1.png
09:14:10.534 [JavaFX Application Thread] DEBUG AssetLoader          - Loading from cache: /assets/textures/PokePlayerUnit1.png
09:14:10.538 [JavaFX Application Thread] DEBUG AssetLoader          - Loading from cache: /assets/textures/EvilPuff1.png
09:14:10.538 [JavaFX Application Thread] DEBUG AssetLoader          - Loading from cache: /assets/textures/PokePlayerUnit1.png
09:14:10.547 [JavaFX Application Thread] DEBUG AssetLoader          - Loading from cache: /assets/textures/EvilPuff1.png
09:14:10.548 [JavaFX Application Thread] DEBUG AssetLoader          - Loading from cache: /assets/textures/PokePlayerUnit1.png
09:14:10.554 [JavaFX Application Thread] DEBUG AssetLoader          - Loading from cache: /assets/textures/EvilPuff1.png
09:14:10.554 [JavaFX Application Thread] DEBUG AssetLoader          - Loading from cache: /assets/textures/PokePlayerUnit1.png
09:14:10.562 [JavaFX Application Thread] DEBUG AssetLoader          - Loading from cache: /assets/textures/EvilPuff1.png
09:14:10.562 [JavaFX Application Thread] DEBUG AssetLoader          - Loading from cache: /assets/textures/PokePlayerUnit1.png
09:14:10.569 [JavaFX Application Thread] DEBUG AssetLoader          - Loading from cache: /assets/textures/EvilPuff1.png
09:14:10.569 [JavaFX Application Thread] DEBUG AssetLoader          - Loading from cache: /assets/textures/PokePlayerUnit1.png
09:14:10.570 [JavaFX Application Thread] DEBUG AssetLoader          - Loading from cache: /assets/textures/EvilPuff1.png
09:14:10.570 [JavaFX Application Thread] DEBUG AssetLoader          - Loading from cache: /assets/textures/PokePlayerUnit1.png
09:14:10.583 [JavaFX Application Thread] DEBUG AssetLoader          - Loading from cache: /assets/textures/EvilPuff1.png
09:14:10.583 [JavaFX Application Thread] DEBUG AssetLoader          - Loading from cache: /assets/textures/PokePlayerUnit1.png
09:14:10.586 [JavaFX Application Thread] DEBUG AssetLoader          - Loading from cache: /assets/textures/EvilPuff1.png
09:14:10.586 [JavaFX Application Thread] DEBUG AssetLoader          - Loading from cache: /assets/textures/PokePlayerUnit1.png
09:14:10.597 [JavaFX Application Thread] DEBUG AssetLoader          - Loading from cache: /assets/textures/EvilPuff1.png
09:14:10.597 [JavaFX Application Thread] DEBUG AssetLoader          - Loading from cache: /assets/textures/PokePlayerUnit1.png
09:14:10.602 [JavaFX Application Thread] DEBUG AssetLoader          - Loading from cache: /assets/textures/EvilPuff1.png
09:14:10.602 [JavaFX Application Thread] DEBUG AssetLoader          - Loading from cache: /assets/textures/PokePlayerUnit1.png
09:14:10.611 [JavaFX Application Thread] DEBUG AssetLoader          - Loading from cache: /assets/textures/EvilPuff1.png
09:14:10.611 [JavaFX Application Thread] DEBUG AssetLoader          - Loading from cache: /assets/textures/PokePlayerUnit1.png
09:14:10.617 [JavaFX Application Thread] DEBUG AssetLoader          - Loading from cache: /assets/textures/EvilPuff1.png
09:14:10.617 [JavaFX Application Thread] DEBUG AssetLoader          - Loading from cache: /assets/textures/PokePlayerUnit1.png
09:14:10.625 [JavaFX Application Thread] DEBUG AssetLoader          - Loading from cache: /assets/textures/EvilPuff1.png
09:14:10.625 [JavaFX Application Thread] DEBUG AssetLoader          - Loading from cache: /assets/textures/PokePlayerUnit1.png
09:14:10.631 [JavaFX Application Thread] DEBUG AssetLoader          - Loading from cache: /assets/textures/EvilPuff1.png
09:14:10.631 [JavaFX Application Thread] DEBUG AssetLoader          - Loading from cache: /assets/textures/PokePlayerUnit1.png
09:14:10.634 [JavaFX Application Thread] DEBUG AssetLoader          - Loading from cache: /assets/textures/EvilPuff1.png
09:14:10.634 [JavaFX Application Thread] DEBUG AssetLoader          - Loading from cache: /assets/textures/PokePlayerUnit1.png
09:14:10.645 [JavaFX Application Thread] DEBUG AssetLoader          - Loading from cache: /assets/textures/EvilPuff1.png
09:14:10.645 [JavaFX Application Thread] DEBUG AssetLoader          - Loading from cache: /assets/textures/PokePlayerUnit1.png
09:14:10.650 [JavaFX Application Thread] DEBUG AssetLoader          - Loading from cache: /assets/textures/EvilPuff1.png
09:14:10.650 [JavaFX Application Thread] DEBUG AssetLoader          - Loading from cache: /assets/textures/PokePlayerUnit1.png
09:14:10.659 [JavaFX Application Thread] DEBUG AssetLoader          - Loading from cache: /assets/textures/EvilPuff1.png
09:14:10.659 [JavaFX Application Thread] DEBUG AssetLoader          - Loading from cache: /assets/textures/PokePlayerUnit1.png
09:14:10.666 [JavaFX Application Thread] DEBUG AssetLoader          - Loading from cache: /assets/textures/EvilPuff1.png
09:14:10.666 [JavaFX Application Thread] DEBUG AssetLoader          - Loading from cache: /assets/textures/PokePlayerUnit1.png
09:14:10.672 [JavaFX Application Thread] DEBUG AssetLoader          - Loading from cache: /assets/textures/EvilPuff1.png
09:14:10.672 [JavaFX Application Thread] DEBUG AssetLoader          - Loading from cache: /assets/textures/PokePlayerUnit1.png
09:14:10.680 [JavaFX Application Thread] DEBUG AssetLoader          - Loading from cache: /assets/textures/EvilPuff1.png
09:14:10.680 [JavaFX Application Thread] DEBUG AssetLoader          - Loading from cache: /assets/textures/PokePlayerUnit1.png
09:14:10.682 [JavaFX Application Thread] DEBUG AssetLoader          - Loading from cache: /assets/textures/EvilPuff1.png
09:14:10.682 [JavaFX Application Thread] DEBUG AssetLoader          - Loading from cache: /assets/textures/PokePlayerUnit1.png
09:14:10.694 [JavaFX Application Thread] DEBUG AssetLoader          - Loading from cache: /assets/textures/EvilPuff1.png
09:14:10.694 [JavaFX Application Thread] DEBUG AssetLoader          - Loading from cache: /assets/textures/PokePlayerUnit1.png
09:14:10.698 [JavaFX Application Thread] DEBUG AssetLoader          - Loading from cache: /assets/textures/EvilPuff1.png
09:14:10.698 [JavaFX Application Thread] DEBUG AssetLoader          - Loading from cache: /assets/textures/PokePlayerUnit1.png
09:14:10.708 [JavaFX Application Thread] DEBUG AssetLoader          - Loading from cache: /assets/textures/EvilPuff1.png
09:14:10.708 [JavaFX Application Thread] DEBUG AssetLoader          - Loading from cache: /assets/textures/PokePlayerUnit1.png
09:14:10.714 [JavaFX Application Thread] DEBUG AssetLoader          - Loading from cache: /assets/textures/EvilPuff1.png
09:14:10.714 [JavaFX Application Thread] DEBUG AssetLoader          - Loading from cache: /assets/textures/PokePlayerUnit1.png
09:14:10.722 [JavaFX Application Thread] DEBUG AssetLoader          - Loading from cache: /assets/textures/EvilPuff1.png
09:14:10.722 [JavaFX Application Thread] DEBUG AssetLoader          - Loading from cache: /assets/textures/PokePlayerUnit1.png
09:14:10.728 [JavaFX Application Thread] DEBUG AssetLoader          - Loading from cache: /assets/textures/EvilPuff1.png
09:14:10.728 [JavaFX Application Thread] DEBUG AssetLoader          - Loading from cache: /assets/textures/PokePlayerUnit1.png
09:14:10.730 [JavaFX Application Thread] DEBUG AssetLoader          - Loading from cache: /assets/textures/EvilPuff1.png
09:14:10.730 [JavaFX Application Thread] DEBUG AssetLoader          - Loading from cache: /assets/textures/PokePlayerUnit1.png
09:14:10.741 [JavaFX Application Thread] DEBUG AssetLoader          - Loading from cache: /assets/textures/EvilPuff1.png
09:14:10.742 [JavaFX Application Thread] DEBUG AssetLoader          - Loading from cache: /assets/textures/PokePlayerUnit1.png
09:14:10.746 [JavaFX Application Thread] DEBUG AssetLoader          - Loading from cache: /assets/textures/EvilPuff1.png
09:14:10.746 [JavaFX Application Thread] DEBUG AssetLoader          - Loading from cache: /assets/textures/PokePlayerUnit1.png
09:14:10.756 [JavaFX Application Thread] DEBUG AssetLoader          - Loading from cache: /assets/textures/EvilPuff1.png
09:14:10.756 [JavaFX Application Thread] DEBUG AssetLoader          - Loading from cache: /assets/textures/PokePlayerUnit1.png
09:14:10.762 [JavaFX Application Thread] DEBUG AssetLoader          - Loading from cache: /assets/textures/EvilPuff1.png
09:14:10.762 [JavaFX Application Thread] DEBUG AssetLoader          - Loading from cache: /assets/textures/PokePlayerUnit1.png
09:14:10.770 [JavaFX Application Thread] DEBUG AssetLoader          - Loading from cache: /assets/textures/EvilPuff1.png
09:14:10.770 [JavaFX Application Thread] DEBUG AssetLoader          - Loading from cache: /assets/textures/PokePlayerUnit1.png
09:14:10.777 [JavaFX Application Thread] DEBUG AssetLoader          - Loading from cache: /assets/textures/EvilPuff1.png
09:14:10.778 [JavaFX Application Thread] DEBUG AssetLoader          - Loading from cache: /assets/textures/PokePlayerUnit1.png
09:14:10.784 [JavaFX Application Thread] DEBUG AssetLoader          - Loading from cache: /assets/textures/EvilPuff1.png
09:14:10.784 [JavaFX Application Thread] DEBUG AssetLoader          - Loading from cache: /assets/textures/PokePlayerUnit1.png
09:14:10.791 [JavaFX Application Thread] DEBUG AssetLoader          - Loading from cache: /assets/textures/EvilPuff1.png
09:14:10.791 [JavaFX Application Thread] DEBUG AssetLoader          - Loading from cache: /assets/textures/PokePlayerUnit1.png
09:14:10.794 [JavaFX Application Thread] DEBUG AssetLoader          - Loading from cache: /assets/textures/EvilPuff1.png
09:14:10.794 [JavaFX Application Thread] DEBUG AssetLoader          - Loading from cache: /assets/textures/PokePlayerUnit1.png
09:14:10.805 [JavaFX Application Thread] DEBUG AssetLoader          - Loading from cache: /assets/textures/EvilPuff1.png
09:14:10.805 [JavaFX Application Thread] DEBUG AssetLoader          - Loading from cache: /assets/textures/PokePlayerUnit1.png
09:14:10.810 [JavaFX Application Thread] DEBUG AssetLoader          - Loading from cache: /assets/textures/EvilPuff1.png
09:14:10.810 [JavaFX Application Thread] DEBUG AssetLoader          - Loading from cache: /assets/textures/PokePlayerUnit1.png
09:14:10.819 [JavaFX Application Thread] DEBUG AssetLoader          - Loading from cache: /assets/textures/EvilPuff1.png
09:14:10.819 [JavaFX Application Thread] DEBUG AssetLoader          - Loading from cache: /assets/textures/PokePlayerUnit1.png
09:14:10.826 [JavaFX Application Thread] DEBUG AssetLoader          - Loading from cache: /assets/textures/EvilPuff1.png
09:14:10.826 [JavaFX Application Thread] DEBUG AssetLoader          - Loading from cache: /assets/textures/PokePlayerUnit1.png
09:14:10.833 [JavaFX Application Thread] DEBUG AssetLoader          - Loading from cache: /assets/textures/EvilPuff1.png
09:14:10.833 [JavaFX Application Thread] DEBUG AssetLoader          - Loading from cache: /assets/textures/PokePlayerUnit1.png
09:14:10.840 [JavaFX Application Thread] DEBUG AssetLoader          - Loading from cache: /assets/textures/EvilPuff1.png
09:14:10.840 [JavaFX Application Thread] DEBUG AssetLoader          - Loading from cache: /assets/textures/PokePlayerUnit1.png
09:14:10.842 [JavaFX Application Thread] DEBUG AssetLoader          - Loading from cache: /assets/textures/EvilPuff1.png
09:14:10.842 [JavaFX Application Thread] DEBUG AssetLoader          - Loading from cache: /assets/textures/PokePlayerUnit1.png
09:14:10.854 [JavaFX Application Thread] DEBUG AssetLoader          - Loading from cache: /assets/textures/EvilPuff1.png
09:14:10.854 [JavaFX Application Thread] DEBUG AssetLoader          - Loading from cache: /assets/textures/PokePlayerUnit1.png
09:14:10.859 [JavaFX Application Thread] DEBUG AssetLoader          - Loading from cache: /assets/textures/EvilPuff1.png
09:14:10.859 [JavaFX Application Thread] DEBUG AssetLoader          - Loading from cache: /assets/textures/PokePlayerUnit1.png
09:14:10.867 [JavaFX Application Thread] DEBUG AssetLoader          - Loading from cache: /assets/textures/EvilPuff1.png
09:14:10.868 [JavaFX Application Thread] DEBUG AssetLoader          - Loading from cache: /assets/textures/PokePlayerUnit1.png
09:14:10.873 [JavaFX Application Thread] DEBUG AssetLoader          - Loading from cache: /assets/textures/EvilPuff1.png
09:14:10.873 [JavaFX Application Thread] DEBUG AssetLoader          - Loading from cache: /assets/textures/PokePlayerUnit1.png
09:14:10.881 [JavaFX Application Thread] DEBUG AssetLoader          - Loading from cache: /assets/textures/EvilPuff1.png
09:14:10.881 [JavaFX Application Thread] DEBUG AssetLoader          - Loading from cache: /assets/textures/PokePlayerUnit1.png
09:14:10.887 [JavaFX Application Thread] DEBUG AssetLoader          - Loading from cache: /assets/textures/EvilPuff1.png
09:14:10.888 [JavaFX Application Thread] DEBUG AssetLoader          - Loading from cache: /assets/textures/PokePlayerUnit1.png
09:14:10.890 [JavaFX Application Thread] DEBUG AssetLoader          - Loading from cache: /assets/textures/EvilPuff1.png
09:14:10.890 [JavaFX Application Thread] DEBUG AssetLoader          - Loading from cache: /assets/textures/PokePlayerUnit1.png
09:14:10.901 [JavaFX Application Thread] DEBUG AssetLoader          - Loading from cache: /assets/textures/EvilPuff1.png
09:14:10.901 [JavaFX Application Thread] DEBUG AssetLoader          - Loading from cache: /assets/textures/PokePlayerUnit1.png
09:14:10.906 [JavaFX Application Thread] DEBUG AssetLoader          - Loading from cache: /assets/textures/EvilPuff1.png
09:14:10.906 [JavaFX Application Thread] DEBUG AssetLoader          - Loading from cache: /assets/textures/PokePlayerUnit1.png
09:14:10.915 [JavaFX Application Thread] DEBUG AssetLoader          - Loading from cache: /assets/textures/EvilPuff1.png
09:14:10.915 [JavaFX Application Thread] DEBUG AssetLoader          - Loading from cache: /assets/textures/PokePlayerUnit1.png
09:14:10.922 [JavaFX Application Thread] DEBUG AssetLoader          - Loading from cache: /assets/textures/EvilPuff1.png
09:14:10.922 [JavaFX Application Thread] DEBUG AssetLoader          - Loading from cache: /assets/textures/PokePlayerUnit1.png
09:14:10.929 [JavaFX Application Thread] DEBUG AssetLoader          - Loading from cache: /assets/textures/EvilPuff1.png
09:14:10.929 [JavaFX Application Thread] DEBUG AssetLoader          - Loading from cache: /assets/textures/PokePlayerUnit1.png
09:14:10.937 [JavaFX Application Thread] DEBUG AssetLoader          - Loading from cache: /assets/textures/EvilPuff1.png
09:14:10.937 [JavaFX Application Thread] DEBUG AssetLoader          - Loading from cache: /assets/textures/PokePlayerUnit1.png
09:14:10.939 [JavaFX Application Thread] DEBUG AssetLoader          - Loading from cache: /assets/textures/EvilPuff1.png
09:14:10.939 [JavaFX Application Thread] DEBUG AssetLoader          - Loading from cache: /assets/textures/PokePlayerUnit1.png
09:14:10.951 [JavaFX Application Thread] DEBUG AssetLoader          - Loading from cache: /assets/textures/EvilPuff1.png
09:14:10.951 [JavaFX Application Thread] DEBUG AssetLoader          - Loading from cache: /assets/textures/PokePlayerUnit1.png
09:14:10.954 [JavaFX Application Thread] DEBUG AssetLoader          - Loading from cache: /assets/textures/EvilPuff1.png
09:14:10.954 [JavaFX Application Thread] DEBUG AssetLoader          - Loading from cache: /assets/textures/PokePlayerUnit1.png
09:14:10.964 [JavaFX Application Thread] DEBUG AssetLoader          - Loading from cache: /assets/textures/EvilPuff1.png
09:14:10.965 [JavaFX Application Thread] DEBUG AssetLoader          - Loading from cache: /assets/textures/PokePlayerUnit1.png
09:14:10.970 [JavaFX Application Thread] DEBUG AssetLoader          - Loading from cache: /assets/textures/EvilPuff1.png
09:14:10.970 [JavaFX Application Thread] DEBUG AssetLoader          - Loading from cache: /assets/textures/PokePlayerUnit1.png
09:14:10.978 [JavaFX Application Thread] DEBUG AssetLoader          - Loading from cache: /assets/textures/EvilPuff1.png
09:14:10.979 [JavaFX Application Thread] DEBUG AssetLoader          - Loading from cache: /assets/textures/PokePlayerUnit1.png
09:14:10.985 [JavaFX Application Thread] DEBUG AssetLoader          - Loading from cache: /assets/textures/EvilPuff1.png
09:14:10.985 [JavaFX Application Thread] DEBUG AssetLoader          - Loading from cache: /assets/textures/PokePlayerUnit1.png
09:14:10.986 [JavaFX Application Thread] DEBUG AssetLoader          - Loading from cache: /assets/textures/EvilPuff1.png
09:14:10.986 [JavaFX Application Thread] DEBUG AssetLoader          - Loading from cache: /assets/textures/PokePlayerUnit1.png
09:14:10.999 [JavaFX Application Thread] DEBUG AssetLoader          - Loading from cache: /assets/textures/EvilPuff1.png
09:14:10.999 [JavaFX Application Thread] DEBUG AssetLoader          - Loading from cache: /assets/textures/PokePlayerUnit1.png
09:14:11.002 [JavaFX Application Thread] DEBUG AssetLoader          - Loading from cache: /assets/textures/EvilPuff1.png
09:14:11.002 [JavaFX Application Thread] DEBUG AssetLoader          - Loading from cache: /assets/textures/PokePlayerUnit1.png
09:14:11.013 [JavaFX Application Thread] DEBUG AssetLoader          - Loading from cache: /assets/textures/EvilPuff1.png
09:14:11.013 [JavaFX Application Thread] DEBUG AssetLoader          - Loading from cache: /assets/textures/PokePlayerUnit1.png
09:14:11.018 [JavaFX Application Thread] DEBUG AssetLoader          - Loading from cache: /assets/textures/EvilPuff1.png
09:14:11.018 [JavaFX Application Thread] DEBUG AssetLoader          - Loading from cache: /assets/textures/PokePlayerUnit1.png
09:14:11.026 [JavaFX Application Thread] DEBUG AssetLoader          - Loading from cache: /assets/textures/EvilPuff1.png
09:14:11.027 [JavaFX Application Thread] DEBUG AssetLoader          - Loading from cache: /assets/textures/PokePlayerUnit1.png
09:14:11.034 [JavaFX Application Thread] DEBUG AssetLoader          - Loading from cache: /assets/textures/EvilPuff1.png
09:14:11.034 [JavaFX Application Thread] DEBUG AssetLoader          - Loading from cache: /assets/textures/PokePlayerUnit1.png
09:14:11.040 [JavaFX Application Thread] DEBUG AssetLoader          - Loading from cache: /assets/textures/EvilPuff1.png
09:14:11.040 [JavaFX Application Thread] DEBUG AssetLoader          - Loading from cache: /assets/textures/PokePlayerUnit1.png
09:14:11.048 [JavaFX Application Thread] DEBUG AssetLoader          - Loading from cache: /assets/textures/EvilPuff1.png
09:14:11.048 [JavaFX Application Thread] DEBUG AssetLoader          - Loading from cache: /assets/textures/PokePlayerUnit1.png
09:14:11.050 [JavaFX Application Thread] DEBUG AssetLoader          - Loading from cache: /assets/textures/EvilPuff1.png
09:14:11.050 [JavaFX Application Thread] DEBUG AssetLoader          - Loading from cache: /assets/textures/PokePlayerUnit1.png
09:14:11.062 [JavaFX Application Thread] DEBUG AssetLoader          - Loading from cache: /assets/textures/EvilPuff1.png
09:14:11.062 [JavaFX Application Thread] DEBUG AssetLoader          - Loading from cache: /assets/textures/PokePlayerUnit1.png
09:14:11.066 [JavaFX Application Thread] DEBUG AssetLoader          - Loading from cache: /assets/textures/EvilPuff1.png
09:14:11.066 [JavaFX Application Thread] DEBUG AssetLoader          - Loading from cache: /assets/textures/PokePlayerUnit1.png
09:14:11.075 [JavaFX Application Thread] DEBUG AssetLoader          - Loading from cache: /assets/textures/EvilPuff1.png
09:14:11.076 [JavaFX Application Thread] DEBUG AssetLoader          - Loading from cache: /assets/textures/PokePlayerUnit1.png
09:14:11.082 [JavaFX Application Thread] DEBUG AssetLoader          - Loading from cache: /assets/textures/EvilPuff1.png
09:14:11.082 [JavaFX Application Thread] DEBUG AssetLoader          - Loading from cache: /assets/textures/PokePlayerUnit1.png
09:14:11.089 [JavaFX Application Thread] DEBUG AssetLoader          - Loading from cache: /assets/textures/EvilPuff1.png
09:14:11.090 [JavaFX Application Thread] DEBUG AssetLoader          - Loading from cache: /assets/textures/PokePlayerUnit1.png
09:14:11.096 [JavaFX Application Thread] DEBUG AssetLoader          - Loading from cache: /assets/textures/EvilPuff1.png
09:14:11.096 [JavaFX Application Thread] DEBUG AssetLoader          - Loading from cache: /assets/textures/PokePlayerUnit1.png
09:14:11.098 [JavaFX Application Thread] DEBUG AssetLoader          - Loading from cache: /assets/textures/EvilPuff1.png
09:14:11.098 [JavaFX Application Thread] DEBUG AssetLoader          - Loading from cache: /assets/textures/PokePlayerUnit1.png
09:14:11.110 [JavaFX Application Thread] DEBUG AssetLoader          - Loading from cache: /assets/textures/EvilPuff1.png
09:14:11.110 [JavaFX Application Thread] DEBUG AssetLoader          - Loading from cache: /assets/textures/PokePlayerUnit1.png
09:14:11.114 [JavaFX Application Thread] DEBUG AssetLoader          - Loading from cache: /assets/textures/EvilPuff1.png
09:14:11.114 [JavaFX Application Thread] DEBUG AssetLoader          - Loading from cache: /assets/textures/PokePlayerUnit1.png
09:14:11.124 [JavaFX Application Thread] DEBUG AssetLoader          - Loading from cache: /assets/textures/EvilPuff1.png
09:14:11.124 [JavaFX Application Thread] DEBUG AssetLoader          - Loading from cache: /assets/textures/PokePlayerUnit1.png
09:14:11.130 [JavaFX Application Thread] DEBUG AssetLoader          - Loading from cache: /assets/textures/EvilPuff1.png
09:14:11.130 [JavaFX Application Thread] DEBUG AssetLoader          - Loading from cache: /assets/textures/PokePlayerUnit1.png
09:14:11.138 [JavaFX Application Thread] DEBUG AssetLoader          - Loading from cache: /assets/textures/EvilPuff1.png
09:14:11.138 [JavaFX Application Thread] DEBUG AssetLoader          - Loading from cache: /assets/textures/PokePlayerUnit1.png
09:14:11.145 [JavaFX Application Thread] DEBUG AssetLoader          - Loading from cache: /assets/textures/EvilPuff1.png
09:14:11.145 [JavaFX Application Thread] DEBUG AssetLoader          - Loading from cache: /assets/textures/PokePlayerUnit1.png
09:14:11.146 [JavaFX Application Thread] DEBUG AssetLoader          - Loading from cache: /assets/textures/EvilPuff1.png
09:14:11.146 [JavaFX Application Thread] DEBUG AssetLoader          - Loading from cache: /assets/textures/PokePlayerUnit1.png
09:14:11.159 [JavaFX Application Thread] DEBUG AssetLoader          - Loading from cache: /assets/textures/EvilPuff1.png
09:14:11.159 [JavaFX Application Thread] DEBUG AssetLoader          - Loading from cache: /assets/textures/PokePlayerUnit1.png
09:14:11.162 [JavaFX Application Thread] DEBUG AssetLoader          - Loading from cache: /assets/textures/EvilPuff1.png
09:14:11.162 [JavaFX Application Thread] DEBUG AssetLoader          - Loading from cache: /assets/textures/PokePlayerUnit1.png
09:14:11.173 [JavaFX Application Thread] DEBUG AssetLoader          - Loading from cache: /assets/textures/EvilPuff1.png
09:14:11.173 [JavaFX Application Thread] DEBUG AssetLoader          - Loading from cache: /assets/textures/PokePlayerUnit1.png
09:14:11.178 [JavaFX Application Thread] DEBUG AssetLoader          - Loading from cache: /assets/textures/EvilPuff1.png
09:14:11.178 [JavaFX Application Thread] DEBUG AssetLoader          - Loading from cache: /assets/textures/PokePlayerUnit1.png
09:14:11.233 [JavaFX Application Thread] DEBUG Engine               - Exiting FXGL
09:14:11.233 [JavaFX Application Thread] DEBUG Engine               - Shutting down background threads
09:14:11.233 [JavaFX Application Thread] DEBUG Engine               - Saving FXGL system data
09:14:11.235 [JavaFX Application Thread] DEBUG FSServiceImpl        - Writing to: E:\Spil projekt - Jan 2020\Demo1\system\fxgl.bundle
09:14:11.236 [JavaFX Application Thread] DEBUG Engine               - Closing logger and exiting JavaFX
