09:09:58.235 [main                     ] DEBUG GameApplication      - Logger initialized
09:09:58.253 [main                     ] DEBUG GameApplication      - Logging settings
Title: PokeBounce - Zealand
Version: 0.1
Width: 600
Height: 600
Fullscreen: false
Intro: false
Menus: true
Profiling: false
Single step:false
App Mode: DEVELOPER
Menu Key: ESCAPE
Stage Style: DECORATED
Scene Factory: class PokeBounce.pokebounce.BasicGameApp$1
Dialog Factory: class com.almasb.fxgl.ui.FXGLDialogFactory
UI Factory: class com.almasb.fxgl.ui.FXGLUIFactory

09:09:58.562 [JavaFX Application Thread] DEBUG Engine               - Initializing FXGL
09:09:58.562 [JavaFX Application Thread] INFO  Engine               - FXGL-11.7 (05.01.2020 09.46) on WINDOWS (J:11.0.5 FX:10.0.2-internal)
09:09:58.562 [JavaFX Application Thread] INFO  Engine               - Source code and latest versions at: https://github.com/AlmasB/FXGL
09:09:58.563 [JavaFX Application Thread] INFO  Engine               -              Join the FXGL chat at: https://gitter.im/AlmasB/FXGL
09:09:58.563 [JavaFX Application Thread] DEBUG Engine               - Initializing environment variables
09:09:58.564 [JavaFX Application Thread] DEBUG Engine               - Logging environment variables
09:09:58.564 [JavaFX Application Thread] DEBUG Engine               - achievements: []
09:09:58.565 [JavaFX Application Thread] DEBUG Engine               - sceneStack: com.almasb.fxgl.app.Engine@1757cc6b
09:09:58.565 [JavaFX Application Thread] DEBUG Engine               - language: ObjectProperty [value: ENGLISH]
09:09:58.565 [JavaFX Application Thread] DEBUG Engine               - isCloseConfirmation: false
09:09:58.565 [JavaFX Application Thread] DEBUG Engine               - isProfilingEnabled: false
09:09:58.565 [JavaFX Application Thread] DEBUG Engine               - soundNotification: core/notification.wav
09:09:58.565 [JavaFX Application Thread] DEBUG Engine               - devShowBBoxProperty: BooleanProperty [value: false]
09:09:58.566 [JavaFX Application Thread] DEBUG Engine               - pixelsPerMeter: 50.0
09:09:58.566 [JavaFX Application Thread] DEBUG Engine               - overlayRoot: Group@c7d33c4
09:09:58.566 [JavaFX Application Thread] DEBUG Engine               - soundMenuBack: menu/back.wav
09:09:58.566 [JavaFX Application Thread] DEBUG Engine               - appIcon: EvilPuffIcon.png
09:09:58.567 [JavaFX Application Thread] DEBUG Engine               - isFullScreenAllowed: false
09:09:58.567 [JavaFX Application Thread] DEBUG Engine               - isIntroEnabled: false
09:09:58.567 [JavaFX Application Thread] DEBUG Engine               - eventBus: com.almasb.fxgl.event.EventBus@355b9df4
09:09:58.567 [JavaFX Application Thread] DEBUG Engine               - fontMono: lucida_console.ttf
09:09:58.567 [JavaFX Application Thread] DEBUG Engine               - soundMenuSelect: menu/select.wav
09:09:58.567 [JavaFX Application Thread] DEBUG Engine               - isWindows: true
09:09:58.567 [JavaFX Application Thread] DEBUG Engine               - isMobile: false
09:09:58.568 [JavaFX Application Thread] DEBUG Engine               - height: 600
09:09:58.568 [JavaFX Application Thread] DEBUG Engine               - isExperimentalNative: false
09:09:58.568 [JavaFX Application Thread] DEBUG Engine               - isSingleStep: false
09:09:58.568 [JavaFX Application Thread] DEBUG Engine               - cSSList: [fxgl_dark.css]
09:09:58.568 [JavaFX Application Thread] DEBUG Engine               - fontGame: Abel-Regular.ttf
09:09:58.568 [JavaFX Application Thread] DEBUG Engine               - menuKey: ESCAPE
09:09:58.568 [JavaFX Application Thread] DEBUG Engine               - devShowPositionProperty: BooleanProperty [value: false]
09:09:58.569 [JavaFX Application Thread] DEBUG Engine               - versionCheckDays: 7
09:09:58.569 [JavaFX Application Thread] DEBUG Engine               - masterTimer: com.almasb.fxgl.time.Timer@1c463ba0
09:09:58.569 [JavaFX Application Thread] DEBUG Engine               - configClass: Optional.empty
09:09:58.569 [JavaFX Application Thread] DEBUG Engine               - isFullScreenFromStart: false
09:09:58.569 [JavaFX Application Thread] DEBUG Engine               - version: 0.1
09:09:58.569 [JavaFX Application Thread] DEBUG Engine               - fullScreen: BooleanProperty [value: false]
09:09:58.569 [JavaFX Application Thread] DEBUG Engine               - randomSeed: -1
09:09:58.569 [JavaFX Application Thread] DEBUG Engine               - dialogFactory: com.almasb.fxgl.ui.FXGLDialogFactory@3993d183
09:09:58.570 [JavaFX Application Thread] DEBUG Engine               - applicationMode: DEVELOPER
09:09:58.570 [JavaFX Application Thread] DEBUG Engine               - isMac: false
09:09:58.570 [JavaFX Application Thread] DEBUG Engine               - urlGoogleForms: https://goo.gl/forms/6wrMnOBxTE1fEpOy2
09:09:58.570 [JavaFX Application Thread] DEBUG Engine               - isMenuEnabled: true
09:09:58.570 [JavaFX Application Thread] DEBUG Engine               - urlPOM: https://raw.githubusercontent.com/AlmasB/FXGL/master/pom.xml
09:09:58.570 [JavaFX Application Thread] DEBUG Engine               - profileName: user.profile
09:09:58.570 [JavaFX Application Thread] DEBUG Engine               - devSensorColorProperty: ObjectProperty [value: 0xffff00ff]
09:09:58.570 [JavaFX Application Thread] DEBUG Engine               - notificationViewClass: class com.almasb.fxgl.notification.view.XboxNotificationView
09:09:58.570 [JavaFX Application Thread] DEBUG Engine               - dataFileExt: .dat
09:09:58.570 [JavaFX Application Thread] DEBUG Engine               - sceneFactory: PokeBounce.pokebounce.BasicGameApp$1@5c152666
09:09:58.571 [JavaFX Application Thread] DEBUG Engine               - stageStyle: DECORATED
09:09:58.571 [JavaFX Application Thread] DEBUG Engine               - isManualResizeEnabled: false
09:09:58.571 [JavaFX Application Thread] DEBUG Engine               - title: PokeBounce - Zealand
09:09:58.571 [JavaFX Application Thread] DEBUG Engine               - platform: WINDOWS
09:09:58.571 [JavaFX Application Thread] DEBUG Engine               - devBBoxColorProperty: ObjectProperty [value: 0xff0000ff]
09:09:58.571 [JavaFX Application Thread] DEBUG Engine               - isDesktop: true
09:09:58.571 [JavaFX Application Thread] DEBUG Engine               - credits: []
09:09:58.571 [JavaFX Application Thread] DEBUG Engine               - globalMusicVolumeProperty: DoubleProperty [value: 0.5]
09:09:58.571 [JavaFX Application Thread] DEBUG Engine               - uIFactory: com.almasb.fxgl.ui.FXGLUIFactory@3548a42d
09:09:58.571 [JavaFX Application Thread] DEBUG Engine               - isPreserveResizeRatio: false
09:09:58.572 [JavaFX Application Thread] DEBUG Engine               - fontText: Courier-Prime.ttf
09:09:58.572 [JavaFX Application Thread] DEBUG Engine               - isExperimentalTiledLargeMap: false
09:09:58.572 [JavaFX Application Thread] DEBUG Engine               - secondsIn24h: 60
09:09:58.572 [JavaFX Application Thread] DEBUG Engine               - runtimeInfo: RuntimeInfo(platform=WINDOWS, version=11.7, build=05.01.2020 09.46)
09:09:58.572 [JavaFX Application Thread] DEBUG Engine               - urlGithub: https://github.com/AlmasB/FXGL
09:09:58.572 [JavaFX Application Thread] DEBUG Engine               - isLinux: false
09:09:58.572 [JavaFX Application Thread] DEBUG Engine               - soundMenuPress: menu/press.wav
09:09:58.572 [JavaFX Application Thread] DEBUG Engine               - profileDir: profiles/
09:09:58.572 [JavaFX Application Thread] DEBUG Engine               - isDeveloperMenuEnabled: false
09:09:58.572 [JavaFX Application Thread] DEBUG Engine               - globalSoundVolumeProperty: DoubleProperty [value: 0.5]
09:09:58.572 [JavaFX Application Thread] DEBUG Engine               - globalSoundVolume: 0.5
09:09:58.573 [JavaFX Application Thread] DEBUG Engine               - urlLeaderboard: http://fxgl-top.herokuapp.com/
09:09:58.573 [JavaFX Application Thread] DEBUG Engine               - isBrowser: false
09:09:58.573 [JavaFX Application Thread] DEBUG Engine               - saveDir: saves/
09:09:58.573 [JavaFX Application Thread] DEBUG Engine               - engineServices: [class com.almasb.fxgl.audio.AudioPlayer, class com.almasb.fxgl.notification.impl.NotificationServiceProvider, class com.almasb.fxgl.achievement.AchievementManager, class com.almasb.fxgl.cutscene.CutsceneService, class com.almasb.fxgl.minigames.MiniGameService]
09:09:58.574 [JavaFX Application Thread] DEBUG Engine               - globalMusicVolume: 0.5
09:09:58.575 [JavaFX Application Thread] DEBUG Engine               - width: 600
09:09:58.575 [JavaFX Application Thread] DEBUG Engine               - saveFileExt: .sav
09:09:58.575 [JavaFX Application Thread] DEBUG Engine               - isAndroid: false
09:09:58.575 [JavaFX Application Thread] DEBUG Engine               - fontUI: VarelaRound-Regular.ttf
09:09:58.575 [JavaFX Application Thread] DEBUG Engine               - isIOS: false
09:09:58.575 [JavaFX Application Thread] DEBUG Engine               - enabledMenuItems: []
09:09:58.578 [JavaFX Application Thread] DEBUG Engine               - Adding new engine service: class com.almasb.fxgl.audio.AudioPlayer
09:09:58.579 [JavaFX Application Thread] DEBUG Engine               - Adding new engine service: class com.almasb.fxgl.notification.impl.NotificationServiceProvider
09:09:58.579 [JavaFX Application Thread] DEBUG Engine               - Adding new engine service: class com.almasb.fxgl.achievement.AchievementManager
09:09:58.580 [JavaFX Application Thread] DEBUG Engine               - Adding new engine service: class com.almasb.fxgl.cutscene.CutsceneService
09:09:58.580 [JavaFX Application Thread] DEBUG Engine               - Adding new engine service: class com.almasb.fxgl.minigames.MiniGameService
09:09:58.582 [JavaFX Application Thread] DEBUG Engine               - Loading localizations
09:09:58.584 [JavaFX Application Thread] DEBUG AssetLoader          - Loading from file system: /assets/properties/languages/english.properties
09:09:58.587 [JavaFX Application Thread] DEBUG AssetLoader          - Loading from file system: /assets/properties/languages/french.properties
09:09:58.588 [JavaFX Application Thread] DEBUG AssetLoader          - Loading from file system: /assets/properties/languages/german.properties
09:09:58.589 [JavaFX Application Thread] DEBUG AssetLoader          - Loading from file system: /assets/properties/languages/russian.properties
09:09:58.590 [JavaFX Application Thread] DEBUG AssetLoader          - Loading from file system: /assets/properties/languages/hungarian.properties
09:09:58.592 [JavaFX Application Thread] DEBUG Engine               - Registering font factories
09:09:58.593 [JavaFX Application Thread] DEBUG AssetLoader          - Loading from file system: /assets/ui/fonts/VarelaRound-Regular.ttf
09:09:58.748 [JavaFX Application Thread] DEBUG AssetLoader          - Loading from file system: /assets/ui/fonts/Abel-Regular.ttf
09:09:58.759 [JavaFX Application Thread] DEBUG AssetLoader          - Loading from file system: /assets/ui/fonts/lucida_console.ttf
09:09:58.769 [JavaFX Application Thread] DEBUG AssetLoader          - Loading from file system: /assets/ui/fonts/Courier-Prime.ttf
09:09:58.783 [JavaFX Application Thread] DEBUG Engine               - Setting UI factory
09:09:58.851 [JavaFX Application Thread] DEBUG AssetLoader          - Loading from file system: /assets/textures/fxgl_logo.png
09:09:58.891 [JavaFX Application Thread] DEBUG MainWindow           - Creating a JavaFX scene
09:09:58.916 [JavaFX Application Thread] DEBUG MainWindow           - Target settings size: 600.0 x 600.0
09:09:58.916 [JavaFX Application Thread] DEBUG MainWindow           - Scaled scene size:    600.0 x 600.0
09:09:58.917 [JavaFX Application Thread] DEBUG MainWindow           - Scaled ratio: (1.0, 1.0)
09:09:58.917 [JavaFX Application Thread] DEBUG MainWindow           - Set initial scene to FXGLStartupScene
09:09:58.924 [JavaFX Application Thread] DEBUG AssetLoader          - Loading from file system: /assets/textures/EvilPuffIcon.png
09:09:58.925 [JavaFX Application Thread] DEBUG Engine               - Applying CSS: fxgl_dark.css
09:09:58.926 [JavaFX Application Thread] DEBUG AssetLoader          - Loading from file system: /assets/ui/css/fxgl_dark.css
09:09:58.928 [JavaFX Application Thread] DEBUG AssetLoader          - Loading from file system: /assets/ui/cursors/fxgl_default.png
09:09:58.929 [JavaFX Application Thread] DEBUG MainWindow           - Opening main window
09:09:59.027 [JavaFX Application Thread] DEBUG MainWindow           - Window border size: (16.0, 39.0)
09:09:59.027 [JavaFX Application Thread] DEBUG MainWindow           - Scaled size: 600.0 x 600.0
09:09:59.027 [JavaFX Application Thread] DEBUG MainWindow           - Scaled ratio: (1.0, 1.0)
09:09:59.027 [JavaFX Application Thread] DEBUG MainWindow           - Scene size: 600.0 x 600.0
09:09:59.027 [JavaFX Application Thread] DEBUG MainWindow           - Stage size: 616.0 x 639.0
09:09:59.052 [FXGL Background Thread 1 ] DEBUG FS                   - Loaded FSServiceImpl
09:09:59.052 [FXGL Background Thread 1 ] DEBUG Engine               - Loading FXGL system data
09:09:59.056 [FXGL Background Thread 1 ] DEBUG FSServiceImpl        - Reading from: E:\Spil projekt - Jan 2020\Demo1\system\fxgl.bundle
09:09:59.062 [FXGL Background Thread 1 ] DEBUG Engine               - Bundle FXGL: {}
09:09:59.062 [FXGL Background Thread 1 ] DEBUG Engine               - Initializing application scenes
09:09:59.082 [FXGL Background Thread 1 ] DEBUG GameWorld            - Game world initialized
09:09:59.121 [FXGL Background Thread 1 ] DEBUG PhysicsWorld         - Physics world initialized: appHeight=600, physics.ppm=50,0
09:09:59.122 [FXGL Background Thread 1 ] DEBUG GameScene            - Game scene initialized: 600x600
09:09:59.147 [FXGL Background Thread 1 ] DEBUG AssetLoader          - Loading from file system: /assets/textures/MainMenuGif.gif
09:09:59.284 [FXGL Background Thread 1 ] DEBUG AssetLoader          - Loading from file system: /assets/textures/GameMenuEvilPuff3.png
09:09:59.295 [FXGL Background Thread 1 ] DEBUG Engine               - Application scenes initialized
09:09:59.298 [JavaFX Application Thread] DEBUG Engine               - Running preInit()
09:09:59.304 [JavaFX Application Thread] DEBUG Input                - Registered new binding: Move Right - D
09:09:59.304 [JavaFX Application Thread] DEBUG Input                - Registered new binding: Move Left - A
09:09:59.304 [JavaFX Application Thread] DEBUG Input                - Registered new binding: Move Up - W
09:09:59.304 [JavaFX Application Thread] DEBUG Input                - Registered new binding: Move Down - S
09:09:59.304 [JavaFX Application Thread] DEBUG Input                - Registered new binding: Screenshot - P
09:09:59.305 [JavaFX Application Thread] DEBUG Input                - Registered new binding: System info dump - CTRL+9
09:09:59.305 [JavaFX Application Thread] DEBUG Input                - Registered new binding: Restart - CTRL+R
09:09:59.305 [JavaFX Application Thread] DEBUG Engine               - generateDefaultProfile()
09:09:59.305 [JavaFX Application Thread] DEBUG Engine               - Creating default profile
09:09:59.305 [JavaFX Application Thread] DEBUG EventBus             - Firing event: SaveEvent
09:09:59.313 [JavaFX Application Thread] DEBUG AssetLoader          - Loading from file system: /assets/music/Pokemon Red, Yellow, Blue Battle Music- Trainer.mp3
09:09:59.389 [JavaFX Application Thread] DEBUG AudioPlayer          - Playing music com.almasb.fxgl.audio.Music@42f98203
09:09:59.390 [JavaFX Application Thread] INFO  Engine               - FXGL initialization took: 0,807 sec
09:09:59.390 [JavaFX Application Thread] DEBUG LoopRunner           - Starting loop
09:09:59.391 [JavaFX Application Thread] DEBUG FXGLStartupScene     - STARTUP
09:09:59.393 [JavaFX Application Thread] DEBUG Input                - Clearing active input actions
09:09:59.403 [JavaFX Application Thread] DEBUG Engine               - Removing overlay from FXGLStartupScene and adding to PokeBounceMainMenu
09:09:59.403 [JavaFX Application Thread] DEBUG MainWindow           - FXGLStartupScene -> PokeBounceMainMenu
09:10:00.785 [JavaFX Application Thread] DEBUG Menu                 - fireNewGame()
09:10:00.785 [JavaFX Application Thread] DEBUG Engine               - Starting new game
09:10:00.788 [JavaFX Application Thread] DEBUG Input                - Clearing active input actions
09:10:00.788 [FXGL Background Thread 1 ] DEBUG InitAppTask          - Clearing previous game
09:10:00.788 [FXGL Background Thread 1 ] DEBUG GameWorld            - Clearing game world
09:10:00.788 [FXGL Background Thread 1 ] DEBUG PhysicsWorld         - Clearing physics world
09:10:00.789 [FXGL Background Thread 1 ] DEBUG GameScene            - Clearing game scene
09:10:00.789 [FXGL Background Thread 1 ] DEBUG InitAppTask          - Initializing Game
09:10:00.789 [FXGL Background Thread 1 ] DEBUG AudioPlayer          - Stopping music com.almasb.fxgl.audio.Music@42f98203
09:10:00.794 [JavaFX Application Thread] DEBUG Engine               - Removing overlay from PokeBounceMainMenu and adding to LoadingScene
09:10:00.794 [JavaFX Application Thread] DEBUG MainWindow           - PokeBounceMainMenu -> LoadingScene
09:10:00.898 [FXGL Background Thread 1 ] DEBUG AssetLoader          - Loading from cache: /assets/music/Pokemon Red, Yellow, Blue Battle Music- Trainer.mp3
09:10:00.898 [FXGL Background Thread 1 ] DEBUG AudioPlayer          - Playing music com.almasb.fxgl.audio.Music@42f98203
09:10:00.902 [FXGL Background Thread 1 ] DEBUG AssetLoader          - Loading from file system: /assets/sounds/NewEvilPuffEntry.wav
09:10:00.907 [FXGL Background Thread 1 ] DEBUG AssetLoader          - Loading from file system: /assets/sounds/NewCoinEntry.wav
09:10:00.909 [FXGL Background Thread 1 ] DEBUG AssetLoader          - Loading from file system: /assets/sounds/PowerUpSpawn.wav
09:10:00.912 [FXGL Background Thread 1 ] DEBUG AssetLoader          - Loading from file system: /assets/textures/EvilPuff1.png
09:10:00.921 [FXGL Background Thread 1 ] DEBUG AssetLoader          - Loading from file system: /assets/textures/PokePlayerUnit1.png
09:10:00.923 [FXGL Background Thread 1 ] DEBUG AssetLoader          - Loading from file system: /assets/textures/backGroundGif.gif
09:10:00.968 [FXGL Background Thread 1 ] DEBUG InitAppTask          - Initializing Physics
09:10:00.968 [FXGL Background Thread 1 ] DEBUG InitAppTask          - Initializing UI
09:10:00.970 [FXGL Background Thread 1 ] DEBUG InitAppTask          - Initialization Complete
09:10:00.970 [FXGL Background Thread 1 ] INFO  InitAppTask          - Game initialization took: 0,181 sec
09:10:00.974 [JavaFX Application Thread] DEBUG Input                - Clearing active input actions
09:10:00.978 [JavaFX Application Thread] DEBUG Engine               - Removing overlay from LoadingScene and adding to GameScene
09:10:00.979 [JavaFX Application Thread] DEBUG MainWindow           - LoadingScene -> GameScene
09:10:00.991 [JavaFX Application Thread] DEBUG AssetLoader          - Loading from cache: /assets/textures/EvilPuff1.png
09:10:00.994 [JavaFX Application Thread] DEBUG AssetLoader          - Loading from cache: /assets/textures/PokePlayerUnit1.png
09:10:01.000 [JavaFX Application Thread] DEBUG AssetLoader          - Loading from cache: /assets/textures/EvilPuff1.png
09:10:01.000 [JavaFX Application Thread] DEBUG AssetLoader          - Loading from cache: /assets/textures/PokePlayerUnit1.png
09:10:01.005 [JavaFX Application Thread] DEBUG AssetLoader          - Loading from cache: /assets/textures/EvilPuff1.png
09:10:01.006 [JavaFX Application Thread] DEBUG AssetLoader          - Loading from cache: /assets/textures/PokePlayerUnit1.png
09:10:01.014 [JavaFX Application Thread] DEBUG AssetLoader          - Loading from cache: /assets/textures/EvilPuff1.png
09:10:01.014 [JavaFX Application Thread] DEBUG AssetLoader          - Loading from cache: /assets/textures/PokePlayerUnit1.png
09:10:01.021 [JavaFX Application Thread] DEBUG AssetLoader          - Loading from cache: /assets/textures/EvilPuff1.png
09:10:01.022 [JavaFX Application Thread] DEBUG AssetLoader          - Loading from cache: /assets/textures/PokePlayerUnit1.png
09:10:01.028 [JavaFX Application Thread] DEBUG AssetLoader          - Loading from cache: /assets/textures/EvilPuff1.png
09:10:01.029 [JavaFX Application Thread] DEBUG AssetLoader          - Loading from cache: /assets/textures/PokePlayerUnit1.png
09:10:01.036 [JavaFX Application Thread] DEBUG AssetLoader          - Loading from cache: /assets/textures/EvilPuff1.png
09:10:01.036 [JavaFX Application Thread] DEBUG AssetLoader          - Loading from cache: /assets/textures/PokePlayerUnit1.png
09:10:01.038 [JavaFX Application Thread] DEBUG AssetLoader          - Loading from cache: /assets/textures/EvilPuff1.png
09:10:01.038 [JavaFX Application Thread] DEBUG AssetLoader          - Loading from cache: /assets/textures/PokePlayerUnit1.png
09:10:01.050 [JavaFX Application Thread] DEBUG AssetLoader          - Loading from cache: /assets/textures/EvilPuff1.png
09:10:01.050 [JavaFX Application Thread] DEBUG AssetLoader          - Loading from cache: /assets/textures/PokePlayerUnit1.png
09:10:01.054 [JavaFX Application Thread] DEBUG AssetLoader          - Loading from cache: /assets/textures/EvilPuff1.png
09:10:01.055 [JavaFX Application Thread] DEBUG AssetLoader          - Loading from cache: /assets/textures/PokePlayerUnit1.png
09:10:01.063 [JavaFX Application Thread] DEBUG AssetLoader          - Loading from cache: /assets/textures/EvilPuff1.png
09:10:01.064 [JavaFX Application Thread] DEBUG AssetLoader          - Loading from cache: /assets/textures/PokePlayerUnit1.png
09:10:01.070 [JavaFX Application Thread] DEBUG AssetLoader          - Loading from cache: /assets/textures/EvilPuff1.png
09:10:01.070 [JavaFX Application Thread] DEBUG AssetLoader          - Loading from cache: /assets/textures/PokePlayerUnit1.png
09:10:01.077 [JavaFX Application Thread] DEBUG AssetLoader          - Loading from cache: /assets/textures/EvilPuff1.png
09:10:01.078 [JavaFX Application Thread] DEBUG AssetLoader          - Loading from cache: /assets/textures/PokePlayerUnit1.png
09:10:01.084 [JavaFX Application Thread] DEBUG AssetLoader          - Loading from cache: /assets/textures/EvilPuff1.png
09:10:01.085 [JavaFX Application Thread] DEBUG AssetLoader          - Loading from cache: /assets/textures/PokePlayerUnit1.png
09:10:01.086 [JavaFX Application Thread] DEBUG AssetLoader          - Loading from cache: /assets/textures/EvilPuff1.png
09:10:01.086 [JavaFX Application Thread] DEBUG AssetLoader          - Loading from cache: /assets/textures/PokePlayerUnit1.png
09:10:01.102 [JavaFX Application Thread] DEBUG AssetLoader          - Loading from cache: /assets/textures/EvilPuff1.png
09:10:01.102 [JavaFX Application Thread] DEBUG AssetLoader          - Loading from cache: /assets/textures/PokePlayerUnit1.png
09:10:01.112 [JavaFX Application Thread] DEBUG AssetLoader          - Loading from cache: /assets/textures/EvilPuff1.png
09:10:01.113 [JavaFX Application Thread] DEBUG AssetLoader          - Loading from cache: /assets/textures/PokePlayerUnit1.png
09:10:01.118 [JavaFX Application Thread] DEBUG AssetLoader          - Loading from cache: /assets/textures/EvilPuff1.png
09:10:01.118 [JavaFX Application Thread] DEBUG AssetLoader          - Loading from cache: /assets/textures/PokePlayerUnit1.png
09:10:01.126 [JavaFX Application Thread] DEBUG AssetLoader          - Loading from cache: /assets/textures/EvilPuff1.png
09:10:01.126 [JavaFX Application Thread] DEBUG AssetLoader          - Loading from cache: /assets/textures/PokePlayerUnit1.png
09:10:01.133 [JavaFX Application Thread] DEBUG AssetLoader          - Loading from cache: /assets/textures/EvilPuff1.png
09:10:01.134 [JavaFX Application Thread] DEBUG AssetLoader          - Loading from cache: /assets/textures/PokePlayerUnit1.png
09:10:01.140 [JavaFX Application Thread] DEBUG AssetLoader          - Loading from cache: /assets/textures/EvilPuff1.png
09:10:01.140 [JavaFX Application Thread] DEBUG AssetLoader          - Loading from cache: /assets/textures/PokePlayerUnit1.png
09:10:01.147 [JavaFX Application Thread] DEBUG AssetLoader          - Loading from cache: /assets/textures/EvilPuff1.png
09:10:01.147 [JavaFX Application Thread] DEBUG AssetLoader          - Loading from cache: /assets/textures/PokePlayerUnit1.png
09:10:01.150 [JavaFX Application Thread] DEBUG AssetLoader          - Loading from cache: /assets/textures/EvilPuff1.png
09:10:01.150 [JavaFX Application Thread] DEBUG AssetLoader          - Loading from cache: /assets/textures/PokePlayerUnit1.png
09:10:01.165 [JavaFX Application Thread] DEBUG AssetLoader          - Loading from cache: /assets/textures/EvilPuff1.png
09:10:01.165 [JavaFX Application Thread] DEBUG AssetLoader          - Loading from cache: /assets/textures/PokePlayerUnit1.png
09:10:01.181 [JavaFX Application Thread] DEBUG AssetLoader          - Loading from cache: /assets/textures/EvilPuff1.png
09:10:01.181 [JavaFX Application Thread] DEBUG AssetLoader          - Loading from cache: /assets/textures/PokePlayerUnit1.png
09:10:01.188 [JavaFX Application Thread] DEBUG AssetLoader          - Loading from cache: /assets/textures/EvilPuff1.png
09:10:01.188 [JavaFX Application Thread] DEBUG AssetLoader          - Loading from cache: /assets/textures/PokePlayerUnit1.png
09:10:01.198 [JavaFX Application Thread] DEBUG AssetLoader          - Loading from cache: /assets/textures/EvilPuff1.png
09:10:01.198 [JavaFX Application Thread] DEBUG AssetLoader          - Loading from cache: /assets/textures/PokePlayerUnit1.png
09:10:01.214 [JavaFX Application Thread] DEBUG AssetLoader          - Loading from cache: /assets/textures/EvilPuff1.png
09:10:01.214 [JavaFX Application Thread] DEBUG AssetLoader          - Loading from cache: /assets/textures/PokePlayerUnit1.png
09:10:01.224 [JavaFX Application Thread] DEBUG AssetLoader          - Loading from cache: /assets/textures/EvilPuff1.png
09:10:01.224 [JavaFX Application Thread] DEBUG AssetLoader          - Loading from cache: /assets/textures/PokePlayerUnit1.png
09:10:01.230 [JavaFX Application Thread] DEBUG AssetLoader          - Loading from cache: /assets/textures/EvilPuff1.png
09:10:01.230 [JavaFX Application Thread] DEBUG AssetLoader          - Loading from cache: /assets/textures/PokePlayerUnit1.png
09:10:01.237 [JavaFX Application Thread] DEBUG AssetLoader          - Loading from cache: /assets/textures/EvilPuff1.png
09:10:01.237 [JavaFX Application Thread] DEBUG AssetLoader          - Loading from cache: /assets/textures/PokePlayerUnit1.png
09:10:01.244 [JavaFX Application Thread] DEBUG AssetLoader          - Loading from cache: /assets/textures/EvilPuff1.png
09:10:01.244 [JavaFX Application Thread] DEBUG AssetLoader          - Loading from cache: /assets/textures/PokePlayerUnit1.png
09:10:01.246 [JavaFX Application Thread] DEBUG AssetLoader          - Loading from cache: /assets/textures/EvilPuff1.png
09:10:01.246 [JavaFX Application Thread] DEBUG AssetLoader          - Loading from cache: /assets/textures/PokePlayerUnit1.png
09:10:01.257 [JavaFX Application Thread] DEBUG AssetLoader          - Loading from cache: /assets/textures/EvilPuff1.png
09:10:01.258 [JavaFX Application Thread] DEBUG AssetLoader          - Loading from cache: /assets/textures/PokePlayerUnit1.png
09:10:01.262 [JavaFX Application Thread] DEBUG AssetLoader          - Loading from cache: /assets/textures/EvilPuff1.png
09:10:01.262 [JavaFX Application Thread] DEBUG AssetLoader          - Loading from cache: /assets/textures/PokePlayerUnit1.png
09:10:01.271 [JavaFX Application Thread] DEBUG AssetLoader          - Loading from cache: /assets/textures/EvilPuff1.png
09:10:01.272 [JavaFX Application Thread] DEBUG AssetLoader          - Loading from cache: /assets/textures/PokePlayerUnit1.png
09:10:01.278 [JavaFX Application Thread] DEBUG AssetLoader          - Loading from cache: /assets/textures/EvilPuff1.png
09:10:01.278 [JavaFX Application Thread] DEBUG AssetLoader          - Loading from cache: /assets/textures/PokePlayerUnit1.png
09:10:01.294 [JavaFX Application Thread] DEBUG AssetLoader          - Loading from cache: /assets/textures/EvilPuff1.png
09:10:01.294 [JavaFX Application Thread] DEBUG AssetLoader          - Loading from cache: /assets/textures/PokePlayerUnit1.png
09:10:01.307 [JavaFX Application Thread] DEBUG AssetLoader          - Loading from cache: /assets/textures/EvilPuff1.png
09:10:01.307 [JavaFX Application Thread] DEBUG AssetLoader          - Loading from cache: /assets/textures/PokePlayerUnit1.png
09:10:01.310 [JavaFX Application Thread] DEBUG AssetLoader          - Loading from cache: /assets/textures/EvilPuff1.png
09:10:01.310 [JavaFX Application Thread] DEBUG AssetLoader          - Loading from cache: /assets/textures/PokePlayerUnit1.png
09:10:01.320 [JavaFX Application Thread] DEBUG AssetLoader          - Loading from cache: /assets/textures/EvilPuff1.png
09:10:01.321 [JavaFX Application Thread] DEBUG AssetLoader          - Loading from cache: /assets/textures/PokePlayerUnit1.png
09:10:01.326 [JavaFX Application Thread] DEBUG AssetLoader          - Loading from cache: /assets/textures/EvilPuff1.png
09:10:01.326 [JavaFX Application Thread] DEBUG AssetLoader          - Loading from cache: /assets/textures/PokePlayerUnit1.png
09:10:01.335 [JavaFX Application Thread] DEBUG AssetLoader          - Loading from cache: /assets/textures/EvilPuff1.png
09:10:01.335 [JavaFX Application Thread] DEBUG AssetLoader          - Loading from cache: /assets/textures/PokePlayerUnit1.png
09:10:01.341 [JavaFX Application Thread] DEBUG AssetLoader          - Loading from cache: /assets/textures/EvilPuff1.png
09:10:01.341 [JavaFX Application Thread] DEBUG AssetLoader          - Loading from cache: /assets/textures/PokePlayerUnit1.png
09:10:01.347 [JavaFX Application Thread] DEBUG AssetLoader          - Loading from cache: /assets/textures/EvilPuff1.png
09:10:01.348 [JavaFX Application Thread] DEBUG AssetLoader          - Loading from cache: /assets/textures/PokePlayerUnit1.png
09:10:01.355 [JavaFX Application Thread] DEBUG AssetLoader          - Loading from cache: /assets/textures/EvilPuff1.png
09:10:01.355 [JavaFX Application Thread] DEBUG AssetLoader          - Loading from cache: /assets/textures/PokePlayerUnit1.png
09:10:01.357 [JavaFX Application Thread] DEBUG AssetLoader          - Loading from cache: /assets/textures/EvilPuff1.png
09:10:01.357 [JavaFX Application Thread] DEBUG AssetLoader          - Loading from cache: /assets/textures/PokePlayerUnit1.png
09:10:01.369 [JavaFX Application Thread] DEBUG AssetLoader          - Loading from cache: /assets/textures/EvilPuff1.png
09:10:01.369 [JavaFX Application Thread] DEBUG AssetLoader          - Loading from cache: /assets/textures/PokePlayerUnit1.png
09:10:01.373 [JavaFX Application Thread] DEBUG AssetLoader          - Loading from cache: /assets/textures/EvilPuff1.png
09:10:01.373 [JavaFX Application Thread] DEBUG AssetLoader          - Loading from cache: /assets/textures/PokePlayerUnit1.png
09:10:01.382 [JavaFX Application Thread] DEBUG AssetLoader          - Loading from cache: /assets/textures/EvilPuff1.png
09:10:01.383 [JavaFX Application Thread] DEBUG AssetLoader          - Loading from cache: /assets/textures/PokePlayerUnit1.png
09:10:01.389 [JavaFX Application Thread] DEBUG AssetLoader          - Loading from cache: /assets/textures/EvilPuff1.png
09:10:01.389 [JavaFX Application Thread] DEBUG AssetLoader          - Loading from cache: /assets/textures/PokePlayerUnit1.png
09:10:01.397 [JavaFX Application Thread] DEBUG AssetLoader          - Loading from cache: /assets/textures/EvilPuff1.png
09:10:01.397 [JavaFX Application Thread] DEBUG AssetLoader          - Loading from cache: /assets/textures/PokePlayerUnit1.png
09:10:01.403 [JavaFX Application Thread] DEBUG AssetLoader          - Loading from cache: /assets/textures/EvilPuff1.png
09:10:01.403 [JavaFX Application Thread] DEBUG AssetLoader          - Loading from cache: /assets/textures/PokePlayerUnit1.png
09:10:01.405 [JavaFX Application Thread] DEBUG AssetLoader          - Loading from cache: /assets/textures/EvilPuff1.png
09:10:01.405 [JavaFX Application Thread] DEBUG AssetLoader          - Loading from cache: /assets/textures/PokePlayerUnit1.png
09:10:01.416 [JavaFX Application Thread] DEBUG AssetLoader          - Loading from cache: /assets/textures/EvilPuff1.png
09:10:01.417 [JavaFX Application Thread] DEBUG AssetLoader          - Loading from cache: /assets/textures/PokePlayerUnit1.png
09:10:01.421 [JavaFX Application Thread] DEBUG AssetLoader          - Loading from cache: /assets/textures/EvilPuff1.png
09:10:01.421 [JavaFX Application Thread] DEBUG AssetLoader          - Loading from cache: /assets/textures/PokePlayerUnit1.png
09:10:01.431 [JavaFX Application Thread] DEBUG AssetLoader          - Loading from cache: /assets/textures/EvilPuff1.png
09:10:01.431 [JavaFX Application Thread] DEBUG AssetLoader          - Loading from cache: /assets/textures/PokePlayerUnit1.png
09:10:01.437 [JavaFX Application Thread] DEBUG AssetLoader          - Loading from cache: /assets/textures/EvilPuff1.png
09:10:01.437 [JavaFX Application Thread] DEBUG AssetLoader          - Loading from cache: /assets/textures/PokePlayerUnit1.png
09:10:01.445 [JavaFX Application Thread] DEBUG AssetLoader          - Loading from cache: /assets/textures/EvilPuff1.png
09:10:01.445 [JavaFX Application Thread] DEBUG AssetLoader          - Loading from cache: /assets/textures/PokePlayerUnit1.png
09:10:01.453 [JavaFX Application Thread] DEBUG AssetLoader          - Loading from cache: /assets/textures/EvilPuff1.png
09:10:01.453 [JavaFX Application Thread] DEBUG AssetLoader          - Loading from cache: /assets/textures/PokePlayerUnit1.png
09:10:01.487 [JavaFX Application Thread] DEBUG AssetLoader          - Loading from cache: /assets/textures/EvilPuff1.png
09:10:01.487 [JavaFX Application Thread] DEBUG AssetLoader          - Loading from cache: /assets/textures/PokePlayerUnit1.png
09:10:01.494 [JavaFX Application Thread] DEBUG AssetLoader          - Loading from cache: /assets/textures/EvilPuff1.png
09:10:01.494 [JavaFX Application Thread] DEBUG AssetLoader          - Loading from cache: /assets/textures/PokePlayerUnit1.png
09:10:01.500 [JavaFX Application Thread] DEBUG AssetLoader          - Loading from cache: /assets/textures/EvilPuff1.png
09:10:01.500 [JavaFX Application Thread] DEBUG AssetLoader          - Loading from cache: /assets/textures/PokePlayerUnit1.png
09:10:01.508 [JavaFX Application Thread] DEBUG AssetLoader          - Loading from cache: /assets/textures/EvilPuff1.png
09:10:01.508 [JavaFX Application Thread] DEBUG AssetLoader          - Loading from cache: /assets/textures/PokePlayerUnit1.png
09:10:01.515 [JavaFX Application Thread] DEBUG AssetLoader          - Loading from cache: /assets/textures/EvilPuff1.png
09:10:01.515 [JavaFX Application Thread] DEBUG AssetLoader          - Loading from cache: /assets/textures/PokePlayerUnit1.png
09:10:01.517 [JavaFX Application Thread] DEBUG AssetLoader          - Loading from cache: /assets/textures/EvilPuff1.png
09:10:01.517 [JavaFX Application Thread] DEBUG AssetLoader          - Loading from cache: /assets/textures/PokePlayerUnit1.png
09:10:01.533 [JavaFX Application Thread] DEBUG AssetLoader          - Loading from cache: /assets/textures/EvilPuff1.png
09:10:01.533 [JavaFX Application Thread] DEBUG AssetLoader          - Loading from cache: /assets/textures/PokePlayerUnit1.png
09:10:01.549 [JavaFX Application Thread] DEBUG AssetLoader          - Loading from cache: /assets/textures/EvilPuff1.png
09:10:01.549 [JavaFX Application Thread] DEBUG AssetLoader          - Loading from cache: /assets/textures/PokePlayerUnit1.png
09:10:01.556 [JavaFX Application Thread] DEBUG AssetLoader          - Loading from cache: /assets/textures/EvilPuff1.png
09:10:01.556 [JavaFX Application Thread] DEBUG AssetLoader          - Loading from cache: /assets/textures/PokePlayerUnit1.png
09:10:01.563 [JavaFX Application Thread] DEBUG AssetLoader          - Loading from cache: /assets/textures/EvilPuff1.png
09:10:01.563 [JavaFX Application Thread] DEBUG AssetLoader          - Loading from cache: /assets/textures/PokePlayerUnit1.png
09:10:01.565 [JavaFX Application Thread] DEBUG AssetLoader          - Loading from cache: /assets/textures/EvilPuff1.png
09:10:01.565 [JavaFX Application Thread] DEBUG AssetLoader          - Loading from cache: /assets/textures/PokePlayerUnit1.png
09:10:01.577 [JavaFX Application Thread] DEBUG AssetLoader          - Loading from cache: /assets/textures/EvilPuff1.png
09:10:01.577 [JavaFX Application Thread] DEBUG AssetLoader          - Loading from cache: /assets/textures/PokePlayerUnit1.png
09:10:01.581 [JavaFX Application Thread] DEBUG AssetLoader          - Loading from cache: /assets/textures/EvilPuff1.png
09:10:01.581 [JavaFX Application Thread] DEBUG AssetLoader          - Loading from cache: /assets/textures/PokePlayerUnit1.png
09:10:01.591 [JavaFX Application Thread] DEBUG AssetLoader          - Loading from cache: /assets/textures/EvilPuff1.png
09:10:01.591 [JavaFX Application Thread] DEBUG AssetLoader          - Loading from cache: /assets/textures/PokePlayerUnit1.png
09:10:01.597 [JavaFX Application Thread] DEBUG AssetLoader          - Loading from cache: /assets/textures/EvilPuff1.png
09:10:01.597 [JavaFX Application Thread] DEBUG AssetLoader          - Loading from cache: /assets/textures/PokePlayerUnit1.png
09:10:01.604 [JavaFX Application Thread] DEBUG AssetLoader          - Loading from cache: /assets/textures/EvilPuff1.png
09:10:01.604 [JavaFX Application Thread] DEBUG AssetLoader          - Loading from cache: /assets/textures/PokePlayerUnit1.png
09:10:01.612 [JavaFX Application Thread] DEBUG AssetLoader          - Loading from cache: /assets/textures/EvilPuff1.png
09:10:01.612 [JavaFX Application Thread] DEBUG AssetLoader          - Loading from cache: /assets/textures/PokePlayerUnit1.png
09:10:01.618 [JavaFX Application Thread] DEBUG AssetLoader          - Loading from cache: /assets/textures/EvilPuff1.png
09:10:01.618 [JavaFX Application Thread] DEBUG AssetLoader          - Loading from cache: /assets/textures/PokePlayerUnit1.png
09:10:01.626 [JavaFX Application Thread] DEBUG AssetLoader          - Loading from cache: /assets/textures/EvilPuff1.png
09:10:01.626 [JavaFX Application Thread] DEBUG AssetLoader          - Loading from cache: /assets/textures/PokePlayerUnit1.png
09:10:01.629 [JavaFX Application Thread] DEBUG AssetLoader          - Loading from cache: /assets/textures/EvilPuff1.png
09:10:01.629 [JavaFX Application Thread] DEBUG AssetLoader          - Loading from cache: /assets/textures/PokePlayerUnit1.png
09:10:01.639 [JavaFX Application Thread] DEBUG AssetLoader          - Loading from cache: /assets/textures/EvilPuff1.png
09:10:01.640 [JavaFX Application Thread] DEBUG AssetLoader          - Loading from cache: /assets/textures/PokePlayerUnit1.png
09:10:01.646 [JavaFX Application Thread] DEBUG AssetLoader          - Loading from cache: /assets/textures/EvilPuff1.png
09:10:01.646 [JavaFX Application Thread] DEBUG AssetLoader          - Loading from cache: /assets/textures/PokePlayerUnit1.png
09:10:01.653 [JavaFX Application Thread] DEBUG AssetLoader          - Loading from cache: /assets/textures/EvilPuff1.png
09:10:01.654 [JavaFX Application Thread] DEBUG AssetLoader          - Loading from cache: /assets/textures/PokePlayerUnit1.png
09:10:01.660 [JavaFX Application Thread] DEBUG AssetLoader          - Loading from cache: /assets/textures/EvilPuff1.png
09:10:01.661 [JavaFX Application Thread] DEBUG AssetLoader          - Loading from cache: /assets/textures/PokePlayerUnit1.png
09:10:01.662 [JavaFX Application Thread] DEBUG AssetLoader          - Loading from cache: /assets/textures/EvilPuff1.png
09:10:01.662 [JavaFX Application Thread] DEBUG AssetLoader          - Loading from cache: /assets/textures/PokePlayerUnit1.png
09:10:01.675 [JavaFX Application Thread] DEBUG AssetLoader          - Loading from cache: /assets/textures/EvilPuff1.png
09:10:01.675 [JavaFX Application Thread] DEBUG AssetLoader          - Loading from cache: /assets/textures/PokePlayerUnit1.png
09:10:01.678 [JavaFX Application Thread] DEBUG AssetLoader          - Loading from cache: /assets/textures/EvilPuff1.png
09:10:01.678 [JavaFX Application Thread] DEBUG AssetLoader          - Loading from cache: /assets/textures/PokePlayerUnit1.png
09:10:01.688 [JavaFX Application Thread] DEBUG AssetLoader          - Loading from cache: /assets/textures/EvilPuff1.png
09:10:01.689 [JavaFX Application Thread] DEBUG AssetLoader          - Loading from cache: /assets/textures/PokePlayerUnit1.png
09:10:01.694 [JavaFX Application Thread] DEBUG AssetLoader          - Loading from cache: /assets/textures/EvilPuff1.png
09:10:01.694 [JavaFX Application Thread] DEBUG AssetLoader          - Loading from cache: /assets/textures/PokePlayerUnit1.png
09:10:01.703 [JavaFX Application Thread] DEBUG AssetLoader          - Loading from cache: /assets/textures/EvilPuff1.png
09:10:01.703 [JavaFX Application Thread] DEBUG AssetLoader          - Loading from cache: /assets/textures/PokePlayerUnit1.png
09:10:01.709 [JavaFX Application Thread] DEBUG AssetLoader          - Loading from cache: /assets/textures/EvilPuff1.png
09:10:01.709 [JavaFX Application Thread] DEBUG AssetLoader          - Loading from cache: /assets/textures/PokePlayerUnit1.png
09:10:01.716 [JavaFX Application Thread] DEBUG AssetLoader          - Loading from cache: /assets/textures/EvilPuff1.png
09:10:01.716 [JavaFX Application Thread] DEBUG AssetLoader          - Loading from cache: /assets/textures/PokePlayerUnit1.png
09:10:01.723 [JavaFX Application Thread] DEBUG AssetLoader          - Loading from cache: /assets/textures/EvilPuff1.png
09:10:01.723 [JavaFX Application Thread] DEBUG AssetLoader          - Loading from cache: /assets/textures/PokePlayerUnit1.png
09:10:01.725 [JavaFX Application Thread] DEBUG AssetLoader          - Loading from cache: /assets/textures/EvilPuff1.png
09:10:01.725 [JavaFX Application Thread] DEBUG AssetLoader          - Loading from cache: /assets/textures/PokePlayerUnit1.png
09:10:01.736 [JavaFX Application Thread] DEBUG AssetLoader          - Loading from cache: /assets/textures/EvilPuff1.png
09:10:01.737 [JavaFX Application Thread] DEBUG AssetLoader          - Loading from cache: /assets/textures/PokePlayerUnit1.png
09:10:01.741 [JavaFX Application Thread] DEBUG AssetLoader          - Loading from cache: /assets/textures/EvilPuff1.png
09:10:01.741 [JavaFX Application Thread] DEBUG AssetLoader          - Loading from cache: /assets/textures/PokePlayerUnit1.png
09:10:01.750 [JavaFX Application Thread] DEBUG AssetLoader          - Loading from cache: /assets/textures/EvilPuff1.png
09:10:01.750 [JavaFX Application Thread] DEBUG AssetLoader          - Loading from cache: /assets/textures/PokePlayerUnit1.png
09:10:01.757 [JavaFX Application Thread] DEBUG AssetLoader          - Loading from cache: /assets/textures/EvilPuff1.png
09:10:01.757 [JavaFX Application Thread] DEBUG AssetLoader          - Loading from cache: /assets/textures/PokePlayerUnit1.png
09:10:01.765 [JavaFX Application Thread] DEBUG AssetLoader          - Loading from cache: /assets/textures/EvilPuff1.png
09:10:01.765 [JavaFX Application Thread] DEBUG AssetLoader          - Loading from cache: /assets/textures/PokePlayerUnit1.png
09:10:01.771 [JavaFX Application Thread] DEBUG AssetLoader          - Loading from cache: /assets/textures/EvilPuff1.png
09:10:01.771 [JavaFX Application Thread] DEBUG AssetLoader          - Loading from cache: /assets/textures/PokePlayerUnit1.png
09:10:01.774 [JavaFX Application Thread] DEBUG AssetLoader          - Loading from cache: /assets/textures/EvilPuff1.png
09:10:01.774 [JavaFX Application Thread] DEBUG AssetLoader          - Loading from cache: /assets/textures/PokePlayerUnit1.png
09:10:01.785 [JavaFX Application Thread] DEBUG AssetLoader          - Loading from cache: /assets/textures/EvilPuff1.png
09:10:01.785 [JavaFX Application Thread] DEBUG AssetLoader          - Loading from cache: /assets/textures/PokePlayerUnit1.png
09:10:01.790 [JavaFX Application Thread] DEBUG AssetLoader          - Loading from cache: /assets/textures/EvilPuff1.png
09:10:01.790 [JavaFX Application Thread] DEBUG AssetLoader          - Loading from cache: /assets/textures/PokePlayerUnit1.png
09:10:01.799 [JavaFX Application Thread] DEBUG AssetLoader          - Loading from cache: /assets/textures/EvilPuff1.png
09:10:01.799 [JavaFX Application Thread] DEBUG AssetLoader          - Loading from cache: /assets/textures/PokePlayerUnit1.png
09:10:01.806 [JavaFX Application Thread] DEBUG AssetLoader          - Loading from cache: /assets/textures/EvilPuff1.png
09:10:01.806 [JavaFX Application Thread] DEBUG AssetLoader          - Loading from cache: /assets/textures/PokePlayerUnit1.png
09:10:01.813 [JavaFX Application Thread] DEBUG AssetLoader          - Loading from cache: /assets/textures/EvilPuff1.png
09:10:01.813 [JavaFX Application Thread] DEBUG AssetLoader          - Loading from cache: /assets/textures/PokePlayerUnit1.png
09:10:01.820 [JavaFX Application Thread] DEBUG AssetLoader          - Loading from cache: /assets/textures/EvilPuff1.png
09:10:01.821 [JavaFX Application Thread] DEBUG AssetLoader          - Loading from cache: /assets/textures/PokePlayerUnit1.png
09:10:01.822 [JavaFX Application Thread] DEBUG AssetLoader          - Loading from cache: /assets/textures/EvilPuff1.png
09:10:01.822 [JavaFX Application Thread] DEBUG AssetLoader          - Loading from cache: /assets/textures/PokePlayerUnit1.png
09:10:01.834 [JavaFX Application Thread] DEBUG AssetLoader          - Loading from cache: /assets/textures/EvilPuff1.png
09:10:01.834 [JavaFX Application Thread] DEBUG AssetLoader          - Loading from cache: /assets/textures/PokePlayerUnit1.png
09:10:01.838 [JavaFX Application Thread] DEBUG AssetLoader          - Loading from cache: /assets/textures/EvilPuff1.png
09:10:01.838 [JavaFX Application Thread] DEBUG AssetLoader          - Loading from cache: /assets/textures/PokePlayerUnit1.png
09:10:01.848 [JavaFX Application Thread] DEBUG AssetLoader          - Loading from cache: /assets/textures/EvilPuff1.png
09:10:01.848 [JavaFX Application Thread] DEBUG AssetLoader          - Loading from cache: /assets/textures/PokePlayerUnit1.png
09:10:01.854 [JavaFX Application Thread] DEBUG AssetLoader          - Loading from cache: /assets/textures/EvilPuff1.png
09:10:01.854 [JavaFX Application Thread] DEBUG AssetLoader          - Loading from cache: /assets/textures/PokePlayerUnit1.png
09:10:01.862 [JavaFX Application Thread] DEBUG AssetLoader          - Loading from cache: /assets/textures/EvilPuff1.png
09:10:01.862 [JavaFX Application Thread] DEBUG AssetLoader          - Loading from cache: /assets/textures/PokePlayerUnit1.png
09:10:01.869 [JavaFX Application Thread] DEBUG AssetLoader          - Loading from cache: /assets/textures/EvilPuff1.png
09:10:01.869 [JavaFX Application Thread] DEBUG AssetLoader          - Loading from cache: /assets/textures/PokePlayerUnit1.png
09:10:01.876 [JavaFX Application Thread] DEBUG AssetLoader          - Loading from cache: /assets/textures/EvilPuff1.png
09:10:01.876 [JavaFX Application Thread] DEBUG AssetLoader          - Loading from cache: /assets/textures/PokePlayerUnit1.png
09:10:01.883 [JavaFX Application Thread] DEBUG AssetLoader          - Loading from cache: /assets/textures/EvilPuff1.png
09:10:01.883 [JavaFX Application Thread] DEBUG AssetLoader          - Loading from cache: /assets/textures/PokePlayerUnit1.png
09:10:01.886 [JavaFX Application Thread] DEBUG AssetLoader          - Loading from cache: /assets/textures/EvilPuff1.png
09:10:01.886 [JavaFX Application Thread] DEBUG AssetLoader          - Loading from cache: /assets/textures/PokePlayerUnit1.png
09:10:01.897 [JavaFX Application Thread] DEBUG AssetLoader          - Loading from cache: /assets/textures/EvilPuff1.png
09:10:01.897 [JavaFX Application Thread] DEBUG AssetLoader          - Loading from cache: /assets/textures/PokePlayerUnit1.png
09:10:01.902 [JavaFX Application Thread] DEBUG AssetLoader          - Loading from cache: /assets/textures/EvilPuff1.png
09:10:01.902 [JavaFX Application Thread] DEBUG AssetLoader          - Loading from cache: /assets/textures/PokePlayerUnit1.png
09:10:01.911 [JavaFX Application Thread] DEBUG AssetLoader          - Loading from cache: /assets/textures/EvilPuff1.png
09:10:01.911 [JavaFX Application Thread] DEBUG AssetLoader          - Loading from cache: /assets/textures/PokePlayerUnit1.png
09:10:01.917 [JavaFX Application Thread] DEBUG AssetLoader          - Loading from cache: /assets/textures/EvilPuff1.png
09:10:01.918 [JavaFX Application Thread] DEBUG AssetLoader          - Loading from cache: /assets/textures/PokePlayerUnit1.png
09:10:01.925 [JavaFX Application Thread] DEBUG AssetLoader          - Loading from cache: /assets/textures/EvilPuff1.png
09:10:01.925 [JavaFX Application Thread] DEBUG AssetLoader          - Loading from cache: /assets/textures/PokePlayerUnit1.png
09:10:01.931 [JavaFX Application Thread] DEBUG AssetLoader          - Loading from cache: /assets/textures/EvilPuff1.png
09:10:01.931 [JavaFX Application Thread] DEBUG AssetLoader          - Loading from cache: /assets/textures/PokePlayerUnit1.png
09:10:01.934 [JavaFX Application Thread] DEBUG AssetLoader          - Loading from cache: /assets/textures/EvilPuff1.png
09:10:01.934 [JavaFX Application Thread] DEBUG AssetLoader          - Loading from cache: /assets/textures/PokePlayerUnit1.png
09:10:01.945 [JavaFX Application Thread] DEBUG AssetLoader          - Loading from cache: /assets/textures/EvilPuff1.png
09:10:01.945 [JavaFX Application Thread] DEBUG AssetLoader          - Loading from cache: /assets/textures/PokePlayerUnit1.png
09:10:01.949 [JavaFX Application Thread] DEBUG AssetLoader          - Loading from cache: /assets/textures/EvilPuff1.png
09:10:01.949 [JavaFX Application Thread] DEBUG AssetLoader          - Loading from cache: /assets/textures/PokePlayerUnit1.png
09:10:01.958 [JavaFX Application Thread] DEBUG AssetLoader          - Loading from cache: /assets/textures/EvilPuff1.png
09:10:01.958 [JavaFX Application Thread] DEBUG AssetLoader          - Loading from cache: /assets/textures/PokePlayerUnit1.png
09:10:01.965 [JavaFX Application Thread] DEBUG AssetLoader          - Loading from cache: /assets/textures/EvilPuff1.png
09:10:01.965 [JavaFX Application Thread] DEBUG AssetLoader          - Loading from cache: /assets/textures/PokePlayerUnit1.png
09:10:01.972 [JavaFX Application Thread] DEBUG AssetLoader          - Loading from cache: /assets/textures/EvilPuff1.png
09:10:01.972 [JavaFX Application Thread] DEBUG AssetLoader          - Loading from cache: /assets/textures/PokePlayerUnit1.png
09:10:01.980 [JavaFX Application Thread] DEBUG AssetLoader          - Loading from cache: /assets/textures/EvilPuff1.png
09:10:01.980 [JavaFX Application Thread] DEBUG AssetLoader          - Loading from cache: /assets/textures/PokePlayerUnit1.png
09:10:01.981 [JavaFX Application Thread] DEBUG AssetLoader          - Loading from cache: /assets/textures/EvilPuff1.png
09:10:01.981 [JavaFX Application Thread] DEBUG AssetLoader          - Loading from cache: /assets/textures/PokePlayerUnit1.png
09:10:01.994 [JavaFX Application Thread] DEBUG AssetLoader          - Loading from cache: /assets/textures/EvilPuff1.png
09:10:01.994 [JavaFX Application Thread] DEBUG AssetLoader          - Loading from cache: /assets/textures/PokePlayerUnit1.png
09:10:01.997 [JavaFX Application Thread] DEBUG AssetLoader          - Loading from cache: /assets/textures/EvilPuff1.png
09:10:01.997 [JavaFX Application Thread] DEBUG AssetLoader          - Loading from cache: /assets/textures/PokePlayerUnit1.png
09:10:02.008 [JavaFX Application Thread] DEBUG AssetLoader          - Loading from cache: /assets/textures/EvilPuff1.png
09:10:02.008 [JavaFX Application Thread] DEBUG AssetLoader          - Loading from cache: /assets/textures/PokePlayerUnit1.png
09:10:02.013 [JavaFX Application Thread] DEBUG AssetLoader          - Loading from cache: /assets/textures/EvilPuff1.png
09:10:02.013 [JavaFX Application Thread] DEBUG AssetLoader          - Loading from cache: /assets/textures/PokePlayerUnit1.png
09:10:02.021 [JavaFX Application Thread] DEBUG AssetLoader          - Loading from cache: /assets/textures/EvilPuff1.png
09:10:02.022 [JavaFX Application Thread] DEBUG AssetLoader          - Loading from cache: /assets/textures/PokePlayerUnit1.png
09:10:02.028 [JavaFX Application Thread] DEBUG AssetLoader          - Loading from cache: /assets/textures/EvilPuff1.png
09:10:02.029 [JavaFX Application Thread] DEBUG AssetLoader          - Loading from cache: /assets/textures/PokePlayerUnit1.png
09:10:02.029 [JavaFX Application Thread] DEBUG AssetLoader          - Loading from cache: /assets/textures/EvilPuff1.png
09:10:02.029 [JavaFX Application Thread] DEBUG AssetLoader          - Loading from cache: /assets/textures/PokePlayerUnit1.png
09:10:02.041 [JavaFX Application Thread] DEBUG AssetLoader          - Loading from cache: /assets/textures/EvilPuff1.png
09:10:02.042 [JavaFX Application Thread] DEBUG AssetLoader          - Loading from cache: /assets/textures/PokePlayerUnit1.png
09:10:02.045 [JavaFX Application Thread] DEBUG AssetLoader          - Loading from cache: /assets/textures/EvilPuff1.png
09:10:02.045 [JavaFX Application Thread] DEBUG AssetLoader          - Loading from cache: /assets/textures/PokePlayerUnit1.png
09:10:02.056 [JavaFX Application Thread] DEBUG AssetLoader          - Loading from cache: /assets/textures/EvilPuff1.png
09:10:02.056 [JavaFX Application Thread] DEBUG AssetLoader          - Loading from cache: /assets/textures/PokePlayerUnit1.png
09:10:02.061 [JavaFX Application Thread] DEBUG AssetLoader          - Loading from cache: /assets/textures/EvilPuff1.png
09:10:02.061 [JavaFX Application Thread] DEBUG AssetLoader          - Loading from cache: /assets/textures/PokePlayerUnit1.png
09:10:02.070 [JavaFX Application Thread] DEBUG AssetLoader          - Loading from cache: /assets/textures/EvilPuff1.png
09:10:02.070 [JavaFX Application Thread] DEBUG AssetLoader          - Loading from cache: /assets/textures/PokePlayerUnit1.png
09:10:02.077 [JavaFX Application Thread] DEBUG AssetLoader          - Loading from cache: /assets/textures/EvilPuff1.png
09:10:02.077 [JavaFX Application Thread] DEBUG AssetLoader          - Loading from cache: /assets/textures/PokePlayerUnit1.png
09:10:02.084 [JavaFX Application Thread] DEBUG AssetLoader          - Loading from cache: /assets/textures/EvilPuff1.png
09:10:02.084 [JavaFX Application Thread] DEBUG AssetLoader          - Loading from cache: /assets/textures/PokePlayerUnit1.png
09:10:02.091 [JavaFX Application Thread] DEBUG AssetLoader          - Loading from cache: /assets/textures/EvilPuff1.png
09:10:02.091 [JavaFX Application Thread] DEBUG AssetLoader          - Loading from cache: /assets/textures/PokePlayerUnit1.png
09:10:02.093 [JavaFX Application Thread] DEBUG AssetLoader          - Loading from cache: /assets/textures/EvilPuff1.png
09:10:02.093 [JavaFX Application Thread] DEBUG AssetLoader          - Loading from cache: /assets/textures/PokePlayerUnit1.png
09:10:02.105 [JavaFX Application Thread] DEBUG AssetLoader          - Loading from cache: /assets/textures/EvilPuff1.png
09:10:02.105 [JavaFX Application Thread] DEBUG AssetLoader          - Loading from cache: /assets/textures/PokePlayerUnit1.png
09:10:02.109 [JavaFX Application Thread] DEBUG AssetLoader          - Loading from cache: /assets/textures/EvilPuff1.png
09:10:02.109 [JavaFX Application Thread] DEBUG AssetLoader          - Loading from cache: /assets/textures/PokePlayerUnit1.png
09:10:02.119 [JavaFX Application Thread] DEBUG AssetLoader          - Loading from cache: /assets/textures/EvilPuff1.png
09:10:02.119 [JavaFX Application Thread] DEBUG AssetLoader          - Loading from cache: /assets/textures/PokePlayerUnit1.png
09:10:02.125 [JavaFX Application Thread] DEBUG AssetLoader          - Loading from cache: /assets/textures/EvilPuff1.png
09:10:02.125 [JavaFX Application Thread] DEBUG AssetLoader          - Loading from cache: /assets/textures/PokePlayerUnit1.png
09:10:02.141 [JavaFX Application Thread] DEBUG AssetLoader          - Loading from cache: /assets/textures/EvilPuff1.png
09:10:02.141 [JavaFX Application Thread] DEBUG AssetLoader          - Loading from cache: /assets/textures/PokePlayerUnit1.png
09:10:02.147 [JavaFX Application Thread] DEBUG AssetLoader          - Loading from cache: /assets/textures/EvilPuff1.png
09:10:02.147 [JavaFX Application Thread] DEBUG AssetLoader          - Loading from cache: /assets/textures/PokePlayerUnit1.png
09:10:02.153 [JavaFX Application Thread] DEBUG AssetLoader          - Loading from cache: /assets/textures/EvilPuff1.png
09:10:02.153 [JavaFX Application Thread] DEBUG AssetLoader          - Loading from cache: /assets/textures/PokePlayerUnit1.png
09:10:02.158 [JavaFX Application Thread] DEBUG AssetLoader          - Loading from cache: /assets/textures/EvilPuff1.png
09:10:02.158 [JavaFX Application Thread] DEBUG AssetLoader          - Loading from cache: /assets/textures/PokePlayerUnit1.png
09:10:02.167 [JavaFX Application Thread] DEBUG AssetLoader          - Loading from cache: /assets/textures/EvilPuff1.png
09:10:02.167 [JavaFX Application Thread] DEBUG AssetLoader          - Loading from cache: /assets/textures/PokePlayerUnit1.png
09:10:02.174 [JavaFX Application Thread] DEBUG AssetLoader          - Loading from cache: /assets/textures/EvilPuff1.png
09:10:02.174 [JavaFX Application Thread] DEBUG AssetLoader          - Loading from cache: /assets/textures/PokePlayerUnit1.png
09:10:02.181 [JavaFX Application Thread] DEBUG AssetLoader          - Loading from cache: /assets/textures/EvilPuff1.png
09:10:02.181 [JavaFX Application Thread] DEBUG AssetLoader          - Loading from cache: /assets/textures/PokePlayerUnit1.png
09:10:02.188 [JavaFX Application Thread] DEBUG AssetLoader          - Loading from cache: /assets/textures/EvilPuff1.png
09:10:02.188 [JavaFX Application Thread] DEBUG AssetLoader          - Loading from cache: /assets/textures/PokePlayerUnit1.png
09:10:02.190 [JavaFX Application Thread] DEBUG AssetLoader          - Loading from cache: /assets/textures/EvilPuff1.png
09:10:02.190 [JavaFX Application Thread] DEBUG AssetLoader          - Loading from cache: /assets/textures/PokePlayerUnit1.png
09:10:02.202 [JavaFX Application Thread] DEBUG AssetLoader          - Loading from cache: /assets/textures/EvilPuff1.png
09:10:02.202 [JavaFX Application Thread] DEBUG AssetLoader          - Loading from cache: /assets/textures/PokePlayerUnit1.png
09:10:02.206 [JavaFX Application Thread] DEBUG AssetLoader          - Loading from cache: /assets/textures/EvilPuff1.png
09:10:02.206 [JavaFX Application Thread] DEBUG AssetLoader          - Loading from cache: /assets/textures/PokePlayerUnit1.png
09:10:02.216 [JavaFX Application Thread] DEBUG AssetLoader          - Loading from cache: /assets/textures/EvilPuff1.png
09:10:02.216 [JavaFX Application Thread] DEBUG AssetLoader          - Loading from cache: /assets/textures/PokePlayerUnit1.png
09:10:02.222 [JavaFX Application Thread] DEBUG AssetLoader          - Loading from cache: /assets/textures/EvilPuff1.png
09:10:02.222 [JavaFX Application Thread] DEBUG AssetLoader          - Loading from cache: /assets/textures/PokePlayerUnit1.png
09:10:02.230 [JavaFX Application Thread] DEBUG AssetLoader          - Loading from cache: /assets/textures/EvilPuff1.png
09:10:02.230 [JavaFX Application Thread] DEBUG AssetLoader          - Loading from cache: /assets/textures/PokePlayerUnit1.png
09:10:02.236 [JavaFX Application Thread] DEBUG AssetLoader          - Loading from cache: /assets/textures/EvilPuff1.png
09:10:02.237 [JavaFX Application Thread] DEBUG AssetLoader          - Loading from cache: /assets/textures/PokePlayerUnit1.png
09:10:02.238 [JavaFX Application Thread] DEBUG AssetLoader          - Loading from cache: /assets/textures/EvilPuff1.png
09:10:02.238 [JavaFX Application Thread] DEBUG AssetLoader          - Loading from cache: /assets/textures/PokePlayerUnit1.png
09:10:02.251 [JavaFX Application Thread] DEBUG AssetLoader          - Loading from cache: /assets/textures/EvilPuff1.png
09:10:02.251 [JavaFX Application Thread] DEBUG AssetLoader          - Loading from cache: /assets/textures/PokePlayerUnit1.png
09:10:02.254 [JavaFX Application Thread] DEBUG AssetLoader          - Loading from cache: /assets/textures/EvilPuff1.png
09:10:02.254 [JavaFX Application Thread] DEBUG AssetLoader          - Loading from cache: /assets/textures/PokePlayerUnit1.png
09:10:02.259 [JavaFX Application Thread] DEBUG Input                - Clearing active input actions
09:10:02.267 [JavaFX Application Thread] DEBUG Engine               - Removing overlay from GameScene and adding to PokeBounceGameMenu
09:10:02.267 [JavaFX Application Thread] DEBUG MainWindow           - GameScene -> PokeBounceGameMenu
09:10:03.035 [JavaFX Application Thread] DEBUG MainWindow           - Push state: DialogSubState
09:10:03.035 [JavaFX Application Thread] DEBUG Input                - Clearing active input actions
09:10:03.039 [JavaFX Application Thread] DEBUG Engine               - Removing overlay from PokeBounceGameMenu and adding to DialogSubState
09:10:03.039 [JavaFX Application Thread] DEBUG MainWindow           - PokeBounceGameMenu -> DialogSubState
09:10:03.550 [JavaFX Application Thread] DEBUG MainWindow           - Pop state: DialogSubState
09:10:03.550 [JavaFX Application Thread] DEBUG Input                - Clearing active input actions
09:10:03.550 [JavaFX Application Thread] DEBUG Engine               - Removing overlay from DialogSubState and adding to PokeBounceGameMenu
09:10:03.550 [JavaFX Application Thread] DEBUG MainWindow           - PokeBounceGameMenu <- DialogSubState
09:10:03.550 [JavaFX Application Thread] DEBUG Input                - Clearing active input actions
09:10:03.553 [JavaFX Application Thread] DEBUG Engine               - Removing overlay from PokeBounceGameMenu and adding to PokeBounceMainMenu
09:10:03.554 [JavaFX Application Thread] DEBUG MainWindow           - PokeBounceGameMenu -> PokeBounceMainMenu
09:10:03.554 [JavaFX Application Thread] DEBUG AudioPlayer          - Stopping music com.almasb.fxgl.audio.Music@42f98203
09:10:03.622 [JavaFX Application Thread] DEBUG AudioPlayer          - Playing music com.almasb.fxgl.audio.Music@42f98203
09:10:05.679 [JavaFX Application Thread] DEBUG Engine               - Exiting FXGL
09:10:05.679 [JavaFX Application Thread] DEBUG Engine               - Shutting down background threads
09:10:05.679 [JavaFX Application Thread] DEBUG Engine               - Saving FXGL system data
09:10:05.681 [JavaFX Application Thread] DEBUG FSServiceImpl        - Writing to: E:\Spil projekt - Jan 2020\Demo1\system\fxgl.bundle
09:10:05.682 [JavaFX Application Thread] DEBUG Engine               - Closing logger and exiting JavaFX
