22:02:01.324 [main                     ] DEBUG GameApplication      - Logger initialized
22:02:01.343 [main                     ] DEBUG GameApplication      - Logging settings
Title: PokeBounce - Zealand
Version: 0.1
Width: 600
Height: 600
Fullscreen: false
Intro: false
Menus: true
Profiling: false
Single step:false
App Mode: DEVELOPER
Menu Key: ESCAPE
Stage Style: DECORATED
Scene Factory: class PokeBounce.pokebounce.BasicGameApp$1
Dialog Factory: class com.almasb.fxgl.ui.FXGLDialogFactory
UI Factory: class com.almasb.fxgl.ui.FXGLUIFactory

22:02:02.151 [JavaFX Application Thread] DEBUG Engine               - Initializing FXGL
22:02:02.151 [JavaFX Application Thread] INFO  Engine               - FXGL-11.7 (05.01.2020 09.46) on WINDOWS (J:11.0.5 FX:10.0.2-internal)
22:02:02.152 [JavaFX Application Thread] INFO  Engine               - Source code and latest versions at: https://github.com/AlmasB/FXGL
22:02:02.152 [JavaFX Application Thread] INFO  Engine               -              Join the FXGL chat at: https://gitter.im/AlmasB/FXGL
22:02:02.152 [JavaFX Application Thread] DEBUG Engine               - Initializing environment variables
22:02:02.154 [JavaFX Application Thread] DEBUG Engine               - Logging environment variables
22:02:02.154 [JavaFX Application Thread] DEBUG Engine               - achievements: []
22:02:02.154 [JavaFX Application Thread] DEBUG Engine               - sceneStack: com.almasb.fxgl.app.Engine@1640fdff
22:02:02.154 [JavaFX Application Thread] DEBUG Engine               - language: ObjectProperty [value: ENGLISH]
22:02:02.154 [JavaFX Application Thread] DEBUG Engine               - isCloseConfirmation: false
22:02:02.154 [JavaFX Application Thread] DEBUG Engine               - isProfilingEnabled: false
22:02:02.155 [JavaFX Application Thread] DEBUG Engine               - soundNotification: core/notification.wav
22:02:02.155 [JavaFX Application Thread] DEBUG Engine               - devShowBBoxProperty: BooleanProperty [value: false]
22:02:02.155 [JavaFX Application Thread] DEBUG Engine               - pixelsPerMeter: 50.0
22:02:02.156 [JavaFX Application Thread] DEBUG Engine               - overlayRoot: Group@924161a
22:02:02.156 [JavaFX Application Thread] DEBUG Engine               - soundMenuBack: menu/back.wav
22:02:02.156 [JavaFX Application Thread] DEBUG Engine               - appIcon: EvilPuffIcon.png
22:02:02.156 [JavaFX Application Thread] DEBUG Engine               - isFullScreenAllowed: false
22:02:02.156 [JavaFX Application Thread] DEBUG Engine               - isIntroEnabled: false
22:02:02.156 [JavaFX Application Thread] DEBUG Engine               - eventBus: com.almasb.fxgl.event.EventBus@6846d283
22:02:02.156 [JavaFX Application Thread] DEBUG Engine               - fontMono: lucida_console.ttf
22:02:02.156 [JavaFX Application Thread] DEBUG Engine               - soundMenuSelect: menu/select.wav
22:02:02.156 [JavaFX Application Thread] DEBUG Engine               - isWindows: true
22:02:02.157 [JavaFX Application Thread] DEBUG Engine               - isMobile: false
22:02:02.157 [JavaFX Application Thread] DEBUG Engine               - height: 600
22:02:02.157 [JavaFX Application Thread] DEBUG Engine               - isExperimentalNative: false
22:02:02.157 [JavaFX Application Thread] DEBUG Engine               - isSingleStep: false
22:02:02.157 [JavaFX Application Thread] DEBUG Engine               - cSSList: [fxgl_dark.css]
22:02:02.157 [JavaFX Application Thread] DEBUG Engine               - fontGame: Abel-Regular.ttf
22:02:02.157 [JavaFX Application Thread] DEBUG Engine               - menuKey: ESCAPE
22:02:02.157 [JavaFX Application Thread] DEBUG Engine               - devShowPositionProperty: BooleanProperty [value: false]
22:02:02.157 [JavaFX Application Thread] DEBUG Engine               - versionCheckDays: 7
22:02:02.158 [JavaFX Application Thread] DEBUG Engine               - masterTimer: com.almasb.fxgl.time.Timer@79f86571
22:02:02.158 [JavaFX Application Thread] DEBUG Engine               - configClass: Optional.empty
22:02:02.158 [JavaFX Application Thread] DEBUG Engine               - isFullScreenFromStart: false
22:02:02.158 [JavaFX Application Thread] DEBUG Engine               - version: 0.1
22:02:02.158 [JavaFX Application Thread] DEBUG Engine               - fullScreen: BooleanProperty [value: false]
22:02:02.158 [JavaFX Application Thread] DEBUG Engine               - randomSeed: -1
22:02:02.158 [JavaFX Application Thread] DEBUG Engine               - dialogFactory: com.almasb.fxgl.ui.FXGLDialogFactory@1bdaa5d7
22:02:02.158 [JavaFX Application Thread] DEBUG Engine               - applicationMode: DEVELOPER
22:02:02.158 [JavaFX Application Thread] DEBUG Engine               - isMac: false
22:02:02.158 [JavaFX Application Thread] DEBUG Engine               - urlGoogleForms: https://goo.gl/forms/6wrMnOBxTE1fEpOy2
22:02:02.159 [JavaFX Application Thread] DEBUG Engine               - isMenuEnabled: true
22:02:02.159 [JavaFX Application Thread] DEBUG Engine               - urlPOM: https://raw.githubusercontent.com/AlmasB/FXGL/master/pom.xml
22:02:02.159 [JavaFX Application Thread] DEBUG Engine               - profileName: user.profile
22:02:02.159 [JavaFX Application Thread] DEBUG Engine               - notificationViewClass: class com.almasb.fxgl.notification.view.XboxNotificationView
22:02:02.159 [JavaFX Application Thread] DEBUG Engine               - devSensorColorProperty: ObjectProperty [value: 0xffff00ff]
22:02:02.159 [JavaFX Application Thread] DEBUG Engine               - sceneFactory: PokeBounce.pokebounce.BasicGameApp$1@32e7f470
22:02:02.159 [JavaFX Application Thread] DEBUG Engine               - dataFileExt: .dat
22:02:02.159 [JavaFX Application Thread] DEBUG Engine               - stageStyle: DECORATED
22:02:02.159 [JavaFX Application Thread] DEBUG Engine               - isManualResizeEnabled: false
22:02:02.159 [JavaFX Application Thread] DEBUG Engine               - title: PokeBounce - Zealand
22:02:02.159 [JavaFX Application Thread] DEBUG Engine               - platform: WINDOWS
22:02:02.160 [JavaFX Application Thread] DEBUG Engine               - devBBoxColorProperty: ObjectProperty [value: 0xff0000ff]
22:02:02.160 [JavaFX Application Thread] DEBUG Engine               - isDesktop: true
22:02:02.160 [JavaFX Application Thread] DEBUG Engine               - credits: []
22:02:02.160 [JavaFX Application Thread] DEBUG Engine               - globalMusicVolumeProperty: DoubleProperty [value: 0.5]
22:02:02.160 [JavaFX Application Thread] DEBUG Engine               - uIFactory: com.almasb.fxgl.ui.FXGLUIFactory@6cebfa65
22:02:02.160 [JavaFX Application Thread] DEBUG Engine               - isPreserveResizeRatio: false
22:02:02.160 [JavaFX Application Thread] DEBUG Engine               - fontText: Courier-Prime.ttf
22:02:02.160 [JavaFX Application Thread] DEBUG Engine               - isExperimentalTiledLargeMap: false
22:02:02.160 [JavaFX Application Thread] DEBUG Engine               - secondsIn24h: 60
22:02:02.160 [JavaFX Application Thread] DEBUG Engine               - runtimeInfo: RuntimeInfo(platform=WINDOWS, version=11.7, build=05.01.2020 09.46)
22:02:02.160 [JavaFX Application Thread] DEBUG Engine               - isLinux: false
22:02:02.160 [JavaFX Application Thread] DEBUG Engine               - soundMenuPress: menu/press.wav
22:02:02.160 [JavaFX Application Thread] DEBUG Engine               - urlGithub: https://github.com/AlmasB/FXGL
22:02:02.160 [JavaFX Application Thread] DEBUG Engine               - profileDir: profiles/
22:02:02.161 [JavaFX Application Thread] DEBUG Engine               - isDeveloperMenuEnabled: false
22:02:02.161 [JavaFX Application Thread] DEBUG Engine               - globalSoundVolumeProperty: DoubleProperty [value: 0.5]
22:02:02.161 [JavaFX Application Thread] DEBUG Engine               - isBrowser: false
22:02:02.161 [JavaFX Application Thread] DEBUG Engine               - globalSoundVolume: 0.5
22:02:02.161 [JavaFX Application Thread] DEBUG Engine               - urlLeaderboard: http://fxgl-top.herokuapp.com/
22:02:02.161 [JavaFX Application Thread] DEBUG Engine               - saveDir: saves/
22:02:02.161 [JavaFX Application Thread] DEBUG Engine               - engineServices: [class com.almasb.fxgl.audio.AudioPlayer, class com.almasb.fxgl.notification.impl.NotificationServiceProvider, class com.almasb.fxgl.achievement.AchievementManager, class com.almasb.fxgl.cutscene.CutsceneService, class com.almasb.fxgl.minigames.MiniGameService]
22:02:02.161 [JavaFX Application Thread] DEBUG Engine               - globalMusicVolume: 0.5
22:02:02.161 [JavaFX Application Thread] DEBUG Engine               - width: 600
22:02:02.161 [JavaFX Application Thread] DEBUG Engine               - saveFileExt: .sav
22:02:02.161 [JavaFX Application Thread] DEBUG Engine               - isAndroid: false
22:02:02.161 [JavaFX Application Thread] DEBUG Engine               - fontUI: VarelaRound-Regular.ttf
22:02:02.161 [JavaFX Application Thread] DEBUG Engine               - enabledMenuItems: []
22:02:02.161 [JavaFX Application Thread] DEBUG Engine               - isIOS: false
22:02:02.164 [JavaFX Application Thread] DEBUG Engine               - Adding new engine service: class com.almasb.fxgl.audio.AudioPlayer
22:02:02.164 [JavaFX Application Thread] DEBUG Engine               - Adding new engine service: class com.almasb.fxgl.notification.impl.NotificationServiceProvider
22:02:02.165 [JavaFX Application Thread] DEBUG Engine               - Adding new engine service: class com.almasb.fxgl.achievement.AchievementManager
22:02:02.165 [JavaFX Application Thread] DEBUG Engine               - Adding new engine service: class com.almasb.fxgl.cutscene.CutsceneService
22:02:02.166 [JavaFX Application Thread] DEBUG Engine               - Adding new engine service: class com.almasb.fxgl.minigames.MiniGameService
22:02:02.168 [JavaFX Application Thread] DEBUG Engine               - Loading localizations
22:02:02.171 [JavaFX Application Thread] DEBUG AssetLoader          - Loading from file system: /assets/properties/languages/english.properties
22:02:02.175 [JavaFX Application Thread] DEBUG AssetLoader          - Loading from file system: /assets/properties/languages/french.properties
22:02:02.176 [JavaFX Application Thread] DEBUG AssetLoader          - Loading from file system: /assets/properties/languages/german.properties
22:02:02.177 [JavaFX Application Thread] DEBUG AssetLoader          - Loading from file system: /assets/properties/languages/russian.properties
22:02:02.179 [JavaFX Application Thread] DEBUG AssetLoader          - Loading from file system: /assets/properties/languages/hungarian.properties
22:02:02.180 [JavaFX Application Thread] DEBUG Engine               - Registering font factories
22:02:02.180 [JavaFX Application Thread] DEBUG AssetLoader          - Loading from file system: /assets/ui/fonts/VarelaRound-Regular.ttf
22:02:02.348 [JavaFX Application Thread] DEBUG AssetLoader          - Loading from file system: /assets/ui/fonts/Abel-Regular.ttf
22:02:02.356 [JavaFX Application Thread] DEBUG AssetLoader          - Loading from file system: /assets/ui/fonts/lucida_console.ttf
22:02:02.365 [JavaFX Application Thread] DEBUG AssetLoader          - Loading from file system: /assets/ui/fonts/Courier-Prime.ttf
22:02:02.374 [JavaFX Application Thread] DEBUG Engine               - Setting UI factory
22:02:02.458 [JavaFX Application Thread] DEBUG AssetLoader          - Loading from file system: /assets/textures/fxgl_logo.png
22:02:02.503 [JavaFX Application Thread] DEBUG MainWindow           - Creating a JavaFX scene
22:02:02.535 [JavaFX Application Thread] DEBUG MainWindow           - Target settings size: 600.0 x 600.0
22:02:02.535 [JavaFX Application Thread] DEBUG MainWindow           - Scaled scene size:    600.0 x 600.0
22:02:02.535 [JavaFX Application Thread] DEBUG MainWindow           - Scaled ratio: (1.0, 1.0)
22:02:02.537 [JavaFX Application Thread] DEBUG MainWindow           - Set initial scene to FXGLStartupScene
22:02:02.544 [JavaFX Application Thread] DEBUG AssetLoader          - Loading from file system: /assets/textures/EvilPuffIcon.png
22:02:02.546 [JavaFX Application Thread] DEBUG Engine               - Applying CSS: fxgl_dark.css
22:02:02.546 [JavaFX Application Thread] DEBUG AssetLoader          - Loading from file system: /assets/ui/css/fxgl_dark.css
22:02:02.548 [JavaFX Application Thread] DEBUG AssetLoader          - Loading from file system: /assets/ui/cursors/fxgl_default.png
22:02:02.550 [JavaFX Application Thread] DEBUG MainWindow           - Opening main window
22:02:02.650 [JavaFX Application Thread] DEBUG MainWindow           - Window border size: (16.0, 39.0)
22:02:02.650 [JavaFX Application Thread] DEBUG MainWindow           - Scaled size: 600.0 x 600.0
22:02:02.650 [JavaFX Application Thread] DEBUG MainWindow           - Scaled ratio: (1.0, 1.0)
22:02:02.651 [JavaFX Application Thread] DEBUG MainWindow           - Scene size: 600.0 x 600.0
22:02:02.651 [JavaFX Application Thread] DEBUG MainWindow           - Stage size: 616.0 x 639.0
22:02:02.667 [FXGL Background Thread 1 ] DEBUG FS                   - Loaded FSServiceImpl
22:02:02.667 [FXGL Background Thread 1 ] DEBUG Engine               - Loading FXGL system data
22:02:02.671 [FXGL Background Thread 1 ] DEBUG FSServiceImpl        - Reading from: E:\Spil projekt - Jan 2020\Demo1\system\fxgl.bundle
22:02:02.678 [FXGL Background Thread 1 ] DEBUG Engine               - Bundle FXGL: {}
22:02:02.678 [FXGL Background Thread 1 ] DEBUG Engine               - Initializing application scenes
22:02:02.707 [FXGL Background Thread 1 ] DEBUG GameWorld            - Game world initialized
22:02:02.758 [FXGL Background Thread 1 ] DEBUG PhysicsWorld         - Physics world initialized: appHeight=600, physics.ppm=50,0
22:02:02.760 [FXGL Background Thread 1 ] DEBUG GameScene            - Game scene initialized: 600x600
22:02:02.784 [FXGL Background Thread 1 ] DEBUG AssetLoader          - Loading from file system: /assets/textures/MainMenuGif.gif
22:02:02.923 [FXGL Background Thread 1 ] DEBUG AssetLoader          - Loading from file system: /assets/textures/GameMenuEvilPuff3.png
22:02:02.936 [FXGL Background Thread 1 ] DEBUG Engine               - Application scenes initialized
22:02:02.939 [JavaFX Application Thread] DEBUG Engine               - Running preInit()
22:02:02.945 [JavaFX Application Thread] DEBUG Input                - Registered new binding: Move Right - D
22:02:02.945 [JavaFX Application Thread] DEBUG Input                - Registered new binding: Move Left - A
22:02:02.945 [JavaFX Application Thread] DEBUG Input                - Registered new binding: Move Up - W
22:02:02.946 [JavaFX Application Thread] DEBUG Input                - Registered new binding: Move Down - S
22:02:02.946 [JavaFX Application Thread] DEBUG Input                - Registered new binding: Screenshot - P
22:02:02.947 [JavaFX Application Thread] DEBUG Input                - Registered new binding: System info dump - CTRL+9
22:02:02.947 [JavaFX Application Thread] DEBUG Input                - Registered new binding: Restart - CTRL+R
22:02:02.947 [JavaFX Application Thread] DEBUG Engine               - generateDefaultProfile()
22:02:02.947 [JavaFX Application Thread] DEBUG Engine               - Creating default profile
22:02:02.947 [JavaFX Application Thread] DEBUG EventBus             - Firing event: SaveEvent
22:02:02.955 [JavaFX Application Thread] INFO  Engine               - FXGL initialization took: 0,787 sec
22:02:02.956 [JavaFX Application Thread] DEBUG LoopRunner           - Starting loop
22:02:02.957 [JavaFX Application Thread] DEBUG FXGLStartupScene     - STARTUP
22:02:02.958 [JavaFX Application Thread] DEBUG Input                - Clearing active input actions
22:02:02.968 [JavaFX Application Thread] DEBUG Engine               - Removing overlay from FXGLStartupScene and adding to PokeBounceMainMenu
22:02:02.968 [JavaFX Application Thread] DEBUG MainWindow           - FXGLStartupScene -> PokeBounceMainMenu
22:02:03.862 [JavaFX Application Thread] DEBUG Engine               - Exiting FXGL
22:02:03.862 [JavaFX Application Thread] DEBUG Engine               - Shutting down background threads
22:02:03.862 [JavaFX Application Thread] DEBUG Engine               - Saving FXGL system data
22:02:03.864 [JavaFX Application Thread] DEBUG FSServiceImpl        - Writing to: E:\Spil projekt - Jan 2020\Demo1\system\fxgl.bundle
22:02:03.866 [JavaFX Application Thread] DEBUG Engine               - Closing logger and exiting JavaFX
