19:06:59.057 [main                     ] DEBUG GameApplication      - Logger initialized
19:06:59.075 [main                     ] DEBUG GameApplication      - Logging settings
Title: PokeBounce - Zealand
Version: 0.1
Width: 600
Height: 600
Fullscreen: false
Intro: false
Menus: true
Profiling: false
Single step:false
App Mode: DEVELOPER
Menu Key: ESCAPE
Stage Style: DECORATED
Scene Factory: class PokeBounce.pokebounce.BasicGameApp$1
Dialog Factory: class com.almasb.fxgl.ui.FXGLDialogFactory
UI Factory: class com.almasb.fxgl.ui.FXGLUIFactory

19:06:59.365 [JavaFX Application Thread] DEBUG Engine               - Initializing FXGL
19:06:59.366 [JavaFX Application Thread] INFO  Engine               - FXGL-11.7 (05.01.2020 09.46) on WINDOWS (J:11.0.5 FX:10.0.2-internal)
19:06:59.366 [JavaFX Application Thread] INFO  Engine               - Source code and latest versions at: https://github.com/AlmasB/FXGL
19:06:59.366 [JavaFX Application Thread] INFO  Engine               -              Join the FXGL chat at: https://gitter.im/AlmasB/FXGL
19:06:59.367 [JavaFX Application Thread] DEBUG Engine               - Initializing environment variables
19:06:59.369 [JavaFX Application Thread] DEBUG Engine               - Logging environment variables
19:06:59.369 [JavaFX Application Thread] DEBUG Engine               - achievements: []
19:06:59.370 [JavaFX Application Thread] DEBUG Engine               - sceneStack: com.almasb.fxgl.app.Engine@7e9f3c9d
19:06:59.370 [JavaFX Application Thread] DEBUG Engine               - language: ObjectProperty [value: ENGLISH]
19:06:59.370 [JavaFX Application Thread] DEBUG Engine               - isCloseConfirmation: false
19:06:59.370 [JavaFX Application Thread] DEBUG Engine               - isProfilingEnabled: false
19:06:59.370 [JavaFX Application Thread] DEBUG Engine               - soundNotification: core/notification.wav
19:06:59.370 [JavaFX Application Thread] DEBUG Engine               - devShowBBoxProperty: BooleanProperty [value: false]
19:06:59.371 [JavaFX Application Thread] DEBUG Engine               - pixelsPerMeter: 50.0
19:06:59.371 [JavaFX Application Thread] DEBUG Engine               - overlayRoot: Group@30381d44
19:06:59.371 [JavaFX Application Thread] DEBUG Engine               - soundMenuBack: menu/back.wav
19:06:59.372 [JavaFX Application Thread] DEBUG Engine               - appIcon: EvilPuffIcon.png
19:06:59.372 [JavaFX Application Thread] DEBUG Engine               - isFullScreenAllowed: false
19:06:59.372 [JavaFX Application Thread] DEBUG Engine               - isIntroEnabled: false
19:06:59.372 [JavaFX Application Thread] DEBUG Engine               - eventBus: com.almasb.fxgl.event.EventBus@521e837e
19:06:59.372 [JavaFX Application Thread] DEBUG Engine               - fontMono: lucida_console.ttf
19:06:59.372 [JavaFX Application Thread] DEBUG Engine               - soundMenuSelect: menu/select.wav
19:06:59.373 [JavaFX Application Thread] DEBUG Engine               - isWindows: true
19:06:59.373 [JavaFX Application Thread] DEBUG Engine               - isMobile: false
19:06:59.373 [JavaFX Application Thread] DEBUG Engine               - height: 600
19:06:59.373 [JavaFX Application Thread] DEBUG Engine               - isExperimentalNative: false
19:06:59.373 [JavaFX Application Thread] DEBUG Engine               - isSingleStep: false
19:06:59.373 [JavaFX Application Thread] DEBUG Engine               - cSSList: [fxgl_dark.css]
19:06:59.373 [JavaFX Application Thread] DEBUG Engine               - fontGame: Abel-Regular.ttf
19:06:59.373 [JavaFX Application Thread] DEBUG Engine               - menuKey: ESCAPE
19:06:59.373 [JavaFX Application Thread] DEBUG Engine               - devShowPositionProperty: BooleanProperty [value: false]
19:06:59.373 [JavaFX Application Thread] DEBUG Engine               - versionCheckDays: 7
19:06:59.374 [JavaFX Application Thread] DEBUG Engine               - masterTimer: com.almasb.fxgl.time.Timer@55622674
19:06:59.374 [JavaFX Application Thread] DEBUG Engine               - configClass: Optional.empty
19:06:59.374 [JavaFX Application Thread] DEBUG Engine               - isFullScreenFromStart: false
19:06:59.374 [JavaFX Application Thread] DEBUG Engine               - version: 0.1
19:06:59.374 [JavaFX Application Thread] DEBUG Engine               - fullScreen: BooleanProperty [value: false]
19:06:59.375 [JavaFX Application Thread] DEBUG Engine               - randomSeed: -1
19:06:59.375 [JavaFX Application Thread] DEBUG Engine               - dialogFactory: com.almasb.fxgl.ui.FXGLDialogFactory@46e1bd92
19:06:59.375 [JavaFX Application Thread] DEBUG Engine               - applicationMode: DEVELOPER
19:06:59.375 [JavaFX Application Thread] DEBUG Engine               - isMac: false
19:06:59.375 [JavaFX Application Thread] DEBUG Engine               - urlGoogleForms: https://goo.gl/forms/6wrMnOBxTE1fEpOy2
19:06:59.375 [JavaFX Application Thread] DEBUG Engine               - isMenuEnabled: true
19:06:59.375 [JavaFX Application Thread] DEBUG Engine               - urlPOM: https://raw.githubusercontent.com/AlmasB/FXGL/master/pom.xml
19:06:59.375 [JavaFX Application Thread] DEBUG Engine               - profileName: user.profile
19:06:59.375 [JavaFX Application Thread] DEBUG Engine               - notificationViewClass: class com.almasb.fxgl.notification.view.XboxNotificationView
19:06:59.376 [JavaFX Application Thread] DEBUG Engine               - devSensorColorProperty: ObjectProperty [value: 0xffff00ff]
19:06:59.376 [JavaFX Application Thread] DEBUG Engine               - sceneFactory: PokeBounce.pokebounce.BasicGameApp$1@36c34a37
19:06:59.376 [JavaFX Application Thread] DEBUG Engine               - dataFileExt: .dat
19:06:59.376 [JavaFX Application Thread] DEBUG Engine               - stageStyle: DECORATED
19:06:59.376 [JavaFX Application Thread] DEBUG Engine               - isManualResizeEnabled: false
19:06:59.376 [JavaFX Application Thread] DEBUG Engine               - title: PokeBounce - Zealand
19:06:59.376 [JavaFX Application Thread] DEBUG Engine               - platform: WINDOWS
19:06:59.376 [JavaFX Application Thread] DEBUG Engine               - devBBoxColorProperty: ObjectProperty [value: 0xff0000ff]
19:06:59.376 [JavaFX Application Thread] DEBUG Engine               - isDesktop: true
19:06:59.377 [JavaFX Application Thread] DEBUG Engine               - credits: []
19:06:59.377 [JavaFX Application Thread] DEBUG Engine               - globalMusicVolumeProperty: DoubleProperty [value: 0.5]
19:06:59.377 [JavaFX Application Thread] DEBUG Engine               - uIFactory: com.almasb.fxgl.ui.FXGLUIFactory@10603ae2
19:06:59.377 [JavaFX Application Thread] DEBUG Engine               - isPreserveResizeRatio: false
19:06:59.377 [JavaFX Application Thread] DEBUG Engine               - fontText: Courier-Prime.ttf
19:06:59.378 [JavaFX Application Thread] DEBUG Engine               - isExperimentalTiledLargeMap: false
19:06:59.378 [JavaFX Application Thread] DEBUG Engine               - secondsIn24h: 60
19:06:59.378 [JavaFX Application Thread] DEBUG Engine               - runtimeInfo: RuntimeInfo(platform=WINDOWS, version=11.7, build=05.01.2020 09.46)
19:06:59.379 [JavaFX Application Thread] DEBUG Engine               - isLinux: false
19:06:59.379 [JavaFX Application Thread] DEBUG Engine               - soundMenuPress: menu/press.wav
19:06:59.379 [JavaFX Application Thread] DEBUG Engine               - urlGithub: https://github.com/AlmasB/FXGL
19:06:59.379 [JavaFX Application Thread] DEBUG Engine               - profileDir: profiles/
19:06:59.379 [JavaFX Application Thread] DEBUG Engine               - isDeveloperMenuEnabled: false
19:06:59.379 [JavaFX Application Thread] DEBUG Engine               - globalSoundVolumeProperty: DoubleProperty [value: 0.5]
19:06:59.379 [JavaFX Application Thread] DEBUG Engine               - isBrowser: false
19:06:59.379 [JavaFX Application Thread] DEBUG Engine               - globalSoundVolume: 0.5
19:06:59.379 [JavaFX Application Thread] DEBUG Engine               - urlLeaderboard: http://fxgl-top.herokuapp.com/
19:06:59.379 [JavaFX Application Thread] DEBUG Engine               - saveDir: saves/
19:06:59.379 [JavaFX Application Thread] DEBUG Engine               - engineServices: [class com.almasb.fxgl.audio.AudioPlayer, class com.almasb.fxgl.notification.impl.NotificationServiceProvider, class com.almasb.fxgl.achievement.AchievementManager, class com.almasb.fxgl.cutscene.CutsceneService, class com.almasb.fxgl.minigames.MiniGameService]
19:06:59.380 [JavaFX Application Thread] DEBUG Engine               - globalMusicVolume: 0.5
19:06:59.380 [JavaFX Application Thread] DEBUG Engine               - width: 600
19:06:59.380 [JavaFX Application Thread] DEBUG Engine               - saveFileExt: .sav
19:06:59.380 [JavaFX Application Thread] DEBUG Engine               - isAndroid: false
19:06:59.380 [JavaFX Application Thread] DEBUG Engine               - fontUI: VarelaRound-Regular.ttf
19:06:59.380 [JavaFX Application Thread] DEBUG Engine               - enabledMenuItems: []
19:06:59.380 [JavaFX Application Thread] DEBUG Engine               - isIOS: false
19:06:59.382 [JavaFX Application Thread] DEBUG Engine               - Adding new engine service: class com.almasb.fxgl.audio.AudioPlayer
19:06:59.383 [JavaFX Application Thread] DEBUG Engine               - Adding new engine service: class com.almasb.fxgl.notification.impl.NotificationServiceProvider
19:06:59.383 [JavaFX Application Thread] DEBUG Engine               - Adding new engine service: class com.almasb.fxgl.achievement.AchievementManager
19:06:59.385 [JavaFX Application Thread] DEBUG Engine               - Adding new engine service: class com.almasb.fxgl.cutscene.CutsceneService
19:06:59.385 [JavaFX Application Thread] DEBUG Engine               - Adding new engine service: class com.almasb.fxgl.minigames.MiniGameService
19:06:59.387 [JavaFX Application Thread] DEBUG Engine               - Loading localizations
19:06:59.389 [JavaFX Application Thread] DEBUG AssetLoader          - Loading from file system: /assets/properties/languages/english.properties
19:06:59.392 [JavaFX Application Thread] DEBUG AssetLoader          - Loading from file system: /assets/properties/languages/french.properties
19:06:59.394 [JavaFX Application Thread] DEBUG AssetLoader          - Loading from file system: /assets/properties/languages/german.properties
19:06:59.396 [JavaFX Application Thread] DEBUG AssetLoader          - Loading from file system: /assets/properties/languages/russian.properties
19:06:59.398 [JavaFX Application Thread] DEBUG AssetLoader          - Loading from file system: /assets/properties/languages/hungarian.properties
19:06:59.400 [JavaFX Application Thread] DEBUG Engine               - Registering font factories
19:06:59.401 [JavaFX Application Thread] DEBUG AssetLoader          - Loading from file system: /assets/ui/fonts/VarelaRound-Regular.ttf
19:06:59.541 [JavaFX Application Thread] DEBUG AssetLoader          - Loading from file system: /assets/ui/fonts/Abel-Regular.ttf
19:06:59.548 [JavaFX Application Thread] DEBUG AssetLoader          - Loading from file system: /assets/ui/fonts/lucida_console.ttf
19:06:59.556 [JavaFX Application Thread] DEBUG AssetLoader          - Loading from file system: /assets/ui/fonts/Courier-Prime.ttf
19:06:59.565 [JavaFX Application Thread] DEBUG Engine               - Setting UI factory
19:06:59.651 [JavaFX Application Thread] DEBUG AssetLoader          - Loading from file system: /assets/textures/fxgl_logo.png
19:06:59.692 [JavaFX Application Thread] DEBUG MainWindow           - Creating a JavaFX scene
19:06:59.717 [JavaFX Application Thread] DEBUG MainWindow           - Target settings size: 600.0 x 600.0
19:06:59.717 [JavaFX Application Thread] DEBUG MainWindow           - Scaled scene size:    600.0 x 600.0
19:06:59.717 [JavaFX Application Thread] DEBUG MainWindow           - Scaled ratio: (1.0, 1.0)
19:06:59.718 [JavaFX Application Thread] DEBUG MainWindow           - Set initial scene to FXGLStartupScene
19:06:59.724 [JavaFX Application Thread] DEBUG AssetLoader          - Loading from file system: /assets/textures/EvilPuffIcon.png
19:06:59.725 [JavaFX Application Thread] DEBUG Engine               - Applying CSS: fxgl_dark.css
19:06:59.726 [JavaFX Application Thread] DEBUG AssetLoader          - Loading from file system: /assets/ui/css/fxgl_dark.css
19:06:59.727 [JavaFX Application Thread] DEBUG AssetLoader          - Loading from file system: /assets/ui/cursors/fxgl_default.png
19:06:59.729 [JavaFX Application Thread] DEBUG MainWindow           - Opening main window
19:06:59.832 [JavaFX Application Thread] DEBUG MainWindow           - Window border size: (16.0, 39.0)
19:06:59.833 [JavaFX Application Thread] DEBUG MainWindow           - Scaled size: 600.0 x 600.0
19:06:59.833 [JavaFX Application Thread] DEBUG MainWindow           - Scaled ratio: (1.0, 1.0)
19:06:59.833 [JavaFX Application Thread] DEBUG MainWindow           - Scene size: 600.0 x 600.0
19:06:59.833 [JavaFX Application Thread] DEBUG MainWindow           - Stage size: 616.0 x 639.0
19:06:59.848 [FXGL Background Thread 1 ] DEBUG FS                   - Loaded FSServiceImpl
19:06:59.848 [FXGL Background Thread 1 ] DEBUG Engine               - Loading FXGL system data
19:06:59.851 [FXGL Background Thread 1 ] DEBUG FSServiceImpl        - Reading from: E:\Spil projekt - Jan 2020\Demo1\system\fxgl.bundle
19:06:59.857 [FXGL Background Thread 1 ] DEBUG Engine               - Bundle FXGL: {}
19:06:59.857 [FXGL Background Thread 1 ] DEBUG Engine               - Initializing application scenes
19:06:59.877 [FXGL Background Thread 1 ] DEBUG GameWorld            - Game world initialized
19:06:59.914 [FXGL Background Thread 1 ] DEBUG PhysicsWorld         - Physics world initialized: appHeight=600, physics.ppm=50,0
19:06:59.915 [FXGL Background Thread 1 ] DEBUG GameScene            - Game scene initialized: 600x600
19:06:59.935 [FXGL Background Thread 1 ] DEBUG AssetLoader          - Loading from file system: /assets/textures/MainMenuGif.gif
19:07:00.066 [FXGL Background Thread 1 ] DEBUG AssetLoader          - Loading from file system: /assets/textures/GameMenuEvilPuff3.png
19:07:00.079 [FXGL Background Thread 1 ] DEBUG Engine               - Application scenes initialized
19:07:00.081 [JavaFX Application Thread] DEBUG Engine               - Running preInit()
19:07:00.087 [JavaFX Application Thread] DEBUG Input                - Registered new binding: Move Right - D
19:07:00.087 [JavaFX Application Thread] DEBUG Input                - Registered new binding: Move Left - A
19:07:00.087 [JavaFX Application Thread] DEBUG Input                - Registered new binding: Move Up - W
19:07:00.087 [JavaFX Application Thread] DEBUG Input                - Registered new binding: Move Down - S
19:07:00.087 [JavaFX Application Thread] DEBUG Input                - Registered new binding: Screenshot - P
19:07:00.088 [JavaFX Application Thread] DEBUG Input                - Registered new binding: System info dump - CTRL+9
19:07:00.088 [JavaFX Application Thread] DEBUG Input                - Registered new binding: Restart - CTRL+R
19:07:00.088 [JavaFX Application Thread] DEBUG Engine               - generateDefaultProfile()
19:07:00.088 [JavaFX Application Thread] DEBUG Engine               - Creating default profile
19:07:00.088 [JavaFX Application Thread] DEBUG EventBus             - Firing event: SaveEvent
19:07:00.096 [JavaFX Application Thread] INFO  Engine               - FXGL initialization took: 0,709 sec
19:07:00.096 [JavaFX Application Thread] DEBUG LoopRunner           - Starting loop
19:07:00.097 [JavaFX Application Thread] DEBUG FXGLStartupScene     - STARTUP
19:07:00.099 [JavaFX Application Thread] DEBUG Input                - Clearing active input actions
19:07:00.110 [JavaFX Application Thread] DEBUG Engine               - Removing overlay from FXGLStartupScene and adding to PokeBounceMainMenu
19:07:00.110 [JavaFX Application Thread] DEBUG MainWindow           - FXGLStartupScene -> PokeBounceMainMenu
19:07:03.976 [JavaFX Application Thread] DEBUG Engine               - Exiting FXGL
19:07:03.976 [JavaFX Application Thread] DEBUG Engine               - Shutting down background threads
19:07:03.976 [JavaFX Application Thread] DEBUG Engine               - Saving FXGL system data
19:07:03.978 [JavaFX Application Thread] DEBUG FSServiceImpl        - Writing to: E:\Spil projekt - Jan 2020\Demo1\system\fxgl.bundle
19:07:03.979 [JavaFX Application Thread] DEBUG Engine               - Closing logger and exiting JavaFX
