08:36:13.993 [main                     ] DEBUG GameApplication      - Logger initialized
08:36:14.021 [main                     ] DEBUG GameApplication      - Logging settings
Title: PokeBounce - Zealand
Version: 0.1
Width: 600
Height: 600
Fullscreen: false
Intro: false
Menus: true
Profiling: false
Single step:false
App Mode: DEVELOPER
Menu Key: ESCAPE
Stage Style: DECORATED
Scene Factory: class PokeBounce.pokebounce.BasicGameApp$1
Dialog Factory: class com.almasb.fxgl.ui.FXGLDialogFactory
UI Factory: class com.almasb.fxgl.ui.FXGLUIFactory

08:36:14.380 [JavaFX Application Thread] DEBUG Engine               - Initializing FXGL
08:36:14.381 [JavaFX Application Thread] INFO  Engine               - FXGL-11.7 (05.01.2020 09.46) on WINDOWS (J:11.0.4 FX:10.0.2-internal)
08:36:14.381 [JavaFX Application Thread] INFO  Engine               - Source code and latest versions at: https://github.com/AlmasB/FXGL
08:36:14.382 [JavaFX Application Thread] INFO  Engine               -              Join the FXGL chat at: https://gitter.im/AlmasB/FXGL
08:36:14.382 [JavaFX Application Thread] DEBUG Engine               - Initializing environment variables
08:36:14.385 [JavaFX Application Thread] DEBUG Engine               - Logging environment variables
08:36:14.386 [JavaFX Application Thread] DEBUG Engine               - achievements: []
08:36:14.386 [JavaFX Application Thread] DEBUG Engine               - sceneStack: com.almasb.fxgl.app.Engine@36e34dcd
08:36:14.386 [JavaFX Application Thread] DEBUG Engine               - language: ObjectProperty [value: ENGLISH]
08:36:14.387 [JavaFX Application Thread] DEBUG Engine               - isCloseConfirmation: false
08:36:14.387 [JavaFX Application Thread] DEBUG Engine               - isProfilingEnabled: false
08:36:14.387 [JavaFX Application Thread] DEBUG Engine               - soundNotification: core/notification.wav
08:36:14.387 [JavaFX Application Thread] DEBUG Engine               - devShowBBoxProperty: BooleanProperty [value: false]
08:36:14.389 [JavaFX Application Thread] DEBUG Engine               - pixelsPerMeter: 50.0
08:36:14.390 [JavaFX Application Thread] DEBUG Engine               - overlayRoot: Group@2bc96e
08:36:14.390 [JavaFX Application Thread] DEBUG Engine               - appIcon: EvilPuffIcon.png
08:36:14.390 [JavaFX Application Thread] DEBUG Engine               - soundMenuBack: menu/back.wav
08:36:14.390 [JavaFX Application Thread] DEBUG Engine               - isFullScreenAllowed: false
08:36:14.390 [JavaFX Application Thread] DEBUG Engine               - isIntroEnabled: false
08:36:14.390 [JavaFX Application Thread] DEBUG Engine               - eventBus: com.almasb.fxgl.event.EventBus@65ab397d
08:36:14.391 [JavaFX Application Thread] DEBUG Engine               - fontMono: lucida_console.ttf
08:36:14.391 [JavaFX Application Thread] DEBUG Engine               - soundMenuSelect: menu/select.wav
08:36:14.391 [JavaFX Application Thread] DEBUG Engine               - isWindows: true
08:36:14.391 [JavaFX Application Thread] DEBUG Engine               - isMobile: false
08:36:14.391 [JavaFX Application Thread] DEBUG Engine               - height: 600
08:36:14.392 [JavaFX Application Thread] DEBUG Engine               - isExperimentalNative: false
08:36:14.392 [JavaFX Application Thread] DEBUG Engine               - isSingleStep: false
08:36:14.392 [JavaFX Application Thread] DEBUG Engine               - cSSList: [fxgl_dark.css]
08:36:14.392 [JavaFX Application Thread] DEBUG Engine               - fontGame: Abel-Regular.ttf
08:36:14.392 [JavaFX Application Thread] DEBUG Engine               - menuKey: ESCAPE
08:36:14.392 [JavaFX Application Thread] DEBUG Engine               - devShowPositionProperty: BooleanProperty [value: false]
08:36:14.393 [JavaFX Application Thread] DEBUG Engine               - versionCheckDays: 7
08:36:14.393 [JavaFX Application Thread] DEBUG Engine               - masterTimer: com.almasb.fxgl.time.Timer@490a8d20
08:36:14.393 [JavaFX Application Thread] DEBUG Engine               - configClass: Optional.empty
08:36:14.393 [JavaFX Application Thread] DEBUG Engine               - isFullScreenFromStart: false
08:36:14.393 [JavaFX Application Thread] DEBUG Engine               - version: 0.1
08:36:14.393 [JavaFX Application Thread] DEBUG Engine               - fullScreen: BooleanProperty [value: false]
08:36:14.394 [JavaFX Application Thread] DEBUG Engine               - randomSeed: -1
08:36:14.394 [JavaFX Application Thread] DEBUG Engine               - dialogFactory: com.almasb.fxgl.ui.FXGLDialogFactory@5864a822
08:36:14.394 [JavaFX Application Thread] DEBUG Engine               - applicationMode: DEVELOPER
08:36:14.394 [JavaFX Application Thread] DEBUG Engine               - isMac: false
08:36:14.394 [JavaFX Application Thread] DEBUG Engine               - urlGoogleForms: https://goo.gl/forms/6wrMnOBxTE1fEpOy2
08:36:14.394 [JavaFX Application Thread] DEBUG Engine               - isMenuEnabled: true
08:36:14.394 [JavaFX Application Thread] DEBUG Engine               - urlPOM: https://raw.githubusercontent.com/AlmasB/FXGL/master/pom.xml
08:36:14.395 [JavaFX Application Thread] DEBUG Engine               - profileName: user.profile
08:36:14.395 [JavaFX Application Thread] DEBUG Engine               - notificationViewClass: class com.almasb.fxgl.notification.view.XboxNotificationView
08:36:14.395 [JavaFX Application Thread] DEBUG Engine               - devSensorColorProperty: ObjectProperty [value: 0xffff00ff]
08:36:14.395 [JavaFX Application Thread] DEBUG Engine               - sceneFactory: PokeBounce.pokebounce.BasicGameApp$1@6da7af9
08:36:14.395 [JavaFX Application Thread] DEBUG Engine               - dataFileExt: .dat
08:36:14.395 [JavaFX Application Thread] DEBUG Engine               - stageStyle: DECORATED
08:36:14.396 [JavaFX Application Thread] DEBUG Engine               - isManualResizeEnabled: false
08:36:14.396 [JavaFX Application Thread] DEBUG Engine               - title: PokeBounce - Zealand
08:36:14.396 [JavaFX Application Thread] DEBUG Engine               - platform: WINDOWS
08:36:14.396 [JavaFX Application Thread] DEBUG Engine               - devBBoxColorProperty: ObjectProperty [value: 0xff0000ff]
08:36:14.396 [JavaFX Application Thread] DEBUG Engine               - isDesktop: true
08:36:14.396 [JavaFX Application Thread] DEBUG Engine               - credits: []
08:36:14.396 [JavaFX Application Thread] DEBUG Engine               - globalMusicVolumeProperty: DoubleProperty [value: 0.5]
08:36:14.397 [JavaFX Application Thread] DEBUG Engine               - uIFactory: com.almasb.fxgl.ui.FXGLUIFactory@3a06db8e
08:36:14.397 [JavaFX Application Thread] DEBUG Engine               - isPreserveResizeRatio: false
08:36:14.397 [JavaFX Application Thread] DEBUG Engine               - fontText: Courier-Prime.ttf
08:36:14.397 [JavaFX Application Thread] DEBUG Engine               - isExperimentalTiledLargeMap: false
08:36:14.397 [JavaFX Application Thread] DEBUG Engine               - secondsIn24h: 60
08:36:14.397 [JavaFX Application Thread] DEBUG Engine               - runtimeInfo: RuntimeInfo(platform=WINDOWS, version=11.7, build=05.01.2020 09.46)
08:36:14.397 [JavaFX Application Thread] DEBUG Engine               - isLinux: false
08:36:14.397 [JavaFX Application Thread] DEBUG Engine               - soundMenuPress: menu/press.wav
08:36:14.398 [JavaFX Application Thread] DEBUG Engine               - urlGithub: https://github.com/AlmasB/FXGL
08:36:14.398 [JavaFX Application Thread] DEBUG Engine               - profileDir: profiles/
08:36:14.398 [JavaFX Application Thread] DEBUG Engine               - isDeveloperMenuEnabled: false
08:36:14.398 [JavaFX Application Thread] DEBUG Engine               - globalSoundVolumeProperty: DoubleProperty [value: 0.5]
08:36:14.398 [JavaFX Application Thread] DEBUG Engine               - isBrowser: false
08:36:14.398 [JavaFX Application Thread] DEBUG Engine               - globalSoundVolume: 0.5
08:36:14.398 [JavaFX Application Thread] DEBUG Engine               - urlLeaderboard: http://fxgl-top.herokuapp.com/
08:36:14.398 [JavaFX Application Thread] DEBUG Engine               - saveDir: saves/
08:36:14.399 [JavaFX Application Thread] DEBUG Engine               - engineServices: [class com.almasb.fxgl.audio.AudioPlayer, class com.almasb.fxgl.notification.impl.NotificationServiceProvider, class com.almasb.fxgl.achievement.AchievementManager, class com.almasb.fxgl.cutscene.CutsceneService, class com.almasb.fxgl.minigames.MiniGameService]
08:36:14.399 [JavaFX Application Thread] DEBUG Engine               - globalMusicVolume: 0.5
08:36:14.399 [JavaFX Application Thread] DEBUG Engine               - width: 600
08:36:14.399 [JavaFX Application Thread] DEBUG Engine               - saveFileExt: .sav
08:36:14.399 [JavaFX Application Thread] DEBUG Engine               - isAndroid: false
08:36:14.399 [JavaFX Application Thread] DEBUG Engine               - fontUI: VarelaRound-Regular.ttf
08:36:14.399 [JavaFX Application Thread] DEBUG Engine               - enabledMenuItems: []
08:36:14.400 [JavaFX Application Thread] DEBUG Engine               - isIOS: false
08:36:14.403 [JavaFX Application Thread] DEBUG Engine               - Adding new engine service: class com.almasb.fxgl.audio.AudioPlayer
08:36:14.405 [JavaFX Application Thread] DEBUG Engine               - Adding new engine service: class com.almasb.fxgl.notification.impl.NotificationServiceProvider
08:36:14.405 [JavaFX Application Thread] DEBUG Engine               - Adding new engine service: class com.almasb.fxgl.achievement.AchievementManager
08:36:14.407 [JavaFX Application Thread] DEBUG Engine               - Adding new engine service: class com.almasb.fxgl.cutscene.CutsceneService
08:36:14.407 [JavaFX Application Thread] DEBUG Engine               - Adding new engine service: class com.almasb.fxgl.minigames.MiniGameService
08:36:14.411 [JavaFX Application Thread] DEBUG Engine               - Loading localizations
08:36:14.421 [JavaFX Application Thread] DEBUG AssetLoader          - Loading from file system: /assets/properties/languages/english.properties
08:36:14.424 [JavaFX Application Thread] DEBUG AssetLoader          - Loading from file system: /assets/properties/languages/french.properties
08:36:14.427 [JavaFX Application Thread] DEBUG AssetLoader          - Loading from file system: /assets/properties/languages/german.properties
08:36:14.429 [JavaFX Application Thread] DEBUG AssetLoader          - Loading from file system: /assets/properties/languages/russian.properties
08:36:14.431 [JavaFX Application Thread] DEBUG AssetLoader          - Loading from file system: /assets/properties/languages/hungarian.properties
08:36:14.435 [JavaFX Application Thread] DEBUG Engine               - Registering font factories
08:36:14.435 [JavaFX Application Thread] DEBUG AssetLoader          - Loading from file system: /assets/ui/fonts/VarelaRound-Regular.ttf
08:36:14.778 [JavaFX Application Thread] DEBUG AssetLoader          - Loading from file system: /assets/ui/fonts/Abel-Regular.ttf
08:36:14.792 [JavaFX Application Thread] DEBUG AssetLoader          - Loading from file system: /assets/ui/fonts/lucida_console.ttf
08:36:14.809 [JavaFX Application Thread] DEBUG AssetLoader          - Loading from file system: /assets/ui/fonts/Courier-Prime.ttf
08:36:14.824 [JavaFX Application Thread] DEBUG Engine               - Setting UI factory
08:36:14.917 [JavaFX Application Thread] DEBUG AssetLoader          - Loading from file system: /assets/textures/fxgl_logo.png
08:36:14.959 [JavaFX Application Thread] DEBUG MainWindow           - Creating a JavaFX scene
08:36:14.991 [JavaFX Application Thread] DEBUG MainWindow           - Target settings size: 600.0 x 600.0
08:36:14.991 [JavaFX Application Thread] DEBUG MainWindow           - Scaled scene size:    600.0 x 600.0
08:36:14.992 [JavaFX Application Thread] DEBUG MainWindow           - Scaled ratio: (1.0, 1.0)
08:36:14.992 [JavaFX Application Thread] DEBUG MainWindow           - Set initial scene to FXGLStartupScene
08:36:14.998 [JavaFX Application Thread] DEBUG AssetLoader          - Loading from file system: /assets/textures/EvilPuffIcon.png
08:36:15.001 [JavaFX Application Thread] DEBUG Engine               - Applying CSS: fxgl_dark.css
08:36:15.002 [JavaFX Application Thread] DEBUG AssetLoader          - Loading from file system: /assets/ui/css/fxgl_dark.css
08:36:15.003 [JavaFX Application Thread] DEBUG AssetLoader          - Loading from file system: /assets/ui/cursors/fxgl_default.png
08:36:15.005 [JavaFX Application Thread] DEBUG MainWindow           - Opening main window
08:36:15.121 [JavaFX Application Thread] DEBUG MainWindow           - Window border size: (14.4000244140625, 37.5999755859375)
08:36:15.121 [JavaFX Application Thread] DEBUG MainWindow           - Scaled size: 600.0 x 600.0
08:36:15.122 [JavaFX Application Thread] DEBUG MainWindow           - Scaled ratio: (1.0, 1.0)
08:36:15.122 [JavaFX Application Thread] DEBUG MainWindow           - Scene size: 600.0 x 600.0
08:36:15.122 [JavaFX Application Thread] DEBUG MainWindow           - Stage size: 614.4000244140625 x 637.5999755859375
08:36:15.137 [FXGL Background Thread 1 ] DEBUG FS                   - Loaded FSServiceImpl
08:36:15.138 [FXGL Background Thread 1 ] DEBUG Engine               - Loading FXGL system data
08:36:15.146 [FXGL Background Thread 1 ] DEBUG FSServiceImpl        - Reading from: C:\Users\Patrick\Desktop\Spil projekt - Jan 2020\Demo1\system\fxgl.bundle
08:36:15.160 [FXGL Background Thread 1 ] DEBUG Engine               - Bundle FXGL: {}
08:36:15.160 [FXGL Background Thread 1 ] DEBUG Engine               - Initializing application scenes
08:36:15.198 [FXGL Background Thread 1 ] DEBUG GameWorld            - Game world initialized
08:36:15.286 [FXGL Background Thread 1 ] DEBUG PhysicsWorld         - Physics world initialized: appHeight=600, physics.ppm=50,0
08:36:15.287 [FXGL Background Thread 1 ] DEBUG GameScene            - Game scene initialized: 600x600
08:36:15.318 [FXGL Background Thread 1 ] DEBUG AssetLoader          - Loading from file system: /assets/textures/MainMenuGif.gif
08:36:15.535 [FXGL Background Thread 1 ] DEBUG AssetLoader          - Loading from file system: /assets/textures/GameMenuEvilPuff3.png
08:36:15.555 [FXGL Background Thread 1 ] DEBUG Engine               - Application scenes initialized
08:36:15.559 [JavaFX Application Thread] DEBUG Engine               - Running preInit()
08:36:15.566 [JavaFX Application Thread] DEBUG Input                - Registered new binding: Move Right - D
08:36:15.566 [JavaFX Application Thread] DEBUG Input                - Registered new binding: Move Left - A
08:36:15.566 [JavaFX Application Thread] DEBUG Input                - Registered new binding: Move Up - W
08:36:15.566 [JavaFX Application Thread] DEBUG Input                - Registered new binding: Move Down - S
08:36:15.567 [JavaFX Application Thread] DEBUG Input                - Registered new binding: Screenshot - P
08:36:15.568 [JavaFX Application Thread] DEBUG Input                - Registered new binding: System info dump - CTRL+9
08:36:15.568 [JavaFX Application Thread] DEBUG Input                - Registered new binding: Restart - CTRL+R
08:36:15.568 [JavaFX Application Thread] DEBUG Engine               - generateDefaultProfile()
08:36:15.568 [JavaFX Application Thread] DEBUG Engine               - Creating default profile
08:36:15.568 [JavaFX Application Thread] DEBUG EventBus             - Firing event: SaveEvent
08:36:15.577 [JavaFX Application Thread] DEBUG AssetLoader          - Loading from file system: /assets/music/MainMenuMusic.mp3
08:36:15.798 [JavaFX Application Thread] DEBUG AudioPlayer          - Playing music com.almasb.fxgl.audio.Music@548513aa
08:36:15.799 [JavaFX Application Thread] INFO  Engine               - FXGL initialization took: 1,387 sec
08:36:15.799 [JavaFX Application Thread] DEBUG LoopRunner           - Starting loop
08:36:15.803 [JavaFX Application Thread] DEBUG FXGLStartupScene     - STARTUP
08:36:15.808 [JavaFX Application Thread] DEBUG Input                - Clearing active input actions
08:36:15.836 [JavaFX Application Thread] DEBUG Engine               - Removing overlay from FXGLStartupScene and adding to PokeBounceMainMenu
08:36:15.836 [JavaFX Application Thread] DEBUG MainWindow           - FXGLStartupScene -> PokeBounceMainMenu
08:36:20.523 [JavaFX Application Thread] DEBUG Engine               - Exiting FXGL
08:36:20.523 [JavaFX Application Thread] DEBUG Engine               - Shutting down background threads
08:36:20.523 [JavaFX Application Thread] DEBUG Engine               - Saving FXGL system data
08:36:20.526 [JavaFX Application Thread] DEBUG FSServiceImpl        - Writing to: C:\Users\Patrick\Desktop\Spil projekt - Jan 2020\Demo1\system\fxgl.bundle
08:36:20.530 [JavaFX Application Thread] DEBUG Engine               - Closing logger and exiting JavaFX
