13:33:56.355 [main                     ] DEBUG GameApplication      - Logger initialized
13:33:56.400 [main                     ] DEBUG GameApplication      - Logging settings
Title: Basic Game app
Version: 0.1
Width: 600
Height: 600
Fullscreen: false
Intro: false
Menus: false
Profiling: false
Single step:false
App Mode: DEVELOPER
Menu Key: ESCAPE
Stage Style: DECORATED
Scene Factory: class com.almasb.fxgl.app.SceneFactory
Dialog Factory: class com.almasb.fxgl.ui.FXGLDialogFactory
UI Factory: class com.almasb.fxgl.ui.FXGLUIFactory

13:33:56.810 [JavaFX Application Thread] DEBUG Engine               - Initializing FXGL
13:33:56.811 [JavaFX Application Thread] INFO  Engine               - FXGL-11.7 (05.01.2020 09.46) on WINDOWS (J:11.0.4 FX:10.0.2-internal)
13:33:56.811 [JavaFX Application Thread] INFO  Engine               - Source code and latest versions at: https://github.com/AlmasB/FXGL
13:33:56.811 [JavaFX Application Thread] INFO  Engine               -              Join the FXGL chat at: https://gitter.im/AlmasB/FXGL
13:33:56.812 [JavaFX Application Thread] DEBUG Engine               - Initializing environment variables
13:33:56.814 [JavaFX Application Thread] DEBUG Engine               - Logging environment variables
13:33:56.814 [JavaFX Application Thread] DEBUG Engine               - achievements: []
13:33:56.815 [JavaFX Application Thread] DEBUG Engine               - sceneStack: com.almasb.fxgl.app.Engine@27957ba2
13:33:56.815 [JavaFX Application Thread] DEBUG Engine               - isCloseConfirmation: false
13:33:56.815 [JavaFX Application Thread] DEBUG Engine               - language: ObjectProperty [value: ENGLISH]
13:33:56.815 [JavaFX Application Thread] DEBUG Engine               - isProfilingEnabled: false
13:33:56.816 [JavaFX Application Thread] DEBUG Engine               - soundNotification: core/notification.wav
13:33:56.816 [JavaFX Application Thread] DEBUG Engine               - devShowBBoxProperty: BooleanProperty [value: false]
13:33:56.817 [JavaFX Application Thread] DEBUG Engine               - pixelsPerMeter: 50.0
13:33:56.818 [JavaFX Application Thread] DEBUG Engine               - overlayRoot: Group@74a43422
13:33:56.818 [JavaFX Application Thread] DEBUG Engine               - appIcon: fxgl_icon.png
13:33:56.818 [JavaFX Application Thread] DEBUG Engine               - soundMenuBack: menu/back.wav
13:33:56.818 [JavaFX Application Thread] DEBUG Engine               - isFullScreenAllowed: false
13:33:56.819 [JavaFX Application Thread] DEBUG Engine               - isIntroEnabled: false
13:33:56.819 [JavaFX Application Thread] DEBUG Engine               - eventBus: com.almasb.fxgl.event.EventBus@1cbd2f95
13:33:56.819 [JavaFX Application Thread] DEBUG Engine               - fontMono: lucida_console.ttf
13:33:56.819 [JavaFX Application Thread] DEBUG Engine               - soundMenuSelect: menu/select.wav
13:33:56.819 [JavaFX Application Thread] DEBUG Engine               - isWindows: true
13:33:56.819 [JavaFX Application Thread] DEBUG Engine               - isMobile: false
13:33:56.820 [JavaFX Application Thread] DEBUG Engine               - height: 600
13:33:56.820 [JavaFX Application Thread] DEBUG Engine               - isExperimentalNative: false
13:33:56.820 [JavaFX Application Thread] DEBUG Engine               - cSSList: [fxgl_dark.css]
13:33:56.820 [JavaFX Application Thread] DEBUG Engine               - isSingleStep: false
13:33:56.821 [JavaFX Application Thread] DEBUG Engine               - fontGame: Abel-Regular.ttf
13:33:56.821 [JavaFX Application Thread] DEBUG Engine               - menuKey: ESCAPE
13:33:56.821 [JavaFX Application Thread] DEBUG Engine               - devShowPositionProperty: BooleanProperty [value: false]
13:33:56.821 [JavaFX Application Thread] DEBUG Engine               - versionCheckDays: 7
13:33:56.821 [JavaFX Application Thread] DEBUG Engine               - masterTimer: com.almasb.fxgl.time.Timer@10f90fcb
13:33:56.822 [JavaFX Application Thread] DEBUG Engine               - configClass: Optional.empty
13:33:56.822 [JavaFX Application Thread] DEBUG Engine               - isFullScreenFromStart: false
13:33:56.822 [JavaFX Application Thread] DEBUG Engine               - version: 0.1
13:33:56.822 [JavaFX Application Thread] DEBUG Engine               - fullScreen: BooleanProperty [value: false]
13:33:56.822 [JavaFX Application Thread] DEBUG Engine               - randomSeed: -1
13:33:56.823 [JavaFX Application Thread] DEBUG Engine               - dialogFactory: com.almasb.fxgl.ui.FXGLDialogFactory@6da92611
13:33:56.823 [JavaFX Application Thread] DEBUG Engine               - applicationMode: DEVELOPER
13:33:56.823 [JavaFX Application Thread] DEBUG Engine               - isMac: false
13:33:56.823 [JavaFX Application Thread] DEBUG Engine               - urlGoogleForms: https://goo.gl/forms/6wrMnOBxTE1fEpOy2
13:33:56.824 [JavaFX Application Thread] DEBUG Engine               - isMenuEnabled: false
13:33:56.824 [JavaFX Application Thread] DEBUG Engine               - urlPOM: https://raw.githubusercontent.com/AlmasB/FXGL/master/pom.xml
13:33:56.824 [JavaFX Application Thread] DEBUG Engine               - profileName: user.profile
13:33:56.824 [JavaFX Application Thread] DEBUG Engine               - notificationViewClass: class com.almasb.fxgl.notification.view.XboxNotificationView
13:33:56.824 [JavaFX Application Thread] DEBUG Engine               - devSensorColorProperty: ObjectProperty [value: 0xffff00ff]
13:33:56.825 [JavaFX Application Thread] DEBUG Engine               - sceneFactory: com.almasb.fxgl.app.SceneFactory@38f90aa2
13:33:56.825 [JavaFX Application Thread] DEBUG Engine               - dataFileExt: .dat
13:33:56.825 [JavaFX Application Thread] DEBUG Engine               - stageStyle: DECORATED
13:33:56.825 [JavaFX Application Thread] DEBUG Engine               - isManualResizeEnabled: false
13:33:56.825 [JavaFX Application Thread] DEBUG Engine               - title: Basic Game app
13:33:56.825 [JavaFX Application Thread] DEBUG Engine               - platform: WINDOWS
13:33:56.826 [JavaFX Application Thread] DEBUG Engine               - devBBoxColorProperty: ObjectProperty [value: 0xff0000ff]
13:33:56.826 [JavaFX Application Thread] DEBUG Engine               - isDesktop: true
13:33:56.826 [JavaFX Application Thread] DEBUG Engine               - credits: []
13:33:56.826 [JavaFX Application Thread] DEBUG Engine               - globalMusicVolumeProperty: DoubleProperty [value: 0.5]
13:33:56.826 [JavaFX Application Thread] DEBUG Engine               - isPreserveResizeRatio: false
13:33:56.827 [JavaFX Application Thread] DEBUG Engine               - uIFactory: com.almasb.fxgl.ui.FXGLUIFactory@4dcd4baf
13:33:56.827 [JavaFX Application Thread] DEBUG Engine               - fontText: Courier-Prime.ttf
13:33:56.827 [JavaFX Application Thread] DEBUG Engine               - isExperimentalTiledLargeMap: false
13:33:56.827 [JavaFX Application Thread] DEBUG Engine               - secondsIn24h: 60
13:33:56.827 [JavaFX Application Thread] DEBUG Engine               - runtimeInfo: RuntimeInfo(platform=WINDOWS, version=11.7, build=05.01.2020 09.46)
13:33:56.828 [JavaFX Application Thread] DEBUG Engine               - soundMenuPress: menu/press.wav
13:33:56.828 [JavaFX Application Thread] DEBUG Engine               - urlGithub: https://github.com/AlmasB/FXGL
13:33:56.828 [JavaFX Application Thread] DEBUG Engine               - isLinux: false
13:33:56.828 [JavaFX Application Thread] DEBUG Engine               - profileDir: profiles/
13:33:56.828 [JavaFX Application Thread] DEBUG Engine               - isDeveloperMenuEnabled: false
13:33:56.828 [JavaFX Application Thread] DEBUG Engine               - globalSoundVolumeProperty: DoubleProperty [value: 0.5]
13:33:56.828 [JavaFX Application Thread] DEBUG Engine               - urlLeaderboard: http://fxgl-top.herokuapp.com/
13:33:56.828 [JavaFX Application Thread] DEBUG Engine               - globalSoundVolume: 0.5
13:33:56.829 [JavaFX Application Thread] DEBUG Engine               - isBrowser: false
13:33:56.829 [JavaFX Application Thread] DEBUG Engine               - saveDir: saves/
13:33:56.829 [JavaFX Application Thread] DEBUG Engine               - engineServices: [class com.almasb.fxgl.audio.AudioPlayer, class com.almasb.fxgl.notification.impl.NotificationServiceProvider, class com.almasb.fxgl.achievement.AchievementManager, class com.almasb.fxgl.cutscene.CutsceneService, class com.almasb.fxgl.minigames.MiniGameService]
13:33:56.829 [JavaFX Application Thread] DEBUG Engine               - globalMusicVolume: 0.5
13:33:56.830 [JavaFX Application Thread] DEBUG Engine               - width: 600
13:33:56.830 [JavaFX Application Thread] DEBUG Engine               - saveFileExt: .sav
13:33:56.830 [JavaFX Application Thread] DEBUG Engine               - isAndroid: false
13:33:56.830 [JavaFX Application Thread] DEBUG Engine               - fontUI: VarelaRound-Regular.ttf
13:33:56.830 [JavaFX Application Thread] DEBUG Engine               - enabledMenuItems: []
13:33:56.830 [JavaFX Application Thread] DEBUG Engine               - isIOS: false
13:33:56.833 [JavaFX Application Thread] DEBUG Engine               - Adding new engine service: class com.almasb.fxgl.audio.AudioPlayer
13:33:56.835 [JavaFX Application Thread] DEBUG Engine               - Adding new engine service: class com.almasb.fxgl.notification.impl.NotificationServiceProvider
13:33:56.835 [JavaFX Application Thread] DEBUG Engine               - Adding new engine service: class com.almasb.fxgl.achievement.AchievementManager
13:33:56.836 [JavaFX Application Thread] DEBUG Engine               - Adding new engine service: class com.almasb.fxgl.cutscene.CutsceneService
13:33:56.836 [JavaFX Application Thread] DEBUG Engine               - Adding new engine service: class com.almasb.fxgl.minigames.MiniGameService
13:33:56.840 [JavaFX Application Thread] DEBUG Engine               - Loading localizations
13:33:56.843 [JavaFX Application Thread] DEBUG AssetLoader          - Loading from file system: /assets/properties/languages/english.properties
13:33:56.846 [JavaFX Application Thread] DEBUG AssetLoader          - Loading from file system: /assets/properties/languages/french.properties
13:33:56.848 [JavaFX Application Thread] DEBUG AssetLoader          - Loading from file system: /assets/properties/languages/german.properties
13:33:56.850 [JavaFX Application Thread] DEBUG AssetLoader          - Loading from file system: /assets/properties/languages/russian.properties
13:33:56.852 [JavaFX Application Thread] DEBUG AssetLoader          - Loading from file system: /assets/properties/languages/hungarian.properties
13:33:56.854 [JavaFX Application Thread] DEBUG Engine               - Registering font factories
13:33:56.855 [JavaFX Application Thread] DEBUG AssetLoader          - Loading from file system: /assets/ui/fonts/VarelaRound-Regular.ttf
13:33:57.332 [JavaFX Application Thread] DEBUG AssetLoader          - Loading from file system: /assets/ui/fonts/Abel-Regular.ttf
13:33:57.345 [JavaFX Application Thread] DEBUG AssetLoader          - Loading from file system: /assets/ui/fonts/lucida_console.ttf
13:33:57.361 [JavaFX Application Thread] DEBUG AssetLoader          - Loading from file system: /assets/ui/fonts/Courier-Prime.ttf
13:33:57.383 [JavaFX Application Thread] DEBUG Engine               - Setting UI factory
13:33:57.504 [JavaFX Application Thread] DEBUG AssetLoader          - Loading from file system: /assets/textures/fxgl_logo.png
13:33:57.589 [JavaFX Application Thread] DEBUG MainWindow           - Creating a JavaFX scene
13:33:57.636 [JavaFX Application Thread] DEBUG MainWindow           - Target settings size: 600.0 x 600.0
13:33:57.636 [JavaFX Application Thread] DEBUG MainWindow           - Scaled scene size:    600.0 x 600.0
13:33:57.636 [JavaFX Application Thread] DEBUG MainWindow           - Scaled ratio: (1.0, 1.0)
13:33:57.638 [JavaFX Application Thread] DEBUG MainWindow           - Set initial scene to FXGLStartupScene
13:33:57.648 [JavaFX Application Thread] DEBUG AssetLoader          - Loading from file system: /assets/textures/fxgl_icon.png
13:33:57.664 [JavaFX Application Thread] DEBUG Engine               - Applying CSS: fxgl_dark.css
13:33:57.665 [JavaFX Application Thread] DEBUG AssetLoader          - Loading from file system: /assets/ui/css/fxgl_dark.css
13:33:57.670 [JavaFX Application Thread] DEBUG AssetLoader          - Loading from file system: /assets/ui/cursors/fxgl_default.png
13:33:57.672 [JavaFX Application Thread] DEBUG MainWindow           - Opening main window
13:33:57.911 [JavaFX Application Thread] DEBUG MainWindow           - Window border size: (14.4000244140625, 37.5999755859375)
13:33:57.912 [JavaFX Application Thread] DEBUG MainWindow           - Scaled size: 600.0 x 600.0
13:33:57.912 [JavaFX Application Thread] DEBUG MainWindow           - Scaled ratio: (1.0, 1.0)
13:33:57.912 [JavaFX Application Thread] DEBUG MainWindow           - Scene size: 600.0 x 600.0
13:33:57.912 [JavaFX Application Thread] DEBUG MainWindow           - Stage size: 614.4000244140625 x 637.5999755859375
13:33:57.932 [FXGL Background Thread 1 ] DEBUG FS                   - Loaded FSServiceImpl
13:33:57.932 [FXGL Background Thread 1 ] DEBUG Engine               - Loading FXGL system data
13:33:57.941 [FXGL Background Thread 1 ] DEBUG FSServiceImpl        - Reading from: C:\Users\Patrick\Desktop\Spil projekt - Jan 2020\Demo1\system\fxgl.bundle
13:33:57.964 [FXGL Background Thread 1 ] DEBUG Engine               - Bundle FXGL: {}
13:33:57.965 [FXGL Background Thread 1 ] DEBUG Engine               - Initializing application scenes
13:33:58.013 [FXGL Background Thread 1 ] DEBUG GameWorld            - Game world initialized
13:33:58.102 [FXGL Background Thread 1 ] DEBUG PhysicsWorld         - Physics world initialized: appHeight=600, physics.ppm=50,0
13:33:58.104 [FXGL Background Thread 1 ] DEBUG GameScene            - Game scene initialized: 600x600
13:33:58.146 [FXGL Background Thread 1 ] DEBUG Input                - Registered new binding: Resume - Esc
13:33:58.146 [FXGL Background Thread 1 ] DEBUG AssetLoader          - Loading from file system: /assets/textures/pause_menu_bg.png
13:33:58.180 [FXGL Background Thread 1 ] DEBUG Input                - Registered new binding: Pause - Esc
13:33:58.181 [FXGL Background Thread 1 ] DEBUG Engine               - Application scenes initialized
13:33:58.185 [JavaFX Application Thread] DEBUG Engine               - Running preInit()
13:33:58.185 [JavaFX Application Thread] DEBUG Input                - Registered new binding: Move Right - D
13:33:58.185 [JavaFX Application Thread] DEBUG Input                - Registered new binding: Move Left - A
13:33:58.186 [JavaFX Application Thread] DEBUG Input                - Registered new binding: Move Up - W
13:33:58.186 [JavaFX Application Thread] DEBUG Input                - Registered new binding: Move Down - S
13:33:58.187 [JavaFX Application Thread] DEBUG Input                - Registered new binding: Screenshot - P
13:33:58.187 [JavaFX Application Thread] DEBUG Input                - Registered new binding: System info dump - CTRL+9
13:33:58.187 [JavaFX Application Thread] DEBUG Input                - Registered new binding: Restart - CTRL+R
13:33:58.188 [JavaFX Application Thread] DEBUG Engine               - generateDefaultProfile()
13:33:58.188 [JavaFX Application Thread] DEBUG Engine               - Creating default profile
13:33:58.188 [JavaFX Application Thread] DEBUG EventBus             - Firing event: SaveEvent
13:33:58.206 [JavaFX Application Thread] DEBUG AssetLoader          - Loading from file system: /assets/music/Pokemon Red, Yellow, Blue Battle Music- Trainer.mp3
13:33:58.334 [JavaFX Application Thread] DEBUG AudioPlayer          - Playing music com.almasb.fxgl.audio.Music@61c2faec
13:33:58.334 [JavaFX Application Thread] INFO  Engine               - FXGL initialization took: 1,494 sec
13:33:58.334 [JavaFX Application Thread] DEBUG LoopRunner           - Starting loop
13:33:58.350 [JavaFX Application Thread] DEBUG FXGLStartupScene     - STARTUP
13:33:58.350 [JavaFX Application Thread] DEBUG Engine               - Starting new game
13:33:58.358 [JavaFX Application Thread] DEBUG Input                - Clearing active input actions
13:33:58.358 [FXGL Background Thread 1 ] DEBUG InitAppTask          - Clearing previous game
13:33:58.358 [FXGL Background Thread 1 ] DEBUG GameWorld            - Clearing game world
13:33:58.358 [FXGL Background Thread 1 ] DEBUG PhysicsWorld         - Clearing physics world
13:33:58.359 [FXGL Background Thread 1 ] DEBUG GameScene            - Clearing game scene
13:33:58.359 [FXGL Background Thread 1 ] DEBUG InitAppTask          - Initializing Game
13:33:58.362 [FXGL Background Thread 1 ] DEBUG AssetLoader          - Loading from file system: /assets/textures/PokePlayerUnit1.png
13:33:58.371 [JavaFX Application Thread] DEBUG Engine               - Removing overlay from FXGLStartupScene and adding to LoadingScene
13:33:58.372 [JavaFX Application Thread] DEBUG MainWindow           - FXGLStartupScene -> LoadingScene
13:33:58.384 [FXGL Background Thread 1 ] DEBUG InitAppTask          - Initializing Physics
13:33:58.385 [FXGL Background Thread 1 ] DEBUG InitAppTask          - Initializing UI
13:33:58.387 [FXGL Background Thread 1 ] DEBUG InitAppTask          - Initialization Complete
13:33:58.387 [FXGL Background Thread 1 ] INFO  InitAppTask          - Game initialization took: 0,029 sec
13:33:58.426 [JavaFX Application Thread] DEBUG Input                - Clearing active input actions
13:33:58.451 [JavaFX Application Thread] DEBUG Engine               - Removing overlay from LoadingScene and adding to GameScene
13:33:58.452 [JavaFX Application Thread] DEBUG MainWindow           - LoadingScene -> GameScene
13:34:03.871 [JavaFX Application Thread] DEBUG Engine               - Exiting FXGL
13:34:03.871 [JavaFX Application Thread] DEBUG Engine               - Shutting down background threads
13:34:03.871 [JavaFX Application Thread] DEBUG Engine               - Saving FXGL system data
13:34:03.874 [JavaFX Application Thread] DEBUG FSServiceImpl        - Writing to: C:\Users\Patrick\Desktop\Spil projekt - Jan 2020\Demo1\system\fxgl.bundle
13:34:03.877 [JavaFX Application Thread] DEBUG Engine               - Closing logger and exiting JavaFX
