10:15:41.910 [main                     ] DEBUG GameApplication      - Logger initialized
10:15:41.931 [main                     ] DEBUG GameApplication      - Logging settings
Title: PokeBounce - Zealand
Version: 0.1
Width: 600
Height: 600
Fullscreen: false
Intro: false
Menus: true
Profiling: false
Single step:false
App Mode: DEVELOPER
Menu Key: ESCAPE
Stage Style: DECORATED
Scene Factory: class PokeBounce.pokebounce.BasicGameApp$1
Dialog Factory: class com.almasb.fxgl.ui.FXGLDialogFactory
UI Factory: class com.almasb.fxgl.ui.FXGLUIFactory

10:15:42.230 [JavaFX Application Thread] DEBUG Engine               - Initializing FXGL
10:15:42.230 [JavaFX Application Thread] INFO  Engine               - FXGL-11.7 (05.01.2020 09.46) on WINDOWS (J:11.0.5 FX:10.0.2-internal)
10:15:42.231 [JavaFX Application Thread] INFO  Engine               - Source code and latest versions at: https://github.com/AlmasB/FXGL
10:15:42.231 [JavaFX Application Thread] INFO  Engine               -              Join the FXGL chat at: https://gitter.im/AlmasB/FXGL
10:15:42.231 [JavaFX Application Thread] DEBUG Engine               - Initializing environment variables
10:15:42.233 [JavaFX Application Thread] DEBUG Engine               - Logging environment variables
10:15:42.233 [JavaFX Application Thread] DEBUG Engine               - achievements: []
10:15:42.234 [JavaFX Application Thread] DEBUG Engine               - sceneStack: com.almasb.fxgl.app.Engine@fc384c
10:15:42.234 [JavaFX Application Thread] DEBUG Engine               - language: ObjectProperty [value: ENGLISH]
10:15:42.234 [JavaFX Application Thread] DEBUG Engine               - isCloseConfirmation: false
10:15:42.234 [JavaFX Application Thread] DEBUG Engine               - isProfilingEnabled: false
10:15:42.234 [JavaFX Application Thread] DEBUG Engine               - soundNotification: core/notification.wav
10:15:42.234 [JavaFX Application Thread] DEBUG Engine               - devShowBBoxProperty: BooleanProperty [value: false]
10:15:42.235 [JavaFX Application Thread] DEBUG Engine               - pixelsPerMeter: 50.0
10:15:42.235 [JavaFX Application Thread] DEBUG Engine               - overlayRoot: Group@719607bb
10:15:42.235 [JavaFX Application Thread] DEBUG Engine               - appIcon: EvilPuffIcon.png
10:15:42.236 [JavaFX Application Thread] DEBUG Engine               - soundMenuBack: menu/back.wav
10:15:42.236 [JavaFX Application Thread] DEBUG Engine               - isFullScreenAllowed: false
10:15:42.236 [JavaFX Application Thread] DEBUG Engine               - isIntroEnabled: false
10:15:42.236 [JavaFX Application Thread] DEBUG Engine               - eventBus: com.almasb.fxgl.event.EventBus@3644c37f
10:15:42.236 [JavaFX Application Thread] DEBUG Engine               - fontMono: lucida_console.ttf
10:15:42.236 [JavaFX Application Thread] DEBUG Engine               - soundMenuSelect: menu/select.wav
10:15:42.236 [JavaFX Application Thread] DEBUG Engine               - isWindows: true
10:15:42.236 [JavaFX Application Thread] DEBUG Engine               - isMobile: false
10:15:42.236 [JavaFX Application Thread] DEBUG Engine               - height: 600
10:15:42.237 [JavaFX Application Thread] DEBUG Engine               - isExperimentalNative: false
10:15:42.237 [JavaFX Application Thread] DEBUG Engine               - cSSList: [fxgl_dark.css]
10:15:42.237 [JavaFX Application Thread] DEBUG Engine               - isSingleStep: false
10:15:42.237 [JavaFX Application Thread] DEBUG Engine               - fontGame: Abel-Regular.ttf
10:15:42.237 [JavaFX Application Thread] DEBUG Engine               - menuKey: ESCAPE
10:15:42.238 [JavaFX Application Thread] DEBUG Engine               - devShowPositionProperty: BooleanProperty [value: false]
10:15:42.238 [JavaFX Application Thread] DEBUG Engine               - versionCheckDays: 7
10:15:42.238 [JavaFX Application Thread] DEBUG Engine               - masterTimer: com.almasb.fxgl.time.Timer@579bb3a3
10:15:42.238 [JavaFX Application Thread] DEBUG Engine               - configClass: Optional.empty
10:15:42.239 [JavaFX Application Thread] DEBUG Engine               - isFullScreenFromStart: false
10:15:42.239 [JavaFX Application Thread] DEBUG Engine               - version: 0.1
10:15:42.239 [JavaFX Application Thread] DEBUG Engine               - fullScreen: BooleanProperty [value: false]
10:15:42.239 [JavaFX Application Thread] DEBUG Engine               - randomSeed: -1
10:15:42.239 [JavaFX Application Thread] DEBUG Engine               - dialogFactory: com.almasb.fxgl.ui.FXGLDialogFactory@786ef2b9
10:15:42.239 [JavaFX Application Thread] DEBUG Engine               - applicationMode: DEVELOPER
10:15:42.240 [JavaFX Application Thread] DEBUG Engine               - isMac: false
10:15:42.240 [JavaFX Application Thread] DEBUG Engine               - urlGoogleForms: https://goo.gl/forms/6wrMnOBxTE1fEpOy2
10:15:42.240 [JavaFX Application Thread] DEBUG Engine               - isMenuEnabled: true
10:15:42.240 [JavaFX Application Thread] DEBUG Engine               - profileName: user.profile
10:15:42.240 [JavaFX Application Thread] DEBUG Engine               - urlPOM: https://raw.githubusercontent.com/AlmasB/FXGL/master/pom.xml
10:15:42.240 [JavaFX Application Thread] DEBUG Engine               - notificationViewClass: class com.almasb.fxgl.notification.view.XboxNotificationView
10:15:42.241 [JavaFX Application Thread] DEBUG Engine               - devSensorColorProperty: ObjectProperty [value: 0xffff00ff]
10:15:42.241 [JavaFX Application Thread] DEBUG Engine               - dataFileExt: .dat
10:15:42.241 [JavaFX Application Thread] DEBUG Engine               - sceneFactory: PokeBounce.pokebounce.BasicGameApp$1@390489d0
10:15:42.241 [JavaFX Application Thread] DEBUG Engine               - stageStyle: DECORATED
10:15:42.241 [JavaFX Application Thread] DEBUG Engine               - isManualResizeEnabled: false
10:15:42.241 [JavaFX Application Thread] DEBUG Engine               - title: PokeBounce - Zealand
10:15:42.241 [JavaFX Application Thread] DEBUG Engine               - platform: WINDOWS
10:15:42.241 [JavaFX Application Thread] DEBUG Engine               - devBBoxColorProperty: ObjectProperty [value: 0xff0000ff]
10:15:42.241 [JavaFX Application Thread] DEBUG Engine               - isDesktop: true
10:15:42.241 [JavaFX Application Thread] DEBUG Engine               - globalMusicVolumeProperty: DoubleProperty [value: 0.5]
10:15:42.241 [JavaFX Application Thread] DEBUG Engine               - credits: []
10:15:42.242 [JavaFX Application Thread] DEBUG Engine               - isPreserveResizeRatio: false
10:15:42.242 [JavaFX Application Thread] DEBUG Engine               - uIFactory: com.almasb.fxgl.ui.FXGLUIFactory@29cbfab4
10:15:42.242 [JavaFX Application Thread] DEBUG Engine               - fontText: Courier-Prime.ttf
10:15:42.242 [JavaFX Application Thread] DEBUG Engine               - isExperimentalTiledLargeMap: false
10:15:42.242 [JavaFX Application Thread] DEBUG Engine               - secondsIn24h: 60
10:15:42.242 [JavaFX Application Thread] DEBUG Engine               - runtimeInfo: RuntimeInfo(platform=WINDOWS, version=11.7, build=05.01.2020 09.46)
10:15:42.242 [JavaFX Application Thread] DEBUG Engine               - isLinux: false
10:15:42.242 [JavaFX Application Thread] DEBUG Engine               - urlGithub: https://github.com/AlmasB/FXGL
10:15:42.243 [JavaFX Application Thread] DEBUG Engine               - soundMenuPress: menu/press.wav
10:15:42.243 [JavaFX Application Thread] DEBUG Engine               - profileDir: profiles/
10:15:42.243 [JavaFX Application Thread] DEBUG Engine               - isDeveloperMenuEnabled: false
10:15:42.243 [JavaFX Application Thread] DEBUG Engine               - globalSoundVolumeProperty: DoubleProperty [value: 0.5]
10:15:42.243 [JavaFX Application Thread] DEBUG Engine               - isBrowser: false
10:15:42.243 [JavaFX Application Thread] DEBUG Engine               - urlLeaderboard: http://fxgl-top.herokuapp.com/
10:15:42.243 [JavaFX Application Thread] DEBUG Engine               - globalSoundVolume: 0.5
10:15:42.244 [JavaFX Application Thread] DEBUG Engine               - saveDir: saves/
10:15:42.244 [JavaFX Application Thread] DEBUG Engine               - engineServices: [class com.almasb.fxgl.audio.AudioPlayer, class com.almasb.fxgl.notification.impl.NotificationServiceProvider, class com.almasb.fxgl.achievement.AchievementManager, class com.almasb.fxgl.cutscene.CutsceneService, class com.almasb.fxgl.minigames.MiniGameService]
10:15:42.244 [JavaFX Application Thread] DEBUG Engine               - globalMusicVolume: 0.5
10:15:42.244 [JavaFX Application Thread] DEBUG Engine               - width: 600
10:15:42.244 [JavaFX Application Thread] DEBUG Engine               - saveFileExt: .sav
10:15:42.244 [JavaFX Application Thread] DEBUG Engine               - isAndroid: false
10:15:42.244 [JavaFX Application Thread] DEBUG Engine               - fontUI: VarelaRound-Regular.ttf
10:15:42.244 [JavaFX Application Thread] DEBUG Engine               - enabledMenuItems: []
10:15:42.244 [JavaFX Application Thread] DEBUG Engine               - isIOS: false
10:15:42.247 [JavaFX Application Thread] DEBUG Engine               - Adding new engine service: class com.almasb.fxgl.audio.AudioPlayer
10:15:42.248 [JavaFX Application Thread] DEBUG Engine               - Adding new engine service: class com.almasb.fxgl.notification.impl.NotificationServiceProvider
10:15:42.249 [JavaFX Application Thread] DEBUG Engine               - Adding new engine service: class com.almasb.fxgl.achievement.AchievementManager
10:15:42.249 [JavaFX Application Thread] DEBUG Engine               - Adding new engine service: class com.almasb.fxgl.cutscene.CutsceneService
10:15:42.249 [JavaFX Application Thread] DEBUG Engine               - Adding new engine service: class com.almasb.fxgl.minigames.MiniGameService
10:15:42.251 [JavaFX Application Thread] DEBUG Engine               - Loading localizations
10:15:42.256 [JavaFX Application Thread] DEBUG AssetLoader          - Loading from file system: /assets/properties/languages/english.properties
10:15:42.260 [JavaFX Application Thread] DEBUG AssetLoader          - Loading from file system: /assets/properties/languages/french.properties
10:15:42.261 [JavaFX Application Thread] DEBUG AssetLoader          - Loading from file system: /assets/properties/languages/german.properties
10:15:42.262 [JavaFX Application Thread] DEBUG AssetLoader          - Loading from file system: /assets/properties/languages/russian.properties
10:15:42.263 [JavaFX Application Thread] DEBUG AssetLoader          - Loading from file system: /assets/properties/languages/hungarian.properties
10:15:42.264 [JavaFX Application Thread] DEBUG Engine               - Registering font factories
10:15:42.265 [JavaFX Application Thread] DEBUG AssetLoader          - Loading from file system: /assets/ui/fonts/VarelaRound-Regular.ttf
10:15:42.456 [JavaFX Application Thread] DEBUG AssetLoader          - Loading from file system: /assets/ui/fonts/Abel-Regular.ttf
10:15:42.471 [JavaFX Application Thread] DEBUG AssetLoader          - Loading from file system: /assets/ui/fonts/lucida_console.ttf
10:15:42.486 [JavaFX Application Thread] DEBUG AssetLoader          - Loading from file system: /assets/ui/fonts/Courier-Prime.ttf
10:15:42.502 [JavaFX Application Thread] DEBUG Engine               - Setting UI factory
10:15:42.577 [JavaFX Application Thread] DEBUG AssetLoader          - Loading from file system: /assets/textures/fxgl_logo.png
10:15:42.624 [JavaFX Application Thread] DEBUG MainWindow           - Creating a JavaFX scene
10:15:42.652 [JavaFX Application Thread] DEBUG MainWindow           - Target settings size: 600.0 x 600.0
10:15:42.653 [JavaFX Application Thread] DEBUG MainWindow           - Scaled scene size:    600.0 x 600.0
10:15:42.653 [JavaFX Application Thread] DEBUG MainWindow           - Scaled ratio: (1.0, 1.0)
10:15:42.654 [JavaFX Application Thread] DEBUG MainWindow           - Set initial scene to FXGLStartupScene
10:15:42.660 [JavaFX Application Thread] DEBUG AssetLoader          - Loading from file system: /assets/textures/EvilPuffIcon.png
10:15:42.661 [JavaFX Application Thread] DEBUG Engine               - Applying CSS: fxgl_dark.css
10:15:42.661 [JavaFX Application Thread] DEBUG AssetLoader          - Loading from file system: /assets/ui/css/fxgl_dark.css
10:15:42.663 [JavaFX Application Thread] DEBUG AssetLoader          - Loading from file system: /assets/ui/cursors/fxgl_default.png
10:15:42.664 [JavaFX Application Thread] DEBUG MainWindow           - Opening main window
10:15:42.764 [JavaFX Application Thread] DEBUG MainWindow           - Window border size: (16.0, 39.0)
10:15:42.764 [JavaFX Application Thread] DEBUG MainWindow           - Scaled size: 600.0 x 600.0
10:15:42.764 [JavaFX Application Thread] DEBUG MainWindow           - Scaled ratio: (1.0, 1.0)
10:15:42.765 [JavaFX Application Thread] DEBUG MainWindow           - Scene size: 600.0 x 600.0
10:15:42.765 [JavaFX Application Thread] DEBUG MainWindow           - Stage size: 616.0 x 639.0
10:15:42.783 [FXGL Background Thread 1 ] DEBUG FS                   - Loaded FSServiceImpl
10:15:42.784 [FXGL Background Thread 1 ] DEBUG Engine               - Loading FXGL system data
10:15:42.788 [FXGL Background Thread 1 ] DEBUG FSServiceImpl        - Reading from: E:\Spil projekt - Jan 2020\Demo1\system\fxgl.bundle
10:15:42.794 [FXGL Background Thread 1 ] DEBUG Engine               - Bundle FXGL: {}
10:15:42.794 [FXGL Background Thread 1 ] DEBUG Engine               - Initializing application scenes
10:15:42.821 [FXGL Background Thread 1 ] DEBUG GameWorld            - Game world initialized
10:15:42.860 [FXGL Background Thread 1 ] DEBUG PhysicsWorld         - Physics world initialized: appHeight=600, physics.ppm=50,0
10:15:42.862 [FXGL Background Thread 1 ] DEBUG GameScene            - Game scene initialized: 600x600
10:15:42.883 [FXGL Background Thread 1 ] DEBUG AssetLoader          - Loading from file system: /assets/textures/MainMenuGif.gif
10:15:43.024 [FXGL Background Thread 1 ] DEBUG AssetLoader          - Loading from file system: /assets/textures/GameMenuEvilPuff3.png
10:15:43.037 [FXGL Background Thread 1 ] DEBUG Engine               - Application scenes initialized
10:15:43.040 [JavaFX Application Thread] DEBUG Engine               - Running preInit()
10:15:43.046 [JavaFX Application Thread] DEBUG Input                - Registered new binding: Move Right - D
10:15:43.046 [JavaFX Application Thread] DEBUG Input                - Registered new binding: Move Left - A
10:15:43.046 [JavaFX Application Thread] DEBUG Input                - Registered new binding: Move Up - W
10:15:43.046 [JavaFX Application Thread] DEBUG Input                - Registered new binding: Move Down - S
10:15:43.046 [JavaFX Application Thread] DEBUG Input                - Registered new binding: Screenshot - P
10:15:43.046 [JavaFX Application Thread] DEBUG Input                - Registered new binding: System info dump - CTRL+9
10:15:43.047 [JavaFX Application Thread] DEBUG Input                - Registered new binding: Restart - CTRL+R
10:15:43.047 [JavaFX Application Thread] DEBUG Engine               - generateDefaultProfile()
10:15:43.047 [JavaFX Application Thread] DEBUG Engine               - Creating default profile
10:15:43.047 [JavaFX Application Thread] DEBUG EventBus             - Firing event: SaveEvent
10:15:43.055 [JavaFX Application Thread] DEBUG AssetLoader          - Loading from file system: /assets/music/MainMenuMusic.mp3
10:15:43.133 [JavaFX Application Thread] DEBUG AudioPlayer          - Playing music com.almasb.fxgl.audio.Music@11a974b2
10:15:43.134 [JavaFX Application Thread] INFO  Engine               - FXGL initialization took: 0,882 sec
10:15:43.134 [JavaFX Application Thread] DEBUG LoopRunner           - Starting loop
10:15:43.135 [JavaFX Application Thread] DEBUG FXGLStartupScene     - STARTUP
10:15:43.137 [JavaFX Application Thread] DEBUG Input                - Clearing active input actions
10:15:43.146 [JavaFX Application Thread] DEBUG Engine               - Removing overlay from FXGLStartupScene and adding to PokeBounceMainMenu
10:15:43.146 [JavaFX Application Thread] DEBUG MainWindow           - FXGLStartupScene -> PokeBounceMainMenu
10:16:13.900 [JavaFX Application Thread] DEBUG Menu                 - fireExit()
10:16:13.904 [JavaFX Application Thread] DEBUG MainWindow           - Push state: DialogSubState
10:16:13.904 [JavaFX Application Thread] DEBUG Input                - Clearing active input actions
10:16:13.907 [JavaFX Application Thread] DEBUG Engine               - Removing overlay from PokeBounceMainMenu and adding to DialogSubState
10:16:13.907 [JavaFX Application Thread] DEBUG MainWindow           - PokeBounceMainMenu -> DialogSubState
10:16:14.527 [JavaFX Application Thread] DEBUG MainWindow           - Pop state: DialogSubState
10:16:14.527 [JavaFX Application Thread] DEBUG Input                - Clearing active input actions
10:16:14.528 [JavaFX Application Thread] DEBUG Engine               - Removing overlay from DialogSubState and adding to PokeBounceMainMenu
10:16:14.528 [JavaFX Application Thread] DEBUG MainWindow           - PokeBounceMainMenu <- DialogSubState
10:16:14.528 [JavaFX Application Thread] DEBUG Engine               - Exiting FXGL
10:16:14.528 [JavaFX Application Thread] DEBUG Engine               - Shutting down background threads
10:16:14.528 [JavaFX Application Thread] DEBUG Engine               - Saving FXGL system data
10:16:14.529 [JavaFX Application Thread] DEBUG FSServiceImpl        - Writing to: E:\Spil projekt - Jan 2020\Demo1\system\fxgl.bundle
10:16:14.531 [JavaFX Application Thread] DEBUG Engine               - Closing logger and exiting JavaFX
