13:36:42.260 [main                     ] DEBUG GameApplication      - Logger initialized
13:36:42.312 [main                     ] DEBUG GameApplication      - Logging settings
Title: Basic Game app
Version: 0.1
Width: 600
Height: 600
Fullscreen: false
Intro: false
Menus: false
Profiling: false
Single step:false
App Mode: DEVELOPER
Menu Key: ESCAPE
Stage Style: DECORATED
Scene Factory: class com.almasb.fxgl.app.SceneFactory
Dialog Factory: class com.almasb.fxgl.ui.FXGLDialogFactory
UI Factory: class com.almasb.fxgl.ui.FXGLUIFactory

13:36:42.690 [JavaFX Application Thread] DEBUG Engine               - Initializing FXGL
13:36:42.690 [JavaFX Application Thread] INFO  Engine               - FXGL-11.7 (05.01.2020 09.46) on WINDOWS (J:11.0.4 FX:10.0.2-internal)
13:36:42.690 [JavaFX Application Thread] INFO  Engine               - Source code and latest versions at: https://github.com/AlmasB/FXGL
13:36:42.691 [JavaFX Application Thread] INFO  Engine               -              Join the FXGL chat at: https://gitter.im/AlmasB/FXGL
13:36:42.691 [JavaFX Application Thread] DEBUG Engine               - Initializing environment variables
13:36:42.694 [JavaFX Application Thread] DEBUG Engine               - Logging environment variables
13:36:42.694 [JavaFX Application Thread] DEBUG Engine               - achievements: []
13:36:42.694 [JavaFX Application Thread] DEBUG Engine               - sceneStack: com.almasb.fxgl.app.Engine@51115dc2
13:36:42.694 [JavaFX Application Thread] DEBUG Engine               - language: ObjectProperty [value: ENGLISH]
13:36:42.695 [JavaFX Application Thread] DEBUG Engine               - isCloseConfirmation: false
13:36:42.695 [JavaFX Application Thread] DEBUG Engine               - isProfilingEnabled: false
13:36:42.695 [JavaFX Application Thread] DEBUG Engine               - soundNotification: core/notification.wav
13:36:42.695 [JavaFX Application Thread] DEBUG Engine               - devShowBBoxProperty: BooleanProperty [value: false]
13:36:42.697 [JavaFX Application Thread] DEBUG Engine               - pixelsPerMeter: 50.0
13:36:42.697 [JavaFX Application Thread] DEBUG Engine               - overlayRoot: Group@7a69f33a
13:36:42.698 [JavaFX Application Thread] DEBUG Engine               - soundMenuBack: menu/back.wav
13:36:42.698 [JavaFX Application Thread] DEBUG Engine               - appIcon: fxgl_icon.png
13:36:42.698 [JavaFX Application Thread] DEBUG Engine               - isFullScreenAllowed: false
13:36:42.698 [JavaFX Application Thread] DEBUG Engine               - isIntroEnabled: false
13:36:42.698 [JavaFX Application Thread] DEBUG Engine               - eventBus: com.almasb.fxgl.event.EventBus@7463216f
13:36:42.699 [JavaFX Application Thread] DEBUG Engine               - fontMono: lucida_console.ttf
13:36:42.699 [JavaFX Application Thread] DEBUG Engine               - soundMenuSelect: menu/select.wav
13:36:42.699 [JavaFX Application Thread] DEBUG Engine               - isWindows: true
13:36:42.699 [JavaFX Application Thread] DEBUG Engine               - isMobile: false
13:36:42.700 [JavaFX Application Thread] DEBUG Engine               - height: 600
13:36:42.700 [JavaFX Application Thread] DEBUG Engine               - isExperimentalNative: false
13:36:42.700 [JavaFX Application Thread] DEBUG Engine               - isSingleStep: false
13:36:42.700 [JavaFX Application Thread] DEBUG Engine               - cSSList: [fxgl_dark.css]
13:36:42.700 [JavaFX Application Thread] DEBUG Engine               - fontGame: Abel-Regular.ttf
13:36:42.701 [JavaFX Application Thread] DEBUG Engine               - menuKey: ESCAPE
13:36:42.701 [JavaFX Application Thread] DEBUG Engine               - devShowPositionProperty: BooleanProperty [value: false]
13:36:42.701 [JavaFX Application Thread] DEBUG Engine               - versionCheckDays: 7
13:36:42.701 [JavaFX Application Thread] DEBUG Engine               - masterTimer: com.almasb.fxgl.time.Timer@2f479d6c
13:36:42.702 [JavaFX Application Thread] DEBUG Engine               - configClass: Optional.empty
13:36:42.702 [JavaFX Application Thread] DEBUG Engine               - isFullScreenFromStart: false
13:36:42.702 [JavaFX Application Thread] DEBUG Engine               - version: 0.1
13:36:42.702 [JavaFX Application Thread] DEBUG Engine               - fullScreen: BooleanProperty [value: false]
13:36:42.702 [JavaFX Application Thread] DEBUG Engine               - randomSeed: -1
13:36:42.703 [JavaFX Application Thread] DEBUG Engine               - dialogFactory: com.almasb.fxgl.ui.FXGLDialogFactory@29a9927
13:36:42.703 [JavaFX Application Thread] DEBUG Engine               - applicationMode: DEVELOPER
13:36:42.703 [JavaFX Application Thread] DEBUG Engine               - isMac: false
13:36:42.703 [JavaFX Application Thread] DEBUG Engine               - urlGoogleForms: https://goo.gl/forms/6wrMnOBxTE1fEpOy2
13:36:42.703 [JavaFX Application Thread] DEBUG Engine               - isMenuEnabled: false
13:36:42.703 [JavaFX Application Thread] DEBUG Engine               - urlPOM: https://raw.githubusercontent.com/AlmasB/FXGL/master/pom.xml
13:36:42.704 [JavaFX Application Thread] DEBUG Engine               - profileName: user.profile
13:36:42.704 [JavaFX Application Thread] DEBUG Engine               - notificationViewClass: class com.almasb.fxgl.notification.view.XboxNotificationView
13:36:42.704 [JavaFX Application Thread] DEBUG Engine               - devSensorColorProperty: ObjectProperty [value: 0xffff00ff]
13:36:42.704 [JavaFX Application Thread] DEBUG Engine               - sceneFactory: com.almasb.fxgl.app.SceneFactory@37df4a6d
13:36:42.704 [JavaFX Application Thread] DEBUG Engine               - dataFileExt: .dat
13:36:42.705 [JavaFX Application Thread] DEBUG Engine               - stageStyle: DECORATED
13:36:42.705 [JavaFX Application Thread] DEBUG Engine               - isManualResizeEnabled: false
13:36:42.705 [JavaFX Application Thread] DEBUG Engine               - title: Basic Game app
13:36:42.705 [JavaFX Application Thread] DEBUG Engine               - platform: WINDOWS
13:36:42.705 [JavaFX Application Thread] DEBUG Engine               - devBBoxColorProperty: ObjectProperty [value: 0xff0000ff]
13:36:42.705 [JavaFX Application Thread] DEBUG Engine               - isDesktop: true
13:36:42.706 [JavaFX Application Thread] DEBUG Engine               - credits: []
13:36:42.706 [JavaFX Application Thread] DEBUG Engine               - globalMusicVolumeProperty: DoubleProperty [value: 0.5]
13:36:42.706 [JavaFX Application Thread] DEBUG Engine               - uIFactory: com.almasb.fxgl.ui.FXGLUIFactory@5ada6da0
13:36:42.706 [JavaFX Application Thread] DEBUG Engine               - isPreserveResizeRatio: false
13:36:42.706 [JavaFX Application Thread] DEBUG Engine               - fontText: Courier-Prime.ttf
13:36:42.706 [JavaFX Application Thread] DEBUG Engine               - isExperimentalTiledLargeMap: false
13:36:42.707 [JavaFX Application Thread] DEBUG Engine               - secondsIn24h: 60
13:36:42.707 [JavaFX Application Thread] DEBUG Engine               - runtimeInfo: RuntimeInfo(platform=WINDOWS, version=11.7, build=05.01.2020 09.46)
13:36:42.707 [JavaFX Application Thread] DEBUG Engine               - isLinux: false
13:36:42.707 [JavaFX Application Thread] DEBUG Engine               - soundMenuPress: menu/press.wav
13:36:42.707 [JavaFX Application Thread] DEBUG Engine               - urlGithub: https://github.com/AlmasB/FXGL
13:36:42.707 [JavaFX Application Thread] DEBUG Engine               - profileDir: profiles/
13:36:42.707 [JavaFX Application Thread] DEBUG Engine               - globalSoundVolumeProperty: DoubleProperty [value: 0.5]
13:36:42.708 [JavaFX Application Thread] DEBUG Engine               - isDeveloperMenuEnabled: false
13:36:42.708 [JavaFX Application Thread] DEBUG Engine               - isBrowser: false
13:36:42.708 [JavaFX Application Thread] DEBUG Engine               - urlLeaderboard: http://fxgl-top.herokuapp.com/
13:36:42.708 [JavaFX Application Thread] DEBUG Engine               - globalSoundVolume: 0.5
13:36:42.708 [JavaFX Application Thread] DEBUG Engine               - saveDir: saves/
13:36:42.708 [JavaFX Application Thread] DEBUG Engine               - engineServices: [class com.almasb.fxgl.audio.AudioPlayer, class com.almasb.fxgl.notification.impl.NotificationServiceProvider, class com.almasb.fxgl.achievement.AchievementManager, class com.almasb.fxgl.cutscene.CutsceneService, class com.almasb.fxgl.minigames.MiniGameService]
13:36:42.708 [JavaFX Application Thread] DEBUG Engine               - globalMusicVolume: 0.5
13:36:42.709 [JavaFX Application Thread] DEBUG Engine               - width: 600
13:36:42.709 [JavaFX Application Thread] DEBUG Engine               - saveFileExt: .sav
13:36:42.709 [JavaFX Application Thread] DEBUG Engine               - isAndroid: false
13:36:42.709 [JavaFX Application Thread] DEBUG Engine               - fontUI: VarelaRound-Regular.ttf
13:36:42.709 [JavaFX Application Thread] DEBUG Engine               - enabledMenuItems: []
13:36:42.709 [JavaFX Application Thread] DEBUG Engine               - isIOS: false
13:36:42.712 [JavaFX Application Thread] DEBUG Engine               - Adding new engine service: class com.almasb.fxgl.audio.AudioPlayer
13:36:42.714 [JavaFX Application Thread] DEBUG Engine               - Adding new engine service: class com.almasb.fxgl.notification.impl.NotificationServiceProvider
13:36:42.714 [JavaFX Application Thread] DEBUG Engine               - Adding new engine service: class com.almasb.fxgl.achievement.AchievementManager
13:36:42.715 [JavaFX Application Thread] DEBUG Engine               - Adding new engine service: class com.almasb.fxgl.cutscene.CutsceneService
13:36:42.715 [JavaFX Application Thread] DEBUG Engine               - Adding new engine service: class com.almasb.fxgl.minigames.MiniGameService
13:36:42.719 [JavaFX Application Thread] DEBUG Engine               - Loading localizations
13:36:42.728 [JavaFX Application Thread] DEBUG AssetLoader          - Loading from file system: /assets/properties/languages/english.properties
13:36:42.732 [JavaFX Application Thread] DEBUG AssetLoader          - Loading from file system: /assets/properties/languages/french.properties
13:36:42.734 [JavaFX Application Thread] DEBUG AssetLoader          - Loading from file system: /assets/properties/languages/german.properties
13:36:42.736 [JavaFX Application Thread] DEBUG AssetLoader          - Loading from file system: /assets/properties/languages/russian.properties
13:36:42.739 [JavaFX Application Thread] DEBUG AssetLoader          - Loading from file system: /assets/properties/languages/hungarian.properties
13:36:42.743 [JavaFX Application Thread] DEBUG Engine               - Registering font factories
13:36:42.744 [JavaFX Application Thread] DEBUG AssetLoader          - Loading from file system: /assets/ui/fonts/VarelaRound-Regular.ttf
13:36:43.153 [JavaFX Application Thread] DEBUG AssetLoader          - Loading from file system: /assets/ui/fonts/Abel-Regular.ttf
13:36:43.164 [JavaFX Application Thread] DEBUG AssetLoader          - Loading from file system: /assets/ui/fonts/lucida_console.ttf
13:36:43.182 [JavaFX Application Thread] DEBUG AssetLoader          - Loading from file system: /assets/ui/fonts/Courier-Prime.ttf
13:36:43.195 [JavaFX Application Thread] DEBUG Engine               - Setting UI factory
13:36:43.312 [JavaFX Application Thread] DEBUG AssetLoader          - Loading from file system: /assets/textures/fxgl_logo.png
13:36:43.436 [JavaFX Application Thread] DEBUG MainWindow           - Creating a JavaFX scene
13:36:43.492 [JavaFX Application Thread] DEBUG MainWindow           - Target settings size: 600.0 x 600.0
13:36:43.492 [JavaFX Application Thread] DEBUG MainWindow           - Scaled scene size:    600.0 x 600.0
13:36:43.492 [JavaFX Application Thread] DEBUG MainWindow           - Scaled ratio: (1.0, 1.0)
13:36:43.494 [JavaFX Application Thread] DEBUG MainWindow           - Set initial scene to FXGLStartupScene
13:36:43.505 [JavaFX Application Thread] DEBUG AssetLoader          - Loading from file system: /assets/textures/fxgl_icon.png
13:36:43.521 [JavaFX Application Thread] DEBUG Engine               - Applying CSS: fxgl_dark.css
13:36:43.522 [JavaFX Application Thread] DEBUG AssetLoader          - Loading from file system: /assets/ui/css/fxgl_dark.css
13:36:43.525 [JavaFX Application Thread] DEBUG AssetLoader          - Loading from file system: /assets/ui/cursors/fxgl_default.png
13:36:43.527 [JavaFX Application Thread] DEBUG MainWindow           - Opening main window
13:36:43.761 [JavaFX Application Thread] DEBUG MainWindow           - Window border size: (14.4000244140625, 37.5999755859375)
13:36:43.762 [JavaFX Application Thread] DEBUG MainWindow           - Scaled size: 600.0 x 600.0
13:36:43.762 [JavaFX Application Thread] DEBUG MainWindow           - Scaled ratio: (1.0, 1.0)
13:36:43.762 [JavaFX Application Thread] DEBUG MainWindow           - Scene size: 600.0 x 600.0
13:36:43.762 [JavaFX Application Thread] DEBUG MainWindow           - Stage size: 614.4000244140625 x 637.5999755859375
13:36:43.781 [FXGL Background Thread 1 ] DEBUG FS                   - Loaded FSServiceImpl
13:36:43.781 [FXGL Background Thread 1 ] DEBUG Engine               - Loading FXGL system data
13:36:43.794 [FXGL Background Thread 1 ] DEBUG FSServiceImpl        - Reading from: C:\Users\Patrick\Desktop\Spil projekt - Jan 2020\Demo1\system\fxgl.bundle
13:36:43.815 [FXGL Background Thread 1 ] DEBUG Engine               - Bundle FXGL: {}
13:36:43.815 [FXGL Background Thread 1 ] DEBUG Engine               - Initializing application scenes
13:36:43.881 [FXGL Background Thread 1 ] DEBUG GameWorld            - Game world initialized
13:36:43.973 [FXGL Background Thread 1 ] DEBUG PhysicsWorld         - Physics world initialized: appHeight=600, physics.ppm=50,0
13:36:43.976 [FXGL Background Thread 1 ] DEBUG GameScene            - Game scene initialized: 600x600
13:36:44.021 [FXGL Background Thread 1 ] DEBUG Input                - Registered new binding: Resume - Esc
13:36:44.021 [FXGL Background Thread 1 ] DEBUG AssetLoader          - Loading from file system: /assets/textures/pause_menu_bg.png
13:36:44.052 [FXGL Background Thread 1 ] DEBUG Input                - Registered new binding: Pause - Esc
13:36:44.053 [FXGL Background Thread 1 ] DEBUG Engine               - Application scenes initialized
13:36:44.057 [JavaFX Application Thread] DEBUG Engine               - Running preInit()
13:36:44.057 [JavaFX Application Thread] DEBUG Input                - Registered new binding: Move Right - D
13:36:44.058 [JavaFX Application Thread] DEBUG Input                - Registered new binding: Move Left - A
13:36:44.058 [JavaFX Application Thread] DEBUG Input                - Registered new binding: Move Up - W
13:36:44.058 [JavaFX Application Thread] DEBUG Input                - Registered new binding: Move Down - S
13:36:44.059 [JavaFX Application Thread] DEBUG Input                - Registered new binding: Screenshot - P
13:36:44.059 [JavaFX Application Thread] DEBUG Input                - Registered new binding: System info dump - CTRL+9
13:36:44.060 [JavaFX Application Thread] DEBUG Input                - Registered new binding: Restart - CTRL+R
13:36:44.060 [JavaFX Application Thread] DEBUG Engine               - generateDefaultProfile()
13:36:44.060 [JavaFX Application Thread] DEBUG Engine               - Creating default profile
13:36:44.060 [JavaFX Application Thread] DEBUG EventBus             - Firing event: SaveEvent
13:36:44.074 [JavaFX Application Thread] DEBUG AssetLoader          - Loading from file system: /assets/music/Pokemon Red, Yellow, Blue Battle Music- Trainer.mp3
13:36:44.202 [JavaFX Application Thread] DEBUG AudioPlayer          - Playing music com.almasb.fxgl.audio.Music@729625c9
13:36:44.202 [JavaFX Application Thread] INFO  Engine               - FXGL initialization took: 1,483 sec
13:36:44.202 [JavaFX Application Thread] DEBUG LoopRunner           - Starting loop
13:36:44.223 [JavaFX Application Thread] DEBUG FXGLStartupScene     - STARTUP
13:36:44.224 [JavaFX Application Thread] DEBUG Engine               - Starting new game
13:36:44.231 [JavaFX Application Thread] DEBUG Input                - Clearing active input actions
13:36:44.231 [FXGL Background Thread 1 ] DEBUG InitAppTask          - Clearing previous game
13:36:44.231 [FXGL Background Thread 1 ] DEBUG GameWorld            - Clearing game world
13:36:44.231 [FXGL Background Thread 1 ] DEBUG PhysicsWorld         - Clearing physics world
13:36:44.232 [FXGL Background Thread 1 ] DEBUG GameScene            - Clearing game scene
13:36:44.232 [FXGL Background Thread 1 ] DEBUG InitAppTask          - Initializing Game
13:36:44.234 [FXGL Background Thread 1 ] DEBUG AssetLoader          - Loading from file system: /assets/textures/PokePlayerUnit1.png
13:36:44.250 [JavaFX Application Thread] DEBUG Engine               - Removing overlay from FXGLStartupScene and adding to LoadingScene
13:36:44.251 [JavaFX Application Thread] DEBUG MainWindow           - FXGLStartupScene -> LoadingScene
13:36:44.255 [FXGL Background Thread 1 ] DEBUG InitAppTask          - Initializing Physics
13:36:44.256 [FXGL Background Thread 1 ] DEBUG InitAppTask          - Initializing UI
13:36:44.258 [FXGL Background Thread 1 ] DEBUG InitAppTask          - Initialization Complete
13:36:44.258 [FXGL Background Thread 1 ] INFO  InitAppTask          - Game initialization took: 0,027 sec
13:36:44.310 [JavaFX Application Thread] DEBUG Input                - Clearing active input actions
13:36:44.334 [JavaFX Application Thread] DEBUG Engine               - Removing overlay from LoadingScene and adding to GameScene
13:36:44.335 [JavaFX Application Thread] DEBUG MainWindow           - LoadingScene -> GameScene
13:36:57.073 [JavaFX Application Thread] DEBUG Engine               - Exiting FXGL
13:36:57.074 [JavaFX Application Thread] DEBUG Engine               - Shutting down background threads
13:36:57.074 [JavaFX Application Thread] DEBUG Engine               - Saving FXGL system data
13:36:57.076 [JavaFX Application Thread] DEBUG FSServiceImpl        - Writing to: C:\Users\Patrick\Desktop\Spil projekt - Jan 2020\Demo1\system\fxgl.bundle
13:36:57.078 [JavaFX Application Thread] DEBUG Engine               - Closing logger and exiting JavaFX
