09:09:10.550 [main                     ] DEBUG GameApplication      - Logger initialized
09:09:10.581 [main                     ] DEBUG GameApplication      - Logging settings
Title: PokeBounce - Zealand
Version: 0.1
Width: 600
Height: 600
Fullscreen: false
Intro: false
Menus: true
Profiling: false
Single step:false
App Mode: DEVELOPER
Menu Key: ESCAPE
Stage Style: DECORATED
Scene Factory: class PokeBounce.pokebounce.BasicGameApp$1
Dialog Factory: class com.almasb.fxgl.ui.FXGLDialogFactory
UI Factory: class com.almasb.fxgl.ui.FXGLUIFactory

09:09:10.885 [JavaFX Application Thread] DEBUG Engine               - Initializing FXGL
09:09:10.885 [JavaFX Application Thread] INFO  Engine               - FXGL-11.7 (05.01.2020 09.46) on WINDOWS (J:11.0.5 FX:10.0.2-internal)
09:09:10.885 [JavaFX Application Thread] INFO  Engine               - Source code and latest versions at: https://github.com/AlmasB/FXGL
09:09:10.885 [JavaFX Application Thread] INFO  Engine               -              Join the FXGL chat at: https://gitter.im/AlmasB/FXGL
09:09:10.885 [JavaFX Application Thread] DEBUG Engine               - Initializing environment variables
09:09:10.887 [JavaFX Application Thread] DEBUG Engine               - Logging environment variables
09:09:10.887 [JavaFX Application Thread] DEBUG Engine               - achievements: []
09:09:10.887 [JavaFX Application Thread] DEBUG Engine               - sceneStack: com.almasb.fxgl.app.Engine@fc384c
09:09:10.888 [JavaFX Application Thread] DEBUG Engine               - language: ObjectProperty [value: ENGLISH]
09:09:10.888 [JavaFX Application Thread] DEBUG Engine               - isCloseConfirmation: false
09:09:10.888 [JavaFX Application Thread] DEBUG Engine               - isProfilingEnabled: false
09:09:10.888 [JavaFX Application Thread] DEBUG Engine               - soundNotification: core/notification.wav
09:09:10.888 [JavaFX Application Thread] DEBUG Engine               - devShowBBoxProperty: BooleanProperty [value: false]
09:09:10.889 [JavaFX Application Thread] DEBUG Engine               - pixelsPerMeter: 50.0
09:09:10.889 [JavaFX Application Thread] DEBUG Engine               - overlayRoot: Group@719607bb
09:09:10.890 [JavaFX Application Thread] DEBUG Engine               - soundMenuBack: menu/back.wav
09:09:10.890 [JavaFX Application Thread] DEBUG Engine               - appIcon: EvilPuffIcon.png
09:09:10.890 [JavaFX Application Thread] DEBUG Engine               - isFullScreenAllowed: false
09:09:10.890 [JavaFX Application Thread] DEBUG Engine               - isIntroEnabled: false
09:09:10.890 [JavaFX Application Thread] DEBUG Engine               - eventBus: com.almasb.fxgl.event.EventBus@3644c37f
09:09:10.891 [JavaFX Application Thread] DEBUG Engine               - fontMono: lucida_console.ttf
09:09:10.891 [JavaFX Application Thread] DEBUG Engine               - soundMenuSelect: menu/select.wav
09:09:10.891 [JavaFX Application Thread] DEBUG Engine               - isWindows: true
09:09:10.891 [JavaFX Application Thread] DEBUG Engine               - isMobile: false
09:09:10.891 [JavaFX Application Thread] DEBUG Engine               - height: 600
09:09:10.891 [JavaFX Application Thread] DEBUG Engine               - isExperimentalNative: false
09:09:10.891 [JavaFX Application Thread] DEBUG Engine               - isSingleStep: false
09:09:10.891 [JavaFX Application Thread] DEBUG Engine               - cSSList: [fxgl_dark.css]
09:09:10.891 [JavaFX Application Thread] DEBUG Engine               - fontGame: Abel-Regular.ttf
09:09:10.892 [JavaFX Application Thread] DEBUG Engine               - menuKey: ESCAPE
09:09:10.892 [JavaFX Application Thread] DEBUG Engine               - devShowPositionProperty: BooleanProperty [value: false]
09:09:10.892 [JavaFX Application Thread] DEBUG Engine               - versionCheckDays: 7
09:09:10.892 [JavaFX Application Thread] DEBUG Engine               - masterTimer: com.almasb.fxgl.time.Timer@579bb3a3
09:09:10.892 [JavaFX Application Thread] DEBUG Engine               - configClass: Optional.empty
09:09:10.892 [JavaFX Application Thread] DEBUG Engine               - isFullScreenFromStart: false
09:09:10.892 [JavaFX Application Thread] DEBUG Engine               - version: 0.1
09:09:10.892 [JavaFX Application Thread] DEBUG Engine               - fullScreen: BooleanProperty [value: false]
09:09:10.892 [JavaFX Application Thread] DEBUG Engine               - randomSeed: -1
09:09:10.893 [JavaFX Application Thread] DEBUG Engine               - dialogFactory: com.almasb.fxgl.ui.FXGLDialogFactory@786ef2b9
09:09:10.893 [JavaFX Application Thread] DEBUG Engine               - applicationMode: DEVELOPER
09:09:10.893 [JavaFX Application Thread] DEBUG Engine               - isMac: false
09:09:10.893 [JavaFX Application Thread] DEBUG Engine               - urlGoogleForms: https://goo.gl/forms/6wrMnOBxTE1fEpOy2
09:09:10.893 [JavaFX Application Thread] DEBUG Engine               - isMenuEnabled: true
09:09:10.893 [JavaFX Application Thread] DEBUG Engine               - urlPOM: https://raw.githubusercontent.com/AlmasB/FXGL/master/pom.xml
09:09:10.893 [JavaFX Application Thread] DEBUG Engine               - profileName: user.profile
09:09:10.893 [JavaFX Application Thread] DEBUG Engine               - devSensorColorProperty: ObjectProperty [value: 0xffff00ff]
09:09:10.894 [JavaFX Application Thread] DEBUG Engine               - notificationViewClass: class com.almasb.fxgl.notification.view.XboxNotificationView
09:09:10.894 [JavaFX Application Thread] DEBUG Engine               - dataFileExt: .dat
09:09:10.894 [JavaFX Application Thread] DEBUG Engine               - sceneFactory: PokeBounce.pokebounce.BasicGameApp$1@390489d0
09:09:10.894 [JavaFX Application Thread] DEBUG Engine               - stageStyle: DECORATED
09:09:10.894 [JavaFX Application Thread] DEBUG Engine               - isManualResizeEnabled: false
09:09:10.894 [JavaFX Application Thread] DEBUG Engine               - title: PokeBounce - Zealand
09:09:10.894 [JavaFX Application Thread] DEBUG Engine               - platform: WINDOWS
09:09:10.894 [JavaFX Application Thread] DEBUG Engine               - devBBoxColorProperty: ObjectProperty [value: 0xff0000ff]
09:09:10.894 [JavaFX Application Thread] DEBUG Engine               - isDesktop: true
09:09:10.894 [JavaFX Application Thread] DEBUG Engine               - globalMusicVolumeProperty: DoubleProperty [value: 0.5]
09:09:10.895 [JavaFX Application Thread] DEBUG Engine               - credits: []
09:09:10.895 [JavaFX Application Thread] DEBUG Engine               - isPreserveResizeRatio: false
09:09:10.895 [JavaFX Application Thread] DEBUG Engine               - uIFactory: com.almasb.fxgl.ui.FXGLUIFactory@29cbfab4
09:09:10.895 [JavaFX Application Thread] DEBUG Engine               - fontText: Courier-Prime.ttf
09:09:10.895 [JavaFX Application Thread] DEBUG Engine               - isExperimentalTiledLargeMap: false
09:09:10.895 [JavaFX Application Thread] DEBUG Engine               - secondsIn24h: 60
09:09:10.895 [JavaFX Application Thread] DEBUG Engine               - runtimeInfo: RuntimeInfo(platform=WINDOWS, version=11.7, build=05.01.2020 09.46)
09:09:10.895 [JavaFX Application Thread] DEBUG Engine               - urlGithub: https://github.com/AlmasB/FXGL
09:09:10.895 [JavaFX Application Thread] DEBUG Engine               - isLinux: false
09:09:10.895 [JavaFX Application Thread] DEBUG Engine               - soundMenuPress: menu/press.wav
09:09:10.895 [JavaFX Application Thread] DEBUG Engine               - profileDir: profiles/
09:09:10.895 [JavaFX Application Thread] DEBUG Engine               - globalSoundVolumeProperty: DoubleProperty [value: 0.5]
09:09:10.895 [JavaFX Application Thread] DEBUG Engine               - isDeveloperMenuEnabled: false
09:09:10.896 [JavaFX Application Thread] DEBUG Engine               - globalSoundVolume: 0.5
09:09:10.896 [JavaFX Application Thread] DEBUG Engine               - urlLeaderboard: http://fxgl-top.herokuapp.com/
09:09:10.896 [JavaFX Application Thread] DEBUG Engine               - isBrowser: false
09:09:10.896 [JavaFX Application Thread] DEBUG Engine               - saveDir: saves/
09:09:10.896 [JavaFX Application Thread] DEBUG Engine               - engineServices: [class com.almasb.fxgl.audio.AudioPlayer, class com.almasb.fxgl.notification.impl.NotificationServiceProvider, class com.almasb.fxgl.achievement.AchievementManager, class com.almasb.fxgl.cutscene.CutsceneService, class com.almasb.fxgl.minigames.MiniGameService]
09:09:10.896 [JavaFX Application Thread] DEBUG Engine               - globalMusicVolume: 0.5
09:09:10.896 [JavaFX Application Thread] DEBUG Engine               - width: 600
09:09:10.896 [JavaFX Application Thread] DEBUG Engine               - saveFileExt: .sav
09:09:10.896 [JavaFX Application Thread] DEBUG Engine               - isAndroid: false
09:09:10.896 [JavaFX Application Thread] DEBUG Engine               - fontUI: VarelaRound-Regular.ttf
09:09:10.896 [JavaFX Application Thread] DEBUG Engine               - isIOS: false
09:09:10.897 [JavaFX Application Thread] DEBUG Engine               - enabledMenuItems: []
09:09:10.898 [JavaFX Application Thread] DEBUG Engine               - Adding new engine service: class com.almasb.fxgl.audio.AudioPlayer
09:09:10.899 [JavaFX Application Thread] DEBUG Engine               - Adding new engine service: class com.almasb.fxgl.notification.impl.NotificationServiceProvider
09:09:10.899 [JavaFX Application Thread] DEBUG Engine               - Adding new engine service: class com.almasb.fxgl.achievement.AchievementManager
09:09:10.900 [JavaFX Application Thread] DEBUG Engine               - Adding new engine service: class com.almasb.fxgl.cutscene.CutsceneService
09:09:10.900 [JavaFX Application Thread] DEBUG Engine               - Adding new engine service: class com.almasb.fxgl.minigames.MiniGameService
09:09:10.903 [JavaFX Application Thread] DEBUG Engine               - Loading localizations
09:09:10.905 [JavaFX Application Thread] DEBUG AssetLoader          - Loading from file system: /assets/properties/languages/english.properties
09:09:10.908 [JavaFX Application Thread] DEBUG AssetLoader          - Loading from file system: /assets/properties/languages/french.properties
09:09:10.909 [JavaFX Application Thread] DEBUG AssetLoader          - Loading from file system: /assets/properties/languages/german.properties
09:09:10.911 [JavaFX Application Thread] DEBUG AssetLoader          - Loading from file system: /assets/properties/languages/russian.properties
09:09:10.914 [JavaFX Application Thread] DEBUG AssetLoader          - Loading from file system: /assets/properties/languages/hungarian.properties
09:09:10.915 [JavaFX Application Thread] DEBUG Engine               - Registering font factories
09:09:10.916 [JavaFX Application Thread] DEBUG AssetLoader          - Loading from file system: /assets/ui/fonts/VarelaRound-Regular.ttf
09:09:11.069 [JavaFX Application Thread] DEBUG AssetLoader          - Loading from file system: /assets/ui/fonts/Abel-Regular.ttf
09:09:11.078 [JavaFX Application Thread] DEBUG AssetLoader          - Loading from file system: /assets/ui/fonts/lucida_console.ttf
09:09:11.090 [JavaFX Application Thread] DEBUG AssetLoader          - Loading from file system: /assets/ui/fonts/Courier-Prime.ttf
09:09:11.103 [JavaFX Application Thread] DEBUG Engine               - Setting UI factory
09:09:11.177 [JavaFX Application Thread] DEBUG AssetLoader          - Loading from file system: /assets/textures/fxgl_logo.png
09:09:11.215 [JavaFX Application Thread] DEBUG MainWindow           - Creating a JavaFX scene
09:09:11.246 [JavaFX Application Thread] DEBUG MainWindow           - Target settings size: 600.0 x 600.0
09:09:11.246 [JavaFX Application Thread] DEBUG MainWindow           - Scaled scene size:    600.0 x 600.0
09:09:11.246 [JavaFX Application Thread] DEBUG MainWindow           - Scaled ratio: (1.0, 1.0)
09:09:11.247 [JavaFX Application Thread] DEBUG MainWindow           - Set initial scene to FXGLStartupScene
09:09:11.253 [JavaFX Application Thread] DEBUG AssetLoader          - Loading from file system: /assets/textures/EvilPuffIcon.png
09:09:11.255 [JavaFX Application Thread] DEBUG Engine               - Applying CSS: fxgl_dark.css
09:09:11.255 [JavaFX Application Thread] DEBUG AssetLoader          - Loading from file system: /assets/ui/css/fxgl_dark.css
09:09:11.257 [JavaFX Application Thread] DEBUG AssetLoader          - Loading from file system: /assets/ui/cursors/fxgl_default.png
09:09:11.258 [JavaFX Application Thread] DEBUG MainWindow           - Opening main window
09:09:11.352 [JavaFX Application Thread] DEBUG MainWindow           - Window border size: (16.0, 39.0)
09:09:11.352 [JavaFX Application Thread] DEBUG MainWindow           - Scaled size: 600.0 x 600.0
09:09:11.352 [JavaFX Application Thread] DEBUG MainWindow           - Scaled ratio: (1.0, 1.0)
09:09:11.352 [JavaFX Application Thread] DEBUG MainWindow           - Scene size: 600.0 x 600.0
09:09:11.352 [JavaFX Application Thread] DEBUG MainWindow           - Stage size: 616.0 x 639.0
09:09:11.381 [FXGL Background Thread 1 ] DEBUG FS                   - Loaded FSServiceImpl
09:09:11.381 [FXGL Background Thread 1 ] DEBUG Engine               - Loading FXGL system data
09:09:11.385 [FXGL Background Thread 1 ] DEBUG FSServiceImpl        - Reading from: E:\Spil projekt - Jan 2020\Demo1\system\fxgl.bundle
09:09:11.393 [FXGL Background Thread 1 ] DEBUG Engine               - Bundle FXGL: {}
09:09:11.394 [FXGL Background Thread 1 ] DEBUG Engine               - Initializing application scenes
09:09:11.414 [FXGL Background Thread 1 ] DEBUG GameWorld            - Game world initialized
09:09:11.456 [FXGL Background Thread 1 ] DEBUG PhysicsWorld         - Physics world initialized: appHeight=600, physics.ppm=50,0
09:09:11.458 [FXGL Background Thread 1 ] DEBUG GameScene            - Game scene initialized: 600x600
09:09:11.477 [FXGL Background Thread 1 ] DEBUG AssetLoader          - Loading from file system: /assets/textures/MainMenuGif.gif
09:09:11.609 [FXGL Background Thread 1 ] DEBUG AssetLoader          - Loading from file system: /assets/textures/GameMenuEvilPuff3.png
09:09:11.621 [FXGL Background Thread 1 ] DEBUG Engine               - Application scenes initialized
09:09:11.624 [JavaFX Application Thread] DEBUG Engine               - Running preInit()
09:09:11.630 [JavaFX Application Thread] DEBUG Input                - Registered new binding: Move Right - D
09:09:11.630 [JavaFX Application Thread] DEBUG Input                - Registered new binding: Move Left - A
09:09:11.630 [JavaFX Application Thread] DEBUG Input                - Registered new binding: Move Up - W
09:09:11.630 [JavaFX Application Thread] DEBUG Input                - Registered new binding: Move Down - S
09:09:11.631 [JavaFX Application Thread] DEBUG Input                - Registered new binding: Screenshot - P
09:09:11.631 [JavaFX Application Thread] DEBUG Input                - Registered new binding: System info dump - CTRL+9
09:09:11.631 [JavaFX Application Thread] DEBUG Input                - Registered new binding: Restart - CTRL+R
09:09:11.631 [JavaFX Application Thread] DEBUG Engine               - generateDefaultProfile()
09:09:11.631 [JavaFX Application Thread] DEBUG Engine               - Creating default profile
09:09:11.631 [JavaFX Application Thread] DEBUG EventBus             - Firing event: SaveEvent
09:09:11.640 [JavaFX Application Thread] DEBUG AssetLoader          - Loading from file system: /assets/music/Pokemon Red, Yellow, Blue Battle Music- Trainer.mp3
09:09:11.712 [JavaFX Application Thread] DEBUG AudioPlayer          - Playing music com.almasb.fxgl.audio.Music@2f28255a
09:09:11.713 [JavaFX Application Thread] INFO  Engine               - FXGL initialization took: 0,810 sec
09:09:11.713 [JavaFX Application Thread] DEBUG LoopRunner           - Starting loop
09:09:11.715 [JavaFX Application Thread] DEBUG FXGLStartupScene     - STARTUP
09:09:11.716 [JavaFX Application Thread] DEBUG Input                - Clearing active input actions
09:09:11.728 [JavaFX Application Thread] DEBUG Engine               - Removing overlay from FXGLStartupScene and adding to PokeBounceMainMenu
09:09:11.728 [JavaFX Application Thread] DEBUG MainWindow           - FXGLStartupScene -> PokeBounceMainMenu
09:09:13.604 [JavaFX Application Thread] DEBUG Menu                 - fireNewGame()
09:09:13.604 [JavaFX Application Thread] DEBUG Engine               - Starting new game
09:09:13.607 [JavaFX Application Thread] DEBUG Input                - Clearing active input actions
09:09:13.607 [FXGL Background Thread 1 ] DEBUG InitAppTask          - Clearing previous game
09:09:13.607 [FXGL Background Thread 1 ] DEBUG GameWorld            - Clearing game world
09:09:13.607 [FXGL Background Thread 1 ] DEBUG PhysicsWorld         - Clearing physics world
09:09:13.608 [FXGL Background Thread 1 ] DEBUG GameScene            - Clearing game scene
09:09:13.608 [FXGL Background Thread 1 ] DEBUG InitAppTask          - Initializing Game
09:09:13.608 [FXGL Background Thread 1 ] DEBUG AudioPlayer          - Stopping music com.almasb.fxgl.audio.Music@2f28255a
09:09:13.612 [JavaFX Application Thread] DEBUG Engine               - Removing overlay from PokeBounceMainMenu and adding to LoadingScene
09:09:13.613 [JavaFX Application Thread] DEBUG MainWindow           - PokeBounceMainMenu -> LoadingScene
09:09:13.684 [FXGL Background Thread 1 ] DEBUG AssetLoader          - Loading from cache: /assets/music/Pokemon Red, Yellow, Blue Battle Music- Trainer.mp3
09:09:13.684 [FXGL Background Thread 1 ] DEBUG AudioPlayer          - Playing music com.almasb.fxgl.audio.Music@2f28255a
09:09:13.694 [FXGL Background Thread 1 ] DEBUG AssetLoader          - Loading from file system: /assets/sounds/NewEvilPuffEntry.wav
09:09:13.698 [FXGL Background Thread 1 ] DEBUG AssetLoader          - Loading from file system: /assets/sounds/NewCoinEntry.wav
09:09:13.700 [FXGL Background Thread 1 ] DEBUG AssetLoader          - Loading from file system: /assets/sounds/PowerUpSpawn.wav
09:09:13.702 [FXGL Background Thread 1 ] DEBUG AssetLoader          - Loading from file system: /assets/textures/EvilPuff1.png
09:09:13.711 [FXGL Background Thread 1 ] DEBUG AssetLoader          - Loading from file system: /assets/textures/PokePlayerUnit1.png
09:09:13.712 [FXGL Background Thread 1 ] DEBUG AssetLoader          - Loading from file system: /assets/textures/backGroundGif.gif
09:09:13.756 [FXGL Background Thread 1 ] DEBUG InitAppTask          - Initializing Physics
09:09:13.756 [FXGL Background Thread 1 ] DEBUG InitAppTask          - Initializing UI
09:09:13.761 [FXGL Background Thread 1 ] DEBUG InitAppTask          - Initialization Complete
09:09:13.761 [FXGL Background Thread 1 ] INFO  InitAppTask          - Game initialization took: 0,154 sec
09:09:13.769 [JavaFX Application Thread] DEBUG Input                - Clearing active input actions
09:09:13.776 [JavaFX Application Thread] DEBUG Engine               - Removing overlay from LoadingScene and adding to GameScene
09:09:13.777 [JavaFX Application Thread] DEBUG MainWindow           - LoadingScene -> GameScene
09:09:13.785 [JavaFX Application Thread] DEBUG AssetLoader          - Loading from cache: /assets/textures/EvilPuff1.png
09:09:13.815 [JavaFX Application Thread] DEBUG AssetLoader          - Loading from cache: /assets/textures/PokePlayerUnit1.png
09:09:13.820 [JavaFX Application Thread] DEBUG AssetLoader          - Loading from cache: /assets/textures/EvilPuff1.png
09:09:13.820 [JavaFX Application Thread] DEBUG AssetLoader          - Loading from cache: /assets/textures/PokePlayerUnit1.png
09:09:13.827 [JavaFX Application Thread] DEBUG AssetLoader          - Loading from cache: /assets/textures/EvilPuff1.png
09:09:13.827 [JavaFX Application Thread] DEBUG AssetLoader          - Loading from cache: /assets/textures/PokePlayerUnit1.png
09:09:13.831 [JavaFX Application Thread] DEBUG AssetLoader          - Loading from cache: /assets/textures/EvilPuff1.png
09:09:13.831 [JavaFX Application Thread] DEBUG AssetLoader          - Loading from cache: /assets/textures/PokePlayerUnit1.png
09:09:13.840 [JavaFX Application Thread] DEBUG AssetLoader          - Loading from cache: /assets/textures/EvilPuff1.png
09:09:13.840 [JavaFX Application Thread] DEBUG AssetLoader          - Loading from cache: /assets/textures/PokePlayerUnit1.png
09:09:13.847 [JavaFX Application Thread] DEBUG AssetLoader          - Loading from cache: /assets/textures/EvilPuff1.png
09:09:13.848 [JavaFX Application Thread] DEBUG AssetLoader          - Loading from cache: /assets/textures/PokePlayerUnit1.png
09:09:13.855 [JavaFX Application Thread] DEBUG AssetLoader          - Loading from cache: /assets/textures/EvilPuff1.png
09:09:13.855 [JavaFX Application Thread] DEBUG AssetLoader          - Loading from cache: /assets/textures/PokePlayerUnit1.png
09:09:13.861 [JavaFX Application Thread] DEBUG AssetLoader          - Loading from cache: /assets/textures/EvilPuff1.png
09:09:13.861 [JavaFX Application Thread] DEBUG AssetLoader          - Loading from cache: /assets/textures/PokePlayerUnit1.png
09:09:13.863 [JavaFX Application Thread] DEBUG AssetLoader          - Loading from cache: /assets/textures/EvilPuff1.png
09:09:13.863 [JavaFX Application Thread] DEBUG AssetLoader          - Loading from cache: /assets/textures/PokePlayerUnit1.png
09:09:13.875 [JavaFX Application Thread] DEBUG AssetLoader          - Loading from cache: /assets/textures/EvilPuff1.png
09:09:13.876 [JavaFX Application Thread] DEBUG AssetLoader          - Loading from cache: /assets/textures/PokePlayerUnit1.png
09:09:13.879 [JavaFX Application Thread] DEBUG AssetLoader          - Loading from cache: /assets/textures/EvilPuff1.png
09:09:13.879 [JavaFX Application Thread] DEBUG AssetLoader          - Loading from cache: /assets/textures/PokePlayerUnit1.png
09:09:13.889 [JavaFX Application Thread] DEBUG AssetLoader          - Loading from cache: /assets/textures/EvilPuff1.png
09:09:13.890 [JavaFX Application Thread] DEBUG AssetLoader          - Loading from cache: /assets/textures/PokePlayerUnit1.png
09:09:13.896 [JavaFX Application Thread] DEBUG AssetLoader          - Loading from cache: /assets/textures/EvilPuff1.png
09:09:13.896 [JavaFX Application Thread] DEBUG AssetLoader          - Loading from cache: /assets/textures/PokePlayerUnit1.png
09:09:13.912 [JavaFX Application Thread] DEBUG AssetLoader          - Loading from cache: /assets/textures/EvilPuff1.png
09:09:13.912 [JavaFX Application Thread] DEBUG AssetLoader          - Loading from cache: /assets/textures/PokePlayerUnit1.png
09:09:13.925 [JavaFX Application Thread] DEBUG AssetLoader          - Loading from cache: /assets/textures/EvilPuff1.png
09:09:13.925 [JavaFX Application Thread] DEBUG AssetLoader          - Loading from cache: /assets/textures/PokePlayerUnit1.png
09:09:13.928 [JavaFX Application Thread] DEBUG AssetLoader          - Loading from cache: /assets/textures/EvilPuff1.png
09:09:13.928 [JavaFX Application Thread] DEBUG AssetLoader          - Loading from cache: /assets/textures/PokePlayerUnit1.png
09:09:13.938 [JavaFX Application Thread] DEBUG AssetLoader          - Loading from cache: /assets/textures/EvilPuff1.png
09:09:13.939 [JavaFX Application Thread] DEBUG AssetLoader          - Loading from cache: /assets/textures/PokePlayerUnit1.png
09:09:13.944 [JavaFX Application Thread] DEBUG AssetLoader          - Loading from cache: /assets/textures/EvilPuff1.png
09:09:13.944 [JavaFX Application Thread] DEBUG AssetLoader          - Loading from cache: /assets/textures/PokePlayerUnit1.png
09:09:13.953 [JavaFX Application Thread] DEBUG AssetLoader          - Loading from cache: /assets/textures/EvilPuff1.png
09:09:13.953 [JavaFX Application Thread] DEBUG AssetLoader          - Loading from cache: /assets/textures/PokePlayerUnit1.png
09:09:13.958 [JavaFX Application Thread] DEBUG AssetLoader          - Loading from cache: /assets/textures/EvilPuff1.png
09:09:13.959 [JavaFX Application Thread] DEBUG AssetLoader          - Loading from cache: /assets/textures/PokePlayerUnit1.png
09:09:13.966 [JavaFX Application Thread] DEBUG AssetLoader          - Loading from cache: /assets/textures/EvilPuff1.png
09:09:13.966 [JavaFX Application Thread] DEBUG AssetLoader          - Loading from cache: /assets/textures/PokePlayerUnit1.png
09:09:13.973 [JavaFX Application Thread] DEBUG AssetLoader          - Loading from cache: /assets/textures/EvilPuff1.png
09:09:13.973 [JavaFX Application Thread] DEBUG AssetLoader          - Loading from cache: /assets/textures/PokePlayerUnit1.png
09:09:13.975 [JavaFX Application Thread] DEBUG AssetLoader          - Loading from cache: /assets/textures/EvilPuff1.png
09:09:13.975 [JavaFX Application Thread] DEBUG AssetLoader          - Loading from cache: /assets/textures/PokePlayerUnit1.png
09:09:13.987 [JavaFX Application Thread] DEBUG AssetLoader          - Loading from cache: /assets/textures/EvilPuff1.png
09:09:13.987 [JavaFX Application Thread] DEBUG AssetLoader          - Loading from cache: /assets/textures/PokePlayerUnit1.png
09:09:13.991 [JavaFX Application Thread] DEBUG AssetLoader          - Loading from cache: /assets/textures/EvilPuff1.png
09:09:13.991 [JavaFX Application Thread] DEBUG AssetLoader          - Loading from cache: /assets/textures/PokePlayerUnit1.png
09:09:14.000 [JavaFX Application Thread] DEBUG AssetLoader          - Loading from cache: /assets/textures/EvilPuff1.png
09:09:14.001 [JavaFX Application Thread] DEBUG AssetLoader          - Loading from cache: /assets/textures/PokePlayerUnit1.png
09:09:14.007 [JavaFX Application Thread] DEBUG AssetLoader          - Loading from cache: /assets/textures/EvilPuff1.png
09:09:14.007 [JavaFX Application Thread] DEBUG AssetLoader          - Loading from cache: /assets/textures/PokePlayerUnit1.png
09:09:14.014 [JavaFX Application Thread] DEBUG AssetLoader          - Loading from cache: /assets/textures/EvilPuff1.png
09:09:14.014 [JavaFX Application Thread] DEBUG AssetLoader          - Loading from cache: /assets/textures/PokePlayerUnit1.png
09:09:14.022 [JavaFX Application Thread] DEBUG AssetLoader          - Loading from cache: /assets/textures/EvilPuff1.png
09:09:14.022 [JavaFX Application Thread] DEBUG AssetLoader          - Loading from cache: /assets/textures/PokePlayerUnit1.png
09:09:14.023 [JavaFX Application Thread] DEBUG AssetLoader          - Loading from cache: /assets/textures/EvilPuff1.png
09:09:14.023 [JavaFX Application Thread] DEBUG AssetLoader          - Loading from cache: /assets/textures/PokePlayerUnit1.png
09:09:14.036 [JavaFX Application Thread] DEBUG AssetLoader          - Loading from cache: /assets/textures/EvilPuff1.png
09:09:14.036 [JavaFX Application Thread] DEBUG AssetLoader          - Loading from cache: /assets/textures/PokePlayerUnit1.png
09:09:14.039 [JavaFX Application Thread] DEBUG AssetLoader          - Loading from cache: /assets/textures/EvilPuff1.png
09:09:14.039 [JavaFX Application Thread] DEBUG AssetLoader          - Loading from cache: /assets/textures/PokePlayerUnit1.png
09:09:14.055 [JavaFX Application Thread] DEBUG AssetLoader          - Loading from cache: /assets/textures/EvilPuff1.png
09:09:14.055 [JavaFX Application Thread] DEBUG AssetLoader          - Loading from cache: /assets/textures/PokePlayerUnit1.png
09:09:14.064 [JavaFX Application Thread] DEBUG AssetLoader          - Loading from cache: /assets/textures/EvilPuff1.png
09:09:14.064 [JavaFX Application Thread] DEBUG AssetLoader          - Loading from cache: /assets/textures/PokePlayerUnit1.png
09:09:14.070 [JavaFX Application Thread] DEBUG AssetLoader          - Loading from cache: /assets/textures/EvilPuff1.png
09:09:14.070 [JavaFX Application Thread] DEBUG AssetLoader          - Loading from cache: /assets/textures/PokePlayerUnit1.png
09:09:14.071 [JavaFX Application Thread] DEBUG AssetLoader          - Loading from cache: /assets/textures/EvilPuff1.png
09:09:14.071 [JavaFX Application Thread] DEBUG AssetLoader          - Loading from cache: /assets/textures/PokePlayerUnit1.png
09:09:14.084 [JavaFX Application Thread] DEBUG AssetLoader          - Loading from cache: /assets/textures/EvilPuff1.png
09:09:14.084 [JavaFX Application Thread] DEBUG AssetLoader          - Loading from cache: /assets/textures/PokePlayerUnit1.png
09:09:14.087 [JavaFX Application Thread] DEBUG AssetLoader          - Loading from cache: /assets/textures/EvilPuff1.png
09:09:14.087 [JavaFX Application Thread] DEBUG AssetLoader          - Loading from cache: /assets/textures/PokePlayerUnit1.png
09:09:14.098 [JavaFX Application Thread] DEBUG AssetLoader          - Loading from cache: /assets/textures/EvilPuff1.png
09:09:14.098 [JavaFX Application Thread] DEBUG AssetLoader          - Loading from cache: /assets/textures/PokePlayerUnit1.png
09:09:14.104 [JavaFX Application Thread] DEBUG AssetLoader          - Loading from cache: /assets/textures/EvilPuff1.png
09:09:14.104 [JavaFX Application Thread] DEBUG AssetLoader          - Loading from cache: /assets/textures/PokePlayerUnit1.png
09:09:14.111 [JavaFX Application Thread] DEBUG AssetLoader          - Loading from cache: /assets/textures/EvilPuff1.png
09:09:14.112 [JavaFX Application Thread] DEBUG AssetLoader          - Loading from cache: /assets/textures/PokePlayerUnit1.png
09:09:14.120 [JavaFX Application Thread] DEBUG AssetLoader          - Loading from cache: /assets/textures/EvilPuff1.png
09:09:14.120 [JavaFX Application Thread] DEBUG AssetLoader          - Loading from cache: /assets/textures/PokePlayerUnit1.png
09:09:14.126 [JavaFX Application Thread] DEBUG AssetLoader          - Loading from cache: /assets/textures/EvilPuff1.png
09:09:14.126 [JavaFX Application Thread] DEBUG AssetLoader          - Loading from cache: /assets/textures/PokePlayerUnit1.png
09:09:14.133 [JavaFX Application Thread] DEBUG AssetLoader          - Loading from cache: /assets/textures/EvilPuff1.png
09:09:14.133 [JavaFX Application Thread] DEBUG AssetLoader          - Loading from cache: /assets/textures/PokePlayerUnit1.png
09:09:14.136 [JavaFX Application Thread] DEBUG AssetLoader          - Loading from cache: /assets/textures/EvilPuff1.png
09:09:14.136 [JavaFX Application Thread] DEBUG AssetLoader          - Loading from cache: /assets/textures/PokePlayerUnit1.png
09:09:14.161 [JavaFX Application Thread] DEBUG AssetLoader          - Loading from cache: /assets/textures/EvilPuff1.png
09:09:14.161 [JavaFX Application Thread] DEBUG AssetLoader          - Loading from cache: /assets/textures/PokePlayerUnit1.png
09:09:14.168 [JavaFX Application Thread] DEBUG AssetLoader          - Loading from cache: /assets/textures/EvilPuff1.png
09:09:14.168 [JavaFX Application Thread] DEBUG AssetLoader          - Loading from cache: /assets/textures/PokePlayerUnit1.png
09:09:14.175 [JavaFX Application Thread] DEBUG AssetLoader          - Loading from cache: /assets/textures/EvilPuff1.png
09:09:14.176 [JavaFX Application Thread] DEBUG AssetLoader          - Loading from cache: /assets/textures/PokePlayerUnit1.png
09:09:14.181 [JavaFX Application Thread] DEBUG AssetLoader          - Loading from cache: /assets/textures/EvilPuff1.png
09:09:14.182 [JavaFX Application Thread] DEBUG AssetLoader          - Loading from cache: /assets/textures/PokePlayerUnit1.png
09:09:14.184 [JavaFX Application Thread] DEBUG AssetLoader          - Loading from cache: /assets/textures/EvilPuff1.png
09:09:14.184 [JavaFX Application Thread] DEBUG AssetLoader          - Loading from cache: /assets/textures/PokePlayerUnit1.png
09:09:14.195 [JavaFX Application Thread] DEBUG AssetLoader          - Loading from cache: /assets/textures/EvilPuff1.png
09:09:14.195 [JavaFX Application Thread] DEBUG AssetLoader          - Loading from cache: /assets/textures/PokePlayerUnit1.png
09:09:14.199 [JavaFX Application Thread] DEBUG AssetLoader          - Loading from cache: /assets/textures/EvilPuff1.png
09:09:14.199 [JavaFX Application Thread] DEBUG AssetLoader          - Loading from cache: /assets/textures/PokePlayerUnit1.png
09:09:14.209 [JavaFX Application Thread] DEBUG AssetLoader          - Loading from cache: /assets/textures/EvilPuff1.png
09:09:14.209 [JavaFX Application Thread] DEBUG AssetLoader          - Loading from cache: /assets/textures/PokePlayerUnit1.png
09:09:14.215 [JavaFX Application Thread] DEBUG AssetLoader          - Loading from cache: /assets/textures/EvilPuff1.png
09:09:14.215 [JavaFX Application Thread] DEBUG AssetLoader          - Loading from cache: /assets/textures/PokePlayerUnit1.png
09:09:14.231 [JavaFX Application Thread] DEBUG AssetLoader          - Loading from cache: /assets/textures/EvilPuff1.png
09:09:14.231 [JavaFX Application Thread] DEBUG AssetLoader          - Loading from cache: /assets/textures/PokePlayerUnit1.png
09:09:14.244 [JavaFX Application Thread] DEBUG AssetLoader          - Loading from cache: /assets/textures/EvilPuff1.png
09:09:14.244 [JavaFX Application Thread] DEBUG AssetLoader          - Loading from cache: /assets/textures/PokePlayerUnit1.png
09:09:14.247 [JavaFX Application Thread] DEBUG AssetLoader          - Loading from cache: /assets/textures/EvilPuff1.png
09:09:14.247 [JavaFX Application Thread] DEBUG AssetLoader          - Loading from cache: /assets/textures/PokePlayerUnit1.png
09:09:14.259 [JavaFX Application Thread] DEBUG AssetLoader          - Loading from cache: /assets/textures/EvilPuff1.png
09:09:14.259 [JavaFX Application Thread] DEBUG AssetLoader          - Loading from cache: /assets/textures/PokePlayerUnit1.png
09:09:14.263 [JavaFX Application Thread] DEBUG AssetLoader          - Loading from cache: /assets/textures/EvilPuff1.png
09:09:14.263 [JavaFX Application Thread] DEBUG AssetLoader          - Loading from cache: /assets/textures/PokePlayerUnit1.png
09:09:14.272 [JavaFX Application Thread] DEBUG AssetLoader          - Loading from cache: /assets/textures/EvilPuff1.png
09:09:14.272 [JavaFX Application Thread] DEBUG AssetLoader          - Loading from cache: /assets/textures/PokePlayerUnit1.png
09:09:14.278 [JavaFX Application Thread] DEBUG AssetLoader          - Loading from cache: /assets/textures/EvilPuff1.png
09:09:14.279 [JavaFX Application Thread] DEBUG AssetLoader          - Loading from cache: /assets/textures/PokePlayerUnit1.png
09:09:14.286 [JavaFX Application Thread] DEBUG AssetLoader          - Loading from cache: /assets/textures/EvilPuff1.png
09:09:14.287 [JavaFX Application Thread] DEBUG AssetLoader          - Loading from cache: /assets/textures/PokePlayerUnit1.png
09:09:14.292 [JavaFX Application Thread] DEBUG AssetLoader          - Loading from cache: /assets/textures/EvilPuff1.png
09:09:14.293 [JavaFX Application Thread] DEBUG AssetLoader          - Loading from cache: /assets/textures/PokePlayerUnit1.png
09:09:14.295 [JavaFX Application Thread] DEBUG AssetLoader          - Loading from cache: /assets/textures/EvilPuff1.png
09:09:14.295 [JavaFX Application Thread] DEBUG AssetLoader          - Loading from cache: /assets/textures/PokePlayerUnit1.png
09:09:14.306 [JavaFX Application Thread] DEBUG AssetLoader          - Loading from cache: /assets/textures/EvilPuff1.png
09:09:14.307 [JavaFX Application Thread] DEBUG AssetLoader          - Loading from cache: /assets/textures/PokePlayerUnit1.png
09:09:14.312 [JavaFX Application Thread] DEBUG AssetLoader          - Loading from cache: /assets/textures/EvilPuff1.png
09:09:14.312 [JavaFX Application Thread] DEBUG AssetLoader          - Loading from cache: /assets/textures/PokePlayerUnit1.png
09:09:14.320 [JavaFX Application Thread] DEBUG AssetLoader          - Loading from cache: /assets/textures/EvilPuff1.png
09:09:14.321 [JavaFX Application Thread] DEBUG AssetLoader          - Loading from cache: /assets/textures/PokePlayerUnit1.png
09:09:14.327 [JavaFX Application Thread] DEBUG AssetLoader          - Loading from cache: /assets/textures/EvilPuff1.png
09:09:14.327 [JavaFX Application Thread] DEBUG AssetLoader          - Loading from cache: /assets/textures/PokePlayerUnit1.png
09:09:14.328 [JavaFX Application Thread] DEBUG AssetLoader          - Loading from cache: /assets/textures/EvilPuff1.png
09:09:14.328 [JavaFX Application Thread] DEBUG AssetLoader          - Loading from cache: /assets/textures/PokePlayerUnit1.png
09:09:14.341 [JavaFX Application Thread] DEBUG AssetLoader          - Loading from cache: /assets/textures/EvilPuff1.png
09:09:14.341 [JavaFX Application Thread] DEBUG AssetLoader          - Loading from cache: /assets/textures/PokePlayerUnit1.png
09:09:14.344 [JavaFX Application Thread] DEBUG AssetLoader          - Loading from cache: /assets/textures/EvilPuff1.png
09:09:14.344 [JavaFX Application Thread] DEBUG AssetLoader          - Loading from cache: /assets/textures/PokePlayerUnit1.png
09:09:14.355 [JavaFX Application Thread] DEBUG AssetLoader          - Loading from cache: /assets/textures/EvilPuff1.png
09:09:14.356 [JavaFX Application Thread] DEBUG AssetLoader          - Loading from cache: /assets/textures/PokePlayerUnit1.png
09:09:14.360 [JavaFX Application Thread] DEBUG AssetLoader          - Loading from cache: /assets/textures/EvilPuff1.png
09:09:14.360 [JavaFX Application Thread] DEBUG AssetLoader          - Loading from cache: /assets/textures/PokePlayerUnit1.png
09:09:14.369 [JavaFX Application Thread] DEBUG AssetLoader          - Loading from cache: /assets/textures/EvilPuff1.png
09:09:14.369 [JavaFX Application Thread] DEBUG AssetLoader          - Loading from cache: /assets/textures/PokePlayerUnit1.png
09:09:14.376 [JavaFX Application Thread] DEBUG AssetLoader          - Loading from cache: /assets/textures/EvilPuff1.png
09:09:14.376 [JavaFX Application Thread] DEBUG AssetLoader          - Loading from cache: /assets/textures/PokePlayerUnit1.png
09:09:14.383 [JavaFX Application Thread] DEBUG AssetLoader          - Loading from cache: /assets/textures/EvilPuff1.png
09:09:14.383 [JavaFX Application Thread] DEBUG AssetLoader          - Loading from cache: /assets/textures/PokePlayerUnit1.png
09:09:14.389 [JavaFX Application Thread] DEBUG AssetLoader          - Loading from cache: /assets/textures/EvilPuff1.png
09:09:14.390 [JavaFX Application Thread] DEBUG AssetLoader          - Loading from cache: /assets/textures/PokePlayerUnit1.png
09:09:14.391 [JavaFX Application Thread] DEBUG AssetLoader          - Loading from cache: /assets/textures/EvilPuff1.png
09:09:14.391 [JavaFX Application Thread] DEBUG AssetLoader          - Loading from cache: /assets/textures/PokePlayerUnit1.png
09:09:14.404 [JavaFX Application Thread] DEBUG AssetLoader          - Loading from cache: /assets/textures/EvilPuff1.png
09:09:14.404 [JavaFX Application Thread] DEBUG AssetLoader          - Loading from cache: /assets/textures/PokePlayerUnit1.png
09:09:14.407 [JavaFX Application Thread] DEBUG AssetLoader          - Loading from cache: /assets/textures/EvilPuff1.png
09:09:14.407 [JavaFX Application Thread] DEBUG AssetLoader          - Loading from cache: /assets/textures/PokePlayerUnit1.png
09:09:14.417 [JavaFX Application Thread] DEBUG AssetLoader          - Loading from cache: /assets/textures/EvilPuff1.png
09:09:14.417 [JavaFX Application Thread] DEBUG AssetLoader          - Loading from cache: /assets/textures/PokePlayerUnit1.png
09:09:14.423 [JavaFX Application Thread] DEBUG AssetLoader          - Loading from cache: /assets/textures/EvilPuff1.png
09:09:14.423 [JavaFX Application Thread] DEBUG AssetLoader          - Loading from cache: /assets/textures/PokePlayerUnit1.png
09:09:14.431 [JavaFX Application Thread] DEBUG AssetLoader          - Loading from cache: /assets/textures/EvilPuff1.png
09:09:14.432 [JavaFX Application Thread] DEBUG AssetLoader          - Loading from cache: /assets/textures/PokePlayerUnit1.png
09:09:14.438 [JavaFX Application Thread] DEBUG AssetLoader          - Loading from cache: /assets/textures/EvilPuff1.png
09:09:14.439 [JavaFX Application Thread] DEBUG AssetLoader          - Loading from cache: /assets/textures/PokePlayerUnit1.png
09:09:14.440 [JavaFX Application Thread] DEBUG AssetLoader          - Loading from cache: /assets/textures/EvilPuff1.png
09:09:14.440 [JavaFX Application Thread] DEBUG AssetLoader          - Loading from cache: /assets/textures/PokePlayerUnit1.png
09:09:14.452 [JavaFX Application Thread] DEBUG AssetLoader          - Loading from cache: /assets/textures/EvilPuff1.png
09:09:14.452 [JavaFX Application Thread] DEBUG AssetLoader          - Loading from cache: /assets/textures/PokePlayerUnit1.png
09:09:14.455 [JavaFX Application Thread] DEBUG AssetLoader          - Loading from cache: /assets/textures/EvilPuff1.png
09:09:14.455 [JavaFX Application Thread] DEBUG AssetLoader          - Loading from cache: /assets/textures/PokePlayerUnit1.png
09:09:14.466 [JavaFX Application Thread] DEBUG AssetLoader          - Loading from cache: /assets/textures/EvilPuff1.png
09:09:14.466 [JavaFX Application Thread] DEBUG AssetLoader          - Loading from cache: /assets/textures/PokePlayerUnit1.png
09:09:14.471 [JavaFX Application Thread] DEBUG AssetLoader          - Loading from cache: /assets/textures/EvilPuff1.png
09:09:14.471 [JavaFX Application Thread] DEBUG AssetLoader          - Loading from cache: /assets/textures/PokePlayerUnit1.png
09:09:14.480 [JavaFX Application Thread] DEBUG AssetLoader          - Loading from cache: /assets/textures/EvilPuff1.png
09:09:14.480 [JavaFX Application Thread] DEBUG AssetLoader          - Loading from cache: /assets/textures/PokePlayerUnit1.png
09:09:14.486 [JavaFX Application Thread] DEBUG AssetLoader          - Loading from cache: /assets/textures/EvilPuff1.png
09:09:14.487 [JavaFX Application Thread] DEBUG AssetLoader          - Loading from cache: /assets/textures/PokePlayerUnit1.png
09:09:14.494 [JavaFX Application Thread] DEBUG AssetLoader          - Loading from cache: /assets/textures/EvilPuff1.png
09:09:14.494 [JavaFX Application Thread] DEBUG AssetLoader          - Loading from cache: /assets/textures/PokePlayerUnit1.png
09:09:14.501 [JavaFX Application Thread] DEBUG AssetLoader          - Loading from cache: /assets/textures/EvilPuff1.png
09:09:14.501 [JavaFX Application Thread] DEBUG AssetLoader          - Loading from cache: /assets/textures/PokePlayerUnit1.png
09:09:14.504 [JavaFX Application Thread] DEBUG AssetLoader          - Loading from cache: /assets/textures/EvilPuff1.png
09:09:14.504 [JavaFX Application Thread] DEBUG AssetLoader          - Loading from cache: /assets/textures/PokePlayerUnit1.png
09:09:14.514 [JavaFX Application Thread] DEBUG AssetLoader          - Loading from cache: /assets/textures/EvilPuff1.png
09:09:14.515 [JavaFX Application Thread] DEBUG AssetLoader          - Loading from cache: /assets/textures/PokePlayerUnit1.png
09:09:14.520 [JavaFX Application Thread] DEBUG AssetLoader          - Loading from cache: /assets/textures/EvilPuff1.png
09:09:14.520 [JavaFX Application Thread] DEBUG AssetLoader          - Loading from cache: /assets/textures/PokePlayerUnit1.png
09:09:14.528 [JavaFX Application Thread] DEBUG AssetLoader          - Loading from cache: /assets/textures/EvilPuff1.png
09:09:14.529 [JavaFX Application Thread] DEBUG AssetLoader          - Loading from cache: /assets/textures/PokePlayerUnit1.png
09:09:14.535 [JavaFX Application Thread] DEBUG AssetLoader          - Loading from cache: /assets/textures/EvilPuff1.png
09:09:14.536 [JavaFX Application Thread] DEBUG AssetLoader          - Loading from cache: /assets/textures/PokePlayerUnit1.png
09:09:14.542 [JavaFX Application Thread] DEBUG AssetLoader          - Loading from cache: /assets/textures/EvilPuff1.png
09:09:14.543 [JavaFX Application Thread] DEBUG AssetLoader          - Loading from cache: /assets/textures/PokePlayerUnit1.png
09:09:14.552 [JavaFX Application Thread] DEBUG AssetLoader          - Loading from cache: /assets/textures/EvilPuff1.png
09:09:14.552 [JavaFX Application Thread] DEBUG AssetLoader          - Loading from cache: /assets/textures/PokePlayerUnit1.png
09:09:14.584 [JavaFX Application Thread] DEBUG AssetLoader          - Loading from cache: /assets/textures/EvilPuff1.png
09:09:14.584 [JavaFX Application Thread] DEBUG AssetLoader          - Loading from cache: /assets/textures/PokePlayerUnit1.png
09:09:14.591 [JavaFX Application Thread] DEBUG AssetLoader          - Loading from cache: /assets/textures/EvilPuff1.png
09:09:14.591 [JavaFX Application Thread] DEBUG AssetLoader          - Loading from cache: /assets/textures/PokePlayerUnit1.png
09:09:14.598 [JavaFX Application Thread] DEBUG AssetLoader          - Loading from cache: /assets/textures/EvilPuff1.png
09:09:14.598 [JavaFX Application Thread] DEBUG AssetLoader          - Loading from cache: /assets/textures/PokePlayerUnit1.png
09:09:14.599 [JavaFX Application Thread] DEBUG AssetLoader          - Loading from cache: /assets/textures/EvilPuff1.png
09:09:14.599 [JavaFX Application Thread] DEBUG AssetLoader          - Loading from cache: /assets/textures/PokePlayerUnit1.png
09:09:14.612 [JavaFX Application Thread] DEBUG AssetLoader          - Loading from cache: /assets/textures/EvilPuff1.png
09:09:14.612 [JavaFX Application Thread] DEBUG AssetLoader          - Loading from cache: /assets/textures/PokePlayerUnit1.png
09:09:14.615 [JavaFX Application Thread] DEBUG AssetLoader          - Loading from cache: /assets/textures/EvilPuff1.png
09:09:14.615 [JavaFX Application Thread] DEBUG AssetLoader          - Loading from cache: /assets/textures/PokePlayerUnit1.png
09:09:14.654 [JavaFX Application Thread] DEBUG AssetLoader          - Loading from cache: /assets/textures/EvilPuff1.png
09:09:14.654 [JavaFX Application Thread] DEBUG AssetLoader          - Loading from cache: /assets/textures/PokePlayerUnit1.png
09:09:14.663 [JavaFX Application Thread] DEBUG AssetLoader          - Loading from cache: /assets/textures/EvilPuff1.png
09:09:14.663 [JavaFX Application Thread] DEBUG AssetLoader          - Loading from cache: /assets/textures/PokePlayerUnit1.png
09:09:14.679 [JavaFX Application Thread] DEBUG AssetLoader          - Loading from cache: /assets/textures/EvilPuff1.png
09:09:14.679 [JavaFX Application Thread] DEBUG AssetLoader          - Loading from cache: /assets/textures/PokePlayerUnit1.png
09:09:14.688 [JavaFX Application Thread] DEBUG AssetLoader          - Loading from cache: /assets/textures/EvilPuff1.png
09:09:14.688 [JavaFX Application Thread] DEBUG AssetLoader          - Loading from cache: /assets/textures/PokePlayerUnit1.png
09:09:14.695 [JavaFX Application Thread] DEBUG AssetLoader          - Loading from cache: /assets/textures/EvilPuff1.png
09:09:14.695 [JavaFX Application Thread] DEBUG AssetLoader          - Loading from cache: /assets/textures/PokePlayerUnit1.png
09:09:14.702 [JavaFX Application Thread] DEBUG AssetLoader          - Loading from cache: /assets/textures/EvilPuff1.png
09:09:14.702 [JavaFX Application Thread] DEBUG AssetLoader          - Loading from cache: /assets/textures/PokePlayerUnit1.png
09:09:14.709 [JavaFX Application Thread] DEBUG AssetLoader          - Loading from cache: /assets/textures/EvilPuff1.png
09:09:14.709 [JavaFX Application Thread] DEBUG AssetLoader          - Loading from cache: /assets/textures/PokePlayerUnit1.png
09:09:14.711 [JavaFX Application Thread] DEBUG AssetLoader          - Loading from cache: /assets/textures/EvilPuff1.png
09:09:14.712 [JavaFX Application Thread] DEBUG AssetLoader          - Loading from cache: /assets/textures/PokePlayerUnit1.png
09:09:14.724 [JavaFX Application Thread] DEBUG AssetLoader          - Loading from cache: /assets/textures/EvilPuff1.png
09:09:14.724 [JavaFX Application Thread] DEBUG AssetLoader          - Loading from cache: /assets/textures/PokePlayerUnit1.png
09:09:14.728 [JavaFX Application Thread] DEBUG AssetLoader          - Loading from cache: /assets/textures/EvilPuff1.png
09:09:14.728 [JavaFX Application Thread] DEBUG AssetLoader          - Loading from cache: /assets/textures/PokePlayerUnit1.png
09:09:14.737 [JavaFX Application Thread] DEBUG AssetLoader          - Loading from cache: /assets/textures/EvilPuff1.png
09:09:14.737 [JavaFX Application Thread] DEBUG AssetLoader          - Loading from cache: /assets/textures/PokePlayerUnit1.png
09:09:14.744 [JavaFX Application Thread] DEBUG AssetLoader          - Loading from cache: /assets/textures/EvilPuff1.png
09:09:14.744 [JavaFX Application Thread] DEBUG AssetLoader          - Loading from cache: /assets/textures/PokePlayerUnit1.png
09:09:14.751 [JavaFX Application Thread] DEBUG AssetLoader          - Loading from cache: /assets/textures/EvilPuff1.png
09:09:14.752 [JavaFX Application Thread] DEBUG AssetLoader          - Loading from cache: /assets/textures/PokePlayerUnit1.png
09:09:14.758 [JavaFX Application Thread] DEBUG AssetLoader          - Loading from cache: /assets/textures/EvilPuff1.png
09:09:14.758 [JavaFX Application Thread] DEBUG AssetLoader          - Loading from cache: /assets/textures/PokePlayerUnit1.png
09:09:14.760 [JavaFX Application Thread] DEBUG AssetLoader          - Loading from cache: /assets/textures/EvilPuff1.png
09:09:14.760 [JavaFX Application Thread] DEBUG AssetLoader          - Loading from cache: /assets/textures/PokePlayerUnit1.png
09:09:14.771 [JavaFX Application Thread] DEBUG AssetLoader          - Loading from cache: /assets/textures/EvilPuff1.png
09:09:14.772 [JavaFX Application Thread] DEBUG AssetLoader          - Loading from cache: /assets/textures/PokePlayerUnit1.png
09:09:14.776 [JavaFX Application Thread] DEBUG AssetLoader          - Loading from cache: /assets/textures/EvilPuff1.png
09:09:14.776 [JavaFX Application Thread] DEBUG AssetLoader          - Loading from cache: /assets/textures/PokePlayerUnit1.png
09:09:14.785 [JavaFX Application Thread] DEBUG AssetLoader          - Loading from cache: /assets/textures/EvilPuff1.png
09:09:14.785 [JavaFX Application Thread] DEBUG AssetLoader          - Loading from cache: /assets/textures/PokePlayerUnit1.png
09:09:14.791 [JavaFX Application Thread] DEBUG AssetLoader          - Loading from cache: /assets/textures/EvilPuff1.png
09:09:14.791 [JavaFX Application Thread] DEBUG AssetLoader          - Loading from cache: /assets/textures/PokePlayerUnit1.png
09:09:14.799 [JavaFX Application Thread] DEBUG AssetLoader          - Loading from cache: /assets/textures/EvilPuff1.png
09:09:14.800 [JavaFX Application Thread] DEBUG AssetLoader          - Loading from cache: /assets/textures/PokePlayerUnit1.png
09:09:14.806 [JavaFX Application Thread] DEBUG AssetLoader          - Loading from cache: /assets/textures/EvilPuff1.png
09:09:14.806 [JavaFX Application Thread] DEBUG AssetLoader          - Loading from cache: /assets/textures/PokePlayerUnit1.png
09:09:14.807 [JavaFX Application Thread] DEBUG AssetLoader          - Loading from cache: /assets/textures/EvilPuff1.png
09:09:14.807 [JavaFX Application Thread] DEBUG AssetLoader          - Loading from cache: /assets/textures/PokePlayerUnit1.png
09:09:14.820 [JavaFX Application Thread] DEBUG AssetLoader          - Loading from cache: /assets/textures/EvilPuff1.png
09:09:14.820 [JavaFX Application Thread] DEBUG AssetLoader          - Loading from cache: /assets/textures/PokePlayerUnit1.png
09:09:14.823 [JavaFX Application Thread] DEBUG AssetLoader          - Loading from cache: /assets/textures/EvilPuff1.png
09:09:14.823 [JavaFX Application Thread] DEBUG AssetLoader          - Loading from cache: /assets/textures/PokePlayerUnit1.png
09:09:14.834 [JavaFX Application Thread] DEBUG AssetLoader          - Loading from cache: /assets/textures/EvilPuff1.png
09:09:14.834 [JavaFX Application Thread] DEBUG AssetLoader          - Loading from cache: /assets/textures/PokePlayerUnit1.png
09:09:14.839 [JavaFX Application Thread] DEBUG AssetLoader          - Loading from cache: /assets/textures/EvilPuff1.png
09:09:14.839 [JavaFX Application Thread] DEBUG AssetLoader          - Loading from cache: /assets/textures/PokePlayerUnit1.png
09:09:14.847 [JavaFX Application Thread] DEBUG AssetLoader          - Loading from cache: /assets/textures/EvilPuff1.png
09:09:14.848 [JavaFX Application Thread] DEBUG AssetLoader          - Loading from cache: /assets/textures/PokePlayerUnit1.png
09:09:14.855 [JavaFX Application Thread] DEBUG AssetLoader          - Loading from cache: /assets/textures/EvilPuff1.png
09:09:14.855 [JavaFX Application Thread] DEBUG AssetLoader          - Loading from cache: /assets/textures/PokePlayerUnit1.png
09:09:14.861 [JavaFX Application Thread] DEBUG AssetLoader          - Loading from cache: /assets/textures/EvilPuff1.png
09:09:14.862 [JavaFX Application Thread] DEBUG AssetLoader          - Loading from cache: /assets/textures/PokePlayerUnit1.png
09:09:14.869 [JavaFX Application Thread] DEBUG AssetLoader          - Loading from cache: /assets/textures/EvilPuff1.png
09:09:14.869 [JavaFX Application Thread] DEBUG AssetLoader          - Loading from cache: /assets/textures/PokePlayerUnit1.png
09:09:14.871 [JavaFX Application Thread] DEBUG AssetLoader          - Loading from cache: /assets/textures/EvilPuff1.png
09:09:14.871 [JavaFX Application Thread] DEBUG AssetLoader          - Loading from cache: /assets/textures/PokePlayerUnit1.png
09:09:14.882 [JavaFX Application Thread] DEBUG AssetLoader          - Loading from cache: /assets/textures/EvilPuff1.png
09:09:14.883 [JavaFX Application Thread] DEBUG AssetLoader          - Loading from cache: /assets/textures/PokePlayerUnit1.png
09:09:14.888 [JavaFX Application Thread] DEBUG AssetLoader          - Loading from cache: /assets/textures/EvilPuff1.png
09:09:14.888 [JavaFX Application Thread] DEBUG AssetLoader          - Loading from cache: /assets/textures/PokePlayerUnit1.png
09:09:14.897 [JavaFX Application Thread] DEBUG AssetLoader          - Loading from cache: /assets/textures/EvilPuff1.png
09:09:14.897 [JavaFX Application Thread] DEBUG AssetLoader          - Loading from cache: /assets/textures/PokePlayerUnit1.png
09:09:14.903 [JavaFX Application Thread] DEBUG AssetLoader          - Loading from cache: /assets/textures/EvilPuff1.png
09:09:14.903 [JavaFX Application Thread] DEBUG AssetLoader          - Loading from cache: /assets/textures/PokePlayerUnit1.png
09:09:14.910 [JavaFX Application Thread] DEBUG AssetLoader          - Loading from cache: /assets/textures/EvilPuff1.png
09:09:14.910 [JavaFX Application Thread] DEBUG AssetLoader          - Loading from cache: /assets/textures/PokePlayerUnit1.png
09:09:14.918 [JavaFX Application Thread] DEBUG AssetLoader          - Loading from cache: /assets/textures/EvilPuff1.png
09:09:14.918 [JavaFX Application Thread] DEBUG AssetLoader          - Loading from cache: /assets/textures/PokePlayerUnit1.png
09:09:14.919 [JavaFX Application Thread] DEBUG AssetLoader          - Loading from cache: /assets/textures/EvilPuff1.png
09:09:14.919 [JavaFX Application Thread] DEBUG AssetLoader          - Loading from cache: /assets/textures/PokePlayerUnit1.png
09:09:14.931 [JavaFX Application Thread] DEBUG AssetLoader          - Loading from cache: /assets/textures/EvilPuff1.png
09:09:14.931 [JavaFX Application Thread] DEBUG AssetLoader          - Loading from cache: /assets/textures/PokePlayerUnit1.png
09:09:14.935 [JavaFX Application Thread] DEBUG AssetLoader          - Loading from cache: /assets/textures/EvilPuff1.png
09:09:14.935 [JavaFX Application Thread] DEBUG AssetLoader          - Loading from file system: /assets/sounds/playerEaten.wav
09:09:14.939 [JavaFX Application Thread] DEBUG AssetLoader          - Loading from cache: /assets/textures/PokePlayerUnit1.png
09:09:14.945 [JavaFX Application Thread] DEBUG AssetLoader          - Loading from cache: /assets/textures/EvilPuff1.png
09:09:14.945 [JavaFX Application Thread] DEBUG AssetLoader          - Loading from cache: /assets/textures/PokePlayerUnit1.png
09:09:14.951 [JavaFX Application Thread] DEBUG AssetLoader          - Loading from cache: /assets/textures/EvilPuff1.png
09:09:14.951 [JavaFX Application Thread] DEBUG AssetLoader          - Loading from cache: /assets/textures/PokePlayerUnit1.png
09:09:14.959 [JavaFX Application Thread] DEBUG AssetLoader          - Loading from cache: /assets/textures/EvilPuff1.png
09:09:14.959 [JavaFX Application Thread] DEBUG AssetLoader          - Loading from cache: /assets/textures/PokePlayerUnit1.png
09:09:14.966 [JavaFX Application Thread] DEBUG AssetLoader          - Loading from cache: /assets/textures/EvilPuff1.png
09:09:14.966 [JavaFX Application Thread] DEBUG AssetLoader          - Loading from cache: /assets/textures/PokePlayerUnit1.png
09:09:14.968 [JavaFX Application Thread] DEBUG AssetLoader          - Loading from cache: /assets/textures/EvilPuff1.png
09:09:14.968 [JavaFX Application Thread] DEBUG AssetLoader          - Loading from cache: /assets/textures/PokePlayerUnit1.png
09:09:14.976 [JavaFX Application Thread] DEBUG Input                - Clearing active input actions
09:09:14.980 [JavaFX Application Thread] DEBUG Engine               - Removing overlay from GameScene and adding to PokeBounceGameMenu
09:09:14.980 [JavaFX Application Thread] DEBUG MainWindow           - GameScene -> PokeBounceGameMenu
09:09:15.738 [JavaFX Application Thread] DEBUG MainWindow           - Push state: DialogSubState
09:09:15.738 [JavaFX Application Thread] DEBUG Input                - Clearing active input actions
09:09:15.742 [JavaFX Application Thread] DEBUG Engine               - Removing overlay from PokeBounceGameMenu and adding to DialogSubState
09:09:15.742 [JavaFX Application Thread] DEBUG MainWindow           - PokeBounceGameMenu -> DialogSubState
09:09:16.193 [JavaFX Application Thread] DEBUG MainWindow           - Pop state: DialogSubState
09:09:16.194 [JavaFX Application Thread] DEBUG Input                - Clearing active input actions
09:09:16.194 [JavaFX Application Thread] DEBUG Engine               - Removing overlay from DialogSubState and adding to PokeBounceGameMenu
09:09:16.194 [JavaFX Application Thread] DEBUG MainWindow           - PokeBounceGameMenu <- DialogSubState
09:09:16.194 [JavaFX Application Thread] DEBUG Input                - Clearing active input actions
09:09:16.197 [JavaFX Application Thread] DEBUG Engine               - Removing overlay from PokeBounceGameMenu and adding to PokeBounceMainMenu
09:09:16.197 [JavaFX Application Thread] DEBUG MainWindow           - PokeBounceGameMenu -> PokeBounceMainMenu
09:09:16.197 [JavaFX Application Thread] DEBUG AudioPlayer          - Stopping music com.almasb.fxgl.audio.Music@2f28255a
09:09:18.987 [JavaFX Application Thread] DEBUG Engine               - Exiting FXGL
09:09:18.987 [JavaFX Application Thread] DEBUG Engine               - Shutting down background threads
09:09:18.988 [JavaFX Application Thread] DEBUG Engine               - Saving FXGL system data
09:09:18.989 [JavaFX Application Thread] DEBUG FSServiceImpl        - Writing to: E:\Spil projekt - Jan 2020\Demo1\system\fxgl.bundle
09:09:18.990 [JavaFX Application Thread] DEBUG Engine               - Closing logger and exiting JavaFX
