19:06:05.065 [main                     ] DEBUG GameApplication      - Logger initialized
19:06:05.088 [main                     ] DEBUG GameApplication      - Logging settings
Title: PokeBounce - Zealand
Version: 0.1
Width: 600
Height: 600
Fullscreen: false
Intro: false
Menus: true
Profiling: false
Single step:false
App Mode: DEVELOPER
Menu Key: ESCAPE
Stage Style: DECORATED
Scene Factory: class PokeBounce.pokebounce.BasicGameApp$1
Dialog Factory: class com.almasb.fxgl.ui.FXGLDialogFactory
UI Factory: class com.almasb.fxgl.ui.FXGLUIFactory

19:06:05.380 [JavaFX Application Thread] DEBUG Engine               - Initializing FXGL
19:06:05.381 [JavaFX Application Thread] INFO  Engine               - FXGL-11.7 (05.01.2020 09.46) on WINDOWS (J:11.0.5 FX:10.0.2-internal)
19:06:05.381 [JavaFX Application Thread] INFO  Engine               - Source code and latest versions at: https://github.com/AlmasB/FXGL
19:06:05.381 [JavaFX Application Thread] INFO  Engine               -              Join the FXGL chat at: https://gitter.im/AlmasB/FXGL
19:06:05.381 [JavaFX Application Thread] DEBUG Engine               - Initializing environment variables
19:06:05.383 [JavaFX Application Thread] DEBUG Engine               - Logging environment variables
19:06:05.383 [JavaFX Application Thread] DEBUG Engine               - achievements: []
19:06:05.383 [JavaFX Application Thread] DEBUG Engine               - sceneStack: com.almasb.fxgl.app.Engine@7273a1ab
19:06:05.383 [JavaFX Application Thread] DEBUG Engine               - language: ObjectProperty [value: ENGLISH]
19:06:05.383 [JavaFX Application Thread] DEBUG Engine               - isCloseConfirmation: false
19:06:05.383 [JavaFX Application Thread] DEBUG Engine               - isProfilingEnabled: false
19:06:05.383 [JavaFX Application Thread] DEBUG Engine               - soundNotification: core/notification.wav
19:06:05.384 [JavaFX Application Thread] DEBUG Engine               - devShowBBoxProperty: BooleanProperty [value: false]
19:06:05.385 [JavaFX Application Thread] DEBUG Engine               - pixelsPerMeter: 50.0
19:06:05.385 [JavaFX Application Thread] DEBUG Engine               - overlayRoot: Group@4772e107
19:06:05.385 [JavaFX Application Thread] DEBUG Engine               - appIcon: EvilPuffIcon.png
19:06:05.385 [JavaFX Application Thread] DEBUG Engine               - soundMenuBack: menu/back.wav
19:06:05.386 [JavaFX Application Thread] DEBUG Engine               - isFullScreenAllowed: false
19:06:05.386 [JavaFX Application Thread] DEBUG Engine               - isIntroEnabled: false
19:06:05.386 [JavaFX Application Thread] DEBUG Engine               - eventBus: com.almasb.fxgl.event.EventBus@2933c372
19:06:05.386 [JavaFX Application Thread] DEBUG Engine               - fontMono: lucida_console.ttf
19:06:05.387 [JavaFX Application Thread] DEBUG Engine               - soundMenuSelect: menu/select.wav
19:06:05.387 [JavaFX Application Thread] DEBUG Engine               - isWindows: true
19:06:05.387 [JavaFX Application Thread] DEBUG Engine               - isMobile: false
19:06:05.387 [JavaFX Application Thread] DEBUG Engine               - height: 600
19:06:05.388 [JavaFX Application Thread] DEBUG Engine               - isExperimentalNative: false
19:06:05.388 [JavaFX Application Thread] DEBUG Engine               - cSSList: [fxgl_dark.css]
19:06:05.388 [JavaFX Application Thread] DEBUG Engine               - isSingleStep: false
19:06:05.388 [JavaFX Application Thread] DEBUG Engine               - fontGame: Abel-Regular.ttf
19:06:05.388 [JavaFX Application Thread] DEBUG Engine               - menuKey: ESCAPE
19:06:05.388 [JavaFX Application Thread] DEBUG Engine               - devShowPositionProperty: BooleanProperty [value: false]
19:06:05.388 [JavaFX Application Thread] DEBUG Engine               - versionCheckDays: 7
19:06:05.388 [JavaFX Application Thread] DEBUG Engine               - masterTimer: com.almasb.fxgl.time.Timer@46224106
19:06:05.388 [JavaFX Application Thread] DEBUG Engine               - configClass: Optional.empty
19:06:05.389 [JavaFX Application Thread] DEBUG Engine               - isFullScreenFromStart: false
19:06:05.389 [JavaFX Application Thread] DEBUG Engine               - version: 0.1
19:06:05.389 [JavaFX Application Thread] DEBUG Engine               - fullScreen: BooleanProperty [value: false]
19:06:05.389 [JavaFX Application Thread] DEBUG Engine               - randomSeed: -1
19:06:05.389 [JavaFX Application Thread] DEBUG Engine               - dialogFactory: com.almasb.fxgl.ui.FXGLDialogFactory@4a84e45c
19:06:05.389 [JavaFX Application Thread] DEBUG Engine               - applicationMode: DEVELOPER
19:06:05.389 [JavaFX Application Thread] DEBUG Engine               - isMac: false
19:06:05.389 [JavaFX Application Thread] DEBUG Engine               - urlGoogleForms: https://goo.gl/forms/6wrMnOBxTE1fEpOy2
19:06:05.389 [JavaFX Application Thread] DEBUG Engine               - isMenuEnabled: true
19:06:05.389 [JavaFX Application Thread] DEBUG Engine               - profileName: user.profile
19:06:05.389 [JavaFX Application Thread] DEBUG Engine               - urlPOM: https://raw.githubusercontent.com/AlmasB/FXGL/master/pom.xml
19:06:05.389 [JavaFX Application Thread] DEBUG Engine               - notificationViewClass: class com.almasb.fxgl.notification.view.XboxNotificationView
19:06:05.390 [JavaFX Application Thread] DEBUG Engine               - devSensorColorProperty: ObjectProperty [value: 0xffff00ff]
19:06:05.390 [JavaFX Application Thread] DEBUG Engine               - sceneFactory: PokeBounce.pokebounce.BasicGameApp$1@1a2e4ed2
19:06:05.390 [JavaFX Application Thread] DEBUG Engine               - dataFileExt: .dat
19:06:05.390 [JavaFX Application Thread] DEBUG Engine               - stageStyle: DECORATED
19:06:05.390 [JavaFX Application Thread] DEBUG Engine               - isManualResizeEnabled: false
19:06:05.390 [JavaFX Application Thread] DEBUG Engine               - title: PokeBounce - Zealand
19:06:05.390 [JavaFX Application Thread] DEBUG Engine               - platform: WINDOWS
19:06:05.390 [JavaFX Application Thread] DEBUG Engine               - devBBoxColorProperty: ObjectProperty [value: 0xff0000ff]
19:06:05.390 [JavaFX Application Thread] DEBUG Engine               - isDesktop: true
19:06:05.391 [JavaFX Application Thread] DEBUG Engine               - globalMusicVolumeProperty: DoubleProperty [value: 0.5]
19:06:05.391 [JavaFX Application Thread] DEBUG Engine               - credits: []
19:06:05.391 [JavaFX Application Thread] DEBUG Engine               - isPreserveResizeRatio: false
19:06:05.391 [JavaFX Application Thread] DEBUG Engine               - uIFactory: com.almasb.fxgl.ui.FXGLUIFactory@2db126b6
19:06:05.391 [JavaFX Application Thread] DEBUG Engine               - fontText: Courier-Prime.ttf
19:06:05.391 [JavaFX Application Thread] DEBUG Engine               - isExperimentalTiledLargeMap: false
19:06:05.391 [JavaFX Application Thread] DEBUG Engine               - secondsIn24h: 60
19:06:05.391 [JavaFX Application Thread] DEBUG Engine               - runtimeInfo: RuntimeInfo(platform=WINDOWS, version=11.7, build=05.01.2020 09.46)
19:06:05.391 [JavaFX Application Thread] DEBUG Engine               - isLinux: false
19:06:05.391 [JavaFX Application Thread] DEBUG Engine               - soundMenuPress: menu/press.wav
19:06:05.391 [JavaFX Application Thread] DEBUG Engine               - urlGithub: https://github.com/AlmasB/FXGL
19:06:05.391 [JavaFX Application Thread] DEBUG Engine               - profileDir: profiles/
19:06:05.392 [JavaFX Application Thread] DEBUG Engine               - isDeveloperMenuEnabled: false
19:06:05.392 [JavaFX Application Thread] DEBUG Engine               - globalSoundVolumeProperty: DoubleProperty [value: 0.5]
19:06:05.392 [JavaFX Application Thread] DEBUG Engine               - isBrowser: false
19:06:05.392 [JavaFX Application Thread] DEBUG Engine               - urlLeaderboard: http://fxgl-top.herokuapp.com/
19:06:05.392 [JavaFX Application Thread] DEBUG Engine               - globalSoundVolume: 0.5
19:06:05.392 [JavaFX Application Thread] DEBUG Engine               - saveDir: saves/
19:06:05.392 [JavaFX Application Thread] DEBUG Engine               - engineServices: [class com.almasb.fxgl.audio.AudioPlayer, class com.almasb.fxgl.notification.impl.NotificationServiceProvider, class com.almasb.fxgl.achievement.AchievementManager, class com.almasb.fxgl.cutscene.CutsceneService, class com.almasb.fxgl.minigames.MiniGameService]
19:06:05.392 [JavaFX Application Thread] DEBUG Engine               - globalMusicVolume: 0.5
19:06:05.392 [JavaFX Application Thread] DEBUG Engine               - width: 600
19:06:05.393 [JavaFX Application Thread] DEBUG Engine               - saveFileExt: .sav
19:06:05.393 [JavaFX Application Thread] DEBUG Engine               - isAndroid: false
19:06:05.393 [JavaFX Application Thread] DEBUG Engine               - fontUI: VarelaRound-Regular.ttf
19:06:05.393 [JavaFX Application Thread] DEBUG Engine               - enabledMenuItems: []
19:06:05.393 [JavaFX Application Thread] DEBUG Engine               - isIOS: false
19:06:05.395 [JavaFX Application Thread] DEBUG Engine               - Adding new engine service: class com.almasb.fxgl.audio.AudioPlayer
19:06:05.396 [JavaFX Application Thread] DEBUG Engine               - Adding new engine service: class com.almasb.fxgl.notification.impl.NotificationServiceProvider
19:06:05.396 [JavaFX Application Thread] DEBUG Engine               - Adding new engine service: class com.almasb.fxgl.achievement.AchievementManager
19:06:05.396 [JavaFX Application Thread] DEBUG Engine               - Adding new engine service: class com.almasb.fxgl.cutscene.CutsceneService
19:06:05.397 [JavaFX Application Thread] DEBUG Engine               - Adding new engine service: class com.almasb.fxgl.minigames.MiniGameService
19:06:05.399 [JavaFX Application Thread] DEBUG Engine               - Loading localizations
19:06:05.401 [JavaFX Application Thread] DEBUG AssetLoader          - Loading from file system: /assets/properties/languages/english.properties
19:06:05.404 [JavaFX Application Thread] DEBUG AssetLoader          - Loading from file system: /assets/properties/languages/french.properties
19:06:05.405 [JavaFX Application Thread] DEBUG AssetLoader          - Loading from file system: /assets/properties/languages/german.properties
19:06:05.406 [JavaFX Application Thread] DEBUG AssetLoader          - Loading from file system: /assets/properties/languages/russian.properties
19:06:05.407 [JavaFX Application Thread] DEBUG AssetLoader          - Loading from file system: /assets/properties/languages/hungarian.properties
19:06:05.408 [JavaFX Application Thread] DEBUG Engine               - Registering font factories
19:06:05.408 [JavaFX Application Thread] DEBUG AssetLoader          - Loading from file system: /assets/ui/fonts/VarelaRound-Regular.ttf
19:06:05.577 [JavaFX Application Thread] DEBUG AssetLoader          - Loading from file system: /assets/ui/fonts/Abel-Regular.ttf
19:06:05.585 [JavaFX Application Thread] DEBUG AssetLoader          - Loading from file system: /assets/ui/fonts/lucida_console.ttf
19:06:05.595 [JavaFX Application Thread] DEBUG AssetLoader          - Loading from file system: /assets/ui/fonts/Courier-Prime.ttf
19:06:05.606 [JavaFX Application Thread] DEBUG Engine               - Setting UI factory
19:06:05.679 [JavaFX Application Thread] DEBUG AssetLoader          - Loading from file system: /assets/textures/fxgl_logo.png
19:06:05.714 [JavaFX Application Thread] DEBUG MainWindow           - Creating a JavaFX scene
19:06:05.738 [JavaFX Application Thread] DEBUG MainWindow           - Target settings size: 600.0 x 600.0
19:06:05.738 [JavaFX Application Thread] DEBUG MainWindow           - Scaled scene size:    600.0 x 600.0
19:06:05.738 [JavaFX Application Thread] DEBUG MainWindow           - Scaled ratio: (1.0, 1.0)
19:06:05.739 [JavaFX Application Thread] DEBUG MainWindow           - Set initial scene to FXGLStartupScene
19:06:05.745 [JavaFX Application Thread] DEBUG AssetLoader          - Loading from file system: /assets/textures/EvilPuffIcon.png
19:06:05.746 [JavaFX Application Thread] DEBUG Engine               - Applying CSS: fxgl_dark.css
19:06:05.747 [JavaFX Application Thread] DEBUG AssetLoader          - Loading from file system: /assets/ui/css/fxgl_dark.css
19:06:05.748 [JavaFX Application Thread] DEBUG AssetLoader          - Loading from file system: /assets/ui/cursors/fxgl_default.png
19:06:05.750 [JavaFX Application Thread] DEBUG MainWindow           - Opening main window
19:06:05.846 [JavaFX Application Thread] DEBUG MainWindow           - Window border size: (16.0, 39.0)
19:06:05.846 [JavaFX Application Thread] DEBUG MainWindow           - Scaled size: 600.0 x 600.0
19:06:05.846 [JavaFX Application Thread] DEBUG MainWindow           - Scaled ratio: (1.0, 1.0)
19:06:05.846 [JavaFX Application Thread] DEBUG MainWindow           - Scene size: 600.0 x 600.0
19:06:05.846 [JavaFX Application Thread] DEBUG MainWindow           - Stage size: 616.0 x 639.0
19:06:05.869 [FXGL Background Thread 1 ] DEBUG FS                   - Loaded FSServiceImpl
19:06:05.870 [FXGL Background Thread 1 ] DEBUG Engine               - Loading FXGL system data
19:06:05.873 [FXGL Background Thread 1 ] DEBUG FSServiceImpl        - Reading from: E:\Spil projekt - Jan 2020\Demo1\system\fxgl.bundle
19:06:05.881 [FXGL Background Thread 1 ] DEBUG Engine               - Bundle FXGL: {}
19:06:05.881 [FXGL Background Thread 1 ] DEBUG Engine               - Initializing application scenes
19:06:05.899 [FXGL Background Thread 1 ] DEBUG GameWorld            - Game world initialized
19:06:05.935 [FXGL Background Thread 1 ] DEBUG PhysicsWorld         - Physics world initialized: appHeight=600, physics.ppm=50,0
19:06:05.936 [FXGL Background Thread 1 ] DEBUG GameScene            - Game scene initialized: 600x600
19:06:05.958 [FXGL Background Thread 1 ] DEBUG AssetLoader          - Loading from file system: /assets/textures/MainMenuGif.gif
19:06:06.100 [FXGL Background Thread 1 ] DEBUG AssetLoader          - Loading from file system: /assets/textures/GameMenuEvilPuff3.png
19:06:06.111 [FXGL Background Thread 1 ] DEBUG Engine               - Application scenes initialized
19:06:06.113 [JavaFX Application Thread] DEBUG Engine               - Running preInit()
19:06:06.119 [JavaFX Application Thread] DEBUG Input                - Registered new binding: Move Right - D
19:06:06.119 [JavaFX Application Thread] DEBUG Input                - Registered new binding: Move Left - A
19:06:06.119 [JavaFX Application Thread] DEBUG Input                - Registered new binding: Move Up - W
19:06:06.119 [JavaFX Application Thread] DEBUG Input                - Registered new binding: Move Down - S
19:06:06.119 [JavaFX Application Thread] DEBUG Input                - Registered new binding: Screenshot - P
19:06:06.120 [JavaFX Application Thread] DEBUG Input                - Registered new binding: System info dump - CTRL+9
19:06:06.120 [JavaFX Application Thread] DEBUG Input                - Registered new binding: Restart - CTRL+R
19:06:06.120 [JavaFX Application Thread] DEBUG Engine               - generateDefaultProfile()
19:06:06.120 [JavaFX Application Thread] DEBUG Engine               - Creating default profile
19:06:06.120 [JavaFX Application Thread] DEBUG EventBus             - Firing event: SaveEvent
19:06:06.128 [JavaFX Application Thread] INFO  Engine               - FXGL initialization took: 0,729 sec
19:06:06.128 [JavaFX Application Thread] DEBUG LoopRunner           - Starting loop
19:06:06.129 [JavaFX Application Thread] DEBUG FXGLStartupScene     - STARTUP
19:06:06.131 [JavaFX Application Thread] DEBUG Input                - Clearing active input actions
19:06:06.139 [JavaFX Application Thread] DEBUG Engine               - Removing overlay from FXGLStartupScene and adding to PokeBounceMainMenu
19:06:06.140 [JavaFX Application Thread] DEBUG MainWindow           - FXGLStartupScene -> PokeBounceMainMenu
19:06:08.167 [JavaFX Application Thread] DEBUG Engine               - Exiting FXGL
19:06:08.167 [JavaFX Application Thread] DEBUG Engine               - Shutting down background threads
19:06:08.167 [JavaFX Application Thread] DEBUG Engine               - Saving FXGL system data
19:06:08.168 [JavaFX Application Thread] DEBUG FSServiceImpl        - Writing to: E:\Spil projekt - Jan 2020\Demo1\system\fxgl.bundle
19:06:08.170 [JavaFX Application Thread] DEBUG Engine               - Closing logger and exiting JavaFX
