13:25:17.895 [main                     ] DEBUG GameApplication      - Logger initialized
13:25:17.925 [main                     ] DEBUG GameApplication      - Logging settings
Title: Basic Game app
Version: 0.1
Width: 600
Height: 600
Fullscreen: false
Intro: false
Menus: false
Profiling: false
Single step:false
App Mode: DEVELOPER
Menu Key: ESCAPE
Stage Style: DECORATED
Scene Factory: class com.almasb.fxgl.app.SceneFactory
Dialog Factory: class com.almasb.fxgl.ui.FXGLDialogFactory
UI Factory: class com.almasb.fxgl.ui.FXGLUIFactory

13:25:18.164 [JavaFX Application Thread] DEBUG Engine               - Initializing FXGL
13:25:18.164 [JavaFX Application Thread] INFO  Engine               - FXGL-11.7 (05.01.2020 09.46) on WINDOWS (J:11.0.4 FX:10.0.2-internal)
13:25:18.164 [JavaFX Application Thread] INFO  Engine               - Source code and latest versions at: https://github.com/AlmasB/FXGL
13:25:18.164 [JavaFX Application Thread] INFO  Engine               -              Join the FXGL chat at: https://gitter.im/AlmasB/FXGL
13:25:18.164 [JavaFX Application Thread] DEBUG Engine               - Initializing environment variables
13:25:18.166 [JavaFX Application Thread] DEBUG Engine               - Logging environment variables
13:25:18.167 [JavaFX Application Thread] DEBUG Engine               - achievements: []
13:25:18.167 [JavaFX Application Thread] DEBUG Engine               - sceneStack: com.almasb.fxgl.app.Engine@74dfffde
13:25:18.167 [JavaFX Application Thread] DEBUG Engine               - language: ObjectProperty [value: ENGLISH]
13:25:18.167 [JavaFX Application Thread] DEBUG Engine               - isCloseConfirmation: false
13:25:18.167 [JavaFX Application Thread] DEBUG Engine               - isProfilingEnabled: false
13:25:18.167 [JavaFX Application Thread] DEBUG Engine               - soundNotification: core/notification.wav
13:25:18.167 [JavaFX Application Thread] DEBUG Engine               - devShowBBoxProperty: BooleanProperty [value: false]
13:25:18.168 [JavaFX Application Thread] DEBUG Engine               - pixelsPerMeter: 50.0
13:25:18.169 [JavaFX Application Thread] DEBUG Engine               - overlayRoot: Group@5d45ac5b
13:25:18.169 [JavaFX Application Thread] DEBUG Engine               - soundMenuBack: menu/back.wav
13:25:18.169 [JavaFX Application Thread] DEBUG Engine               - appIcon: fxgl_icon.png
13:25:18.169 [JavaFX Application Thread] DEBUG Engine               - isFullScreenAllowed: false
13:25:18.169 [JavaFX Application Thread] DEBUG Engine               - isIntroEnabled: false
13:25:18.169 [JavaFX Application Thread] DEBUG Engine               - eventBus: com.almasb.fxgl.event.EventBus@12945434
13:25:18.170 [JavaFX Application Thread] DEBUG Engine               - fontMono: lucida_console.ttf
13:25:18.170 [JavaFX Application Thread] DEBUG Engine               - soundMenuSelect: menu/select.wav
13:25:18.170 [JavaFX Application Thread] DEBUG Engine               - isWindows: true
13:25:18.170 [JavaFX Application Thread] DEBUG Engine               - isMobile: false
13:25:18.170 [JavaFX Application Thread] DEBUG Engine               - height: 600
13:25:18.170 [JavaFX Application Thread] DEBUG Engine               - isExperimentalNative: false
13:25:18.170 [JavaFX Application Thread] DEBUG Engine               - isSingleStep: false
13:25:18.170 [JavaFX Application Thread] DEBUG Engine               - cSSList: [fxgl_dark.css]
13:25:18.171 [JavaFX Application Thread] DEBUG Engine               - fontGame: Abel-Regular.ttf
13:25:18.171 [JavaFX Application Thread] DEBUG Engine               - menuKey: ESCAPE
13:25:18.171 [JavaFX Application Thread] DEBUG Engine               - devShowPositionProperty: BooleanProperty [value: false]
13:25:18.171 [JavaFX Application Thread] DEBUG Engine               - versionCheckDays: 7
13:25:18.171 [JavaFX Application Thread] DEBUG Engine               - masterTimer: com.almasb.fxgl.time.Timer@193e68b7
13:25:18.171 [JavaFX Application Thread] DEBUG Engine               - configClass: Optional.empty
13:25:18.171 [JavaFX Application Thread] DEBUG Engine               - isFullScreenFromStart: false
13:25:18.171 [JavaFX Application Thread] DEBUG Engine               - version: 0.1
13:25:18.171 [JavaFX Application Thread] DEBUG Engine               - fullScreen: BooleanProperty [value: false]
13:25:18.172 [JavaFX Application Thread] DEBUG Engine               - randomSeed: -1
13:25:18.172 [JavaFX Application Thread] DEBUG Engine               - dialogFactory: com.almasb.fxgl.ui.FXGLDialogFactory@3651926
13:25:18.172 [JavaFX Application Thread] DEBUG Engine               - applicationMode: DEVELOPER
13:25:18.172 [JavaFX Application Thread] DEBUG Engine               - isMac: false
13:25:18.172 [JavaFX Application Thread] DEBUG Engine               - urlGoogleForms: https://goo.gl/forms/6wrMnOBxTE1fEpOy2
13:25:18.172 [JavaFX Application Thread] DEBUG Engine               - isMenuEnabled: false
13:25:18.172 [JavaFX Application Thread] DEBUG Engine               - profileName: user.profile
13:25:18.173 [JavaFX Application Thread] DEBUG Engine               - urlPOM: https://raw.githubusercontent.com/AlmasB/FXGL/master/pom.xml
13:25:18.173 [JavaFX Application Thread] DEBUG Engine               - notificationViewClass: class com.almasb.fxgl.notification.view.XboxNotificationView
13:25:18.173 [JavaFX Application Thread] DEBUG Engine               - devSensorColorProperty: ObjectProperty [value: 0xffff00ff]
13:25:18.173 [JavaFX Application Thread] DEBUG Engine               - sceneFactory: com.almasb.fxgl.app.SceneFactory@73324a65
13:25:18.173 [JavaFX Application Thread] DEBUG Engine               - dataFileExt: .dat
13:25:18.173 [JavaFX Application Thread] DEBUG Engine               - stageStyle: DECORATED
13:25:18.173 [JavaFX Application Thread] DEBUG Engine               - isManualResizeEnabled: false
13:25:18.173 [JavaFX Application Thread] DEBUG Engine               - title: Basic Game app
13:25:18.173 [JavaFX Application Thread] DEBUG Engine               - platform: WINDOWS
13:25:18.173 [JavaFX Application Thread] DEBUG Engine               - devBBoxColorProperty: ObjectProperty [value: 0xff0000ff]
13:25:18.174 [JavaFX Application Thread] DEBUG Engine               - isDesktop: true
13:25:18.174 [JavaFX Application Thread] DEBUG Engine               - credits: []
13:25:18.174 [JavaFX Application Thread] DEBUG Engine               - globalMusicVolumeProperty: DoubleProperty [value: 0.5]
13:25:18.174 [JavaFX Application Thread] DEBUG Engine               - isPreserveResizeRatio: false
13:25:18.174 [JavaFX Application Thread] DEBUG Engine               - uIFactory: com.almasb.fxgl.ui.FXGLUIFactory@433785c3
13:25:18.174 [JavaFX Application Thread] DEBUG Engine               - fontText: Courier-Prime.ttf
13:25:18.174 [JavaFX Application Thread] DEBUG Engine               - isExperimentalTiledLargeMap: false
13:25:18.174 [JavaFX Application Thread] DEBUG Engine               - secondsIn24h: 60
13:25:18.174 [JavaFX Application Thread] DEBUG Engine               - runtimeInfo: RuntimeInfo(platform=WINDOWS, version=11.7, build=05.01.2020 09.46)
13:25:18.174 [JavaFX Application Thread] DEBUG Engine               - isLinux: false
13:25:18.174 [JavaFX Application Thread] DEBUG Engine               - soundMenuPress: menu/press.wav
13:25:18.174 [JavaFX Application Thread] DEBUG Engine               - urlGithub: https://github.com/AlmasB/FXGL
13:25:18.175 [JavaFX Application Thread] DEBUG Engine               - profileDir: profiles/
13:25:18.175 [JavaFX Application Thread] DEBUG Engine               - isDeveloperMenuEnabled: false
13:25:18.175 [JavaFX Application Thread] DEBUG Engine               - globalSoundVolumeProperty: DoubleProperty [value: 0.5]
13:25:18.175 [JavaFX Application Thread] DEBUG Engine               - isBrowser: false
13:25:18.175 [JavaFX Application Thread] DEBUG Engine               - globalSoundVolume: 0.5
13:25:18.175 [JavaFX Application Thread] DEBUG Engine               - urlLeaderboard: http://fxgl-top.herokuapp.com/
13:25:18.175 [JavaFX Application Thread] DEBUG Engine               - saveDir: saves/
13:25:18.175 [JavaFX Application Thread] DEBUG Engine               - engineServices: [class com.almasb.fxgl.audio.AudioPlayer, class com.almasb.fxgl.notification.impl.NotificationServiceProvider, class com.almasb.fxgl.achievement.AchievementManager, class com.almasb.fxgl.cutscene.CutsceneService, class com.almasb.fxgl.minigames.MiniGameService]
13:25:18.175 [JavaFX Application Thread] DEBUG Engine               - globalMusicVolume: 0.5
13:25:18.175 [JavaFX Application Thread] DEBUG Engine               - width: 600
13:25:18.175 [JavaFX Application Thread] DEBUG Engine               - saveFileExt: .sav
13:25:18.175 [JavaFX Application Thread] DEBUG Engine               - isAndroid: false
13:25:18.175 [JavaFX Application Thread] DEBUG Engine               - fontUI: VarelaRound-Regular.ttf
13:25:18.176 [JavaFX Application Thread] DEBUG Engine               - enabledMenuItems: []
13:25:18.176 [JavaFX Application Thread] DEBUG Engine               - isIOS: false
13:25:18.178 [JavaFX Application Thread] DEBUG Engine               - Adding new engine service: class com.almasb.fxgl.audio.AudioPlayer
13:25:18.178 [JavaFX Application Thread] DEBUG Engine               - Adding new engine service: class com.almasb.fxgl.notification.impl.NotificationServiceProvider
13:25:18.179 [JavaFX Application Thread] DEBUG Engine               - Adding new engine service: class com.almasb.fxgl.achievement.AchievementManager
13:25:18.180 [JavaFX Application Thread] DEBUG Engine               - Adding new engine service: class com.almasb.fxgl.cutscene.CutsceneService
13:25:18.180 [JavaFX Application Thread] DEBUG Engine               - Adding new engine service: class com.almasb.fxgl.minigames.MiniGameService
13:25:18.182 [JavaFX Application Thread] DEBUG Engine               - Loading localizations
13:25:18.188 [JavaFX Application Thread] DEBUG AssetLoader          - Loading from file system: /assets/properties/languages/english.properties
13:25:18.191 [JavaFX Application Thread] DEBUG AssetLoader          - Loading from file system: /assets/properties/languages/french.properties
13:25:18.192 [JavaFX Application Thread] DEBUG AssetLoader          - Loading from file system: /assets/properties/languages/german.properties
13:25:18.193 [JavaFX Application Thread] DEBUG AssetLoader          - Loading from file system: /assets/properties/languages/russian.properties
13:25:18.194 [JavaFX Application Thread] DEBUG AssetLoader          - Loading from file system: /assets/properties/languages/hungarian.properties
13:25:18.196 [JavaFX Application Thread] DEBUG Engine               - Registering font factories
13:25:18.196 [JavaFX Application Thread] DEBUG AssetLoader          - Loading from file system: /assets/ui/fonts/VarelaRound-Regular.ttf
13:25:18.456 [JavaFX Application Thread] DEBUG AssetLoader          - Loading from file system: /assets/ui/fonts/Abel-Regular.ttf
13:25:18.464 [JavaFX Application Thread] DEBUG AssetLoader          - Loading from file system: /assets/ui/fonts/lucida_console.ttf
13:25:18.474 [JavaFX Application Thread] DEBUG AssetLoader          - Loading from file system: /assets/ui/fonts/Courier-Prime.ttf
13:25:18.483 [JavaFX Application Thread] DEBUG Engine               - Setting UI factory
13:25:18.559 [JavaFX Application Thread] DEBUG AssetLoader          - Loading from file system: /assets/textures/fxgl_logo.png
13:25:18.610 [JavaFX Application Thread] DEBUG MainWindow           - Creating a JavaFX scene
13:25:18.638 [JavaFX Application Thread] DEBUG MainWindow           - Target settings size: 600.0 x 600.0
13:25:18.638 [JavaFX Application Thread] DEBUG MainWindow           - Scaled scene size:    600.0 x 600.0
13:25:18.638 [JavaFX Application Thread] DEBUG MainWindow           - Scaled ratio: (1.0, 1.0)
13:25:18.639 [JavaFX Application Thread] DEBUG MainWindow           - Set initial scene to FXGLStartupScene
13:25:18.645 [JavaFX Application Thread] DEBUG AssetLoader          - Loading from file system: /assets/textures/fxgl_icon.png
13:25:18.657 [JavaFX Application Thread] DEBUG Engine               - Applying CSS: fxgl_dark.css
13:25:18.657 [JavaFX Application Thread] DEBUG AssetLoader          - Loading from file system: /assets/ui/css/fxgl_dark.css
13:25:18.660 [JavaFX Application Thread] DEBUG AssetLoader          - Loading from file system: /assets/ui/cursors/fxgl_default.png
13:25:18.662 [JavaFX Application Thread] DEBUG MainWindow           - Opening main window
13:25:18.808 [JavaFX Application Thread] DEBUG MainWindow           - Window border size: (14.4000244140625, 37.5999755859375)
13:25:18.809 [JavaFX Application Thread] DEBUG MainWindow           - Scaled size: 600.0 x 600.0
13:25:18.809 [JavaFX Application Thread] DEBUG MainWindow           - Scaled ratio: (1.0, 1.0)
13:25:18.809 [JavaFX Application Thread] DEBUG MainWindow           - Scene size: 600.0 x 600.0
13:25:18.809 [JavaFX Application Thread] DEBUG MainWindow           - Stage size: 614.4000244140625 x 637.5999755859375
13:25:18.821 [FXGL Background Thread 1 ] DEBUG FS                   - Loaded FSServiceImpl
13:25:18.822 [FXGL Background Thread 1 ] DEBUG Engine               - Loading FXGL system data
13:25:18.830 [FXGL Background Thread 1 ] DEBUG FSServiceImpl        - Reading from: C:\Users\Patrick\Desktop\Spil projekt - Jan 2020\Demo1\system\fxgl.bundle
13:25:18.842 [FXGL Background Thread 1 ] DEBUG Engine               - Bundle FXGL: {}
13:25:18.842 [FXGL Background Thread 1 ] DEBUG Engine               - Initializing application scenes
13:25:18.878 [FXGL Background Thread 1 ] DEBUG GameWorld            - Game world initialized
13:25:18.936 [FXGL Background Thread 1 ] DEBUG PhysicsWorld         - Physics world initialized: appHeight=600, physics.ppm=50,0
13:25:18.938 [FXGL Background Thread 1 ] DEBUG GameScene            - Game scene initialized: 600x600
13:25:18.960 [FXGL Background Thread 1 ] DEBUG Input                - Registered new binding: Resume - Esc
13:25:18.960 [FXGL Background Thread 1 ] DEBUG AssetLoader          - Loading from file system: /assets/textures/pause_menu_bg.png
13:25:18.981 [FXGL Background Thread 1 ] DEBUG Input                - Registered new binding: Pause - Esc
13:25:18.981 [FXGL Background Thread 1 ] DEBUG Engine               - Application scenes initialized
13:25:18.983 [JavaFX Application Thread] DEBUG Engine               - Running preInit()
13:25:18.983 [JavaFX Application Thread] DEBUG Input                - Registered new binding: Move Right - D
13:25:18.983 [JavaFX Application Thread] DEBUG Input                - Registered new binding: Move Left - A
13:25:18.983 [JavaFX Application Thread] DEBUG Input                - Registered new binding: Move Up - W
13:25:18.983 [JavaFX Application Thread] DEBUG Input                - Registered new binding: Move Down - S
13:25:18.984 [JavaFX Application Thread] DEBUG Input                - Registered new binding: Screenshot - P
13:25:18.984 [JavaFX Application Thread] DEBUG Input                - Registered new binding: System info dump - CTRL+9
13:25:18.984 [JavaFX Application Thread] DEBUG Input                - Registered new binding: Restart - CTRL+R
13:25:18.984 [JavaFX Application Thread] DEBUG Engine               - generateDefaultProfile()
13:25:18.984 [JavaFX Application Thread] DEBUG Engine               - Creating default profile
13:25:18.984 [JavaFX Application Thread] DEBUG EventBus             - Firing event: SaveEvent
13:25:18.995 [JavaFX Application Thread] DEBUG AssetLoader          - Loading from file system: /assets/music/Pokemon Red, Yellow, Blue Battle Music- Trainer.mp3
13:25:19.079 [JavaFX Application Thread] DEBUG AudioPlayer          - Playing music com.almasb.fxgl.audio.Music@2a4577d3
13:25:19.080 [JavaFX Application Thread] INFO  Engine               - FXGL initialization took: 0,897 sec
13:25:19.080 [JavaFX Application Thread] DEBUG LoopRunner           - Starting loop
13:25:19.096 [JavaFX Application Thread] DEBUG FXGLStartupScene     - STARTUP
13:25:19.096 [JavaFX Application Thread] DEBUG Engine               - Starting new game
13:25:19.100 [JavaFX Application Thread] DEBUG Input                - Clearing active input actions
13:25:19.100 [FXGL Background Thread 1 ] DEBUG InitAppTask          - Clearing previous game
13:25:19.100 [FXGL Background Thread 1 ] DEBUG GameWorld            - Clearing game world
13:25:19.101 [FXGL Background Thread 1 ] DEBUG PhysicsWorld         - Clearing physics world
13:25:19.101 [FXGL Background Thread 1 ] DEBUG GameScene            - Clearing game scene
13:25:19.101 [FXGL Background Thread 1 ] DEBUG InitAppTask          - Initializing Game
13:25:19.103 [FXGL Background Thread 1 ] DEBUG AssetLoader          - Loading from file system: /assets/textures/PokePlayerUnit1.png
13:25:19.113 [JavaFX Application Thread] DEBUG Engine               - Removing overlay from FXGLStartupScene and adding to LoadingScene
13:25:19.114 [JavaFX Application Thread] DEBUG MainWindow           - FXGLStartupScene -> LoadingScene
13:25:19.119 [FXGL Background Thread 1 ] DEBUG InitAppTask          - Initializing Physics
13:25:19.119 [FXGL Background Thread 1 ] DEBUG InitAppTask          - Initializing UI
13:25:19.120 [FXGL Background Thread 1 ] DEBUG InitAppTask          - Initialization Complete
13:25:19.120 [FXGL Background Thread 1 ] INFO  InitAppTask          - Game initialization took: 0,020 sec
13:25:19.160 [JavaFX Application Thread] DEBUG Input                - Clearing active input actions
13:25:19.173 [JavaFX Application Thread] DEBUG Engine               - Removing overlay from LoadingScene and adding to GameScene
13:25:19.173 [JavaFX Application Thread] DEBUG MainWindow           - LoadingScene -> GameScene
13:25:25.911 [JavaFX Application Thread] DEBUG Engine               - Exiting FXGL
13:25:25.912 [JavaFX Application Thread] DEBUG Engine               - Shutting down background threads
13:25:25.912 [JavaFX Application Thread] DEBUG Engine               - Saving FXGL system data
13:25:25.915 [JavaFX Application Thread] DEBUG FSServiceImpl        - Writing to: C:\Users\Patrick\Desktop\Spil projekt - Jan 2020\Demo1\system\fxgl.bundle
13:25:25.917 [JavaFX Application Thread] DEBUG Engine               - Closing logger and exiting JavaFX
