10:02:01.322 [main                     ] DEBUG GameApplication      - Logger initialized
10:02:01.353 [main                     ] DEBUG GameApplication      - Logging settings
Title: PokeBounce - Zealand
Version: 0.1
Width: 600
Height: 600
Fullscreen: false
Intro: false
Menus: true
Profiling: false
Single step:false
App Mode: DEVELOPER
Menu Key: ESCAPE
Stage Style: DECORATED
Scene Factory: class PokeBounce.pokebounce.BasicGameApp$1
Dialog Factory: class com.almasb.fxgl.ui.FXGLDialogFactory
UI Factory: class com.almasb.fxgl.ui.FXGLUIFactory

10:02:01.661 [JavaFX Application Thread] DEBUG Engine               - Initializing FXGL
10:02:01.661 [JavaFX Application Thread] INFO  Engine               - FXGL-11.7 (05.01.2020 09.46) on WINDOWS (J:11.0.5 FX:10.0.2-internal)
10:02:01.664 [JavaFX Application Thread] INFO  Engine               - Source code and latest versions at: https://github.com/AlmasB/FXGL
10:02:01.664 [JavaFX Application Thread] INFO  Engine               -              Join the FXGL chat at: https://gitter.im/AlmasB/FXGL
10:02:01.665 [JavaFX Application Thread] DEBUG Engine               - Initializing environment variables
10:02:01.666 [JavaFX Application Thread] DEBUG Engine               - Logging environment variables
10:02:01.667 [JavaFX Application Thread] DEBUG Engine               - achievements: []
10:02:01.667 [JavaFX Application Thread] DEBUG Engine               - sceneStack: com.almasb.fxgl.app.Engine@43bf52a5
10:02:01.667 [JavaFX Application Thread] DEBUG Engine               - language: ObjectProperty [value: ENGLISH]
10:02:01.667 [JavaFX Application Thread] DEBUG Engine               - isCloseConfirmation: false
10:02:01.667 [JavaFX Application Thread] DEBUG Engine               - isProfilingEnabled: false
10:02:01.667 [JavaFX Application Thread] DEBUG Engine               - soundNotification: core/notification.wav
10:02:01.667 [JavaFX Application Thread] DEBUG Engine               - devShowBBoxProperty: BooleanProperty [value: false]
10:02:01.668 [JavaFX Application Thread] DEBUG Engine               - pixelsPerMeter: 50.0
10:02:01.669 [JavaFX Application Thread] DEBUG Engine               - overlayRoot: Group@51e80302
10:02:01.669 [JavaFX Application Thread] DEBUG Engine               - appIcon: EvilPuffIcon.png
10:02:01.669 [JavaFX Application Thread] DEBUG Engine               - soundMenuBack: menu/back.wav
10:02:01.669 [JavaFX Application Thread] DEBUG Engine               - isFullScreenAllowed: false
10:02:01.669 [JavaFX Application Thread] DEBUG Engine               - isIntroEnabled: false
10:02:01.669 [JavaFX Application Thread] DEBUG Engine               - eventBus: com.almasb.fxgl.event.EventBus@10cc58a5
10:02:01.669 [JavaFX Application Thread] DEBUG Engine               - fontMono: lucida_console.ttf
10:02:01.669 [JavaFX Application Thread] DEBUG Engine               - soundMenuSelect: menu/select.wav
10:02:01.669 [JavaFX Application Thread] DEBUG Engine               - isWindows: true
10:02:01.669 [JavaFX Application Thread] DEBUG Engine               - isMobile: false
10:02:01.670 [JavaFX Application Thread] DEBUG Engine               - height: 600
10:02:01.670 [JavaFX Application Thread] DEBUG Engine               - isExperimentalNative: false
10:02:01.670 [JavaFX Application Thread] DEBUG Engine               - isSingleStep: false
10:02:01.670 [JavaFX Application Thread] DEBUG Engine               - cSSList: [fxgl_dark.css]
10:02:01.670 [JavaFX Application Thread] DEBUG Engine               - fontGame: Abel-Regular.ttf
10:02:01.671 [JavaFX Application Thread] DEBUG Engine               - menuKey: ESCAPE
10:02:01.671 [JavaFX Application Thread] DEBUG Engine               - devShowPositionProperty: BooleanProperty [value: false]
10:02:01.671 [JavaFX Application Thread] DEBUG Engine               - versionCheckDays: 7
10:02:01.671 [JavaFX Application Thread] DEBUG Engine               - masterTimer: com.almasb.fxgl.time.Timer@29df1a63
10:02:01.671 [JavaFX Application Thread] DEBUG Engine               - configClass: Optional.empty
10:02:01.671 [JavaFX Application Thread] DEBUG Engine               - isFullScreenFromStart: false
10:02:01.671 [JavaFX Application Thread] DEBUG Engine               - version: 0.1
10:02:01.671 [JavaFX Application Thread] DEBUG Engine               - fullScreen: BooleanProperty [value: false]
10:02:01.672 [JavaFX Application Thread] DEBUG Engine               - randomSeed: -1
10:02:01.672 [JavaFX Application Thread] DEBUG Engine               - dialogFactory: com.almasb.fxgl.ui.FXGLDialogFactory@1eb96863
10:02:01.672 [JavaFX Application Thread] DEBUG Engine               - applicationMode: DEVELOPER
10:02:01.672 [JavaFX Application Thread] DEBUG Engine               - isMac: false
10:02:01.672 [JavaFX Application Thread] DEBUG Engine               - urlGoogleForms: https://goo.gl/forms/6wrMnOBxTE1fEpOy2
10:02:01.674 [JavaFX Application Thread] DEBUG Engine               - isMenuEnabled: true
10:02:01.674 [JavaFX Application Thread] DEBUG Engine               - urlPOM: https://raw.githubusercontent.com/AlmasB/FXGL/master/pom.xml
10:02:01.674 [JavaFX Application Thread] DEBUG Engine               - profileName: user.profile
10:02:01.674 [JavaFX Application Thread] DEBUG Engine               - notificationViewClass: class com.almasb.fxgl.notification.view.XboxNotificationView
10:02:01.674 [JavaFX Application Thread] DEBUG Engine               - devSensorColorProperty: ObjectProperty [value: 0xffff00ff]
10:02:01.675 [JavaFX Application Thread] DEBUG Engine               - dataFileExt: .dat
10:02:01.675 [JavaFX Application Thread] DEBUG Engine               - sceneFactory: PokeBounce.pokebounce.BasicGameApp$1@f5898a5
10:02:01.675 [JavaFX Application Thread] DEBUG Engine               - stageStyle: DECORATED
10:02:01.675 [JavaFX Application Thread] DEBUG Engine               - isManualResizeEnabled: false
10:02:01.675 [JavaFX Application Thread] DEBUG Engine               - title: PokeBounce - Zealand
10:02:01.675 [JavaFX Application Thread] DEBUG Engine               - platform: WINDOWS
10:02:01.675 [JavaFX Application Thread] DEBUG Engine               - devBBoxColorProperty: ObjectProperty [value: 0xff0000ff]
10:02:01.675 [JavaFX Application Thread] DEBUG Engine               - isDesktop: true
10:02:01.675 [JavaFX Application Thread] DEBUG Engine               - globalMusicVolumeProperty: DoubleProperty [value: 0.5]
10:02:01.676 [JavaFX Application Thread] DEBUG Engine               - credits: []
10:02:01.676 [JavaFX Application Thread] DEBUG Engine               - isPreserveResizeRatio: false
10:02:01.676 [JavaFX Application Thread] DEBUG Engine               - uIFactory: com.almasb.fxgl.ui.FXGLUIFactory@7da3f09b
10:02:01.676 [JavaFX Application Thread] DEBUG Engine               - fontText: Courier-Prime.ttf
10:02:01.676 [JavaFX Application Thread] DEBUG Engine               - isExperimentalTiledLargeMap: false
10:02:01.676 [JavaFX Application Thread] DEBUG Engine               - secondsIn24h: 60
10:02:01.676 [JavaFX Application Thread] DEBUG Engine               - runtimeInfo: RuntimeInfo(platform=WINDOWS, version=11.7, build=05.01.2020 09.46)
10:02:01.676 [JavaFX Application Thread] DEBUG Engine               - isLinux: false
10:02:01.676 [JavaFX Application Thread] DEBUG Engine               - urlGithub: https://github.com/AlmasB/FXGL
10:02:01.676 [JavaFX Application Thread] DEBUG Engine               - soundMenuPress: menu/press.wav
10:02:01.676 [JavaFX Application Thread] DEBUG Engine               - profileDir: profiles/
10:02:01.676 [JavaFX Application Thread] DEBUG Engine               - globalSoundVolumeProperty: DoubleProperty [value: 0.5]
10:02:01.677 [JavaFX Application Thread] DEBUG Engine               - isDeveloperMenuEnabled: false
10:02:01.677 [JavaFX Application Thread] DEBUG Engine               - isBrowser: false
10:02:01.677 [JavaFX Application Thread] DEBUG Engine               - urlLeaderboard: http://fxgl-top.herokuapp.com/
10:02:01.677 [JavaFX Application Thread] DEBUG Engine               - globalSoundVolume: 0.5
10:02:01.677 [JavaFX Application Thread] DEBUG Engine               - saveDir: saves/
10:02:01.677 [JavaFX Application Thread] DEBUG Engine               - engineServices: [class com.almasb.fxgl.audio.AudioPlayer, class com.almasb.fxgl.notification.impl.NotificationServiceProvider, class com.almasb.fxgl.achievement.AchievementManager, class com.almasb.fxgl.cutscene.CutsceneService, class com.almasb.fxgl.minigames.MiniGameService]
10:02:01.677 [JavaFX Application Thread] DEBUG Engine               - globalMusicVolume: 0.5
10:02:01.677 [JavaFX Application Thread] DEBUG Engine               - width: 600
10:02:01.677 [JavaFX Application Thread] DEBUG Engine               - saveFileExt: .sav
10:02:01.677 [JavaFX Application Thread] DEBUG Engine               - isAndroid: false
10:02:01.677 [JavaFX Application Thread] DEBUG Engine               - fontUI: VarelaRound-Regular.ttf
10:02:01.677 [JavaFX Application Thread] DEBUG Engine               - enabledMenuItems: []
10:02:01.677 [JavaFX Application Thread] DEBUG Engine               - isIOS: false
10:02:01.680 [JavaFX Application Thread] DEBUG Engine               - Adding new engine service: class com.almasb.fxgl.audio.AudioPlayer
10:02:01.681 [JavaFX Application Thread] DEBUG Engine               - Adding new engine service: class com.almasb.fxgl.notification.impl.NotificationServiceProvider
10:02:01.681 [JavaFX Application Thread] DEBUG Engine               - Adding new engine service: class com.almasb.fxgl.achievement.AchievementManager
10:02:01.682 [JavaFX Application Thread] DEBUG Engine               - Adding new engine service: class com.almasb.fxgl.cutscene.CutsceneService
10:02:01.682 [JavaFX Application Thread] DEBUG Engine               - Adding new engine service: class com.almasb.fxgl.minigames.MiniGameService
10:02:01.684 [JavaFX Application Thread] DEBUG Engine               - Loading localizations
10:02:01.686 [JavaFX Application Thread] DEBUG AssetLoader          - Loading from file system: /assets/properties/languages/english.properties
10:02:01.691 [JavaFX Application Thread] DEBUG AssetLoader          - Loading from file system: /assets/properties/languages/french.properties
10:02:01.692 [JavaFX Application Thread] DEBUG AssetLoader          - Loading from file system: /assets/properties/languages/german.properties
10:02:01.693 [JavaFX Application Thread] DEBUG AssetLoader          - Loading from file system: /assets/properties/languages/russian.properties
10:02:01.695 [JavaFX Application Thread] DEBUG AssetLoader          - Loading from file system: /assets/properties/languages/hungarian.properties
10:02:01.697 [JavaFX Application Thread] DEBUG Engine               - Registering font factories
10:02:01.698 [JavaFX Application Thread] DEBUG AssetLoader          - Loading from file system: /assets/ui/fonts/VarelaRound-Regular.ttf
10:02:01.860 [JavaFX Application Thread] DEBUG AssetLoader          - Loading from file system: /assets/ui/fonts/Abel-Regular.ttf
10:02:01.870 [JavaFX Application Thread] DEBUG AssetLoader          - Loading from file system: /assets/ui/fonts/lucida_console.ttf
10:02:01.883 [JavaFX Application Thread] DEBUG AssetLoader          - Loading from file system: /assets/ui/fonts/Courier-Prime.ttf
10:02:01.902 [JavaFX Application Thread] DEBUG Engine               - Setting UI factory
10:02:01.983 [JavaFX Application Thread] DEBUG AssetLoader          - Loading from file system: /assets/textures/fxgl_logo.png
10:02:02.023 [JavaFX Application Thread] DEBUG MainWindow           - Creating a JavaFX scene
10:02:02.055 [JavaFX Application Thread] DEBUG MainWindow           - Target settings size: 600.0 x 600.0
10:02:02.055 [JavaFX Application Thread] DEBUG MainWindow           - Scaled scene size:    600.0 x 600.0
10:02:02.055 [JavaFX Application Thread] DEBUG MainWindow           - Scaled ratio: (1.0, 1.0)
10:02:02.056 [JavaFX Application Thread] DEBUG MainWindow           - Set initial scene to FXGLStartupScene
10:02:02.062 [JavaFX Application Thread] DEBUG AssetLoader          - Loading from file system: /assets/textures/EvilPuffIcon.png
10:02:02.064 [JavaFX Application Thread] DEBUG Engine               - Applying CSS: fxgl_dark.css
10:02:02.064 [JavaFX Application Thread] DEBUG AssetLoader          - Loading from file system: /assets/ui/css/fxgl_dark.css
10:02:02.066 [JavaFX Application Thread] DEBUG AssetLoader          - Loading from file system: /assets/ui/cursors/fxgl_default.png
10:02:02.068 [JavaFX Application Thread] DEBUG MainWindow           - Opening main window
10:02:02.196 [JavaFX Application Thread] DEBUG MainWindow           - Window border size: (16.0, 39.0)
10:02:02.197 [JavaFX Application Thread] DEBUG MainWindow           - Scaled size: 600.0 x 600.0
10:02:02.197 [JavaFX Application Thread] DEBUG MainWindow           - Scaled ratio: (1.0, 1.0)
10:02:02.197 [JavaFX Application Thread] DEBUG MainWindow           - Scene size: 600.0 x 600.0
10:02:02.197 [JavaFX Application Thread] DEBUG MainWindow           - Stage size: 616.0 x 639.0
10:02:02.216 [FXGL Background Thread 1 ] DEBUG FS                   - Loaded FSServiceImpl
10:02:02.217 [FXGL Background Thread 1 ] DEBUG Engine               - Loading FXGL system data
10:02:02.224 [FXGL Background Thread 1 ] DEBUG FSServiceImpl        - Reading from: E:\Spil projekt - Jan 2020\Demo1\system\fxgl.bundle
10:02:02.233 [FXGL Background Thread 1 ] DEBUG Engine               - Bundle FXGL: {}
10:02:02.233 [FXGL Background Thread 1 ] DEBUG Engine               - Initializing application scenes
10:02:02.255 [FXGL Background Thread 1 ] DEBUG GameWorld            - Game world initialized
10:02:02.298 [FXGL Background Thread 1 ] DEBUG PhysicsWorld         - Physics world initialized: appHeight=600, physics.ppm=50,0
10:02:02.299 [FXGL Background Thread 1 ] DEBUG GameScene            - Game scene initialized: 600x600
10:02:02.323 [FXGL Background Thread 1 ] DEBUG AssetLoader          - Loading from file system: /assets/textures/MainMenuGif.gif
10:02:02.459 [FXGL Background Thread 1 ] DEBUG AssetLoader          - Loading from file system: /assets/textures/GameMenuEvilPuff3.png
10:02:02.472 [FXGL Background Thread 1 ] DEBUG Engine               - Application scenes initialized
10:02:02.474 [JavaFX Application Thread] DEBUG Engine               - Running preInit()
10:02:02.480 [JavaFX Application Thread] DEBUG Input                - Registered new binding: Move Right - D
10:02:02.481 [JavaFX Application Thread] DEBUG Input                - Registered new binding: Move Left - A
10:02:02.481 [JavaFX Application Thread] DEBUG Input                - Registered new binding: Move Up - W
10:02:02.481 [JavaFX Application Thread] DEBUG Input                - Registered new binding: Move Down - S
10:02:02.481 [JavaFX Application Thread] DEBUG Input                - Registered new binding: Screenshot - P
10:02:02.482 [JavaFX Application Thread] DEBUG Input                - Registered new binding: System info dump - CTRL+9
10:02:02.482 [JavaFX Application Thread] DEBUG Input                - Registered new binding: Restart - CTRL+R
10:02:02.482 [JavaFX Application Thread] DEBUG Engine               - generateDefaultProfile()
10:02:02.482 [JavaFX Application Thread] DEBUG Engine               - Creating default profile
10:02:02.482 [JavaFX Application Thread] DEBUG EventBus             - Firing event: SaveEvent
10:02:02.491 [JavaFX Application Thread] DEBUG AssetLoader          - Loading from file system: /assets/music/MainMenuMusic.mp3
10:02:02.569 [JavaFX Application Thread] DEBUG AudioPlayer          - Playing music com.almasb.fxgl.audio.Music@2a07196e
10:02:02.570 [JavaFX Application Thread] INFO  Engine               - FXGL initialization took: 0,886 sec
10:02:02.570 [JavaFX Application Thread] DEBUG LoopRunner           - Starting loop
10:02:02.572 [JavaFX Application Thread] DEBUG FXGLStartupScene     - STARTUP
10:02:02.573 [JavaFX Application Thread] DEBUG Input                - Clearing active input actions
10:02:02.583 [JavaFX Application Thread] DEBUG Engine               - Removing overlay from FXGLStartupScene and adding to PokeBounceMainMenu
10:02:02.584 [JavaFX Application Thread] DEBUG MainWindow           - FXGLStartupScene -> PokeBounceMainMenu
10:02:04.117 [JavaFX Application Thread] DEBUG Engine               - Exiting FXGL
10:02:04.117 [JavaFX Application Thread] DEBUG Engine               - Shutting down background threads
10:02:04.117 [JavaFX Application Thread] DEBUG Engine               - Saving FXGL system data
10:02:04.118 [JavaFX Application Thread] DEBUG FSServiceImpl        - Writing to: E:\Spil projekt - Jan 2020\Demo1\system\fxgl.bundle
10:02:04.120 [JavaFX Application Thread] DEBUG Engine               - Closing logger and exiting JavaFX
