08:11:14.206 [main                     ] DEBUG GameApplication      - Logger initialized
08:11:14.224 [main                     ] DEBUG GameApplication      - Logging settings
Title: PokeBounce - Zealand
Version: 0.1
Width: 600
Height: 600
Fullscreen: false
Intro: false
Menus: true
Profiling: false
Single step:false
App Mode: DEVELOPER
Menu Key: ESCAPE
Stage Style: DECORATED
Scene Factory: class PokeBounce.pokebounce.BasicGameApp$1
Dialog Factory: class com.almasb.fxgl.ui.FXGLDialogFactory
UI Factory: class com.almasb.fxgl.ui.FXGLUIFactory

08:11:15.462 [JavaFX Application Thread] DEBUG Engine               - Initializing FXGL
08:11:15.462 [JavaFX Application Thread] INFO  Engine               - FXGL-11.7 (05.01.2020 09.46) on WINDOWS (J:11.0.5 FX:10.0.2-internal)
08:11:15.462 [JavaFX Application Thread] INFO  Engine               - Source code and latest versions at: https://github.com/AlmasB/FXGL
08:11:15.463 [JavaFX Application Thread] INFO  Engine               -              Join the FXGL chat at: https://gitter.im/AlmasB/FXGL
08:11:15.463 [JavaFX Application Thread] DEBUG Engine               - Initializing environment variables
08:11:15.464 [JavaFX Application Thread] DEBUG Engine               - Logging environment variables
08:11:15.464 [JavaFX Application Thread] DEBUG Engine               - achievements: []
08:11:15.464 [JavaFX Application Thread] DEBUG Engine               - sceneStack: com.almasb.fxgl.app.Engine@46611ee8
08:11:15.464 [JavaFX Application Thread] DEBUG Engine               - language: ObjectProperty [value: ENGLISH]
08:11:15.464 [JavaFX Application Thread] DEBUG Engine               - isCloseConfirmation: false
08:11:15.464 [JavaFX Application Thread] DEBUG Engine               - isProfilingEnabled: false
08:11:15.464 [JavaFX Application Thread] DEBUG Engine               - soundNotification: core/notification.wav
08:11:15.465 [JavaFX Application Thread] DEBUG Engine               - devShowBBoxProperty: BooleanProperty [value: false]
08:11:15.466 [JavaFX Application Thread] DEBUG Engine               - pixelsPerMeter: 50.0
08:11:15.466 [JavaFX Application Thread] DEBUG Engine               - overlayRoot: Group@10d091d7
08:11:15.467 [JavaFX Application Thread] DEBUG Engine               - appIcon: EvilPuffIcon.png
08:11:15.467 [JavaFX Application Thread] DEBUG Engine               - soundMenuBack: menu/back.wav
08:11:15.467 [JavaFX Application Thread] DEBUG Engine               - isFullScreenAllowed: false
08:11:15.467 [JavaFX Application Thread] DEBUG Engine               - isIntroEnabled: false
08:11:15.467 [JavaFX Application Thread] DEBUG Engine               - eventBus: com.almasb.fxgl.event.EventBus@18fe2b37
08:11:15.467 [JavaFX Application Thread] DEBUG Engine               - fontMono: lucida_console.ttf
08:11:15.467 [JavaFX Application Thread] DEBUG Engine               - soundMenuSelect: menu/select.wav
08:11:15.468 [JavaFX Application Thread] DEBUG Engine               - isWindows: true
08:11:15.468 [JavaFX Application Thread] DEBUG Engine               - isMobile: false
08:11:15.468 [JavaFX Application Thread] DEBUG Engine               - height: 600
08:11:15.468 [JavaFX Application Thread] DEBUG Engine               - isExperimentalNative: false
08:11:15.468 [JavaFX Application Thread] DEBUG Engine               - isSingleStep: false
08:11:15.468 [JavaFX Application Thread] DEBUG Engine               - cSSList: [fxgl_dark.css]
08:11:15.468 [JavaFX Application Thread] DEBUG Engine               - fontGame: Abel-Regular.ttf
08:11:15.468 [JavaFX Application Thread] DEBUG Engine               - menuKey: ESCAPE
08:11:15.468 [JavaFX Application Thread] DEBUG Engine               - devShowPositionProperty: BooleanProperty [value: false]
08:11:15.469 [JavaFX Application Thread] DEBUG Engine               - versionCheckDays: 7
08:11:15.469 [JavaFX Application Thread] DEBUG Engine               - masterTimer: com.almasb.fxgl.time.Timer@56a6f09e
08:11:15.469 [JavaFX Application Thread] DEBUG Engine               - configClass: Optional.empty
08:11:15.469 [JavaFX Application Thread] DEBUG Engine               - isFullScreenFromStart: false
08:11:15.469 [JavaFX Application Thread] DEBUG Engine               - version: 0.1
08:11:15.469 [JavaFX Application Thread] DEBUG Engine               - fullScreen: BooleanProperty [value: false]
08:11:15.469 [JavaFX Application Thread] DEBUG Engine               - randomSeed: -1
08:11:15.469 [JavaFX Application Thread] DEBUG Engine               - dialogFactory: com.almasb.fxgl.ui.FXGLDialogFactory@70408ee3
08:11:15.469 [JavaFX Application Thread] DEBUG Engine               - applicationMode: DEVELOPER
08:11:15.469 [JavaFX Application Thread] DEBUG Engine               - isMac: false
08:11:15.469 [JavaFX Application Thread] DEBUG Engine               - urlGoogleForms: https://goo.gl/forms/6wrMnOBxTE1fEpOy2
08:11:15.469 [JavaFX Application Thread] DEBUG Engine               - isMenuEnabled: true
08:11:15.470 [JavaFX Application Thread] DEBUG Engine               - profileName: user.profile
08:11:15.470 [JavaFX Application Thread] DEBUG Engine               - urlPOM: https://raw.githubusercontent.com/AlmasB/FXGL/master/pom.xml
08:11:15.470 [JavaFX Application Thread] DEBUG Engine               - notificationViewClass: class com.almasb.fxgl.notification.view.XboxNotificationView
08:11:15.470 [JavaFX Application Thread] DEBUG Engine               - devSensorColorProperty: ObjectProperty [value: 0xffff00ff]
08:11:15.470 [JavaFX Application Thread] DEBUG Engine               - sceneFactory: PokeBounce.pokebounce.BasicGameApp$1@648af715
08:11:15.470 [JavaFX Application Thread] DEBUG Engine               - dataFileExt: .dat
08:11:15.470 [JavaFX Application Thread] DEBUG Engine               - stageStyle: DECORATED
08:11:15.470 [JavaFX Application Thread] DEBUG Engine               - isManualResizeEnabled: false
08:11:15.470 [JavaFX Application Thread] DEBUG Engine               - title: PokeBounce - Zealand
08:11:15.470 [JavaFX Application Thread] DEBUG Engine               - platform: WINDOWS
08:11:15.470 [JavaFX Application Thread] DEBUG Engine               - devBBoxColorProperty: ObjectProperty [value: 0xff0000ff]
08:11:15.471 [JavaFX Application Thread] DEBUG Engine               - isDesktop: true
08:11:15.471 [JavaFX Application Thread] DEBUG Engine               - globalMusicVolumeProperty: DoubleProperty [value: 0.5]
08:11:15.471 [JavaFX Application Thread] DEBUG Engine               - credits: []
08:11:15.471 [JavaFX Application Thread] DEBUG Engine               - isPreserveResizeRatio: false
08:11:15.471 [JavaFX Application Thread] DEBUG Engine               - uIFactory: com.almasb.fxgl.ui.FXGLUIFactory@d44df20
08:11:15.471 [JavaFX Application Thread] DEBUG Engine               - fontText: Courier-Prime.ttf
08:11:15.472 [JavaFX Application Thread] DEBUG Engine               - isExperimentalTiledLargeMap: false
08:11:15.472 [JavaFX Application Thread] DEBUG Engine               - secondsIn24h: 60
08:11:15.472 [JavaFX Application Thread] DEBUG Engine               - runtimeInfo: RuntimeInfo(platform=WINDOWS, version=11.7, build=05.01.2020 09.46)
08:11:15.472 [JavaFX Application Thread] DEBUG Engine               - isLinux: false
08:11:15.472 [JavaFX Application Thread] DEBUG Engine               - soundMenuPress: menu/press.wav
08:11:15.473 [JavaFX Application Thread] DEBUG Engine               - urlGithub: https://github.com/AlmasB/FXGL
08:11:15.473 [JavaFX Application Thread] DEBUG Engine               - profileDir: profiles/
08:11:15.473 [JavaFX Application Thread] DEBUG Engine               - isDeveloperMenuEnabled: false
08:11:15.473 [JavaFX Application Thread] DEBUG Engine               - globalSoundVolumeProperty: DoubleProperty [value: 0.5]
08:11:15.473 [JavaFX Application Thread] DEBUG Engine               - isBrowser: false
08:11:15.473 [JavaFX Application Thread] DEBUG Engine               - globalSoundVolume: 0.5
08:11:15.473 [JavaFX Application Thread] DEBUG Engine               - urlLeaderboard: http://fxgl-top.herokuapp.com/
08:11:15.473 [JavaFX Application Thread] DEBUG Engine               - saveDir: saves/
08:11:15.473 [JavaFX Application Thread] DEBUG Engine               - engineServices: [class com.almasb.fxgl.audio.AudioPlayer, class com.almasb.fxgl.notification.impl.NotificationServiceProvider, class com.almasb.fxgl.achievement.AchievementManager, class com.almasb.fxgl.cutscene.CutsceneService, class com.almasb.fxgl.minigames.MiniGameService]
08:11:15.473 [JavaFX Application Thread] DEBUG Engine               - globalMusicVolume: 0.5
08:11:15.473 [JavaFX Application Thread] DEBUG Engine               - width: 600
08:11:15.473 [JavaFX Application Thread] DEBUG Engine               - saveFileExt: .sav
08:11:15.473 [JavaFX Application Thread] DEBUG Engine               - isAndroid: false
08:11:15.473 [JavaFX Application Thread] DEBUG Engine               - fontUI: VarelaRound-Regular.ttf
08:11:15.473 [JavaFX Application Thread] DEBUG Engine               - enabledMenuItems: []
08:11:15.473 [JavaFX Application Thread] DEBUG Engine               - isIOS: false
08:11:15.475 [JavaFX Application Thread] DEBUG Engine               - Adding new engine service: class com.almasb.fxgl.audio.AudioPlayer
08:11:15.476 [JavaFX Application Thread] DEBUG Engine               - Adding new engine service: class com.almasb.fxgl.notification.impl.NotificationServiceProvider
08:11:15.476 [JavaFX Application Thread] DEBUG Engine               - Adding new engine service: class com.almasb.fxgl.achievement.AchievementManager
08:11:15.477 [JavaFX Application Thread] DEBUG Engine               - Adding new engine service: class com.almasb.fxgl.cutscene.CutsceneService
08:11:15.478 [JavaFX Application Thread] DEBUG Engine               - Adding new engine service: class com.almasb.fxgl.minigames.MiniGameService
08:11:15.480 [JavaFX Application Thread] DEBUG Engine               - Loading localizations
08:11:15.483 [JavaFX Application Thread] DEBUG AssetLoader          - Loading from file system: /assets/properties/languages/english.properties
08:11:15.486 [JavaFX Application Thread] DEBUG AssetLoader          - Loading from file system: /assets/properties/languages/french.properties
08:11:15.488 [JavaFX Application Thread] DEBUG AssetLoader          - Loading from file system: /assets/properties/languages/german.properties
08:11:15.488 [JavaFX Application Thread] DEBUG AssetLoader          - Loading from file system: /assets/properties/languages/russian.properties
08:11:15.490 [JavaFX Application Thread] DEBUG AssetLoader          - Loading from file system: /assets/properties/languages/hungarian.properties
08:11:15.492 [JavaFX Application Thread] DEBUG Engine               - Registering font factories
08:11:15.493 [JavaFX Application Thread] DEBUG AssetLoader          - Loading from file system: /assets/ui/fonts/VarelaRound-Regular.ttf
08:11:15.638 [JavaFX Application Thread] DEBUG AssetLoader          - Loading from file system: /assets/ui/fonts/Abel-Regular.ttf
08:11:15.645 [JavaFX Application Thread] DEBUG AssetLoader          - Loading from file system: /assets/ui/fonts/lucida_console.ttf
08:11:15.654 [JavaFX Application Thread] DEBUG AssetLoader          - Loading from file system: /assets/ui/fonts/Courier-Prime.ttf
08:11:15.660 [JavaFX Application Thread] DEBUG Engine               - Setting UI factory
08:11:15.726 [JavaFX Application Thread] DEBUG AssetLoader          - Loading from file system: /assets/textures/fxgl_logo.png
08:11:15.762 [JavaFX Application Thread] DEBUG MainWindow           - Creating a JavaFX scene
08:11:15.787 [JavaFX Application Thread] DEBUG MainWindow           - Target settings size: 600.0 x 600.0
08:11:15.787 [JavaFX Application Thread] DEBUG MainWindow           - Scaled scene size:    600.0 x 600.0
08:11:15.787 [JavaFX Application Thread] DEBUG MainWindow           - Scaled ratio: (1.0, 1.0)
08:11:15.788 [JavaFX Application Thread] DEBUG MainWindow           - Set initial scene to FXGLStartupScene
08:11:15.793 [JavaFX Application Thread] DEBUG AssetLoader          - Loading from file system: /assets/textures/EvilPuffIcon.png
08:11:15.795 [JavaFX Application Thread] DEBUG Engine               - Applying CSS: fxgl_dark.css
08:11:15.795 [JavaFX Application Thread] DEBUG AssetLoader          - Loading from file system: /assets/ui/css/fxgl_dark.css
08:11:15.797 [JavaFX Application Thread] DEBUG AssetLoader          - Loading from file system: /assets/ui/cursors/fxgl_default.png
08:11:15.798 [JavaFX Application Thread] DEBUG MainWindow           - Opening main window
08:11:15.909 [JavaFX Application Thread] DEBUG MainWindow           - Window border size: (16.0, 39.0)
08:11:15.909 [JavaFX Application Thread] DEBUG MainWindow           - Scaled size: 600.0 x 600.0
08:11:15.909 [JavaFX Application Thread] DEBUG MainWindow           - Scaled ratio: (1.0, 1.0)
08:11:15.909 [JavaFX Application Thread] DEBUG MainWindow           - Scene size: 600.0 x 600.0
08:11:15.909 [JavaFX Application Thread] DEBUG MainWindow           - Stage size: 616.0 x 639.0
08:11:15.931 [FXGL Background Thread 1 ] DEBUG FS                   - Loaded FSServiceImpl
08:11:15.932 [FXGL Background Thread 1 ] DEBUG Engine               - Loading FXGL system data
08:11:15.941 [FXGL Background Thread 1 ] DEBUG FSServiceImpl        - Reading from: E:\Spil projekt - Jan 2020\Demo1\system\fxgl.bundle
08:11:15.949 [FXGL Background Thread 1 ] DEBUG Engine               - Bundle FXGL: {}
08:11:15.949 [FXGL Background Thread 1 ] DEBUG Engine               - Initializing application scenes
08:11:15.969 [FXGL Background Thread 1 ] DEBUG GameWorld            - Game world initialized
08:11:16.013 [FXGL Background Thread 1 ] DEBUG PhysicsWorld         - Physics world initialized: appHeight=600, physics.ppm=50,0
08:11:16.014 [FXGL Background Thread 1 ] DEBUG GameScene            - Game scene initialized: 600x600
08:11:16.033 [FXGL Background Thread 1 ] DEBUG AssetLoader          - Loading from file system: /assets/textures/MainMenuGif.gif
08:11:16.179 [FXGL Background Thread 1 ] DEBUG AssetLoader          - Loading from file system: /assets/textures/GameMenuEvilPuff3.png
08:11:16.192 [FXGL Background Thread 1 ] DEBUG Engine               - Application scenes initialized
08:11:16.195 [JavaFX Application Thread] DEBUG Engine               - Running preInit()
08:11:16.202 [JavaFX Application Thread] DEBUG Input                - Registered new binding: Move Right - D
08:11:16.202 [JavaFX Application Thread] DEBUG Input                - Registered new binding: Move Left - A
08:11:16.202 [JavaFX Application Thread] DEBUG Input                - Registered new binding: Move Up - W
08:11:16.202 [JavaFX Application Thread] DEBUG Input                - Registered new binding: Move Down - S
08:11:16.203 [JavaFX Application Thread] DEBUG Input                - Registered new binding: Screenshot - P
08:11:16.203 [JavaFX Application Thread] DEBUG Input                - Registered new binding: System info dump - CTRL+9
08:11:16.203 [JavaFX Application Thread] DEBUG Input                - Registered new binding: Restart - CTRL+R
08:11:16.203 [JavaFX Application Thread] DEBUG Engine               - generateDefaultProfile()
08:11:16.203 [JavaFX Application Thread] DEBUG Engine               - Creating default profile
08:11:16.203 [JavaFX Application Thread] DEBUG EventBus             - Firing event: SaveEvent
08:11:16.215 [JavaFX Application Thread] DEBUG AssetLoader          - Loading from file system: /assets/music/Pokemon Red, Yellow, Blue Battle Music- Trainer.mp3
08:11:16.366 [JavaFX Application Thread] DEBUG AudioPlayer          - Playing music com.almasb.fxgl.audio.Music@2d38f860
08:11:16.366 [JavaFX Application Thread] INFO  Engine               - FXGL initialization took: 0,885 sec
08:11:16.366 [JavaFX Application Thread] DEBUG LoopRunner           - Starting loop
08:11:16.368 [JavaFX Application Thread] DEBUG FXGLStartupScene     - STARTUP
08:11:16.369 [JavaFX Application Thread] DEBUG Input                - Clearing active input actions
08:11:16.379 [JavaFX Application Thread] DEBUG Engine               - Removing overlay from FXGLStartupScene and adding to PokeBounceMainMenu
08:11:16.379 [JavaFX Application Thread] DEBUG MainWindow           - FXGLStartupScene -> PokeBounceMainMenu
08:11:19.624 [JavaFX Application Thread] DEBUG Menu                 - fireNewGame()
08:11:19.624 [JavaFX Application Thread] DEBUG Engine               - Starting new game
08:11:19.628 [JavaFX Application Thread] DEBUG Input                - Clearing active input actions
08:11:19.629 [FXGL Background Thread 1 ] DEBUG InitAppTask          - Clearing previous game
08:11:19.629 [FXGL Background Thread 1 ] DEBUG GameWorld            - Clearing game world
08:11:19.629 [FXGL Background Thread 1 ] DEBUG PhysicsWorld         - Clearing physics world
08:11:19.629 [FXGL Background Thread 1 ] DEBUG GameScene            - Clearing game scene
08:11:19.629 [FXGL Background Thread 1 ] DEBUG InitAppTask          - Initializing Game
08:11:19.634 [JavaFX Application Thread] DEBUG Engine               - Removing overlay from PokeBounceMainMenu and adding to LoadingScene
08:11:19.634 [JavaFX Application Thread] DEBUG MainWindow           - PokeBounceMainMenu -> LoadingScene
08:11:19.635 [FXGL Background Thread 1 ] DEBUG AssetLoader          - Loading from file system: /assets/sounds/NewEvilPuffEntry.wav
08:11:19.640 [FXGL Background Thread 1 ] DEBUG AssetLoader          - Loading from file system: /assets/sounds/NewCoinEntry.wav
08:11:19.642 [FXGL Background Thread 1 ] DEBUG AssetLoader          - Loading from file system: /assets/sounds/PowerUpSpawn.wav
08:11:19.645 [FXGL Background Thread 1 ] DEBUG AssetLoader          - Loading from file system: /assets/textures/EvilPuff1.png
08:11:19.655 [FXGL Background Thread 1 ] DEBUG AssetLoader          - Loading from file system: /assets/textures/Coin.png
08:11:19.657 [FXGL Background Thread 1 ] DEBUG AssetLoader          - Loading from file system: /assets/textures/PokePlayerUnit1.png
08:11:19.658 [FXGL Background Thread 1 ] DEBUG AssetLoader          - Loading from file system: /assets/textures/backGroundGif.gif
08:11:19.722 [FXGL Background Thread 1 ] DEBUG InitAppTask          - Initializing Physics
08:11:19.723 [FXGL Background Thread 1 ] DEBUG InitAppTask          - Initializing UI
08:11:19.725 [FXGL Background Thread 1 ] DEBUG InitAppTask          - Initialization Complete
08:11:19.725 [FXGL Background Thread 1 ] INFO  InitAppTask          - Game initialization took: 0,097 sec
08:11:19.727 [JavaFX Application Thread] DEBUG Input                - Clearing active input actions
08:11:19.734 [JavaFX Application Thread] DEBUG Engine               - Removing overlay from LoadingScene and adding to GameScene
08:11:19.734 [JavaFX Application Thread] DEBUG MainWindow           - LoadingScene -> GameScene
08:11:19.739 [JavaFX Application Thread] DEBUG AssetLoader          - Loading from cache: /assets/textures/EvilPuff1.png
08:11:19.742 [JavaFX Application Thread] DEBUG AssetLoader          - Loading from cache: /assets/textures/PokePlayerUnit1.png
08:11:19.786 [JavaFX Application Thread] DEBUG AssetLoader          - Loading from cache: /assets/textures/EvilPuff1.png
08:11:19.786 [JavaFX Application Thread] DEBUG AssetLoader          - Loading from cache: /assets/textures/PokePlayerUnit1.png
08:11:19.793 [JavaFX Application Thread] DEBUG AssetLoader          - Loading from cache: /assets/textures/EvilPuff1.png
08:11:19.793 [JavaFX Application Thread] DEBUG AssetLoader          - Loading from cache: /assets/textures/PokePlayerUnit1.png
08:11:19.799 [JavaFX Application Thread] DEBUG AssetLoader          - Loading from cache: /assets/textures/EvilPuff1.png
08:11:19.800 [JavaFX Application Thread] DEBUG AssetLoader          - Loading from cache: /assets/textures/PokePlayerUnit1.png
08:11:19.802 [JavaFX Application Thread] DEBUG AssetLoader          - Loading from cache: /assets/textures/EvilPuff1.png
08:11:19.802 [JavaFX Application Thread] DEBUG AssetLoader          - Loading from cache: /assets/textures/PokePlayerUnit1.png
08:11:19.814 [JavaFX Application Thread] DEBUG AssetLoader          - Loading from cache: /assets/textures/EvilPuff1.png
08:11:19.814 [JavaFX Application Thread] DEBUG AssetLoader          - Loading from cache: /assets/textures/PokePlayerUnit1.png
08:11:19.819 [JavaFX Application Thread] DEBUG AssetLoader          - Loading from cache: /assets/textures/EvilPuff1.png
08:11:19.819 [JavaFX Application Thread] DEBUG AssetLoader          - Loading from cache: /assets/textures/PokePlayerUnit1.png
08:11:19.827 [JavaFX Application Thread] DEBUG AssetLoader          - Loading from cache: /assets/textures/EvilPuff1.png
08:11:19.828 [JavaFX Application Thread] DEBUG AssetLoader          - Loading from cache: /assets/textures/PokePlayerUnit1.png
08:11:19.834 [JavaFX Application Thread] DEBUG AssetLoader          - Loading from cache: /assets/textures/EvilPuff1.png
08:11:19.834 [JavaFX Application Thread] DEBUG AssetLoader          - Loading from cache: /assets/textures/PokePlayerUnit1.png
08:11:19.835 [JavaFX Application Thread] DEBUG AssetLoader          - Loading from cache: /assets/textures/EvilPuff1.png
08:11:19.835 [JavaFX Application Thread] DEBUG AssetLoader          - Loading from cache: /assets/textures/PokePlayerUnit1.png
08:11:19.847 [JavaFX Application Thread] DEBUG AssetLoader          - Loading from cache: /assets/textures/EvilPuff1.png
08:11:19.847 [JavaFX Application Thread] DEBUG AssetLoader          - Loading from cache: /assets/textures/PokePlayerUnit1.png
08:11:19.850 [JavaFX Application Thread] DEBUG AssetLoader          - Loading from cache: /assets/textures/EvilPuff1.png
08:11:19.850 [JavaFX Application Thread] DEBUG AssetLoader          - Loading from cache: /assets/textures/PokePlayerUnit1.png
08:11:19.862 [JavaFX Application Thread] DEBUG AssetLoader          - Loading from cache: /assets/textures/EvilPuff1.png
08:11:19.862 [JavaFX Application Thread] DEBUG AssetLoader          - Loading from cache: /assets/textures/PokePlayerUnit1.png
08:11:19.866 [JavaFX Application Thread] DEBUG AssetLoader          - Loading from cache: /assets/textures/EvilPuff1.png
08:11:19.866 [JavaFX Application Thread] DEBUG AssetLoader          - Loading from cache: /assets/textures/PokePlayerUnit1.png
08:11:19.889 [JavaFX Application Thread] DEBUG AssetLoader          - Loading from cache: /assets/textures/EvilPuff1.png
08:11:19.890 [JavaFX Application Thread] DEBUG AssetLoader          - Loading from cache: /assets/textures/PokePlayerUnit1.png
08:11:19.896 [JavaFX Application Thread] DEBUG AssetLoader          - Loading from cache: /assets/textures/EvilPuff1.png
08:11:19.897 [JavaFX Application Thread] DEBUG AssetLoader          - Loading from cache: /assets/textures/PokePlayerUnit1.png
08:11:19.898 [JavaFX Application Thread] DEBUG AssetLoader          - Loading from cache: /assets/textures/EvilPuff1.png
08:11:19.898 [JavaFX Application Thread] DEBUG AssetLoader          - Loading from cache: /assets/textures/PokePlayerUnit1.png
08:11:19.910 [JavaFX Application Thread] DEBUG AssetLoader          - Loading from cache: /assets/textures/EvilPuff1.png
08:11:19.911 [JavaFX Application Thread] DEBUG AssetLoader          - Loading from cache: /assets/textures/PokePlayerUnit1.png
08:11:19.914 [JavaFX Application Thread] DEBUG AssetLoader          - Loading from cache: /assets/textures/EvilPuff1.png
08:11:19.914 [JavaFX Application Thread] DEBUG AssetLoader          - Loading from cache: /assets/textures/PokePlayerUnit1.png
08:11:19.925 [JavaFX Application Thread] DEBUG AssetLoader          - Loading from cache: /assets/textures/EvilPuff1.png
08:11:19.925 [JavaFX Application Thread] DEBUG AssetLoader          - Loading from cache: /assets/textures/PokePlayerUnit1.png
08:11:19.930 [JavaFX Application Thread] DEBUG AssetLoader          - Loading from cache: /assets/textures/EvilPuff1.png
08:11:19.930 [JavaFX Application Thread] DEBUG AssetLoader          - Loading from cache: /assets/textures/PokePlayerUnit1.png
08:11:19.938 [JavaFX Application Thread] DEBUG AssetLoader          - Loading from cache: /assets/textures/EvilPuff1.png
08:11:19.939 [JavaFX Application Thread] DEBUG AssetLoader          - Loading from cache: /assets/textures/PokePlayerUnit1.png
08:11:19.945 [JavaFX Application Thread] DEBUG AssetLoader          - Loading from cache: /assets/textures/EvilPuff1.png
08:11:19.945 [JavaFX Application Thread] DEBUG AssetLoader          - Loading from cache: /assets/textures/PokePlayerUnit1.png
08:11:19.946 [JavaFX Application Thread] DEBUG AssetLoader          - Loading from cache: /assets/textures/EvilPuff1.png
08:11:19.946 [JavaFX Application Thread] DEBUG AssetLoader          - Loading from cache: /assets/textures/PokePlayerUnit1.png
08:11:19.953 [JavaFX Application Thread] DEBUG Input                - Clearing active input actions
08:11:19.957 [JavaFX Application Thread] DEBUG Engine               - Removing overlay from GameScene and adding to PokeBounceGameMenu
08:11:19.957 [JavaFX Application Thread] DEBUG MainWindow           - GameScene -> PokeBounceGameMenu
08:11:24.253 [JavaFX Application Thread] DEBUG Menu                 - fireExitToMainMenu()
08:11:24.260 [JavaFX Application Thread] DEBUG MainWindow           - Push state: DialogSubState
08:11:24.260 [JavaFX Application Thread] DEBUG Input                - Clearing active input actions
08:11:24.265 [JavaFX Application Thread] DEBUG Engine               - Removing overlay from PokeBounceGameMenu and adding to DialogSubState
08:11:24.265 [JavaFX Application Thread] DEBUG MainWindow           - PokeBounceGameMenu -> DialogSubState
08:11:25.190 [JavaFX Application Thread] DEBUG MainWindow           - Pop state: DialogSubState
08:11:25.190 [JavaFX Application Thread] DEBUG Input                - Clearing active input actions
08:11:25.190 [JavaFX Application Thread] DEBUG Engine               - Removing overlay from DialogSubState and adding to PokeBounceGameMenu
08:11:25.190 [JavaFX Application Thread] DEBUG MainWindow           - PokeBounceGameMenu <- DialogSubState
08:11:25.853 [JavaFX Application Thread] DEBUG Engine               - Exiting FXGL
08:11:25.853 [JavaFX Application Thread] DEBUG Engine               - Shutting down background threads
08:11:25.853 [JavaFX Application Thread] DEBUG Engine               - Saving FXGL system data
08:11:25.854 [JavaFX Application Thread] DEBUG FSServiceImpl        - Writing to: E:\Spil projekt - Jan 2020\Demo1\system\fxgl.bundle
08:11:25.856 [JavaFX Application Thread] DEBUG Engine               - Closing logger and exiting JavaFX
