08:30:26.743 [main                     ] DEBUG GameApplication      - Logger initialized
08:30:26.765 [main                     ] DEBUG GameApplication      - Logging settings
Title: PokeBounce - Zealand
Version: 0.1
Width: 600
Height: 600
Fullscreen: false
Intro: false
Menus: true
Profiling: false
Single step:false
App Mode: DEVELOPER
Menu Key: ESCAPE
Stage Style: DECORATED
Scene Factory: class PokeBounce.pokebounce.BasicGameApp$1
Dialog Factory: class com.almasb.fxgl.ui.FXGLDialogFactory
UI Factory: class com.almasb.fxgl.ui.FXGLUIFactory

08:30:27.055 [JavaFX Application Thread] DEBUG Engine               - Initializing FXGL
08:30:27.055 [JavaFX Application Thread] INFO  Engine               - FXGL-11.7 (05.01.2020 09.46) on WINDOWS (J:11.0.5 FX:10.0.2-internal)
08:30:27.055 [JavaFX Application Thread] INFO  Engine               - Source code and latest versions at: https://github.com/AlmasB/FXGL
08:30:27.055 [JavaFX Application Thread] INFO  Engine               -              Join the FXGL chat at: https://gitter.im/AlmasB/FXGL
08:30:27.055 [JavaFX Application Thread] DEBUG Engine               - Initializing environment variables
08:30:27.058 [JavaFX Application Thread] DEBUG Engine               - Logging environment variables
08:30:27.058 [JavaFX Application Thread] DEBUG Engine               - achievements: []
08:30:27.058 [JavaFX Application Thread] DEBUG Engine               - sceneStack: com.almasb.fxgl.app.Engine@618abe24
08:30:27.058 [JavaFX Application Thread] DEBUG Engine               - language: ObjectProperty [value: ENGLISH]
08:30:27.058 [JavaFX Application Thread] DEBUG Engine               - isCloseConfirmation: false
08:30:27.059 [JavaFX Application Thread] DEBUG Engine               - isProfilingEnabled: false
08:30:27.059 [JavaFX Application Thread] DEBUG Engine               - soundNotification: core/notification.wav
08:30:27.059 [JavaFX Application Thread] DEBUG Engine               - devShowBBoxProperty: BooleanProperty [value: false]
08:30:27.060 [JavaFX Application Thread] DEBUG Engine               - pixelsPerMeter: 50.0
08:30:27.060 [JavaFX Application Thread] DEBUG Engine               - overlayRoot: Group@67a7ac15
08:30:27.060 [JavaFX Application Thread] DEBUG Engine               - soundMenuBack: menu/back.wav
08:30:27.060 [JavaFX Application Thread] DEBUG Engine               - appIcon: EvilPuffIcon.png
08:30:27.060 [JavaFX Application Thread] DEBUG Engine               - isFullScreenAllowed: false
08:30:27.061 [JavaFX Application Thread] DEBUG Engine               - isIntroEnabled: false
08:30:27.061 [JavaFX Application Thread] DEBUG Engine               - eventBus: com.almasb.fxgl.event.EventBus@42e77e84
08:30:27.061 [JavaFX Application Thread] DEBUG Engine               - fontMono: lucida_console.ttf
08:30:27.061 [JavaFX Application Thread] DEBUG Engine               - soundMenuSelect: menu/select.wav
08:30:27.061 [JavaFX Application Thread] DEBUG Engine               - isWindows: true
08:30:27.061 [JavaFX Application Thread] DEBUG Engine               - isMobile: false
08:30:27.061 [JavaFX Application Thread] DEBUG Engine               - height: 600
08:30:27.061 [JavaFX Application Thread] DEBUG Engine               - isExperimentalNative: false
08:30:27.061 [JavaFX Application Thread] DEBUG Engine               - isSingleStep: false
08:30:27.061 [JavaFX Application Thread] DEBUG Engine               - cSSList: [fxgl_dark.css]
08:30:27.062 [JavaFX Application Thread] DEBUG Engine               - fontGame: Abel-Regular.ttf
08:30:27.062 [JavaFX Application Thread] DEBUG Engine               - menuKey: ESCAPE
08:30:27.062 [JavaFX Application Thread] DEBUG Engine               - devShowPositionProperty: BooleanProperty [value: false]
08:30:27.062 [JavaFX Application Thread] DEBUG Engine               - versionCheckDays: 7
08:30:27.062 [JavaFX Application Thread] DEBUG Engine               - masterTimer: com.almasb.fxgl.time.Timer@76288362
08:30:27.062 [JavaFX Application Thread] DEBUG Engine               - configClass: Optional.empty
08:30:27.062 [JavaFX Application Thread] DEBUG Engine               - isFullScreenFromStart: false
08:30:27.062 [JavaFX Application Thread] DEBUG Engine               - version: 0.1
08:30:27.062 [JavaFX Application Thread] DEBUG Engine               - fullScreen: BooleanProperty [value: false]
08:30:27.063 [JavaFX Application Thread] DEBUG Engine               - randomSeed: -1
08:30:27.063 [JavaFX Application Thread] DEBUG Engine               - dialogFactory: com.almasb.fxgl.ui.FXGLDialogFactory@783280fc
08:30:27.063 [JavaFX Application Thread] DEBUG Engine               - applicationMode: DEVELOPER
08:30:27.063 [JavaFX Application Thread] DEBUG Engine               - isMac: false
08:30:27.063 [JavaFX Application Thread] DEBUG Engine               - urlGoogleForms: https://goo.gl/forms/6wrMnOBxTE1fEpOy2
08:30:27.063 [JavaFX Application Thread] DEBUG Engine               - isMenuEnabled: true
08:30:27.063 [JavaFX Application Thread] DEBUG Engine               - urlPOM: https://raw.githubusercontent.com/AlmasB/FXGL/master/pom.xml
08:30:27.063 [JavaFX Application Thread] DEBUG Engine               - profileName: user.profile
08:30:27.063 [JavaFX Application Thread] DEBUG Engine               - notificationViewClass: class com.almasb.fxgl.notification.view.XboxNotificationView
08:30:27.064 [JavaFX Application Thread] DEBUG Engine               - devSensorColorProperty: ObjectProperty [value: 0xffff00ff]
08:30:27.064 [JavaFX Application Thread] DEBUG Engine               - dataFileExt: .dat
08:30:27.064 [JavaFX Application Thread] DEBUG Engine               - sceneFactory: PokeBounce.pokebounce.BasicGameApp$1@222f4ceb
08:30:27.064 [JavaFX Application Thread] DEBUG Engine               - stageStyle: DECORATED
08:30:27.064 [JavaFX Application Thread] DEBUG Engine               - isManualResizeEnabled: false
08:30:27.064 [JavaFX Application Thread] DEBUG Engine               - title: PokeBounce - Zealand
08:30:27.064 [JavaFX Application Thread] DEBUG Engine               - platform: WINDOWS
08:30:27.064 [JavaFX Application Thread] DEBUG Engine               - devBBoxColorProperty: ObjectProperty [value: 0xff0000ff]
08:30:27.064 [JavaFX Application Thread] DEBUG Engine               - isDesktop: true
08:30:27.064 [JavaFX Application Thread] DEBUG Engine               - globalMusicVolumeProperty: DoubleProperty [value: 0.5]
08:30:27.064 [JavaFX Application Thread] DEBUG Engine               - credits: []
08:30:27.065 [JavaFX Application Thread] DEBUG Engine               - isPreserveResizeRatio: false
08:30:27.065 [JavaFX Application Thread] DEBUG Engine               - uIFactory: com.almasb.fxgl.ui.FXGLUIFactory@5bc51574
08:30:27.065 [JavaFX Application Thread] DEBUG Engine               - fontText: Courier-Prime.ttf
08:30:27.065 [JavaFX Application Thread] DEBUG Engine               - isExperimentalTiledLargeMap: false
08:30:27.065 [JavaFX Application Thread] DEBUG Engine               - secondsIn24h: 60
08:30:27.065 [JavaFX Application Thread] DEBUG Engine               - runtimeInfo: RuntimeInfo(platform=WINDOWS, version=11.7, build=05.01.2020 09.46)
08:30:27.065 [JavaFX Application Thread] DEBUG Engine               - isLinux: false
08:30:27.065 [JavaFX Application Thread] DEBUG Engine               - urlGithub: https://github.com/AlmasB/FXGL
08:30:27.065 [JavaFX Application Thread] DEBUG Engine               - soundMenuPress: menu/press.wav
08:30:27.066 [JavaFX Application Thread] DEBUG Engine               - profileDir: profiles/
08:30:27.066 [JavaFX Application Thread] DEBUG Engine               - isDeveloperMenuEnabled: false
08:30:27.066 [JavaFX Application Thread] DEBUG Engine               - globalSoundVolumeProperty: DoubleProperty [value: 0.5]
08:30:27.066 [JavaFX Application Thread] DEBUG Engine               - isBrowser: false
08:30:27.066 [JavaFX Application Thread] DEBUG Engine               - urlLeaderboard: http://fxgl-top.herokuapp.com/
08:30:27.066 [JavaFX Application Thread] DEBUG Engine               - globalSoundVolume: 0.5
08:30:27.066 [JavaFX Application Thread] DEBUG Engine               - saveDir: saves/
08:30:27.066 [JavaFX Application Thread] DEBUG Engine               - engineServices: [class com.almasb.fxgl.audio.AudioPlayer, class com.almasb.fxgl.notification.impl.NotificationServiceProvider, class com.almasb.fxgl.achievement.AchievementManager, class com.almasb.fxgl.cutscene.CutsceneService, class com.almasb.fxgl.minigames.MiniGameService]
08:30:27.066 [JavaFX Application Thread] DEBUG Engine               - globalMusicVolume: 0.5
08:30:27.066 [JavaFX Application Thread] DEBUG Engine               - width: 600
08:30:27.066 [JavaFX Application Thread] DEBUG Engine               - saveFileExt: .sav
08:30:27.067 [JavaFX Application Thread] DEBUG Engine               - isAndroid: false
08:30:27.067 [JavaFX Application Thread] DEBUG Engine               - fontUI: VarelaRound-Regular.ttf
08:30:27.067 [JavaFX Application Thread] DEBUG Engine               - enabledMenuItems: []
08:30:27.067 [JavaFX Application Thread] DEBUG Engine               - isIOS: false
08:30:27.069 [JavaFX Application Thread] DEBUG Engine               - Adding new engine service: class com.almasb.fxgl.audio.AudioPlayer
08:30:27.070 [JavaFX Application Thread] DEBUG Engine               - Adding new engine service: class com.almasb.fxgl.notification.impl.NotificationServiceProvider
08:30:27.070 [JavaFX Application Thread] DEBUG Engine               - Adding new engine service: class com.almasb.fxgl.achievement.AchievementManager
08:30:27.070 [JavaFX Application Thread] DEBUG Engine               - Adding new engine service: class com.almasb.fxgl.cutscene.CutsceneService
08:30:27.071 [JavaFX Application Thread] DEBUG Engine               - Adding new engine service: class com.almasb.fxgl.minigames.MiniGameService
08:30:27.073 [JavaFX Application Thread] DEBUG Engine               - Loading localizations
08:30:27.075 [JavaFX Application Thread] DEBUG AssetLoader          - Loading from file system: /assets/properties/languages/english.properties
08:30:27.078 [JavaFX Application Thread] DEBUG AssetLoader          - Loading from file system: /assets/properties/languages/french.properties
08:30:27.079 [JavaFX Application Thread] DEBUG AssetLoader          - Loading from file system: /assets/properties/languages/german.properties
08:30:27.080 [JavaFX Application Thread] DEBUG AssetLoader          - Loading from file system: /assets/properties/languages/russian.properties
08:30:27.081 [JavaFX Application Thread] DEBUG AssetLoader          - Loading from file system: /assets/properties/languages/hungarian.properties
08:30:27.082 [JavaFX Application Thread] DEBUG Engine               - Registering font factories
08:30:27.083 [JavaFX Application Thread] DEBUG AssetLoader          - Loading from file system: /assets/ui/fonts/VarelaRound-Regular.ttf
08:30:27.242 [JavaFX Application Thread] DEBUG AssetLoader          - Loading from file system: /assets/ui/fonts/Abel-Regular.ttf
08:30:27.253 [JavaFX Application Thread] DEBUG AssetLoader          - Loading from file system: /assets/ui/fonts/lucida_console.ttf
08:30:27.262 [JavaFX Application Thread] DEBUG AssetLoader          - Loading from file system: /assets/ui/fonts/Courier-Prime.ttf
08:30:27.271 [JavaFX Application Thread] DEBUG Engine               - Setting UI factory
08:30:27.335 [JavaFX Application Thread] DEBUG AssetLoader          - Loading from file system: /assets/textures/fxgl_logo.png
08:30:27.376 [JavaFX Application Thread] DEBUG MainWindow           - Creating a JavaFX scene
08:30:27.401 [JavaFX Application Thread] DEBUG MainWindow           - Target settings size: 600.0 x 600.0
08:30:27.401 [JavaFX Application Thread] DEBUG MainWindow           - Scaled scene size:    600.0 x 600.0
08:30:27.401 [JavaFX Application Thread] DEBUG MainWindow           - Scaled ratio: (1.0, 1.0)
08:30:27.402 [JavaFX Application Thread] DEBUG MainWindow           - Set initial scene to FXGLStartupScene
08:30:27.407 [JavaFX Application Thread] DEBUG AssetLoader          - Loading from file system: /assets/textures/EvilPuffIcon.png
08:30:27.409 [JavaFX Application Thread] DEBUG Engine               - Applying CSS: fxgl_dark.css
08:30:27.409 [JavaFX Application Thread] DEBUG AssetLoader          - Loading from file system: /assets/ui/css/fxgl_dark.css
08:30:27.411 [JavaFX Application Thread] DEBUG AssetLoader          - Loading from file system: /assets/ui/cursors/fxgl_default.png
08:30:27.412 [JavaFX Application Thread] DEBUG MainWindow           - Opening main window
08:30:27.509 [JavaFX Application Thread] DEBUG MainWindow           - Window border size: (16.0, 39.0)
08:30:27.509 [JavaFX Application Thread] DEBUG MainWindow           - Scaled size: 600.0 x 600.0
08:30:27.509 [JavaFX Application Thread] DEBUG MainWindow           - Scaled ratio: (1.0, 1.0)
08:30:27.509 [JavaFX Application Thread] DEBUG MainWindow           - Scene size: 600.0 x 600.0
08:30:27.509 [JavaFX Application Thread] DEBUG MainWindow           - Stage size: 616.0 x 639.0
08:30:27.529 [FXGL Background Thread 1 ] DEBUG FS                   - Loaded FSServiceImpl
08:30:27.529 [FXGL Background Thread 1 ] DEBUG Engine               - Loading FXGL system data
08:30:27.532 [FXGL Background Thread 1 ] DEBUG FSServiceImpl        - Reading from: E:\Spil projekt - Jan 2020\Demo1\system\fxgl.bundle
08:30:27.539 [FXGL Background Thread 1 ] DEBUG Engine               - Bundle FXGL: {}
08:30:27.540 [FXGL Background Thread 1 ] DEBUG Engine               - Initializing application scenes
08:30:27.559 [FXGL Background Thread 1 ] DEBUG GameWorld            - Game world initialized
08:30:27.597 [FXGL Background Thread 1 ] DEBUG PhysicsWorld         - Physics world initialized: appHeight=600, physics.ppm=50,0
08:30:27.598 [FXGL Background Thread 1 ] DEBUG GameScene            - Game scene initialized: 600x600
08:30:27.618 [FXGL Background Thread 1 ] DEBUG AssetLoader          - Loading from file system: /assets/textures/MainMenuGif.gif
08:30:27.755 [FXGL Background Thread 1 ] DEBUG AssetLoader          - Loading from file system: /assets/textures/GameMenuEvilPuff3.png
08:30:27.767 [FXGL Background Thread 1 ] DEBUG Engine               - Application scenes initialized
08:30:27.774 [JavaFX Application Thread] DEBUG Engine               - Running preInit()
08:30:27.780 [JavaFX Application Thread] DEBUG Input                - Registered new binding: Move Right - D
08:30:27.780 [JavaFX Application Thread] DEBUG Input                - Registered new binding: Move Left - A
08:30:27.780 [JavaFX Application Thread] DEBUG Input                - Registered new binding: Move Up - W
08:30:27.780 [JavaFX Application Thread] DEBUG Input                - Registered new binding: Move Down - S
08:30:27.780 [JavaFX Application Thread] DEBUG Input                - Registered new binding: Screenshot - P
08:30:27.781 [JavaFX Application Thread] DEBUG Input                - Registered new binding: System info dump - CTRL+9
08:30:27.781 [JavaFX Application Thread] DEBUG Input                - Registered new binding: Restart - CTRL+R
08:30:27.781 [JavaFX Application Thread] DEBUG Engine               - generateDefaultProfile()
08:30:27.781 [JavaFX Application Thread] DEBUG Engine               - Creating default profile
08:30:27.781 [JavaFX Application Thread] DEBUG EventBus             - Firing event: SaveEvent
08:30:27.790 [JavaFX Application Thread] DEBUG AssetLoader          - Loading from file system: /assets/music/Pokemon Red, Yellow, Blue Battle Music- Trainer.mp3
08:30:27.858 [JavaFX Application Thread] DEBUG AudioPlayer          - Playing music com.almasb.fxgl.audio.Music@8a3519e
08:30:27.859 [JavaFX Application Thread] INFO  Engine               - FXGL initialization took: 0,785 sec
08:30:27.859 [JavaFX Application Thread] DEBUG LoopRunner           - Starting loop
08:30:27.860 [JavaFX Application Thread] DEBUG FXGLStartupScene     - STARTUP
08:30:27.861 [JavaFX Application Thread] DEBUG Input                - Clearing active input actions
08:30:27.870 [JavaFX Application Thread] DEBUG Engine               - Removing overlay from FXGLStartupScene and adding to PokeBounceMainMenu
08:30:27.870 [JavaFX Application Thread] DEBUG MainWindow           - FXGLStartupScene -> PokeBounceMainMenu
08:30:29.533 [JavaFX Application Thread] DEBUG Engine               - Exiting FXGL
08:30:29.533 [JavaFX Application Thread] DEBUG Engine               - Shutting down background threads
08:30:29.533 [JavaFX Application Thread] DEBUG Engine               - Saving FXGL system data
08:30:29.535 [JavaFX Application Thread] DEBUG FSServiceImpl        - Writing to: E:\Spil projekt - Jan 2020\Demo1\system\fxgl.bundle
08:30:29.536 [JavaFX Application Thread] DEBUG Engine               - Closing logger and exiting JavaFX
