13:24:00.916 [main                     ] DEBUG GameApplication      - Logger initialized
13:24:00.959 [main                     ] DEBUG GameApplication      - Logging settings
Title: Basic Game app
Version: 0.1
Width: 600
Height: 600
Fullscreen: false
Intro: false
Menus: false
Profiling: false
Single step:false
App Mode: DEVELOPER
Menu Key: ESCAPE
Stage Style: DECORATED
Scene Factory: class com.almasb.fxgl.app.SceneFactory
Dialog Factory: class com.almasb.fxgl.ui.FXGLDialogFactory
UI Factory: class com.almasb.fxgl.ui.FXGLUIFactory

13:24:01.378 [JavaFX Application Thread] DEBUG Engine               - Initializing FXGL
13:24:01.378 [JavaFX Application Thread] INFO  Engine               - FXGL-11.7 (05.01.2020 09.46) on WINDOWS (J:11.0.4 FX:10.0.2-internal)
13:24:01.379 [JavaFX Application Thread] INFO  Engine               - Source code and latest versions at: https://github.com/AlmasB/FXGL
13:24:01.379 [JavaFX Application Thread] INFO  Engine               -              Join the FXGL chat at: https://gitter.im/AlmasB/FXGL
13:24:01.379 [JavaFX Application Thread] DEBUG Engine               - Initializing environment variables
13:24:01.382 [JavaFX Application Thread] DEBUG Engine               - Logging environment variables
13:24:01.383 [JavaFX Application Thread] DEBUG Engine               - achievements: []
13:24:01.383 [JavaFX Application Thread] DEBUG Engine               - sceneStack: com.almasb.fxgl.app.Engine@364a606f
13:24:01.383 [JavaFX Application Thread] DEBUG Engine               - language: ObjectProperty [value: ENGLISH]
13:24:01.383 [JavaFX Application Thread] DEBUG Engine               - isCloseConfirmation: false
13:24:01.383 [JavaFX Application Thread] DEBUG Engine               - isProfilingEnabled: false
13:24:01.384 [JavaFX Application Thread] DEBUG Engine               - soundNotification: core/notification.wav
13:24:01.384 [JavaFX Application Thread] DEBUG Engine               - devShowBBoxProperty: BooleanProperty [value: false]
13:24:01.385 [JavaFX Application Thread] DEBUG Engine               - pixelsPerMeter: 50.0
13:24:01.386 [JavaFX Application Thread] DEBUG Engine               - overlayRoot: Group@28f6651a
13:24:01.386 [JavaFX Application Thread] DEBUG Engine               - appIcon: fxgl_icon.png
13:24:01.386 [JavaFX Application Thread] DEBUG Engine               - soundMenuBack: menu/back.wav
13:24:01.386 [JavaFX Application Thread] DEBUG Engine               - isFullScreenAllowed: false
13:24:01.386 [JavaFX Application Thread] DEBUG Engine               - isIntroEnabled: false
13:24:01.387 [JavaFX Application Thread] DEBUG Engine               - eventBus: com.almasb.fxgl.event.EventBus@16f4a644
13:24:01.387 [JavaFX Application Thread] DEBUG Engine               - fontMono: lucida_console.ttf
13:24:01.387 [JavaFX Application Thread] DEBUG Engine               - soundMenuSelect: menu/select.wav
13:24:01.387 [JavaFX Application Thread] DEBUG Engine               - isWindows: true
13:24:01.387 [JavaFX Application Thread] DEBUG Engine               - isMobile: false
13:24:01.388 [JavaFX Application Thread] DEBUG Engine               - height: 600
13:24:01.388 [JavaFX Application Thread] DEBUG Engine               - isExperimentalNative: false
13:24:01.388 [JavaFX Application Thread] DEBUG Engine               - isSingleStep: false
13:24:01.388 [JavaFX Application Thread] DEBUG Engine               - cSSList: [fxgl_dark.css]
13:24:01.388 [JavaFX Application Thread] DEBUG Engine               - fontGame: Abel-Regular.ttf
13:24:01.389 [JavaFX Application Thread] DEBUG Engine               - menuKey: ESCAPE
13:24:01.389 [JavaFX Application Thread] DEBUG Engine               - devShowPositionProperty: BooleanProperty [value: false]
13:24:01.389 [JavaFX Application Thread] DEBUG Engine               - versionCheckDays: 7
13:24:01.389 [JavaFX Application Thread] DEBUG Engine               - masterTimer: com.almasb.fxgl.time.Timer@73d8e5ed
13:24:01.389 [JavaFX Application Thread] DEBUG Engine               - configClass: Optional.empty
13:24:01.389 [JavaFX Application Thread] DEBUG Engine               - isFullScreenFromStart: false
13:24:01.390 [JavaFX Application Thread] DEBUG Engine               - version: 0.1
13:24:01.390 [JavaFX Application Thread] DEBUG Engine               - fullScreen: BooleanProperty [value: false]
13:24:01.390 [JavaFX Application Thread] DEBUG Engine               - randomSeed: -1
13:24:01.390 [JavaFX Application Thread] DEBUG Engine               - dialogFactory: com.almasb.fxgl.ui.FXGLDialogFactory@7845dc3e
13:24:01.391 [JavaFX Application Thread] DEBUG Engine               - applicationMode: DEVELOPER
13:24:01.391 [JavaFX Application Thread] DEBUG Engine               - isMac: false
13:24:01.391 [JavaFX Application Thread] DEBUG Engine               - urlGoogleForms: https://goo.gl/forms/6wrMnOBxTE1fEpOy2
13:24:01.391 [JavaFX Application Thread] DEBUG Engine               - isMenuEnabled: false
13:24:01.391 [JavaFX Application Thread] DEBUG Engine               - profileName: user.profile
13:24:01.392 [JavaFX Application Thread] DEBUG Engine               - urlPOM: https://raw.githubusercontent.com/AlmasB/FXGL/master/pom.xml
13:24:01.392 [JavaFX Application Thread] DEBUG Engine               - notificationViewClass: class com.almasb.fxgl.notification.view.XboxNotificationView
13:24:01.392 [JavaFX Application Thread] DEBUG Engine               - devSensorColorProperty: ObjectProperty [value: 0xffff00ff]
13:24:01.393 [JavaFX Application Thread] DEBUG Engine               - sceneFactory: com.almasb.fxgl.app.SceneFactory@6380b899
13:24:01.393 [JavaFX Application Thread] DEBUG Engine               - dataFileExt: .dat
13:24:01.393 [JavaFX Application Thread] DEBUG Engine               - stageStyle: DECORATED
13:24:01.393 [JavaFX Application Thread] DEBUG Engine               - isManualResizeEnabled: false
13:24:01.393 [JavaFX Application Thread] DEBUG Engine               - title: Basic Game app
13:24:01.393 [JavaFX Application Thread] DEBUG Engine               - platform: WINDOWS
13:24:01.394 [JavaFX Application Thread] DEBUG Engine               - devBBoxColorProperty: ObjectProperty [value: 0xff0000ff]
13:24:01.394 [JavaFX Application Thread] DEBUG Engine               - isDesktop: true
13:24:01.394 [JavaFX Application Thread] DEBUG Engine               - credits: []
13:24:01.394 [JavaFX Application Thread] DEBUG Engine               - globalMusicVolumeProperty: DoubleProperty [value: 0.5]
13:24:01.394 [JavaFX Application Thread] DEBUG Engine               - uIFactory: com.almasb.fxgl.ui.FXGLUIFactory@5075f42b
13:24:01.394 [JavaFX Application Thread] DEBUG Engine               - isPreserveResizeRatio: false
13:24:01.394 [JavaFX Application Thread] DEBUG Engine               - fontText: Courier-Prime.ttf
13:24:01.395 [JavaFX Application Thread] DEBUG Engine               - isExperimentalTiledLargeMap: false
13:24:01.395 [JavaFX Application Thread] DEBUG Engine               - secondsIn24h: 60
13:24:01.395 [JavaFX Application Thread] DEBUG Engine               - runtimeInfo: RuntimeInfo(platform=WINDOWS, version=11.7, build=05.01.2020 09.46)
13:24:01.395 [JavaFX Application Thread] DEBUG Engine               - isLinux: false
13:24:01.395 [JavaFX Application Thread] DEBUG Engine               - soundMenuPress: menu/press.wav
13:24:01.395 [JavaFX Application Thread] DEBUG Engine               - urlGithub: https://github.com/AlmasB/FXGL
13:24:01.395 [JavaFX Application Thread] DEBUG Engine               - profileDir: profiles/
13:24:01.396 [JavaFX Application Thread] DEBUG Engine               - isDeveloperMenuEnabled: false
13:24:01.396 [JavaFX Application Thread] DEBUG Engine               - globalSoundVolumeProperty: DoubleProperty [value: 0.5]
13:24:01.396 [JavaFX Application Thread] DEBUG Engine               - isBrowser: false
13:24:01.396 [JavaFX Application Thread] DEBUG Engine               - urlLeaderboard: http://fxgl-top.herokuapp.com/
13:24:01.396 [JavaFX Application Thread] DEBUG Engine               - globalSoundVolume: 0.5
13:24:01.396 [JavaFX Application Thread] DEBUG Engine               - saveDir: saves/
13:24:01.396 [JavaFX Application Thread] DEBUG Engine               - engineServices: [class com.almasb.fxgl.audio.AudioPlayer, class com.almasb.fxgl.notification.impl.NotificationServiceProvider, class com.almasb.fxgl.achievement.AchievementManager, class com.almasb.fxgl.cutscene.CutsceneService, class com.almasb.fxgl.minigames.MiniGameService]
13:24:01.396 [JavaFX Application Thread] DEBUG Engine               - globalMusicVolume: 0.5
13:24:01.397 [JavaFX Application Thread] DEBUG Engine               - width: 600
13:24:01.397 [JavaFX Application Thread] DEBUG Engine               - saveFileExt: .sav
13:24:01.397 [JavaFX Application Thread] DEBUG Engine               - isAndroid: false
13:24:01.397 [JavaFX Application Thread] DEBUG Engine               - fontUI: VarelaRound-Regular.ttf
13:24:01.397 [JavaFX Application Thread] DEBUG Engine               - enabledMenuItems: []
13:24:01.397 [JavaFX Application Thread] DEBUG Engine               - isIOS: false
13:24:01.400 [JavaFX Application Thread] DEBUG Engine               - Adding new engine service: class com.almasb.fxgl.audio.AudioPlayer
13:24:01.402 [JavaFX Application Thread] DEBUG Engine               - Adding new engine service: class com.almasb.fxgl.notification.impl.NotificationServiceProvider
13:24:01.402 [JavaFX Application Thread] DEBUG Engine               - Adding new engine service: class com.almasb.fxgl.achievement.AchievementManager
13:24:01.403 [JavaFX Application Thread] DEBUG Engine               - Adding new engine service: class com.almasb.fxgl.cutscene.CutsceneService
13:24:01.403 [JavaFX Application Thread] DEBUG Engine               - Adding new engine service: class com.almasb.fxgl.minigames.MiniGameService
13:24:01.409 [JavaFX Application Thread] DEBUG Engine               - Loading localizations
13:24:01.412 [JavaFX Application Thread] DEBUG AssetLoader          - Loading from file system: /assets/properties/languages/english.properties
13:24:01.415 [JavaFX Application Thread] DEBUG AssetLoader          - Loading from file system: /assets/properties/languages/french.properties
13:24:01.417 [JavaFX Application Thread] DEBUG AssetLoader          - Loading from file system: /assets/properties/languages/german.properties
13:24:01.419 [JavaFX Application Thread] DEBUG AssetLoader          - Loading from file system: /assets/properties/languages/russian.properties
13:24:01.422 [JavaFX Application Thread] DEBUG AssetLoader          - Loading from file system: /assets/properties/languages/hungarian.properties
13:24:01.426 [JavaFX Application Thread] DEBUG Engine               - Registering font factories
13:24:01.426 [JavaFX Application Thread] DEBUG AssetLoader          - Loading from file system: /assets/ui/fonts/VarelaRound-Regular.ttf
13:24:01.847 [JavaFX Application Thread] DEBUG AssetLoader          - Loading from file system: /assets/ui/fonts/Abel-Regular.ttf
13:24:01.859 [JavaFX Application Thread] DEBUG AssetLoader          - Loading from file system: /assets/ui/fonts/lucida_console.ttf
13:24:01.874 [JavaFX Application Thread] DEBUG AssetLoader          - Loading from file system: /assets/ui/fonts/Courier-Prime.ttf
13:24:01.887 [JavaFX Application Thread] DEBUG Engine               - Setting UI factory
13:24:02.005 [JavaFX Application Thread] DEBUG AssetLoader          - Loading from file system: /assets/textures/fxgl_logo.png
13:24:02.090 [JavaFX Application Thread] DEBUG MainWindow           - Creating a JavaFX scene
13:24:02.149 [JavaFX Application Thread] DEBUG MainWindow           - Target settings size: 600.0 x 600.0
13:24:02.149 [JavaFX Application Thread] DEBUG MainWindow           - Scaled scene size:    600.0 x 600.0
13:24:02.149 [JavaFX Application Thread] DEBUG MainWindow           - Scaled ratio: (1.0, 1.0)
13:24:02.151 [JavaFX Application Thread] DEBUG MainWindow           - Set initial scene to FXGLStartupScene
13:24:02.164 [JavaFX Application Thread] DEBUG AssetLoader          - Loading from file system: /assets/textures/fxgl_icon.png
13:24:02.182 [JavaFX Application Thread] DEBUG Engine               - Applying CSS: fxgl_dark.css
13:24:02.182 [JavaFX Application Thread] DEBUG AssetLoader          - Loading from file system: /assets/ui/css/fxgl_dark.css
13:24:02.186 [JavaFX Application Thread] DEBUG AssetLoader          - Loading from file system: /assets/ui/cursors/fxgl_default.png
13:24:02.188 [JavaFX Application Thread] DEBUG MainWindow           - Opening main window
13:24:02.407 [JavaFX Application Thread] DEBUG MainWindow           - Window border size: (14.4000244140625, 37.5999755859375)
13:24:02.407 [JavaFX Application Thread] DEBUG MainWindow           - Scaled size: 600.0 x 600.0
13:24:02.407 [JavaFX Application Thread] DEBUG MainWindow           - Scaled ratio: (1.0, 1.0)
13:24:02.408 [JavaFX Application Thread] DEBUG MainWindow           - Scene size: 600.0 x 600.0
13:24:02.408 [JavaFX Application Thread] DEBUG MainWindow           - Stage size: 614.4000244140625 x 637.5999755859375
13:24:02.427 [FXGL Background Thread 1 ] DEBUG FS                   - Loaded FSServiceImpl
13:24:02.428 [FXGL Background Thread 1 ] DEBUG Engine               - Loading FXGL system data
13:24:02.435 [FXGL Background Thread 1 ] DEBUG FSServiceImpl        - Reading from: C:\Users\Patrick\Desktop\Spil projekt - Jan 2020\Demo1\system\fxgl.bundle
13:24:02.452 [FXGL Background Thread 1 ] DEBUG Engine               - Bundle FXGL: {}
13:24:02.452 [FXGL Background Thread 1 ] DEBUG Engine               - Initializing application scenes
13:24:02.499 [FXGL Background Thread 1 ] DEBUG GameWorld            - Game world initialized
13:24:02.609 [FXGL Background Thread 1 ] DEBUG PhysicsWorld         - Physics world initialized: appHeight=600, physics.ppm=50,0
13:24:02.611 [FXGL Background Thread 1 ] DEBUG GameScene            - Game scene initialized: 600x600
13:24:02.654 [FXGL Background Thread 1 ] DEBUG Input                - Registered new binding: Resume - Esc
13:24:02.655 [FXGL Background Thread 1 ] DEBUG AssetLoader          - Loading from file system: /assets/textures/pause_menu_bg.png
13:24:02.688 [FXGL Background Thread 1 ] DEBUG Input                - Registered new binding: Pause - Esc
13:24:02.688 [FXGL Background Thread 1 ] DEBUG Engine               - Application scenes initialized
13:24:02.693 [JavaFX Application Thread] DEBUG Engine               - Running preInit()
13:24:02.694 [JavaFX Application Thread] DEBUG Input                - Registered new binding: Move Right - D
13:24:02.694 [JavaFX Application Thread] DEBUG Input                - Registered new binding: Move Left - A
13:24:02.694 [JavaFX Application Thread] DEBUG Input                - Registered new binding: Move Up - W
13:24:02.694 [JavaFX Application Thread] DEBUG Input                - Registered new binding: Move Down - S
13:24:02.695 [JavaFX Application Thread] DEBUG Input                - Registered new binding: Screenshot - P
13:24:02.696 [JavaFX Application Thread] DEBUG Input                - Registered new binding: System info dump - CTRL+9
13:24:02.696 [JavaFX Application Thread] DEBUG Input                - Registered new binding: Restart - CTRL+R
13:24:02.696 [JavaFX Application Thread] DEBUG Engine               - generateDefaultProfile()
13:24:02.696 [JavaFX Application Thread] DEBUG Engine               - Creating default profile
13:24:02.697 [JavaFX Application Thread] DEBUG EventBus             - Firing event: SaveEvent
13:24:02.712 [JavaFX Application Thread] DEBUG AssetLoader          - Loading from file system: /assets/music/Pokemon Red, Yellow, Blue Battle Music- Trainer.mp3
13:24:02.836 [JavaFX Application Thread] DEBUG AudioPlayer          - Playing music com.almasb.fxgl.audio.Music@5c9df81a
13:24:02.837 [JavaFX Application Thread] INFO  Engine               - FXGL initialization took: 1,428 sec
13:24:02.837 [JavaFX Application Thread] DEBUG LoopRunner           - Starting loop
13:24:02.855 [JavaFX Application Thread] DEBUG FXGLStartupScene     - STARTUP
13:24:02.855 [JavaFX Application Thread] DEBUG Engine               - Starting new game
13:24:02.863 [JavaFX Application Thread] DEBUG Input                - Clearing active input actions
13:24:02.863 [FXGL Background Thread 1 ] DEBUG InitAppTask          - Clearing previous game
13:24:02.864 [FXGL Background Thread 1 ] DEBUG GameWorld            - Clearing game world
13:24:02.864 [FXGL Background Thread 1 ] DEBUG PhysicsWorld         - Clearing physics world
13:24:02.864 [FXGL Background Thread 1 ] DEBUG GameScene            - Clearing game scene
13:24:02.864 [FXGL Background Thread 1 ] DEBUG InitAppTask          - Initializing Game
13:24:02.867 [FXGL Background Thread 1 ] DEBUG AssetLoader          - Loading from file system: /assets/textures/PokePlayerUnit1.png
13:24:02.881 [JavaFX Application Thread] DEBUG Engine               - Removing overlay from FXGLStartupScene and adding to LoadingScene
13:24:02.881 [JavaFX Application Thread] DEBUG MainWindow           - FXGLStartupScene -> LoadingScene
13:24:02.886 [FXGL Background Thread 1 ] DEBUG InitAppTask          - Initializing Physics
13:24:02.887 [FXGL Background Thread 1 ] DEBUG InitAppTask          - Initializing UI
13:24:02.889 [FXGL Background Thread 1 ] DEBUG InitAppTask          - Initialization Complete
13:24:02.889 [FXGL Background Thread 1 ] INFO  InitAppTask          - Game initialization took: 0,026 sec
13:24:02.939 [JavaFX Application Thread] DEBUG Input                - Clearing active input actions
13:24:02.959 [JavaFX Application Thread] DEBUG Engine               - Removing overlay from LoadingScene and adding to GameScene
13:24:02.959 [JavaFX Application Thread] DEBUG MainWindow           - LoadingScene -> GameScene
13:24:08.278 [JavaFX Application Thread] DEBUG Engine               - Exiting FXGL
13:24:08.278 [JavaFX Application Thread] DEBUG Engine               - Shutting down background threads
13:24:08.278 [JavaFX Application Thread] DEBUG Engine               - Saving FXGL system data
13:24:08.279 [JavaFX Application Thread] DEBUG FSServiceImpl        - Writing to: C:\Users\Patrick\Desktop\Spil projekt - Jan 2020\Demo1\system\fxgl.bundle
13:24:08.282 [JavaFX Application Thread] DEBUG Engine               - Closing logger and exiting JavaFX
