14:15:00.163 [main                     ] DEBUG GameApplication      - Logger initialized
14:15:00.180 [main                     ] DEBUG GameApplication      - Logging settings
Title: PokeBounce - Zealand
Version: 0.1
Width: 600
Height: 600
Fullscreen: false
Intro: false
Menus: true
Profiling: false
Single step:false
App Mode: DEVELOPER
Menu Key: ESCAPE
Stage Style: DECORATED
Scene Factory: class PokeBounce.pokebounce.BasicGameApp$1
Dialog Factory: class com.almasb.fxgl.ui.FXGLDialogFactory
UI Factory: class com.almasb.fxgl.ui.FXGLUIFactory

14:15:00.868 [JavaFX Application Thread] DEBUG Engine               - Initializing FXGL
14:15:00.868 [JavaFX Application Thread] INFO  Engine               - FXGL-11.7 (05.01.2020 09.46) on WINDOWS (J:11.0.5 FX:10.0.2-internal)
14:15:00.868 [JavaFX Application Thread] INFO  Engine               - Source code and latest versions at: https://github.com/AlmasB/FXGL
14:15:00.868 [JavaFX Application Thread] INFO  Engine               -              Join the FXGL chat at: https://gitter.im/AlmasB/FXGL
14:15:00.869 [JavaFX Application Thread] DEBUG Engine               - Initializing environment variables
14:15:00.870 [JavaFX Application Thread] DEBUG Engine               - Logging environment variables
14:15:00.870 [JavaFX Application Thread] DEBUG Engine               - achievements: []
14:15:00.870 [JavaFX Application Thread] DEBUG Engine               - sceneStack: com.almasb.fxgl.app.Engine@79a040df
14:15:00.871 [JavaFX Application Thread] DEBUG Engine               - language: ObjectProperty [value: ENGLISH]
14:15:00.871 [JavaFX Application Thread] DEBUG Engine               - isCloseConfirmation: false
14:15:00.871 [JavaFX Application Thread] DEBUG Engine               - isProfilingEnabled: false
14:15:00.871 [JavaFX Application Thread] DEBUG Engine               - soundNotification: core/notification.wav
14:15:00.871 [JavaFX Application Thread] DEBUG Engine               - devShowBBoxProperty: BooleanProperty [value: false]
14:15:00.872 [JavaFX Application Thread] DEBUG Engine               - pixelsPerMeter: 50.0
14:15:00.872 [JavaFX Application Thread] DEBUG Engine               - overlayRoot: Group@643f26dd
14:15:00.872 [JavaFX Application Thread] DEBUG Engine               - soundMenuBack: menu/back.wav
14:15:00.872 [JavaFX Application Thread] DEBUG Engine               - appIcon: EvilPuffIcon.png
14:15:00.873 [JavaFX Application Thread] DEBUG Engine               - isFullScreenAllowed: false
14:15:00.873 [JavaFX Application Thread] DEBUG Engine               - isIntroEnabled: false
14:15:00.873 [JavaFX Application Thread] DEBUG Engine               - eventBus: com.almasb.fxgl.event.EventBus@223c228f
14:15:00.873 [JavaFX Application Thread] DEBUG Engine               - fontMono: lucida_console.ttf
14:15:00.873 [JavaFX Application Thread] DEBUG Engine               - soundMenuSelect: menu/select.wav
14:15:00.873 [JavaFX Application Thread] DEBUG Engine               - isWindows: true
14:15:00.873 [JavaFX Application Thread] DEBUG Engine               - isMobile: false
14:15:00.873 [JavaFX Application Thread] DEBUG Engine               - height: 600
14:15:00.874 [JavaFX Application Thread] DEBUG Engine               - isExperimentalNative: false
14:15:00.874 [JavaFX Application Thread] DEBUG Engine               - isSingleStep: false
14:15:00.874 [JavaFX Application Thread] DEBUG Engine               - cSSList: [fxgl_dark.css]
14:15:00.874 [JavaFX Application Thread] DEBUG Engine               - fontGame: Abel-Regular.ttf
14:15:00.874 [JavaFX Application Thread] DEBUG Engine               - menuKey: ESCAPE
14:15:00.874 [JavaFX Application Thread] DEBUG Engine               - devShowPositionProperty: BooleanProperty [value: false]
14:15:00.875 [JavaFX Application Thread] DEBUG Engine               - versionCheckDays: 7
14:15:00.875 [JavaFX Application Thread] DEBUG Engine               - masterTimer: com.almasb.fxgl.time.Timer@59e128af
14:15:00.875 [JavaFX Application Thread] DEBUG Engine               - configClass: Optional.empty
14:15:00.875 [JavaFX Application Thread] DEBUG Engine               - isFullScreenFromStart: false
14:15:00.875 [JavaFX Application Thread] DEBUG Engine               - version: 0.1
14:15:00.875 [JavaFX Application Thread] DEBUG Engine               - fullScreen: BooleanProperty [value: false]
14:15:00.875 [JavaFX Application Thread] DEBUG Engine               - randomSeed: -1
14:15:00.875 [JavaFX Application Thread] DEBUG Engine               - dialogFactory: com.almasb.fxgl.ui.FXGLDialogFactory@21384a8d
14:15:00.875 [JavaFX Application Thread] DEBUG Engine               - applicationMode: DEVELOPER
14:15:00.876 [JavaFX Application Thread] DEBUG Engine               - isMac: false
14:15:00.876 [JavaFX Application Thread] DEBUG Engine               - urlGoogleForms: https://goo.gl/forms/6wrMnOBxTE1fEpOy2
14:15:00.876 [JavaFX Application Thread] DEBUG Engine               - isMenuEnabled: true
14:15:00.876 [JavaFX Application Thread] DEBUG Engine               - profileName: user.profile
14:15:00.876 [JavaFX Application Thread] DEBUG Engine               - urlPOM: https://raw.githubusercontent.com/AlmasB/FXGL/master/pom.xml
14:15:00.876 [JavaFX Application Thread] DEBUG Engine               - notificationViewClass: class com.almasb.fxgl.notification.view.XboxNotificationView
14:15:00.876 [JavaFX Application Thread] DEBUG Engine               - devSensorColorProperty: ObjectProperty [value: 0xffff00ff]
14:15:00.876 [JavaFX Application Thread] DEBUG Engine               - sceneFactory: PokeBounce.pokebounce.BasicGameApp$1@3c2c89b9
14:15:00.876 [JavaFX Application Thread] DEBUG Engine               - dataFileExt: .dat
14:15:00.876 [JavaFX Application Thread] DEBUG Engine               - stageStyle: DECORATED
14:15:00.876 [JavaFX Application Thread] DEBUG Engine               - isManualResizeEnabled: false
14:15:00.877 [JavaFX Application Thread] DEBUG Engine               - title: PokeBounce - Zealand
14:15:00.877 [JavaFX Application Thread] DEBUG Engine               - platform: WINDOWS
14:15:00.877 [JavaFX Application Thread] DEBUG Engine               - devBBoxColorProperty: ObjectProperty [value: 0xff0000ff]
14:15:00.877 [JavaFX Application Thread] DEBUG Engine               - isDesktop: true
14:15:00.877 [JavaFX Application Thread] DEBUG Engine               - globalMusicVolumeProperty: DoubleProperty [value: 0.5]
14:15:00.877 [JavaFX Application Thread] DEBUG Engine               - credits: []
14:15:00.877 [JavaFX Application Thread] DEBUG Engine               - isPreserveResizeRatio: false
14:15:00.877 [JavaFX Application Thread] DEBUG Engine               - uIFactory: com.almasb.fxgl.ui.FXGLUIFactory@7f47fce9
14:15:00.877 [JavaFX Application Thread] DEBUG Engine               - fontText: Courier-Prime.ttf
14:15:00.877 [JavaFX Application Thread] DEBUG Engine               - isExperimentalTiledLargeMap: false
14:15:00.877 [JavaFX Application Thread] DEBUG Engine               - secondsIn24h: 60
14:15:00.877 [JavaFX Application Thread] DEBUG Engine               - runtimeInfo: RuntimeInfo(platform=WINDOWS, version=11.7, build=05.01.2020 09.46)
14:15:00.878 [JavaFX Application Thread] DEBUG Engine               - isLinux: false
14:15:00.878 [JavaFX Application Thread] DEBUG Engine               - soundMenuPress: menu/press.wav
14:15:00.878 [JavaFX Application Thread] DEBUG Engine               - urlGithub: https://github.com/AlmasB/FXGL
14:15:00.878 [JavaFX Application Thread] DEBUG Engine               - profileDir: profiles/
14:15:00.878 [JavaFX Application Thread] DEBUG Engine               - isDeveloperMenuEnabled: false
14:15:00.878 [JavaFX Application Thread] DEBUG Engine               - globalSoundVolumeProperty: DoubleProperty [value: 0.5]
14:15:00.878 [JavaFX Application Thread] DEBUG Engine               - isBrowser: false
14:15:00.878 [JavaFX Application Thread] DEBUG Engine               - globalSoundVolume: 0.5
14:15:00.878 [JavaFX Application Thread] DEBUG Engine               - urlLeaderboard: http://fxgl-top.herokuapp.com/
14:15:00.878 [JavaFX Application Thread] DEBUG Engine               - saveDir: saves/
14:15:00.878 [JavaFX Application Thread] DEBUG Engine               - engineServices: [class com.almasb.fxgl.audio.AudioPlayer, class com.almasb.fxgl.notification.impl.NotificationServiceProvider, class com.almasb.fxgl.achievement.AchievementManager, class com.almasb.fxgl.cutscene.CutsceneService, class com.almasb.fxgl.minigames.MiniGameService]
14:15:00.878 [JavaFX Application Thread] DEBUG Engine               - globalMusicVolume: 0.5
14:15:00.879 [JavaFX Application Thread] DEBUG Engine               - width: 600
14:15:00.879 [JavaFX Application Thread] DEBUG Engine               - saveFileExt: .sav
14:15:00.879 [JavaFX Application Thread] DEBUG Engine               - isAndroid: false
14:15:00.879 [JavaFX Application Thread] DEBUG Engine               - fontUI: VarelaRound-Regular.ttf
14:15:00.879 [JavaFX Application Thread] DEBUG Engine               - enabledMenuItems: []
14:15:00.879 [JavaFX Application Thread] DEBUG Engine               - isIOS: false
14:15:00.881 [JavaFX Application Thread] DEBUG Engine               - Adding new engine service: class com.almasb.fxgl.audio.AudioPlayer
14:15:00.882 [JavaFX Application Thread] DEBUG Engine               - Adding new engine service: class com.almasb.fxgl.notification.impl.NotificationServiceProvider
14:15:00.882 [JavaFX Application Thread] DEBUG Engine               - Adding new engine service: class com.almasb.fxgl.achievement.AchievementManager
14:15:00.882 [JavaFX Application Thread] DEBUG Engine               - Adding new engine service: class com.almasb.fxgl.cutscene.CutsceneService
14:15:00.883 [JavaFX Application Thread] DEBUG Engine               - Adding new engine service: class com.almasb.fxgl.minigames.MiniGameService
14:15:00.885 [JavaFX Application Thread] DEBUG Engine               - Loading localizations
14:15:00.887 [JavaFX Application Thread] DEBUG AssetLoader          - Loading from file system: /assets/properties/languages/english.properties
14:15:00.895 [JavaFX Application Thread] DEBUG AssetLoader          - Loading from file system: /assets/properties/languages/french.properties
14:15:00.896 [JavaFX Application Thread] DEBUG AssetLoader          - Loading from file system: /assets/properties/languages/german.properties
14:15:00.897 [JavaFX Application Thread] DEBUG AssetLoader          - Loading from file system: /assets/properties/languages/russian.properties
14:15:00.898 [JavaFX Application Thread] DEBUG AssetLoader          - Loading from file system: /assets/properties/languages/hungarian.properties
14:15:00.899 [JavaFX Application Thread] DEBUG Engine               - Registering font factories
14:15:00.900 [JavaFX Application Thread] DEBUG AssetLoader          - Loading from file system: /assets/ui/fonts/VarelaRound-Regular.ttf
14:15:01.087 [JavaFX Application Thread] DEBUG AssetLoader          - Loading from file system: /assets/ui/fonts/Abel-Regular.ttf
14:15:01.093 [JavaFX Application Thread] DEBUG AssetLoader          - Loading from file system: /assets/ui/fonts/lucida_console.ttf
14:15:01.102 [JavaFX Application Thread] DEBUG AssetLoader          - Loading from file system: /assets/ui/fonts/Courier-Prime.ttf
14:15:01.110 [JavaFX Application Thread] DEBUG Engine               - Setting UI factory
14:15:01.165 [JavaFX Application Thread] DEBUG AssetLoader          - Loading from file system: /assets/textures/fxgl_logo.png
14:15:01.198 [JavaFX Application Thread] DEBUG MainWindow           - Creating a JavaFX scene
14:15:01.221 [JavaFX Application Thread] DEBUG MainWindow           - Target settings size: 600.0 x 600.0
14:15:01.221 [JavaFX Application Thread] DEBUG MainWindow           - Scaled scene size:    600.0 x 600.0
14:15:01.221 [JavaFX Application Thread] DEBUG MainWindow           - Scaled ratio: (1.0, 1.0)
14:15:01.222 [JavaFX Application Thread] DEBUG MainWindow           - Set initial scene to FXGLStartupScene
14:15:01.227 [JavaFX Application Thread] DEBUG AssetLoader          - Loading from file system: /assets/textures/EvilPuffIcon.png
14:15:01.228 [JavaFX Application Thread] DEBUG Engine               - Applying CSS: fxgl_dark.css
14:15:01.229 [JavaFX Application Thread] DEBUG AssetLoader          - Loading from file system: /assets/ui/css/fxgl_dark.css
14:15:01.230 [JavaFX Application Thread] DEBUG AssetLoader          - Loading from file system: /assets/ui/cursors/fxgl_default.png
14:15:01.231 [JavaFX Application Thread] DEBUG MainWindow           - Opening main window
14:15:01.336 [JavaFX Application Thread] DEBUG MainWindow           - Window border size: (16.0, 39.0)
14:15:01.336 [JavaFX Application Thread] DEBUG MainWindow           - Scaled size: 600.0 x 600.0
14:15:01.336 [JavaFX Application Thread] DEBUG MainWindow           - Scaled ratio: (1.0, 1.0)
14:15:01.336 [JavaFX Application Thread] DEBUG MainWindow           - Scene size: 600.0 x 600.0
14:15:01.336 [JavaFX Application Thread] DEBUG MainWindow           - Stage size: 616.0 x 639.0
14:15:01.357 [FXGL Background Thread 1 ] DEBUG FS                   - Loaded FSServiceImpl
14:15:01.357 [FXGL Background Thread 1 ] DEBUG Engine               - Loading FXGL system data
14:15:01.370 [FXGL Background Thread 1 ] DEBUG FSServiceImpl        - Reading from: E:\Spil projekt - Jan 2020\Demo1\system\fxgl.bundle
14:15:01.377 [FXGL Background Thread 1 ] DEBUG Engine               - Bundle FXGL: {}
14:15:01.377 [FXGL Background Thread 1 ] DEBUG Engine               - Initializing application scenes
14:15:01.394 [FXGL Background Thread 1 ] DEBUG GameWorld            - Game world initialized
14:15:01.430 [FXGL Background Thread 1 ] DEBUG PhysicsWorld         - Physics world initialized: appHeight=600, physics.ppm=50,0
14:15:01.431 [FXGL Background Thread 1 ] DEBUG GameScene            - Game scene initialized: 600x600
14:15:01.451 [FXGL Background Thread 1 ] DEBUG AssetLoader          - Loading from file system: /assets/textures/MainMenuGif.gif
14:15:01.583 [FXGL Background Thread 1 ] DEBUG AssetLoader          - Loading from file system: /assets/textures/GameMenuEvilPuff3.png
14:15:01.597 [FXGL Background Thread 1 ] DEBUG Engine               - Application scenes initialized
14:15:01.599 [JavaFX Application Thread] DEBUG Engine               - Running preInit()
14:15:01.605 [JavaFX Application Thread] DEBUG Input                - Registered new binding: Move Right - D
14:15:01.605 [JavaFX Application Thread] DEBUG Input                - Registered new binding: Move Left - A
14:15:01.605 [JavaFX Application Thread] DEBUG Input                - Registered new binding: Move Up - W
14:15:01.606 [JavaFX Application Thread] DEBUG Input                - Registered new binding: Move Down - S
14:15:01.606 [JavaFX Application Thread] DEBUG Input                - Registered new binding: Screenshot - P
14:15:01.606 [JavaFX Application Thread] DEBUG Input                - Registered new binding: System info dump - CTRL+9
14:15:01.607 [JavaFX Application Thread] DEBUG Input                - Registered new binding: Restart - CTRL+R
14:15:01.607 [JavaFX Application Thread] DEBUG Engine               - generateDefaultProfile()
14:15:01.607 [JavaFX Application Thread] DEBUG Engine               - Creating default profile
14:15:01.607 [JavaFX Application Thread] DEBUG EventBus             - Firing event: SaveEvent
14:15:01.615 [JavaFX Application Thread] DEBUG AssetLoader          - Loading from file system: /assets/music/MainMenuMusic.mp3
14:15:01.786 [JavaFX Application Thread] DEBUG AudioPlayer          - Playing music com.almasb.fxgl.audio.Music@78552d2b
14:15:01.786 [JavaFX Application Thread] INFO  Engine               - FXGL initialization took: 0,901 sec
14:15:01.787 [JavaFX Application Thread] DEBUG LoopRunner           - Starting loop
14:15:01.788 [JavaFX Application Thread] DEBUG FXGLStartupScene     - STARTUP
14:15:01.790 [JavaFX Application Thread] DEBUG Input                - Clearing active input actions
14:15:01.800 [JavaFX Application Thread] DEBUG Engine               - Removing overlay from FXGLStartupScene and adding to PokeBounceMainMenu
14:15:01.800 [JavaFX Application Thread] DEBUG MainWindow           - FXGLStartupScene -> PokeBounceMainMenu
14:15:44.245 [JavaFX Application Thread] DEBUG Menu                 - fireExit()
14:15:44.252 [JavaFX Application Thread] DEBUG MainWindow           - Push state: DialogSubState
14:15:44.252 [JavaFX Application Thread] DEBUG Input                - Clearing active input actions
14:15:44.259 [JavaFX Application Thread] DEBUG Engine               - Removing overlay from PokeBounceMainMenu and adding to DialogSubState
14:15:44.259 [JavaFX Application Thread] DEBUG MainWindow           - PokeBounceMainMenu -> DialogSubState
14:15:45.129 [JavaFX Application Thread] DEBUG MainWindow           - Pop state: DialogSubState
14:15:45.129 [JavaFX Application Thread] DEBUG Input                - Clearing active input actions
14:15:45.129 [JavaFX Application Thread] DEBUG Engine               - Removing overlay from DialogSubState and adding to PokeBounceMainMenu
14:15:45.129 [JavaFX Application Thread] DEBUG MainWindow           - PokeBounceMainMenu <- DialogSubState
14:15:45.129 [JavaFX Application Thread] DEBUG Engine               - Exiting FXGL
14:15:45.129 [JavaFX Application Thread] DEBUG Engine               - Shutting down background threads
14:15:45.130 [JavaFX Application Thread] DEBUG Engine               - Saving FXGL system data
14:15:45.131 [JavaFX Application Thread] DEBUG FSServiceImpl        - Writing to: E:\Spil projekt - Jan 2020\Demo1\system\fxgl.bundle
14:15:45.133 [JavaFX Application Thread] DEBUG Engine               - Closing logger and exiting JavaFX
