06:17:22.907 [main                     ] DEBUG GameApplication      - Logger initialized
06:17:22.929 [main                     ] DEBUG GameApplication      - Logging settings
Title: PokeBounce - Zealand
Version: 0.1
Width: 600
Height: 600
Fullscreen: false
Intro: false
Menus: true
Profiling: false
Single step:false
App Mode: DEVELOPER
Menu Key: ESCAPE
Stage Style: DECORATED
Scene Factory: class PokeBounce.pokebounce.BasicGameApp$1
Dialog Factory: class com.almasb.fxgl.ui.FXGLDialogFactory
UI Factory: class com.almasb.fxgl.ui.FXGLUIFactory

06:17:23.314 [JavaFX Application Thread] DEBUG Engine               - Initializing FXGL
06:17:23.315 [JavaFX Application Thread] INFO  Engine               - FXGL-11.7 (05.01.2020 09.46) on WINDOWS (J:11.0.5 FX:10.0.2-internal)
06:17:23.315 [JavaFX Application Thread] INFO  Engine               - Source code and latest versions at: https://github.com/AlmasB/FXGL
06:17:23.315 [JavaFX Application Thread] INFO  Engine               -              Join the FXGL chat at: https://gitter.im/AlmasB/FXGL
06:17:23.316 [JavaFX Application Thread] DEBUG Engine               - Initializing environment variables
06:17:23.318 [JavaFX Application Thread] DEBUG Engine               - Logging environment variables
06:17:23.319 [JavaFX Application Thread] DEBUG Engine               - achievements: []
06:17:23.319 [JavaFX Application Thread] DEBUG Engine               - sceneStack: com.almasb.fxgl.app.Engine@1e5bbbae
06:17:23.319 [JavaFX Application Thread] DEBUG Engine               - language: ObjectProperty [value: ENGLISH]
06:17:23.319 [JavaFX Application Thread] DEBUG Engine               - isCloseConfirmation: false
06:17:23.319 [JavaFX Application Thread] DEBUG Engine               - isProfilingEnabled: false
06:17:23.320 [JavaFX Application Thread] DEBUG Engine               - soundNotification: core/notification.wav
06:17:23.320 [JavaFX Application Thread] DEBUG Engine               - devShowBBoxProperty: BooleanProperty [value: false]
06:17:23.323 [JavaFX Application Thread] DEBUG Engine               - pixelsPerMeter: 50.0
06:17:23.324 [JavaFX Application Thread] DEBUG Engine               - overlayRoot: Group@15022aab
06:17:23.325 [JavaFX Application Thread] DEBUG Engine               - appIcon: EvilPuffIcon.png
06:17:23.325 [JavaFX Application Thread] DEBUG Engine               - soundMenuBack: menu/back.wav
06:17:23.325 [JavaFX Application Thread] DEBUG Engine               - isFullScreenAllowed: false
06:17:23.325 [JavaFX Application Thread] DEBUG Engine               - isIntroEnabled: false
06:17:23.325 [JavaFX Application Thread] DEBUG Engine               - eventBus: com.almasb.fxgl.event.EventBus@499f1a15
06:17:23.325 [JavaFX Application Thread] DEBUG Engine               - fontMono: lucida_console.ttf
06:17:23.325 [JavaFX Application Thread] DEBUG Engine               - soundMenuSelect: menu/select.wav
06:17:23.326 [JavaFX Application Thread] DEBUG Engine               - isWindows: true
06:17:23.326 [JavaFX Application Thread] DEBUG Engine               - isMobile: false
06:17:23.326 [JavaFX Application Thread] DEBUG Engine               - height: 600
06:17:23.326 [JavaFX Application Thread] DEBUG Engine               - isExperimentalNative: false
06:17:23.326 [JavaFX Application Thread] DEBUG Engine               - isSingleStep: false
06:17:23.326 [JavaFX Application Thread] DEBUG Engine               - cSSList: [fxgl_dark.css]
06:17:23.326 [JavaFX Application Thread] DEBUG Engine               - fontGame: Abel-Regular.ttf
06:17:23.327 [JavaFX Application Thread] DEBUG Engine               - menuKey: ESCAPE
06:17:23.327 [JavaFX Application Thread] DEBUG Engine               - devShowPositionProperty: BooleanProperty [value: false]
06:17:23.327 [JavaFX Application Thread] DEBUG Engine               - versionCheckDays: 7
06:17:23.327 [JavaFX Application Thread] DEBUG Engine               - masterTimer: com.almasb.fxgl.time.Timer@ada5e43
06:17:23.327 [JavaFX Application Thread] DEBUG Engine               - configClass: Optional.empty
06:17:23.327 [JavaFX Application Thread] DEBUG Engine               - isFullScreenFromStart: false
06:17:23.327 [JavaFX Application Thread] DEBUG Engine               - version: 0.1
06:17:23.327 [JavaFX Application Thread] DEBUG Engine               - fullScreen: BooleanProperty [value: false]
06:17:23.327 [JavaFX Application Thread] DEBUG Engine               - randomSeed: -1
06:17:23.327 [JavaFX Application Thread] DEBUG Engine               - dialogFactory: com.almasb.fxgl.ui.FXGLDialogFactory@6713a4cf
06:17:23.327 [JavaFX Application Thread] DEBUG Engine               - applicationMode: DEVELOPER
06:17:23.327 [JavaFX Application Thread] DEBUG Engine               - isMac: false
06:17:23.328 [JavaFX Application Thread] DEBUG Engine               - urlGoogleForms: https://goo.gl/forms/6wrMnOBxTE1fEpOy2
06:17:23.328 [JavaFX Application Thread] DEBUG Engine               - isMenuEnabled: true
06:17:23.328 [JavaFX Application Thread] DEBUG Engine               - profileName: user.profile
06:17:23.328 [JavaFX Application Thread] DEBUG Engine               - urlPOM: https://raw.githubusercontent.com/AlmasB/FXGL/master/pom.xml
06:17:23.328 [JavaFX Application Thread] DEBUG Engine               - notificationViewClass: class com.almasb.fxgl.notification.view.XboxNotificationView
06:17:23.328 [JavaFX Application Thread] DEBUG Engine               - devSensorColorProperty: ObjectProperty [value: 0xffff00ff]
06:17:23.328 [JavaFX Application Thread] DEBUG Engine               - sceneFactory: PokeBounce.pokebounce.BasicGameApp$1@63409df4
06:17:23.328 [JavaFX Application Thread] DEBUG Engine               - dataFileExt: .dat
06:17:23.328 [JavaFX Application Thread] DEBUG Engine               - stageStyle: DECORATED
06:17:23.328 [JavaFX Application Thread] DEBUG Engine               - isManualResizeEnabled: false
06:17:23.328 [JavaFX Application Thread] DEBUG Engine               - title: PokeBounce - Zealand
06:17:23.328 [JavaFX Application Thread] DEBUG Engine               - platform: WINDOWS
06:17:23.329 [JavaFX Application Thread] DEBUG Engine               - devBBoxColorProperty: ObjectProperty [value: 0xff0000ff]
06:17:23.329 [JavaFX Application Thread] DEBUG Engine               - isDesktop: true
06:17:23.329 [JavaFX Application Thread] DEBUG Engine               - globalMusicVolumeProperty: DoubleProperty [value: 0.5]
06:17:23.329 [JavaFX Application Thread] DEBUG Engine               - credits: []
06:17:23.329 [JavaFX Application Thread] DEBUG Engine               - isPreserveResizeRatio: false
06:17:23.330 [JavaFX Application Thread] DEBUG Engine               - uIFactory: com.almasb.fxgl.ui.FXGLUIFactory@52be7c3b
06:17:23.330 [JavaFX Application Thread] DEBUG Engine               - fontText: Courier-Prime.ttf
06:17:23.330 [JavaFX Application Thread] DEBUG Engine               - isExperimentalTiledLargeMap: false
06:17:23.331 [JavaFX Application Thread] DEBUG Engine               - secondsIn24h: 60
06:17:23.331 [JavaFX Application Thread] DEBUG Engine               - runtimeInfo: RuntimeInfo(platform=WINDOWS, version=11.7, build=05.01.2020 09.46)
06:17:23.331 [JavaFX Application Thread] DEBUG Engine               - isLinux: false
06:17:23.331 [JavaFX Application Thread] DEBUG Engine               - soundMenuPress: menu/press.wav
06:17:23.331 [JavaFX Application Thread] DEBUG Engine               - urlGithub: https://github.com/AlmasB/FXGL
06:17:23.331 [JavaFX Application Thread] DEBUG Engine               - profileDir: profiles/
06:17:23.331 [JavaFX Application Thread] DEBUG Engine               - isDeveloperMenuEnabled: false
06:17:23.331 [JavaFX Application Thread] DEBUG Engine               - globalSoundVolumeProperty: DoubleProperty [value: 0.5]
06:17:23.331 [JavaFX Application Thread] DEBUG Engine               - isBrowser: false
06:17:23.331 [JavaFX Application Thread] DEBUG Engine               - globalSoundVolume: 0.5
06:17:23.332 [JavaFX Application Thread] DEBUG Engine               - urlLeaderboard: http://fxgl-top.herokuapp.com/
06:17:23.332 [JavaFX Application Thread] DEBUG Engine               - saveDir: saves/
06:17:23.332 [JavaFX Application Thread] DEBUG Engine               - engineServices: [class com.almasb.fxgl.audio.AudioPlayer, class com.almasb.fxgl.notification.impl.NotificationServiceProvider, class com.almasb.fxgl.achievement.AchievementManager, class com.almasb.fxgl.cutscene.CutsceneService, class com.almasb.fxgl.minigames.MiniGameService]
06:17:23.332 [JavaFX Application Thread] DEBUG Engine               - globalMusicVolume: 0.5
06:17:23.332 [JavaFX Application Thread] DEBUG Engine               - width: 600
06:17:23.332 [JavaFX Application Thread] DEBUG Engine               - saveFileExt: .sav
06:17:23.332 [JavaFX Application Thread] DEBUG Engine               - isAndroid: false
06:17:23.332 [JavaFX Application Thread] DEBUG Engine               - fontUI: VarelaRound-Regular.ttf
06:17:23.332 [JavaFX Application Thread] DEBUG Engine               - enabledMenuItems: []
06:17:23.332 [JavaFX Application Thread] DEBUG Engine               - isIOS: false
06:17:23.336 [JavaFX Application Thread] DEBUG Engine               - Adding new engine service: class com.almasb.fxgl.audio.AudioPlayer
06:17:23.337 [JavaFX Application Thread] DEBUG Engine               - Adding new engine service: class com.almasb.fxgl.notification.impl.NotificationServiceProvider
06:17:23.337 [JavaFX Application Thread] DEBUG Engine               - Adding new engine service: class com.almasb.fxgl.achievement.AchievementManager
06:17:23.338 [JavaFX Application Thread] DEBUG Engine               - Adding new engine service: class com.almasb.fxgl.cutscene.CutsceneService
06:17:23.338 [JavaFX Application Thread] DEBUG Engine               - Adding new engine service: class com.almasb.fxgl.minigames.MiniGameService
06:17:23.340 [JavaFX Application Thread] DEBUG Engine               - Loading localizations
06:17:23.342 [JavaFX Application Thread] DEBUG AssetLoader          - Loading from file system: /assets/properties/languages/english.properties
06:17:23.345 [JavaFX Application Thread] DEBUG AssetLoader          - Loading from file system: /assets/properties/languages/french.properties
06:17:23.347 [JavaFX Application Thread] DEBUG AssetLoader          - Loading from file system: /assets/properties/languages/german.properties
06:17:23.348 [JavaFX Application Thread] DEBUG AssetLoader          - Loading from file system: /assets/properties/languages/russian.properties
06:17:23.349 [JavaFX Application Thread] DEBUG AssetLoader          - Loading from file system: /assets/properties/languages/hungarian.properties
06:17:23.351 [JavaFX Application Thread] DEBUG Engine               - Registering font factories
06:17:23.351 [JavaFX Application Thread] DEBUG AssetLoader          - Loading from file system: /assets/ui/fonts/VarelaRound-Regular.ttf
06:17:23.547 [JavaFX Application Thread] DEBUG AssetLoader          - Loading from file system: /assets/ui/fonts/Abel-Regular.ttf
06:17:23.557 [JavaFX Application Thread] DEBUG AssetLoader          - Loading from file system: /assets/ui/fonts/lucida_console.ttf
06:17:23.573 [JavaFX Application Thread] DEBUG AssetLoader          - Loading from file system: /assets/ui/fonts/Courier-Prime.ttf
06:17:23.594 [JavaFX Application Thread] DEBUG Engine               - Setting UI factory
06:17:23.709 [JavaFX Application Thread] DEBUG AssetLoader          - Loading from file system: /assets/textures/fxgl_logo.png
06:17:23.756 [JavaFX Application Thread] DEBUG MainWindow           - Creating a JavaFX scene
06:17:23.786 [JavaFX Application Thread] DEBUG MainWindow           - Target settings size: 600.0 x 600.0
06:17:23.786 [JavaFX Application Thread] DEBUG MainWindow           - Scaled scene size:    600.0 x 600.0
06:17:23.786 [JavaFX Application Thread] DEBUG MainWindow           - Scaled ratio: (1.0, 1.0)
06:17:23.789 [JavaFX Application Thread] DEBUG MainWindow           - Set initial scene to FXGLStartupScene
06:17:23.794 [JavaFX Application Thread] DEBUG AssetLoader          - Loading from file system: /assets/textures/EvilPuffIcon.png
06:17:23.796 [JavaFX Application Thread] DEBUG Engine               - Applying CSS: fxgl_dark.css
06:17:23.796 [JavaFX Application Thread] DEBUG AssetLoader          - Loading from file system: /assets/ui/css/fxgl_dark.css
06:17:23.798 [JavaFX Application Thread] DEBUG AssetLoader          - Loading from file system: /assets/ui/cursors/fxgl_default.png
06:17:23.799 [JavaFX Application Thread] DEBUG MainWindow           - Opening main window
06:17:23.892 [JavaFX Application Thread] DEBUG MainWindow           - Window border size: (16.0, 39.0)
06:17:23.892 [JavaFX Application Thread] DEBUG MainWindow           - Scaled size: 600.0 x 600.0
06:17:23.892 [JavaFX Application Thread] DEBUG MainWindow           - Scaled ratio: (1.0, 1.0)
06:17:23.892 [JavaFX Application Thread] DEBUG MainWindow           - Scene size: 600.0 x 600.0
06:17:23.892 [JavaFX Application Thread] DEBUG MainWindow           - Stage size: 616.0 x 639.0
06:17:23.913 [FXGL Background Thread 1 ] DEBUG FS                   - Loaded FSServiceImpl
06:17:23.913 [FXGL Background Thread 1 ] DEBUG Engine               - Loading FXGL system data
06:17:23.916 [FXGL Background Thread 1 ] DEBUG FSServiceImpl        - Reading from: E:\Spil projekt - Jan 2020\Demo1\system\fxgl.bundle
06:17:23.922 [FXGL Background Thread 1 ] DEBUG Engine               - Bundle FXGL: {}
06:17:23.922 [FXGL Background Thread 1 ] DEBUG Engine               - Initializing application scenes
06:17:23.941 [FXGL Background Thread 1 ] DEBUG GameWorld            - Game world initialized
06:17:23.975 [FXGL Background Thread 1 ] DEBUG PhysicsWorld         - Physics world initialized: appHeight=600, physics.ppm=50,0
06:17:23.976 [FXGL Background Thread 1 ] DEBUG GameScene            - Game scene initialized: 600x600
06:17:23.997 [FXGL Background Thread 1 ] DEBUG AssetLoader          - Loading from file system: /assets/textures/MainMenuGif.gif
06:17:24.130 [FXGL Background Thread 1 ] DEBUG AssetLoader          - Loading from file system: /assets/textures/GameMenuEvilPuff3.png
06:17:24.142 [FXGL Background Thread 1 ] DEBUG Engine               - Application scenes initialized
06:17:24.145 [JavaFX Application Thread] DEBUG Engine               - Running preInit()
06:17:24.151 [JavaFX Application Thread] DEBUG Input                - Registered new binding: Move Right - D
06:17:24.151 [JavaFX Application Thread] DEBUG Input                - Registered new binding: Move Left - A
06:17:24.151 [JavaFX Application Thread] DEBUG Input                - Registered new binding: Move Up - W
06:17:24.151 [JavaFX Application Thread] DEBUG Input                - Registered new binding: Move Down - S
06:17:24.152 [JavaFX Application Thread] DEBUG Input                - Registered new binding: Screenshot - P
06:17:24.152 [JavaFX Application Thread] DEBUG Input                - Registered new binding: System info dump - CTRL+9
06:17:24.152 [JavaFX Application Thread] DEBUG Input                - Registered new binding: Restart - CTRL+R
06:17:24.152 [JavaFX Application Thread] DEBUG Engine               - generateDefaultProfile()
06:17:24.152 [JavaFX Application Thread] DEBUG Engine               - Creating default profile
06:17:24.152 [JavaFX Application Thread] DEBUG EventBus             - Firing event: SaveEvent
06:17:24.160 [JavaFX Application Thread] INFO  Engine               - FXGL initialization took: 0,820 sec
06:17:24.160 [JavaFX Application Thread] DEBUG LoopRunner           - Starting loop
06:17:24.161 [JavaFX Application Thread] DEBUG FXGLStartupScene     - STARTUP
06:17:24.163 [JavaFX Application Thread] DEBUG Input                - Clearing active input actions
06:17:24.172 [JavaFX Application Thread] DEBUG Engine               - Removing overlay from FXGLStartupScene and adding to PokeBounceMainMenu
06:17:24.173 [JavaFX Application Thread] DEBUG MainWindow           - FXGLStartupScene -> PokeBounceMainMenu
06:17:31.216 [JavaFX Application Thread] DEBUG Engine               - Exiting FXGL
06:17:31.216 [JavaFX Application Thread] DEBUG Engine               - Shutting down background threads
06:17:31.216 [JavaFX Application Thread] DEBUG Engine               - Saving FXGL system data
06:17:31.217 [JavaFX Application Thread] DEBUG FSServiceImpl        - Writing to: E:\Spil projekt - Jan 2020\Demo1\system\fxgl.bundle
06:17:31.219 [JavaFX Application Thread] DEBUG Engine               - Closing logger and exiting JavaFX
