03:48:03.891 [main                     ] DEBUG GameApplication      - Logger initialized
03:48:03.944 [main                     ] DEBUG GameApplication      - Logging settings
Title: PokeBounce - Zealand
Version: 0.1
Width: 600
Height: 600
Fullscreen: false
Intro: false
Menus: true
Profiling: false
Single step:false
App Mode: DEVELOPER
Menu Key: ESCAPE
Stage Style: DECORATED
Scene Factory: class PokeBounce.pokebounce.BasicGameApp$1
Dialog Factory: class com.almasb.fxgl.ui.FXGLDialogFactory
UI Factory: class com.almasb.fxgl.ui.FXGLUIFactory

03:48:04.953 [JavaFX Application Thread] DEBUG Engine               - Initializing FXGL
03:48:04.953 [JavaFX Application Thread] INFO  Engine               - FXGL-11.7 (05.01.2020 09.46) on WINDOWS (J:11.0.5 FX:10.0.2-internal)
03:48:04.954 [JavaFX Application Thread] INFO  Engine               - Source code and latest versions at: https://github.com/AlmasB/FXGL
03:48:04.954 [JavaFX Application Thread] INFO  Engine               -              Join the FXGL chat at: https://gitter.im/AlmasB/FXGL
03:48:04.954 [JavaFX Application Thread] DEBUG Engine               - Initializing environment variables
03:48:04.956 [JavaFX Application Thread] DEBUG Engine               - Logging environment variables
03:48:04.956 [JavaFX Application Thread] DEBUG Engine               - achievements: []
03:48:04.956 [JavaFX Application Thread] DEBUG Engine               - sceneStack: com.almasb.fxgl.app.Engine@1757cc6b
03:48:04.956 [JavaFX Application Thread] DEBUG Engine               - language: ObjectProperty [value: ENGLISH]
03:48:04.956 [JavaFX Application Thread] DEBUG Engine               - isCloseConfirmation: false
03:48:04.957 [JavaFX Application Thread] DEBUG Engine               - isProfilingEnabled: false
03:48:04.957 [JavaFX Application Thread] DEBUG Engine               - soundNotification: core/notification.wav
03:48:04.957 [JavaFX Application Thread] DEBUG Engine               - devShowBBoxProperty: BooleanProperty [value: false]
03:48:04.958 [JavaFX Application Thread] DEBUG Engine               - pixelsPerMeter: 50.0
03:48:04.958 [JavaFX Application Thread] DEBUG Engine               - overlayRoot: Group@c7d33c4
03:48:04.959 [JavaFX Application Thread] DEBUG Engine               - appIcon: EvilPuffIcon.png
03:48:04.959 [JavaFX Application Thread] DEBUG Engine               - soundMenuBack: menu/back.wav
03:48:04.959 [JavaFX Application Thread] DEBUG Engine               - isFullScreenAllowed: false
03:48:04.959 [JavaFX Application Thread] DEBUG Engine               - isIntroEnabled: false
03:48:04.959 [JavaFX Application Thread] DEBUG Engine               - eventBus: com.almasb.fxgl.event.EventBus@355b9df4
03:48:04.959 [JavaFX Application Thread] DEBUG Engine               - fontMono: lucida_console.ttf
03:48:04.959 [JavaFX Application Thread] DEBUG Engine               - soundMenuSelect: menu/select.wav
03:48:04.960 [JavaFX Application Thread] DEBUG Engine               - isWindows: true
03:48:04.960 [JavaFX Application Thread] DEBUG Engine               - isMobile: false
03:48:04.960 [JavaFX Application Thread] DEBUG Engine               - height: 600
03:48:04.960 [JavaFX Application Thread] DEBUG Engine               - isExperimentalNative: false
03:48:04.960 [JavaFX Application Thread] DEBUG Engine               - cSSList: [fxgl_dark.css]
03:48:04.960 [JavaFX Application Thread] DEBUG Engine               - isSingleStep: false
03:48:04.960 [JavaFX Application Thread] DEBUG Engine               - fontGame: Abel-Regular.ttf
03:48:04.960 [JavaFX Application Thread] DEBUG Engine               - menuKey: ESCAPE
03:48:04.961 [JavaFX Application Thread] DEBUG Engine               - devShowPositionProperty: BooleanProperty [value: false]
03:48:04.961 [JavaFX Application Thread] DEBUG Engine               - versionCheckDays: 7
03:48:04.961 [JavaFX Application Thread] DEBUG Engine               - masterTimer: com.almasb.fxgl.time.Timer@1c463ba0
03:48:04.961 [JavaFX Application Thread] DEBUG Engine               - configClass: Optional.empty
03:48:04.961 [JavaFX Application Thread] DEBUG Engine               - isFullScreenFromStart: false
03:48:04.961 [JavaFX Application Thread] DEBUG Engine               - version: 0.1
03:48:04.961 [JavaFX Application Thread] DEBUG Engine               - fullScreen: BooleanProperty [value: false]
03:48:04.961 [JavaFX Application Thread] DEBUG Engine               - randomSeed: -1
03:48:04.962 [JavaFX Application Thread] DEBUG Engine               - dialogFactory: com.almasb.fxgl.ui.FXGLDialogFactory@3993d183
03:48:04.962 [JavaFX Application Thread] DEBUG Engine               - applicationMode: DEVELOPER
03:48:04.962 [JavaFX Application Thread] DEBUG Engine               - isMac: false
03:48:04.962 [JavaFX Application Thread] DEBUG Engine               - urlGoogleForms: https://goo.gl/forms/6wrMnOBxTE1fEpOy2
03:48:04.962 [JavaFX Application Thread] DEBUG Engine               - isMenuEnabled: true
03:48:04.962 [JavaFX Application Thread] DEBUG Engine               - urlPOM: https://raw.githubusercontent.com/AlmasB/FXGL/master/pom.xml
03:48:04.962 [JavaFX Application Thread] DEBUG Engine               - profileName: user.profile
03:48:04.962 [JavaFX Application Thread] DEBUG Engine               - devSensorColorProperty: ObjectProperty [value: 0xffff00ff]
03:48:04.963 [JavaFX Application Thread] DEBUG Engine               - notificationViewClass: class com.almasb.fxgl.notification.view.XboxNotificationView
03:48:04.963 [JavaFX Application Thread] DEBUG Engine               - sceneFactory: PokeBounce.pokebounce.BasicGameApp$1@5c152666
03:48:04.963 [JavaFX Application Thread] DEBUG Engine               - dataFileExt: .dat
03:48:04.963 [JavaFX Application Thread] DEBUG Engine               - stageStyle: DECORATED
03:48:04.963 [JavaFX Application Thread] DEBUG Engine               - isManualResizeEnabled: false
03:48:04.963 [JavaFX Application Thread] DEBUG Engine               - title: PokeBounce - Zealand
03:48:04.963 [JavaFX Application Thread] DEBUG Engine               - platform: WINDOWS
03:48:04.963 [JavaFX Application Thread] DEBUG Engine               - devBBoxColorProperty: ObjectProperty [value: 0xff0000ff]
03:48:04.963 [JavaFX Application Thread] DEBUG Engine               - isDesktop: true
03:48:04.963 [JavaFX Application Thread] DEBUG Engine               - credits: []
03:48:04.963 [JavaFX Application Thread] DEBUG Engine               - globalMusicVolumeProperty: DoubleProperty [value: 0.5]
03:48:04.963 [JavaFX Application Thread] DEBUG Engine               - uIFactory: com.almasb.fxgl.ui.FXGLUIFactory@3548a42d
03:48:04.964 [JavaFX Application Thread] DEBUG Engine               - isPreserveResizeRatio: false
03:48:04.964 [JavaFX Application Thread] DEBUG Engine               - fontText: Courier-Prime.ttf
03:48:04.964 [JavaFX Application Thread] DEBUG Engine               - isExperimentalTiledLargeMap: false
03:48:04.965 [JavaFX Application Thread] DEBUG Engine               - secondsIn24h: 60
03:48:04.965 [JavaFX Application Thread] DEBUG Engine               - runtimeInfo: RuntimeInfo(platform=WINDOWS, version=11.7, build=05.01.2020 09.46)
03:48:04.965 [JavaFX Application Thread] DEBUG Engine               - soundMenuPress: menu/press.wav
03:48:04.965 [JavaFX Application Thread] DEBUG Engine               - isLinux: false
03:48:04.965 [JavaFX Application Thread] DEBUG Engine               - urlGithub: https://github.com/AlmasB/FXGL
03:48:04.965 [JavaFX Application Thread] DEBUG Engine               - profileDir: profiles/
03:48:04.966 [JavaFX Application Thread] DEBUG Engine               - isDeveloperMenuEnabled: false
03:48:04.966 [JavaFX Application Thread] DEBUG Engine               - globalSoundVolumeProperty: DoubleProperty [value: 0.5]
03:48:04.966 [JavaFX Application Thread] DEBUG Engine               - isBrowser: false
03:48:04.967 [JavaFX Application Thread] DEBUG Engine               - urlLeaderboard: http://fxgl-top.herokuapp.com/
03:48:04.967 [JavaFX Application Thread] DEBUG Engine               - globalSoundVolume: 0.5
03:48:04.967 [JavaFX Application Thread] DEBUG Engine               - saveDir: saves/
03:48:04.967 [JavaFX Application Thread] DEBUG Engine               - engineServices: [class com.almasb.fxgl.audio.AudioPlayer, class com.almasb.fxgl.notification.impl.NotificationServiceProvider, class com.almasb.fxgl.achievement.AchievementManager, class com.almasb.fxgl.cutscene.CutsceneService, class com.almasb.fxgl.minigames.MiniGameService]
03:48:04.967 [JavaFX Application Thread] DEBUG Engine               - globalMusicVolume: 0.5
03:48:04.968 [JavaFX Application Thread] DEBUG Engine               - width: 600
03:48:04.968 [JavaFX Application Thread] DEBUG Engine               - saveFileExt: .sav
03:48:04.968 [JavaFX Application Thread] DEBUG Engine               - isAndroid: false
03:48:04.968 [JavaFX Application Thread] DEBUG Engine               - fontUI: VarelaRound-Regular.ttf
03:48:04.968 [JavaFX Application Thread] DEBUG Engine               - isIOS: false
03:48:04.969 [JavaFX Application Thread] DEBUG Engine               - enabledMenuItems: []
03:48:04.971 [JavaFX Application Thread] DEBUG Engine               - Adding new engine service: class com.almasb.fxgl.audio.AudioPlayer
03:48:04.972 [JavaFX Application Thread] DEBUG Engine               - Adding new engine service: class com.almasb.fxgl.notification.impl.NotificationServiceProvider
03:48:04.976 [JavaFX Application Thread] DEBUG Engine               - Adding new engine service: class com.almasb.fxgl.achievement.AchievementManager
03:48:04.977 [JavaFX Application Thread] DEBUG Engine               - Adding new engine service: class com.almasb.fxgl.cutscene.CutsceneService
03:48:04.977 [JavaFX Application Thread] DEBUG Engine               - Adding new engine service: class com.almasb.fxgl.minigames.MiniGameService
03:48:04.982 [JavaFX Application Thread] DEBUG Engine               - Loading localizations
03:48:04.986 [JavaFX Application Thread] DEBUG AssetLoader          - Loading from file system: /assets/properties/languages/english.properties
03:48:04.993 [JavaFX Application Thread] DEBUG AssetLoader          - Loading from file system: /assets/properties/languages/french.properties
03:48:04.994 [JavaFX Application Thread] DEBUG AssetLoader          - Loading from file system: /assets/properties/languages/german.properties
03:48:04.995 [JavaFX Application Thread] DEBUG AssetLoader          - Loading from file system: /assets/properties/languages/russian.properties
03:48:04.999 [JavaFX Application Thread] DEBUG AssetLoader          - Loading from file system: /assets/properties/languages/hungarian.properties
03:48:05.002 [JavaFX Application Thread] DEBUG Engine               - Registering font factories
03:48:05.002 [JavaFX Application Thread] DEBUG AssetLoader          - Loading from file system: /assets/ui/fonts/VarelaRound-Regular.ttf
03:48:05.315 [JavaFX Application Thread] DEBUG AssetLoader          - Loading from file system: /assets/ui/fonts/Abel-Regular.ttf
03:48:05.325 [JavaFX Application Thread] DEBUG AssetLoader          - Loading from file system: /assets/ui/fonts/lucida_console.ttf
03:48:05.337 [JavaFX Application Thread] DEBUG AssetLoader          - Loading from file system: /assets/ui/fonts/Courier-Prime.ttf
03:48:05.354 [JavaFX Application Thread] DEBUG Engine               - Setting UI factory
03:48:05.469 [JavaFX Application Thread] DEBUG AssetLoader          - Loading from file system: /assets/textures/fxgl_logo.png
03:48:05.518 [JavaFX Application Thread] DEBUG MainWindow           - Creating a JavaFX scene
03:48:05.559 [JavaFX Application Thread] DEBUG MainWindow           - Target settings size: 600.0 x 600.0
03:48:05.559 [JavaFX Application Thread] DEBUG MainWindow           - Scaled scene size:    600.0 x 600.0
03:48:05.559 [JavaFX Application Thread] DEBUG MainWindow           - Scaled ratio: (1.0, 1.0)
03:48:05.560 [JavaFX Application Thread] DEBUG MainWindow           - Set initial scene to FXGLStartupScene
03:48:05.566 [JavaFX Application Thread] DEBUG AssetLoader          - Loading from file system: /assets/textures/EvilPuffIcon.png
03:48:05.568 [JavaFX Application Thread] DEBUG Engine               - Applying CSS: fxgl_dark.css
03:48:05.569 [JavaFX Application Thread] DEBUG AssetLoader          - Loading from file system: /assets/ui/css/fxgl_dark.css
03:48:05.571 [JavaFX Application Thread] DEBUG AssetLoader          - Loading from file system: /assets/ui/cursors/fxgl_default.png
03:48:05.573 [JavaFX Application Thread] DEBUG MainWindow           - Opening main window
03:48:05.683 [JavaFX Application Thread] DEBUG MainWindow           - Window border size: (16.0, 39.0)
03:48:05.683 [JavaFX Application Thread] DEBUG MainWindow           - Scaled size: 600.0 x 600.0
03:48:05.683 [JavaFX Application Thread] DEBUG MainWindow           - Scaled ratio: (1.0, 1.0)
03:48:05.683 [JavaFX Application Thread] DEBUG MainWindow           - Scene size: 600.0 x 600.0
03:48:05.683 [JavaFX Application Thread] DEBUG MainWindow           - Stage size: 616.0 x 639.0
03:48:05.716 [FXGL Background Thread 1 ] DEBUG FS                   - Loaded FSServiceImpl
03:48:05.716 [FXGL Background Thread 1 ] DEBUG Engine               - Loading FXGL system data
03:48:05.727 [FXGL Background Thread 1 ] DEBUG FSServiceImpl        - Reading from: E:\Spil projekt - Jan 2020\Demo1\system\fxgl.bundle
03:48:05.738 [FXGL Background Thread 1 ] DEBUG Engine               - Bundle FXGL: {}
03:48:05.738 [FXGL Background Thread 1 ] DEBUG Engine               - Initializing application scenes
03:48:05.796 [FXGL Background Thread 1 ] DEBUG GameWorld            - Game world initialized
03:48:05.855 [FXGL Background Thread 1 ] DEBUG PhysicsWorld         - Physics world initialized: appHeight=600, physics.ppm=50,0
03:48:05.858 [FXGL Background Thread 1 ] DEBUG GameScene            - Game scene initialized: 600x600
03:48:05.882 [FXGL Background Thread 1 ] DEBUG AssetLoader          - Loading from file system: /assets/textures/MainMenuGif.gif
03:48:06.050 [FXGL Background Thread 1 ] DEBUG AssetLoader          - Loading from file system: /assets/textures/GameMenuEvilPuff3.png
03:48:06.065 [FXGL Background Thread 1 ] DEBUG Engine               - Application scenes initialized
03:48:06.067 [JavaFX Application Thread] DEBUG Engine               - Running preInit()
03:48:06.073 [JavaFX Application Thread] DEBUG Input                - Registered new binding: Move Right - D
03:48:06.073 [JavaFX Application Thread] DEBUG Input                - Registered new binding: Move Left - A
03:48:06.073 [JavaFX Application Thread] DEBUG Input                - Registered new binding: Move Up - W
03:48:06.074 [JavaFX Application Thread] DEBUG Input                - Registered new binding: Move Down - S
03:48:06.074 [JavaFX Application Thread] DEBUG Input                - Registered new binding: Screenshot - P
03:48:06.074 [JavaFX Application Thread] DEBUG Input                - Registered new binding: System info dump - CTRL+9
03:48:06.075 [JavaFX Application Thread] DEBUG Input                - Registered new binding: Restart - CTRL+R
03:48:06.075 [JavaFX Application Thread] DEBUG Engine               - generateDefaultProfile()
03:48:06.075 [JavaFX Application Thread] DEBUG Engine               - Creating default profile
03:48:06.075 [JavaFX Application Thread] DEBUG EventBus             - Firing event: SaveEvent
03:48:06.083 [JavaFX Application Thread] DEBUG AssetLoader          - Loading from file system: /assets/music/MainMenuMusic.mp3
03:48:06.161 [JavaFX Application Thread] DEBUG AudioPlayer          - Playing music com.almasb.fxgl.audio.Music@5bf1c9a0
03:48:06.161 [JavaFX Application Thread] INFO  Engine               - FXGL initialization took: 1,179 sec
03:48:06.161 [JavaFX Application Thread] DEBUG LoopRunner           - Starting loop
03:48:06.163 [JavaFX Application Thread] DEBUG FXGLStartupScene     - STARTUP
03:48:06.164 [JavaFX Application Thread] DEBUG Input                - Clearing active input actions
03:48:06.178 [JavaFX Application Thread] DEBUG Engine               - Removing overlay from FXGLStartupScene and adding to PokeBounceMainMenu
03:48:06.178 [JavaFX Application Thread] DEBUG MainWindow           - FXGLStartupScene -> PokeBounceMainMenu
03:48:12.972 [JavaFX Application Thread] DEBUG Engine               - Exiting FXGL
03:48:12.972 [JavaFX Application Thread] DEBUG Engine               - Shutting down background threads
03:48:12.972 [JavaFX Application Thread] DEBUG Engine               - Saving FXGL system data
03:48:12.974 [JavaFX Application Thread] DEBUG FSServiceImpl        - Writing to: E:\Spil projekt - Jan 2020\Demo1\system\fxgl.bundle
03:48:12.975 [JavaFX Application Thread] DEBUG Engine               - Closing logger and exiting JavaFX
