14:16:54.456 [main                     ] DEBUG GameApplication      - Logger initialized
14:16:54.500 [main                     ] DEBUG GameApplication      - Logging settings
Title: Basic Game app
Version: 0.1
Width: 600
Height: 600
Fullscreen: false
Intro: false
Menus: false
Profiling: false
Single step:false
App Mode: DEVELOPER
Menu Key: ESCAPE
Stage Style: DECORATED
Scene Factory: class com.almasb.fxgl.app.SceneFactory
Dialog Factory: class com.almasb.fxgl.ui.FXGLDialogFactory
UI Factory: class com.almasb.fxgl.ui.FXGLUIFactory

14:16:54.878 [JavaFX Application Thread] DEBUG Engine               - Initializing FXGL
14:16:54.879 [JavaFX Application Thread] INFO  Engine               - FXGL-11.7 (05.01.2020 09.46) on WINDOWS (J:11.0.4 FX:10.0.2-internal)
14:16:54.879 [JavaFX Application Thread] INFO  Engine               - Source code and latest versions at: https://github.com/AlmasB/FXGL
14:16:54.879 [JavaFX Application Thread] INFO  Engine               -              Join the FXGL chat at: https://gitter.im/AlmasB/FXGL
14:16:54.880 [JavaFX Application Thread] DEBUG Engine               - Initializing environment variables
14:16:54.882 [JavaFX Application Thread] DEBUG Engine               - Logging environment variables
14:16:54.883 [JavaFX Application Thread] DEBUG Engine               - achievements: []
14:16:54.883 [JavaFX Application Thread] DEBUG Engine               - sceneStack: com.almasb.fxgl.app.Engine@2e9451d7
14:16:54.883 [JavaFX Application Thread] DEBUG Engine               - isCloseConfirmation: false
14:16:54.883 [JavaFX Application Thread] DEBUG Engine               - language: ObjectProperty [value: ENGLISH]
14:16:54.884 [JavaFX Application Thread] DEBUG Engine               - isProfilingEnabled: false
14:16:54.884 [JavaFX Application Thread] DEBUG Engine               - soundNotification: core/notification.wav
14:16:54.884 [JavaFX Application Thread] DEBUG Engine               - devShowBBoxProperty: BooleanProperty [value: false]
14:16:54.886 [JavaFX Application Thread] DEBUG Engine               - pixelsPerMeter: 50.0
14:16:54.886 [JavaFX Application Thread] DEBUG Engine               - overlayRoot: Group@4665deef
14:16:54.886 [JavaFX Application Thread] DEBUG Engine               - appIcon: fxgl_icon.png
14:16:54.886 [JavaFX Application Thread] DEBUG Engine               - soundMenuBack: menu/back.wav
14:16:54.887 [JavaFX Application Thread] DEBUG Engine               - isFullScreenAllowed: false
14:16:54.887 [JavaFX Application Thread] DEBUG Engine               - isIntroEnabled: false
14:16:54.887 [JavaFX Application Thread] DEBUG Engine               - eventBus: com.almasb.fxgl.event.EventBus@469d5fe9
14:16:54.887 [JavaFX Application Thread] DEBUG Engine               - fontMono: lucida_console.ttf
14:16:54.887 [JavaFX Application Thread] DEBUG Engine               - soundMenuSelect: menu/select.wav
14:16:54.887 [JavaFX Application Thread] DEBUG Engine               - isWindows: true
14:16:54.887 [JavaFX Application Thread] DEBUG Engine               - isMobile: false
14:16:54.888 [JavaFX Application Thread] DEBUG Engine               - height: 600
14:16:54.888 [JavaFX Application Thread] DEBUG Engine               - isExperimentalNative: false
14:16:54.888 [JavaFX Application Thread] DEBUG Engine               - isSingleStep: false
14:16:54.888 [JavaFX Application Thread] DEBUG Engine               - cSSList: [fxgl_dark.css]
14:16:54.888 [JavaFX Application Thread] DEBUG Engine               - fontGame: Abel-Regular.ttf
14:16:54.889 [JavaFX Application Thread] DEBUG Engine               - menuKey: ESCAPE
14:16:54.889 [JavaFX Application Thread] DEBUG Engine               - devShowPositionProperty: BooleanProperty [value: false]
14:16:54.889 [JavaFX Application Thread] DEBUG Engine               - versionCheckDays: 7
14:16:54.889 [JavaFX Application Thread] DEBUG Engine               - masterTimer: com.almasb.fxgl.time.Timer@4a0ba404
14:16:54.889 [JavaFX Application Thread] DEBUG Engine               - configClass: Optional.empty
14:16:54.890 [JavaFX Application Thread] DEBUG Engine               - isFullScreenFromStart: false
14:16:54.890 [JavaFX Application Thread] DEBUG Engine               - version: 0.1
14:16:54.890 [JavaFX Application Thread] DEBUG Engine               - fullScreen: BooleanProperty [value: false]
14:16:54.890 [JavaFX Application Thread] DEBUG Engine               - randomSeed: -1
14:16:54.890 [JavaFX Application Thread] DEBUG Engine               - dialogFactory: com.almasb.fxgl.ui.FXGLDialogFactory@43dcf692
14:16:54.891 [JavaFX Application Thread] DEBUG Engine               - applicationMode: DEVELOPER
14:16:54.891 [JavaFX Application Thread] DEBUG Engine               - isMac: false
14:16:54.891 [JavaFX Application Thread] DEBUG Engine               - urlGoogleForms: https://goo.gl/forms/6wrMnOBxTE1fEpOy2
14:16:54.891 [JavaFX Application Thread] DEBUG Engine               - isMenuEnabled: false
14:16:54.891 [JavaFX Application Thread] DEBUG Engine               - urlPOM: https://raw.githubusercontent.com/AlmasB/FXGL/master/pom.xml
14:16:54.892 [JavaFX Application Thread] DEBUG Engine               - profileName: user.profile
14:16:54.892 [JavaFX Application Thread] DEBUG Engine               - notificationViewClass: class com.almasb.fxgl.notification.view.XboxNotificationView
14:16:54.892 [JavaFX Application Thread] DEBUG Engine               - devSensorColorProperty: ObjectProperty [value: 0xffff00ff]
14:16:54.892 [JavaFX Application Thread] DEBUG Engine               - sceneFactory: com.almasb.fxgl.app.SceneFactory@2b26daa0
14:16:54.893 [JavaFX Application Thread] DEBUG Engine               - dataFileExt: .dat
14:16:54.893 [JavaFX Application Thread] DEBUG Engine               - stageStyle: DECORATED
14:16:54.893 [JavaFX Application Thread] DEBUG Engine               - isManualResizeEnabled: false
14:16:54.893 [JavaFX Application Thread] DEBUG Engine               - title: Basic Game app
14:16:54.893 [JavaFX Application Thread] DEBUG Engine               - platform: WINDOWS
14:16:54.893 [JavaFX Application Thread] DEBUG Engine               - devBBoxColorProperty: ObjectProperty [value: 0xff0000ff]
14:16:54.894 [JavaFX Application Thread] DEBUG Engine               - isDesktop: true
14:16:54.894 [JavaFX Application Thread] DEBUG Engine               - credits: []
14:16:54.894 [JavaFX Application Thread] DEBUG Engine               - globalMusicVolumeProperty: DoubleProperty [value: 0.5]
14:16:54.894 [JavaFX Application Thread] DEBUG Engine               - isPreserveResizeRatio: false
14:16:54.894 [JavaFX Application Thread] DEBUG Engine               - uIFactory: com.almasb.fxgl.ui.FXGLUIFactory@7e8ba3a
14:16:54.894 [JavaFX Application Thread] DEBUG Engine               - fontText: Courier-Prime.ttf
14:16:54.894 [JavaFX Application Thread] DEBUG Engine               - isExperimentalTiledLargeMap: false
14:16:54.895 [JavaFX Application Thread] DEBUG Engine               - secondsIn24h: 60
14:16:54.895 [JavaFX Application Thread] DEBUG Engine               - runtimeInfo: RuntimeInfo(platform=WINDOWS, version=11.7, build=05.01.2020 09.46)
14:16:54.895 [JavaFX Application Thread] DEBUG Engine               - isLinux: false
14:16:54.895 [JavaFX Application Thread] DEBUG Engine               - soundMenuPress: menu/press.wav
14:16:54.895 [JavaFX Application Thread] DEBUG Engine               - urlGithub: https://github.com/AlmasB/FXGL
14:16:54.895 [JavaFX Application Thread] DEBUG Engine               - profileDir: profiles/
14:16:54.895 [JavaFX Application Thread] DEBUG Engine               - isDeveloperMenuEnabled: false
14:16:54.896 [JavaFX Application Thread] DEBUG Engine               - globalSoundVolumeProperty: DoubleProperty [value: 0.5]
14:16:54.896 [JavaFX Application Thread] DEBUG Engine               - isBrowser: false
14:16:54.896 [JavaFX Application Thread] DEBUG Engine               - urlLeaderboard: http://fxgl-top.herokuapp.com/
14:16:54.896 [JavaFX Application Thread] DEBUG Engine               - globalSoundVolume: 0.5
14:16:54.896 [JavaFX Application Thread] DEBUG Engine               - saveDir: saves/
14:16:54.896 [JavaFX Application Thread] DEBUG Engine               - engineServices: [class com.almasb.fxgl.audio.AudioPlayer, class com.almasb.fxgl.notification.impl.NotificationServiceProvider, class com.almasb.fxgl.achievement.AchievementManager, class com.almasb.fxgl.cutscene.CutsceneService, class com.almasb.fxgl.minigames.MiniGameService]
14:16:54.896 [JavaFX Application Thread] DEBUG Engine               - globalMusicVolume: 0.5
14:16:54.897 [JavaFX Application Thread] DEBUG Engine               - width: 600
14:16:54.897 [JavaFX Application Thread] DEBUG Engine               - saveFileExt: .sav
14:16:54.897 [JavaFX Application Thread] DEBUG Engine               - isAndroid: false
14:16:54.897 [JavaFX Application Thread] DEBUG Engine               - fontUI: VarelaRound-Regular.ttf
14:16:54.897 [JavaFX Application Thread] DEBUG Engine               - enabledMenuItems: []
14:16:54.897 [JavaFX Application Thread] DEBUG Engine               - isIOS: false
14:16:54.901 [JavaFX Application Thread] DEBUG Engine               - Adding new engine service: class com.almasb.fxgl.audio.AudioPlayer
14:16:54.902 [JavaFX Application Thread] DEBUG Engine               - Adding new engine service: class com.almasb.fxgl.notification.impl.NotificationServiceProvider
14:16:54.902 [JavaFX Application Thread] DEBUG Engine               - Adding new engine service: class com.almasb.fxgl.achievement.AchievementManager
14:16:54.903 [JavaFX Application Thread] DEBUG Engine               - Adding new engine service: class com.almasb.fxgl.cutscene.CutsceneService
14:16:54.904 [JavaFX Application Thread] DEBUG Engine               - Adding new engine service: class com.almasb.fxgl.minigames.MiniGameService
14:16:54.908 [JavaFX Application Thread] DEBUG Engine               - Loading localizations
14:16:54.911 [JavaFX Application Thread] DEBUG AssetLoader          - Loading from file system: /assets/properties/languages/english.properties
14:16:54.917 [JavaFX Application Thread] DEBUG AssetLoader          - Loading from file system: /assets/properties/languages/french.properties
14:16:54.919 [JavaFX Application Thread] DEBUG AssetLoader          - Loading from file system: /assets/properties/languages/german.properties
14:16:54.921 [JavaFX Application Thread] DEBUG AssetLoader          - Loading from file system: /assets/properties/languages/russian.properties
14:16:54.924 [JavaFX Application Thread] DEBUG AssetLoader          - Loading from file system: /assets/properties/languages/hungarian.properties
14:16:54.926 [JavaFX Application Thread] DEBUG Engine               - Registering font factories
14:16:54.927 [JavaFX Application Thread] DEBUG AssetLoader          - Loading from file system: /assets/ui/fonts/VarelaRound-Regular.ttf
14:16:55.377 [JavaFX Application Thread] DEBUG AssetLoader          - Loading from file system: /assets/ui/fonts/Abel-Regular.ttf
14:16:55.392 [JavaFX Application Thread] DEBUG AssetLoader          - Loading from file system: /assets/ui/fonts/lucida_console.ttf
14:16:55.413 [JavaFX Application Thread] DEBUG AssetLoader          - Loading from file system: /assets/ui/fonts/Courier-Prime.ttf
14:16:55.428 [JavaFX Application Thread] DEBUG Engine               - Setting UI factory
14:16:55.573 [JavaFX Application Thread] DEBUG AssetLoader          - Loading from file system: /assets/textures/fxgl_logo.png
14:16:55.660 [JavaFX Application Thread] DEBUG MainWindow           - Creating a JavaFX scene
14:16:55.708 [JavaFX Application Thread] DEBUG MainWindow           - Target settings size: 600.0 x 600.0
14:16:55.708 [JavaFX Application Thread] DEBUG MainWindow           - Scaled scene size:    600.0 x 600.0
14:16:55.709 [JavaFX Application Thread] DEBUG MainWindow           - Scaled ratio: (1.0, 1.0)
14:16:55.710 [JavaFX Application Thread] DEBUG MainWindow           - Set initial scene to FXGLStartupScene
14:16:55.721 [JavaFX Application Thread] DEBUG AssetLoader          - Loading from file system: /assets/textures/fxgl_icon.png
14:16:55.741 [JavaFX Application Thread] DEBUG Engine               - Applying CSS: fxgl_dark.css
14:16:55.742 [JavaFX Application Thread] DEBUG AssetLoader          - Loading from file system: /assets/ui/css/fxgl_dark.css
14:16:55.745 [JavaFX Application Thread] DEBUG AssetLoader          - Loading from file system: /assets/ui/cursors/fxgl_default.png
14:16:55.747 [JavaFX Application Thread] DEBUG MainWindow           - Opening main window
14:16:55.958 [JavaFX Application Thread] DEBUG MainWindow           - Window border size: (14.4000244140625, 37.5999755859375)
14:16:55.959 [JavaFX Application Thread] DEBUG MainWindow           - Scaled size: 600.0 x 600.0
14:16:55.959 [JavaFX Application Thread] DEBUG MainWindow           - Scaled ratio: (1.0, 1.0)
14:16:55.959 [JavaFX Application Thread] DEBUG MainWindow           - Scene size: 600.0 x 600.0
14:16:55.959 [JavaFX Application Thread] DEBUG MainWindow           - Stage size: 614.4000244140625 x 637.5999755859375
14:16:55.995 [FXGL Background Thread 1 ] DEBUG FS                   - Loaded FSServiceImpl
14:16:55.995 [FXGL Background Thread 1 ] DEBUG Engine               - Loading FXGL system data
14:16:56.006 [FXGL Background Thread 1 ] DEBUG FSServiceImpl        - Reading from: C:\Users\Patrick\Desktop\Spil projekt - Jan 2020\Demo1\system\fxgl.bundle
14:16:56.024 [FXGL Background Thread 1 ] DEBUG Engine               - Bundle FXGL: {}
14:16:56.025 [FXGL Background Thread 1 ] DEBUG Engine               - Initializing application scenes
14:16:56.063 [FXGL Background Thread 1 ] DEBUG GameWorld            - Game world initialized
14:16:56.129 [FXGL Background Thread 1 ] DEBUG PhysicsWorld         - Physics world initialized: appHeight=600, physics.ppm=50,0
14:16:56.131 [FXGL Background Thread 1 ] DEBUG GameScene            - Game scene initialized: 600x600
14:16:56.169 [FXGL Background Thread 1 ] DEBUG Input                - Registered new binding: Resume - Esc
14:16:56.170 [FXGL Background Thread 1 ] DEBUG AssetLoader          - Loading from file system: /assets/textures/pause_menu_bg.png
14:16:56.205 [FXGL Background Thread 1 ] DEBUG Input                - Registered new binding: Pause - Esc
14:16:56.205 [FXGL Background Thread 1 ] DEBUG Engine               - Application scenes initialized
14:16:56.210 [JavaFX Application Thread] DEBUG Engine               - Running preInit()
14:16:56.210 [JavaFX Application Thread] DEBUG Input                - Registered new binding: Move Right - D
14:16:56.210 [JavaFX Application Thread] DEBUG Input                - Registered new binding: Move Left - A
14:16:56.210 [JavaFX Application Thread] DEBUG Input                - Registered new binding: Move Up - W
14:16:56.211 [JavaFX Application Thread] DEBUG Input                - Registered new binding: Move Down - S
14:16:56.212 [JavaFX Application Thread] DEBUG Input                - Registered new binding: Screenshot - P
14:16:56.212 [JavaFX Application Thread] DEBUG Input                - Registered new binding: System info dump - CTRL+9
14:16:56.213 [JavaFX Application Thread] DEBUG Input                - Registered new binding: Restart - CTRL+R
14:16:56.213 [JavaFX Application Thread] DEBUG Engine               - generateDefaultProfile()
14:16:56.213 [JavaFX Application Thread] DEBUG Engine               - Creating default profile
14:16:56.213 [JavaFX Application Thread] DEBUG EventBus             - Firing event: SaveEvent
14:16:56.232 [JavaFX Application Thread] DEBUG AssetLoader          - Loading from file system: /assets/music/Pokemon Red, Yellow, Blue Battle Music- Trainer.mp3
14:16:56.396 [JavaFX Application Thread] DEBUG AudioPlayer          - Playing music com.almasb.fxgl.audio.Music@61ededa9
14:16:56.397 [JavaFX Application Thread] INFO  Engine               - FXGL initialization took: 1,488 sec
14:16:56.397 [JavaFX Application Thread] DEBUG LoopRunner           - Starting loop
14:16:56.420 [JavaFX Application Thread] DEBUG FXGLStartupScene     - STARTUP
14:16:56.420 [JavaFX Application Thread] DEBUG Engine               - Starting new game
14:16:56.427 [JavaFX Application Thread] DEBUG Input                - Clearing active input actions
14:16:56.427 [FXGL Background Thread 1 ] DEBUG InitAppTask          - Clearing previous game
14:16:56.428 [FXGL Background Thread 1 ] DEBUG GameWorld            - Clearing game world
14:16:56.428 [FXGL Background Thread 1 ] DEBUG PhysicsWorld         - Clearing physics world
14:16:56.428 [FXGL Background Thread 1 ] DEBUG GameScene            - Clearing game scene
14:16:56.428 [FXGL Background Thread 1 ] DEBUG InitAppTask          - Initializing Game
14:16:56.431 [FXGL Background Thread 1 ] DEBUG AssetLoader          - Loading from file system: /assets/textures/PokePlayerUnit1.png
14:16:56.444 [JavaFX Application Thread] DEBUG Engine               - Removing overlay from FXGLStartupScene and adding to LoadingScene
14:16:56.445 [JavaFX Application Thread] DEBUG MainWindow           - FXGLStartupScene -> LoadingScene
14:16:56.450 [FXGL Background Thread 1 ] DEBUG AssetLoader          - Loading from file system: /assets/textures/EvillPuff.png
14:16:56.450 [FXGL Background Thread 1 ] WARN  AssetLoader          - Failed to load texture EvillPuff.png Error: java.lang.IllegalArgumentException: Asset "/assets/textures/EvillPuff.png" was not found!
14:16:56.602 [FXGL Background Thread 1 ] DEBUG InitAppTask          - Initializing Physics
14:16:56.603 [FXGL Background Thread 1 ] DEBUG InitAppTask          - Initializing UI
14:16:56.606 [FXGL Background Thread 1 ] DEBUG InitAppTask          - Initialization Complete
14:16:56.606 [FXGL Background Thread 1 ] INFO  InitAppTask          - Game initialization took: 0,179 sec
14:16:56.621 [JavaFX Application Thread] DEBUG Input                - Clearing active input actions
14:16:56.648 [JavaFX Application Thread] DEBUG Engine               - Removing overlay from LoadingScene and adding to GameScene
14:16:56.648 [JavaFX Application Thread] DEBUG MainWindow           - LoadingScene -> GameScene
14:17:07.424 [JavaFX Application Thread] DEBUG Engine               - Exiting FXGL
14:17:07.424 [JavaFX Application Thread] DEBUG Engine               - Shutting down background threads
14:17:07.424 [JavaFX Application Thread] DEBUG Engine               - Saving FXGL system data
14:17:07.427 [JavaFX Application Thread] DEBUG FSServiceImpl        - Writing to: C:\Users\Patrick\Desktop\Spil projekt - Jan 2020\Demo1\system\fxgl.bundle
14:17:07.430 [JavaFX Application Thread] DEBUG Engine               - Closing logger and exiting JavaFX
