19:03:51.375 [main                     ] DEBUG GameApplication      - Logger initialized
19:03:51.400 [main                     ] DEBUG GameApplication      - Logging settings
Title: PokeBounce - Zealand
Version: 0.1
Width: 600
Height: 600
Fullscreen: false
Intro: false
Menus: true
Profiling: false
Single step:false
App Mode: DEVELOPER
Menu Key: ESCAPE
Stage Style: DECORATED
Scene Factory: class PokeBounce.pokebounce.BasicGameApp$1
Dialog Factory: class com.almasb.fxgl.ui.FXGLDialogFactory
UI Factory: class com.almasb.fxgl.ui.FXGLUIFactory

19:03:51.719 [JavaFX Application Thread] DEBUG Engine               - Initializing FXGL
19:03:51.720 [JavaFX Application Thread] INFO  Engine               - FXGL-11.7 (05.01.2020 09.46) on WINDOWS (J:11.0.5 FX:10.0.2-internal)
19:03:51.720 [JavaFX Application Thread] INFO  Engine               - Source code and latest versions at: https://github.com/AlmasB/FXGL
19:03:51.720 [JavaFX Application Thread] INFO  Engine               -              Join the FXGL chat at: https://gitter.im/AlmasB/FXGL
19:03:51.720 [JavaFX Application Thread] DEBUG Engine               - Initializing environment variables
19:03:51.723 [JavaFX Application Thread] DEBUG Engine               - Logging environment variables
19:03:51.723 [JavaFX Application Thread] DEBUG Engine               - achievements: []
19:03:51.723 [JavaFX Application Thread] DEBUG Engine               - sceneStack: com.almasb.fxgl.app.Engine@240947db
19:03:51.723 [JavaFX Application Thread] DEBUG Engine               - language: ObjectProperty [value: ENGLISH]
19:03:51.724 [JavaFX Application Thread] DEBUG Engine               - isCloseConfirmation: false
19:03:51.724 [JavaFX Application Thread] DEBUG Engine               - isProfilingEnabled: false
19:03:51.724 [JavaFX Application Thread] DEBUG Engine               - soundNotification: core/notification.wav
19:03:51.724 [JavaFX Application Thread] DEBUG Engine               - devShowBBoxProperty: BooleanProperty [value: false]
19:03:51.726 [JavaFX Application Thread] DEBUG Engine               - pixelsPerMeter: 50.0
19:03:51.726 [JavaFX Application Thread] DEBUG Engine               - overlayRoot: Group@35e424f9
19:03:51.726 [JavaFX Application Thread] DEBUG Engine               - appIcon: EvilPuffIcon.png
19:03:51.727 [JavaFX Application Thread] DEBUG Engine               - soundMenuBack: menu/back.wav
19:03:51.728 [JavaFX Application Thread] DEBUG Engine               - isFullScreenAllowed: false
19:03:51.728 [JavaFX Application Thread] DEBUG Engine               - isIntroEnabled: false
19:03:51.729 [JavaFX Application Thread] DEBUG Engine               - eventBus: com.almasb.fxgl.event.EventBus@3895b32f
19:03:51.729 [JavaFX Application Thread] DEBUG Engine               - fontMono: lucida_console.ttf
19:03:51.729 [JavaFX Application Thread] DEBUG Engine               - soundMenuSelect: menu/select.wav
19:03:51.729 [JavaFX Application Thread] DEBUG Engine               - isWindows: true
19:03:51.729 [JavaFX Application Thread] DEBUG Engine               - isMobile: false
19:03:51.729 [JavaFX Application Thread] DEBUG Engine               - height: 600
19:03:51.730 [JavaFX Application Thread] DEBUG Engine               - isExperimentalNative: false
19:03:51.730 [JavaFX Application Thread] DEBUG Engine               - isSingleStep: false
19:03:51.730 [JavaFX Application Thread] DEBUG Engine               - cSSList: [fxgl_dark.css]
19:03:51.730 [JavaFX Application Thread] DEBUG Engine               - fontGame: Abel-Regular.ttf
19:03:51.730 [JavaFX Application Thread] DEBUG Engine               - menuKey: ESCAPE
19:03:51.730 [JavaFX Application Thread] DEBUG Engine               - devShowPositionProperty: BooleanProperty [value: false]
19:03:51.730 [JavaFX Application Thread] DEBUG Engine               - versionCheckDays: 7
19:03:51.730 [JavaFX Application Thread] DEBUG Engine               - masterTimer: com.almasb.fxgl.time.Timer@564c1c79
19:03:51.730 [JavaFX Application Thread] DEBUG Engine               - configClass: Optional.empty
19:03:51.731 [JavaFX Application Thread] DEBUG Engine               - isFullScreenFromStart: false
19:03:51.731 [JavaFX Application Thread] DEBUG Engine               - version: 0.1
19:03:51.731 [JavaFX Application Thread] DEBUG Engine               - fullScreen: BooleanProperty [value: false]
19:03:51.731 [JavaFX Application Thread] DEBUG Engine               - randomSeed: -1
19:03:51.731 [JavaFX Application Thread] DEBUG Engine               - dialogFactory: com.almasb.fxgl.ui.FXGLDialogFactory@52dd8aab
19:03:51.731 [JavaFX Application Thread] DEBUG Engine               - applicationMode: DEVELOPER
19:03:51.731 [JavaFX Application Thread] DEBUG Engine               - isMac: false
19:03:51.731 [JavaFX Application Thread] DEBUG Engine               - urlGoogleForms: https://goo.gl/forms/6wrMnOBxTE1fEpOy2
19:03:51.731 [JavaFX Application Thread] DEBUG Engine               - isMenuEnabled: true
19:03:51.732 [JavaFX Application Thread] DEBUG Engine               - profileName: user.profile
19:03:51.732 [JavaFX Application Thread] DEBUG Engine               - urlPOM: https://raw.githubusercontent.com/AlmasB/FXGL/master/pom.xml
19:03:51.732 [JavaFX Application Thread] DEBUG Engine               - notificationViewClass: class com.almasb.fxgl.notification.view.XboxNotificationView
19:03:51.732 [JavaFX Application Thread] DEBUG Engine               - devSensorColorProperty: ObjectProperty [value: 0xffff00ff]
19:03:51.732 [JavaFX Application Thread] DEBUG Engine               - sceneFactory: PokeBounce.pokebounce.BasicGameApp$1@460abfe5
19:03:51.732 [JavaFX Application Thread] DEBUG Engine               - dataFileExt: .dat
19:03:51.732 [JavaFX Application Thread] DEBUG Engine               - stageStyle: DECORATED
19:03:51.732 [JavaFX Application Thread] DEBUG Engine               - isManualResizeEnabled: false
19:03:51.732 [JavaFX Application Thread] DEBUG Engine               - title: PokeBounce - Zealand
19:03:51.733 [JavaFX Application Thread] DEBUG Engine               - platform: WINDOWS
19:03:51.734 [JavaFX Application Thread] DEBUG Engine               - devBBoxColorProperty: ObjectProperty [value: 0xff0000ff]
19:03:51.734 [JavaFX Application Thread] DEBUG Engine               - isDesktop: true
19:03:51.735 [JavaFX Application Thread] DEBUG Engine               - globalMusicVolumeProperty: DoubleProperty [value: 0.5]
19:03:51.735 [JavaFX Application Thread] DEBUG Engine               - credits: []
19:03:51.735 [JavaFX Application Thread] DEBUG Engine               - isPreserveResizeRatio: false
19:03:51.735 [JavaFX Application Thread] DEBUG Engine               - uIFactory: com.almasb.fxgl.ui.FXGLUIFactory@539360c0
19:03:51.735 [JavaFX Application Thread] DEBUG Engine               - fontText: Courier-Prime.ttf
19:03:51.735 [JavaFX Application Thread] DEBUG Engine               - isExperimentalTiledLargeMap: false
19:03:51.735 [JavaFX Application Thread] DEBUG Engine               - secondsIn24h: 60
19:03:51.735 [JavaFX Application Thread] DEBUG Engine               - runtimeInfo: RuntimeInfo(platform=WINDOWS, version=11.7, build=05.01.2020 09.46)
19:03:51.735 [JavaFX Application Thread] DEBUG Engine               - isLinux: false
19:03:51.736 [JavaFX Application Thread] DEBUG Engine               - soundMenuPress: menu/press.wav
19:03:51.736 [JavaFX Application Thread] DEBUG Engine               - urlGithub: https://github.com/AlmasB/FXGL
19:03:51.736 [JavaFX Application Thread] DEBUG Engine               - profileDir: profiles/
19:03:51.736 [JavaFX Application Thread] DEBUG Engine               - globalSoundVolumeProperty: DoubleProperty [value: 0.5]
19:03:51.736 [JavaFX Application Thread] DEBUG Engine               - isDeveloperMenuEnabled: false
19:03:51.736 [JavaFX Application Thread] DEBUG Engine               - isBrowser: false
19:03:51.736 [JavaFX Application Thread] DEBUG Engine               - urlLeaderboard: http://fxgl-top.herokuapp.com/
19:03:51.736 [JavaFX Application Thread] DEBUG Engine               - globalSoundVolume: 0.5
19:03:51.736 [JavaFX Application Thread] DEBUG Engine               - saveDir: saves/
19:03:51.736 [JavaFX Application Thread] DEBUG Engine               - engineServices: [class com.almasb.fxgl.audio.AudioPlayer, class com.almasb.fxgl.notification.impl.NotificationServiceProvider, class com.almasb.fxgl.achievement.AchievementManager, class com.almasb.fxgl.cutscene.CutsceneService, class com.almasb.fxgl.minigames.MiniGameService]
19:03:51.736 [JavaFX Application Thread] DEBUG Engine               - globalMusicVolume: 0.5
19:03:51.736 [JavaFX Application Thread] DEBUG Engine               - width: 600
19:03:51.737 [JavaFX Application Thread] DEBUG Engine               - saveFileExt: .sav
19:03:51.737 [JavaFX Application Thread] DEBUG Engine               - isAndroid: false
19:03:51.737 [JavaFX Application Thread] DEBUG Engine               - fontUI: VarelaRound-Regular.ttf
19:03:51.737 [JavaFX Application Thread] DEBUG Engine               - enabledMenuItems: []
19:03:51.737 [JavaFX Application Thread] DEBUG Engine               - isIOS: false
19:03:51.739 [JavaFX Application Thread] DEBUG Engine               - Adding new engine service: class com.almasb.fxgl.audio.AudioPlayer
19:03:51.740 [JavaFX Application Thread] DEBUG Engine               - Adding new engine service: class com.almasb.fxgl.notification.impl.NotificationServiceProvider
19:03:51.741 [JavaFX Application Thread] DEBUG Engine               - Adding new engine service: class com.almasb.fxgl.achievement.AchievementManager
19:03:51.742 [JavaFX Application Thread] DEBUG Engine               - Adding new engine service: class com.almasb.fxgl.cutscene.CutsceneService
19:03:51.743 [JavaFX Application Thread] DEBUG Engine               - Adding new engine service: class com.almasb.fxgl.minigames.MiniGameService
19:03:51.745 [JavaFX Application Thread] DEBUG Engine               - Loading localizations
19:03:51.749 [JavaFX Application Thread] DEBUG AssetLoader          - Loading from file system: /assets/properties/languages/english.properties
19:03:51.752 [JavaFX Application Thread] DEBUG AssetLoader          - Loading from file system: /assets/properties/languages/french.properties
19:03:51.753 [JavaFX Application Thread] DEBUG AssetLoader          - Loading from file system: /assets/properties/languages/german.properties
19:03:51.755 [JavaFX Application Thread] DEBUG AssetLoader          - Loading from file system: /assets/properties/languages/russian.properties
19:03:51.756 [JavaFX Application Thread] DEBUG AssetLoader          - Loading from file system: /assets/properties/languages/hungarian.properties
19:03:51.757 [JavaFX Application Thread] DEBUG Engine               - Registering font factories
19:03:51.757 [JavaFX Application Thread] DEBUG AssetLoader          - Loading from file system: /assets/ui/fonts/VarelaRound-Regular.ttf
19:03:51.927 [JavaFX Application Thread] DEBUG AssetLoader          - Loading from file system: /assets/ui/fonts/Abel-Regular.ttf
19:03:51.934 [JavaFX Application Thread] DEBUG AssetLoader          - Loading from file system: /assets/ui/fonts/lucida_console.ttf
19:03:51.943 [JavaFX Application Thread] DEBUG AssetLoader          - Loading from file system: /assets/ui/fonts/Courier-Prime.ttf
19:03:51.959 [JavaFX Application Thread] DEBUG Engine               - Setting UI factory
19:03:52.028 [JavaFX Application Thread] DEBUG AssetLoader          - Loading from file system: /assets/textures/fxgl_logo.png
19:03:52.076 [JavaFX Application Thread] DEBUG MainWindow           - Creating a JavaFX scene
19:03:52.109 [JavaFX Application Thread] DEBUG MainWindow           - Target settings size: 600.0 x 600.0
19:03:52.109 [JavaFX Application Thread] DEBUG MainWindow           - Scaled scene size:    600.0 x 600.0
19:03:52.109 [JavaFX Application Thread] DEBUG MainWindow           - Scaled ratio: (1.0, 1.0)
19:03:52.110 [JavaFX Application Thread] DEBUG MainWindow           - Set initial scene to FXGLStartupScene
19:03:52.116 [JavaFX Application Thread] DEBUG AssetLoader          - Loading from file system: /assets/textures/EvilPuffIcon.png
19:03:52.117 [JavaFX Application Thread] DEBUG Engine               - Applying CSS: fxgl_dark.css
19:03:52.117 [JavaFX Application Thread] DEBUG AssetLoader          - Loading from file system: /assets/ui/css/fxgl_dark.css
19:03:52.119 [JavaFX Application Thread] DEBUG AssetLoader          - Loading from file system: /assets/ui/cursors/fxgl_default.png
19:03:52.120 [JavaFX Application Thread] DEBUG MainWindow           - Opening main window
19:03:52.229 [JavaFX Application Thread] DEBUG MainWindow           - Window border size: (16.0, 39.0)
19:03:52.229 [JavaFX Application Thread] DEBUG MainWindow           - Scaled size: 600.0 x 600.0
19:03:52.230 [JavaFX Application Thread] DEBUG MainWindow           - Scaled ratio: (1.0, 1.0)
19:03:52.230 [JavaFX Application Thread] DEBUG MainWindow           - Scene size: 600.0 x 600.0
19:03:52.230 [JavaFX Application Thread] DEBUG MainWindow           - Stage size: 616.0 x 639.0
19:03:52.252 [FXGL Background Thread 1 ] DEBUG FS                   - Loaded FSServiceImpl
19:03:52.253 [FXGL Background Thread 1 ] DEBUG Engine               - Loading FXGL system data
19:03:52.261 [FXGL Background Thread 1 ] DEBUG FSServiceImpl        - Reading from: E:\Spil projekt - Jan 2020\Demo1\system\fxgl.bundle
19:03:52.269 [FXGL Background Thread 1 ] DEBUG Engine               - Bundle FXGL: {}
19:03:52.269 [FXGL Background Thread 1 ] DEBUG Engine               - Initializing application scenes
19:03:52.292 [FXGL Background Thread 1 ] DEBUG GameWorld            - Game world initialized
19:03:52.324 [FXGL Background Thread 1 ] DEBUG PhysicsWorld         - Physics world initialized: appHeight=600, physics.ppm=50,0
19:03:52.326 [FXGL Background Thread 1 ] DEBUG GameScene            - Game scene initialized: 600x600
19:03:52.345 [FXGL Background Thread 1 ] DEBUG AssetLoader          - Loading from file system: /assets/textures/MainMenuGif.gif
19:03:52.477 [FXGL Background Thread 1 ] DEBUG AssetLoader          - Loading from file system: /assets/textures/GameMenuEvilPuff3.png
19:03:52.489 [FXGL Background Thread 1 ] DEBUG Engine               - Application scenes initialized
19:03:52.491 [JavaFX Application Thread] DEBUG Engine               - Running preInit()
19:03:52.497 [JavaFX Application Thread] DEBUG Input                - Registered new binding: Move Right - D
19:03:52.497 [JavaFX Application Thread] DEBUG Input                - Registered new binding: Move Left - A
19:03:52.497 [JavaFX Application Thread] DEBUG Input                - Registered new binding: Move Up - W
19:03:52.497 [JavaFX Application Thread] DEBUG Input                - Registered new binding: Move Down - S
19:03:52.498 [JavaFX Application Thread] DEBUG Input                - Registered new binding: Screenshot - P
19:03:52.498 [JavaFX Application Thread] DEBUG Input                - Registered new binding: System info dump - CTRL+9
19:03:52.498 [JavaFX Application Thread] DEBUG Input                - Registered new binding: Restart - CTRL+R
19:03:52.498 [JavaFX Application Thread] DEBUG Engine               - generateDefaultProfile()
19:03:52.498 [JavaFX Application Thread] DEBUG Engine               - Creating default profile
19:03:52.499 [JavaFX Application Thread] DEBUG EventBus             - Firing event: SaveEvent
19:03:52.506 [JavaFX Application Thread] INFO  Engine               - FXGL initialization took: 0,761 sec
19:03:52.506 [JavaFX Application Thread] DEBUG LoopRunner           - Starting loop
19:03:52.507 [JavaFX Application Thread] DEBUG FXGLStartupScene     - STARTUP
19:03:52.509 [JavaFX Application Thread] DEBUG Input                - Clearing active input actions
19:03:52.518 [JavaFX Application Thread] DEBUG Engine               - Removing overlay from FXGLStartupScene and adding to PokeBounceMainMenu
19:03:52.518 [JavaFX Application Thread] DEBUG MainWindow           - FXGLStartupScene -> PokeBounceMainMenu
19:03:55.237 [JavaFX Application Thread] DEBUG Engine               - Exiting FXGL
19:03:55.238 [JavaFX Application Thread] DEBUG Engine               - Shutting down background threads
19:03:55.238 [JavaFX Application Thread] DEBUG Engine               - Saving FXGL system data
19:03:55.239 [JavaFX Application Thread] DEBUG FSServiceImpl        - Writing to: E:\Spil projekt - Jan 2020\Demo1\system\fxgl.bundle
19:03:55.241 [JavaFX Application Thread] DEBUG Engine               - Closing logger and exiting JavaFX
