06:07:29.873 [main                     ] DEBUG GameApplication      - Logger initialized
06:07:29.892 [main                     ] DEBUG GameApplication      - Logging settings
Title: PokeBounce - Zealand
Version: 0.1
Width: 600
Height: 600
Fullscreen: false
Intro: false
Menus: true
Profiling: false
Single step:false
App Mode: DEVELOPER
Menu Key: ESCAPE
Stage Style: DECORATED
Scene Factory: class PokeBounce.pokebounce.BasicGameApp$1
Dialog Factory: class com.almasb.fxgl.ui.FXGLDialogFactory
UI Factory: class com.almasb.fxgl.ui.FXGLUIFactory

06:07:30.832 [JavaFX Application Thread] DEBUG Engine               - Initializing FXGL
06:07:30.833 [JavaFX Application Thread] INFO  Engine               - FXGL-11.7 (05.01.2020 09.46) on WINDOWS (J:11.0.5 FX:10.0.2-internal)
06:07:30.833 [JavaFX Application Thread] INFO  Engine               - Source code and latest versions at: https://github.com/AlmasB/FXGL
06:07:30.834 [JavaFX Application Thread] INFO  Engine               -              Join the FXGL chat at: https://gitter.im/AlmasB/FXGL
06:07:30.834 [JavaFX Application Thread] DEBUG Engine               - Initializing environment variables
06:07:30.836 [JavaFX Application Thread] DEBUG Engine               - Logging environment variables
06:07:30.837 [JavaFX Application Thread] DEBUG Engine               - achievements: []
06:07:30.837 [JavaFX Application Thread] DEBUG Engine               - sceneStack: com.almasb.fxgl.app.Engine@7273a1ab
06:07:30.837 [JavaFX Application Thread] DEBUG Engine               - language: ObjectProperty [value: ENGLISH]
06:07:30.837 [JavaFX Application Thread] DEBUG Engine               - isCloseConfirmation: false
06:07:30.837 [JavaFX Application Thread] DEBUG Engine               - isProfilingEnabled: false
06:07:30.838 [JavaFX Application Thread] DEBUG Engine               - soundNotification: core/notification.wav
06:07:30.838 [JavaFX Application Thread] DEBUG Engine               - devShowBBoxProperty: BooleanProperty [value: false]
06:07:30.839 [JavaFX Application Thread] DEBUG Engine               - pixelsPerMeter: 50.0
06:07:30.840 [JavaFX Application Thread] DEBUG Engine               - overlayRoot: Group@4772e107
06:07:30.840 [JavaFX Application Thread] DEBUG Engine               - appIcon: EvilPuffIcon.png
06:07:30.840 [JavaFX Application Thread] DEBUG Engine               - soundMenuBack: menu/back.wav
06:07:30.840 [JavaFX Application Thread] DEBUG Engine               - isFullScreenAllowed: false
06:07:30.840 [JavaFX Application Thread] DEBUG Engine               - isIntroEnabled: false
06:07:30.840 [JavaFX Application Thread] DEBUG Engine               - eventBus: com.almasb.fxgl.event.EventBus@2933c372
06:07:30.840 [JavaFX Application Thread] DEBUG Engine               - fontMono: lucida_console.ttf
06:07:30.840 [JavaFX Application Thread] DEBUG Engine               - soundMenuSelect: menu/select.wav
06:07:30.841 [JavaFX Application Thread] DEBUG Engine               - isWindows: true
06:07:30.841 [JavaFX Application Thread] DEBUG Engine               - isMobile: false
06:07:30.841 [JavaFX Application Thread] DEBUG Engine               - height: 600
06:07:30.841 [JavaFX Application Thread] DEBUG Engine               - isExperimentalNative: false
06:07:30.841 [JavaFX Application Thread] DEBUG Engine               - isSingleStep: false
06:07:30.841 [JavaFX Application Thread] DEBUG Engine               - cSSList: [fxgl_dark.css]
06:07:30.842 [JavaFX Application Thread] DEBUG Engine               - fontGame: Abel-Regular.ttf
06:07:30.842 [JavaFX Application Thread] DEBUG Engine               - menuKey: ESCAPE
06:07:30.842 [JavaFX Application Thread] DEBUG Engine               - devShowPositionProperty: BooleanProperty [value: false]
06:07:30.842 [JavaFX Application Thread] DEBUG Engine               - versionCheckDays: 7
06:07:30.842 [JavaFX Application Thread] DEBUG Engine               - masterTimer: com.almasb.fxgl.time.Timer@46224106
06:07:30.843 [JavaFX Application Thread] DEBUG Engine               - configClass: Optional.empty
06:07:30.843 [JavaFX Application Thread] DEBUG Engine               - isFullScreenFromStart: false
06:07:30.843 [JavaFX Application Thread] DEBUG Engine               - version: 0.1
06:07:30.843 [JavaFX Application Thread] DEBUG Engine               - fullScreen: BooleanProperty [value: false]
06:07:30.843 [JavaFX Application Thread] DEBUG Engine               - randomSeed: -1
06:07:30.843 [JavaFX Application Thread] DEBUG Engine               - dialogFactory: com.almasb.fxgl.ui.FXGLDialogFactory@4a84e45c
06:07:30.843 [JavaFX Application Thread] DEBUG Engine               - applicationMode: DEVELOPER
06:07:30.844 [JavaFX Application Thread] DEBUG Engine               - isMac: false
06:07:30.844 [JavaFX Application Thread] DEBUG Engine               - urlGoogleForms: https://goo.gl/forms/6wrMnOBxTE1fEpOy2
06:07:30.844 [JavaFX Application Thread] DEBUG Engine               - isMenuEnabled: true
06:07:30.844 [JavaFX Application Thread] DEBUG Engine               - profileName: user.profile
06:07:30.844 [JavaFX Application Thread] DEBUG Engine               - urlPOM: https://raw.githubusercontent.com/AlmasB/FXGL/master/pom.xml
06:07:30.844 [JavaFX Application Thread] DEBUG Engine               - notificationViewClass: class com.almasb.fxgl.notification.view.XboxNotificationView
06:07:30.845 [JavaFX Application Thread] DEBUG Engine               - devSensorColorProperty: ObjectProperty [value: 0xffff00ff]
06:07:30.845 [JavaFX Application Thread] DEBUG Engine               - sceneFactory: PokeBounce.pokebounce.BasicGameApp$1@1a2e4ed2
06:07:30.845 [JavaFX Application Thread] DEBUG Engine               - dataFileExt: .dat
06:07:30.845 [JavaFX Application Thread] DEBUG Engine               - stageStyle: DECORATED
06:07:30.845 [JavaFX Application Thread] DEBUG Engine               - isManualResizeEnabled: false
06:07:30.845 [JavaFX Application Thread] DEBUG Engine               - title: PokeBounce - Zealand
06:07:30.845 [JavaFX Application Thread] DEBUG Engine               - platform: WINDOWS
06:07:30.845 [JavaFX Application Thread] DEBUG Engine               - devBBoxColorProperty: ObjectProperty [value: 0xff0000ff]
06:07:30.845 [JavaFX Application Thread] DEBUG Engine               - isDesktop: true
06:07:30.846 [JavaFX Application Thread] DEBUG Engine               - credits: []
06:07:30.846 [JavaFX Application Thread] DEBUG Engine               - globalMusicVolumeProperty: DoubleProperty [value: 0.5]
06:07:30.846 [JavaFX Application Thread] DEBUG Engine               - uIFactory: com.almasb.fxgl.ui.FXGLUIFactory@2db126b6
06:07:30.846 [JavaFX Application Thread] DEBUG Engine               - isPreserveResizeRatio: false
06:07:30.846 [JavaFX Application Thread] DEBUG Engine               - fontText: Courier-Prime.ttf
06:07:30.846 [JavaFX Application Thread] DEBUG Engine               - isExperimentalTiledLargeMap: false
06:07:30.846 [JavaFX Application Thread] DEBUG Engine               - secondsIn24h: 60
06:07:30.846 [JavaFX Application Thread] DEBUG Engine               - runtimeInfo: RuntimeInfo(platform=WINDOWS, version=11.7, build=05.01.2020 09.46)
06:07:30.846 [JavaFX Application Thread] DEBUG Engine               - isLinux: false
06:07:30.846 [JavaFX Application Thread] DEBUG Engine               - soundMenuPress: menu/press.wav
06:07:30.847 [JavaFX Application Thread] DEBUG Engine               - urlGithub: https://github.com/AlmasB/FXGL
06:07:30.847 [JavaFX Application Thread] DEBUG Engine               - profileDir: profiles/
06:07:30.847 [JavaFX Application Thread] DEBUG Engine               - isDeveloperMenuEnabled: false
06:07:30.847 [JavaFX Application Thread] DEBUG Engine               - globalSoundVolumeProperty: DoubleProperty [value: 0.5]
06:07:30.847 [JavaFX Application Thread] DEBUG Engine               - isBrowser: false
06:07:30.847 [JavaFX Application Thread] DEBUG Engine               - globalSoundVolume: 0.5
06:07:30.847 [JavaFX Application Thread] DEBUG Engine               - urlLeaderboard: http://fxgl-top.herokuapp.com/
06:07:30.847 [JavaFX Application Thread] DEBUG Engine               - saveDir: saves/
06:07:30.847 [JavaFX Application Thread] DEBUG Engine               - engineServices: [class com.almasb.fxgl.audio.AudioPlayer, class com.almasb.fxgl.notification.impl.NotificationServiceProvider, class com.almasb.fxgl.achievement.AchievementManager, class com.almasb.fxgl.cutscene.CutsceneService, class com.almasb.fxgl.minigames.MiniGameService]
06:07:30.847 [JavaFX Application Thread] DEBUG Engine               - globalMusicVolume: 0.5
06:07:30.847 [JavaFX Application Thread] DEBUG Engine               - width: 600
06:07:30.847 [JavaFX Application Thread] DEBUG Engine               - saveFileExt: .sav
06:07:30.848 [JavaFX Application Thread] DEBUG Engine               - isAndroid: false
06:07:30.848 [JavaFX Application Thread] DEBUG Engine               - fontUI: VarelaRound-Regular.ttf
06:07:30.848 [JavaFX Application Thread] DEBUG Engine               - enabledMenuItems: []
06:07:30.848 [JavaFX Application Thread] DEBUG Engine               - isIOS: false
06:07:30.851 [JavaFX Application Thread] DEBUG Engine               - Adding new engine service: class com.almasb.fxgl.audio.AudioPlayer
06:07:30.852 [JavaFX Application Thread] DEBUG Engine               - Adding new engine service: class com.almasb.fxgl.notification.impl.NotificationServiceProvider
06:07:30.852 [JavaFX Application Thread] DEBUG Engine               - Adding new engine service: class com.almasb.fxgl.achievement.AchievementManager
06:07:30.854 [JavaFX Application Thread] DEBUG Engine               - Adding new engine service: class com.almasb.fxgl.cutscene.CutsceneService
06:07:30.854 [JavaFX Application Thread] DEBUG Engine               - Adding new engine service: class com.almasb.fxgl.minigames.MiniGameService
06:07:30.857 [JavaFX Application Thread] DEBUG Engine               - Loading localizations
06:07:30.861 [JavaFX Application Thread] DEBUG AssetLoader          - Loading from file system: /assets/properties/languages/english.properties
06:07:30.865 [JavaFX Application Thread] DEBUG AssetLoader          - Loading from file system: /assets/properties/languages/french.properties
06:07:30.867 [JavaFX Application Thread] DEBUG AssetLoader          - Loading from file system: /assets/properties/languages/german.properties
06:07:30.868 [JavaFX Application Thread] DEBUG AssetLoader          - Loading from file system: /assets/properties/languages/russian.properties
06:07:30.870 [JavaFX Application Thread] DEBUG AssetLoader          - Loading from file system: /assets/properties/languages/hungarian.properties
06:07:30.872 [JavaFX Application Thread] DEBUG Engine               - Registering font factories
06:07:30.873 [JavaFX Application Thread] DEBUG AssetLoader          - Loading from file system: /assets/ui/fonts/VarelaRound-Regular.ttf
06:07:31.048 [JavaFX Application Thread] DEBUG AssetLoader          - Loading from file system: /assets/ui/fonts/Abel-Regular.ttf
06:07:31.056 [JavaFX Application Thread] DEBUG AssetLoader          - Loading from file system: /assets/ui/fonts/lucida_console.ttf
06:07:31.067 [JavaFX Application Thread] DEBUG AssetLoader          - Loading from file system: /assets/ui/fonts/Courier-Prime.ttf
06:07:31.075 [JavaFX Application Thread] DEBUG Engine               - Setting UI factory
06:07:31.146 [JavaFX Application Thread] DEBUG AssetLoader          - Loading from file system: /assets/textures/fxgl_logo.png
06:07:31.190 [JavaFX Application Thread] DEBUG MainWindow           - Creating a JavaFX scene
06:07:31.217 [JavaFX Application Thread] DEBUG MainWindow           - Target settings size: 600.0 x 600.0
06:07:31.217 [JavaFX Application Thread] DEBUG MainWindow           - Scaled scene size:    600.0 x 600.0
06:07:31.217 [JavaFX Application Thread] DEBUG MainWindow           - Scaled ratio: (1.0, 1.0)
06:07:31.218 [JavaFX Application Thread] DEBUG MainWindow           - Set initial scene to FXGLStartupScene
06:07:31.225 [JavaFX Application Thread] DEBUG AssetLoader          - Loading from file system: /assets/textures/EvilPuffIcon.png
06:07:31.227 [JavaFX Application Thread] DEBUG Engine               - Applying CSS: fxgl_dark.css
06:07:31.227 [JavaFX Application Thread] DEBUG AssetLoader          - Loading from file system: /assets/ui/css/fxgl_dark.css
06:07:31.229 [JavaFX Application Thread] DEBUG AssetLoader          - Loading from file system: /assets/ui/cursors/fxgl_default.png
06:07:31.230 [JavaFX Application Thread] DEBUG MainWindow           - Opening main window
06:07:31.339 [JavaFX Application Thread] DEBUG MainWindow           - Window border size: (16.0, 39.0)
06:07:31.339 [JavaFX Application Thread] DEBUG MainWindow           - Scaled size: 600.0 x 600.0
06:07:31.339 [JavaFX Application Thread] DEBUG MainWindow           - Scaled ratio: (1.0, 1.0)
06:07:31.339 [JavaFX Application Thread] DEBUG MainWindow           - Scene size: 600.0 x 600.0
06:07:31.340 [JavaFX Application Thread] DEBUG MainWindow           - Stage size: 616.0 x 639.0
06:07:31.361 [FXGL Background Thread 1 ] DEBUG FS                   - Loaded FSServiceImpl
06:07:31.362 [FXGL Background Thread 1 ] DEBUG Engine               - Loading FXGL system data
06:07:31.365 [FXGL Background Thread 1 ] DEBUG FSServiceImpl        - Reading from: E:\Spil projekt - Jan 2020\Demo1\system\fxgl.bundle
06:07:31.372 [FXGL Background Thread 1 ] DEBUG Engine               - Bundle FXGL: {}
06:07:31.372 [FXGL Background Thread 1 ] DEBUG Engine               - Initializing application scenes
06:07:31.404 [FXGL Background Thread 1 ] DEBUG GameWorld            - Game world initialized
06:07:31.445 [FXGL Background Thread 1 ] DEBUG PhysicsWorld         - Physics world initialized: appHeight=600, physics.ppm=50,0
06:07:31.447 [FXGL Background Thread 1 ] DEBUG GameScene            - Game scene initialized: 600x600
06:07:31.469 [FXGL Background Thread 1 ] DEBUG AssetLoader          - Loading from file system: /assets/textures/MainMenuGif.gif
06:07:31.616 [FXGL Background Thread 1 ] DEBUG AssetLoader          - Loading from file system: /assets/textures/GameMenuEvilPuff3.png
06:07:31.636 [FXGL Background Thread 1 ] DEBUG Engine               - Application scenes initialized
06:07:31.639 [JavaFX Application Thread] DEBUG Engine               - Running preInit()
06:07:31.646 [JavaFX Application Thread] DEBUG Input                - Registered new binding: Move Right - D
06:07:31.646 [JavaFX Application Thread] DEBUG Input                - Registered new binding: Move Left - A
06:07:31.646 [JavaFX Application Thread] DEBUG Input                - Registered new binding: Move Up - W
06:07:31.646 [JavaFX Application Thread] DEBUG Input                - Registered new binding: Move Down - S
06:07:31.647 [JavaFX Application Thread] DEBUG Input                - Registered new binding: Screenshot - P
06:07:31.648 [JavaFX Application Thread] DEBUG Input                - Registered new binding: System info dump - CTRL+9
06:07:31.648 [JavaFX Application Thread] DEBUG Input                - Registered new binding: Restart - CTRL+R
06:07:31.648 [JavaFX Application Thread] DEBUG Engine               - generateDefaultProfile()
06:07:31.648 [JavaFX Application Thread] DEBUG Engine               - Creating default profile
06:07:31.648 [JavaFX Application Thread] DEBUG EventBus             - Firing event: SaveEvent
06:07:31.658 [JavaFX Application Thread] INFO  Engine               - FXGL initialization took: 0,800 sec
06:07:31.658 [JavaFX Application Thread] DEBUG LoopRunner           - Starting loop
06:07:31.660 [JavaFX Application Thread] DEBUG FXGLStartupScene     - STARTUP
06:07:31.661 [JavaFX Application Thread] DEBUG Input                - Clearing active input actions
06:07:31.674 [JavaFX Application Thread] DEBUG Engine               - Removing overlay from FXGLStartupScene and adding to PokeBounceMainMenu
06:07:31.675 [JavaFX Application Thread] DEBUG MainWindow           - FXGLStartupScene -> PokeBounceMainMenu
06:07:35.515 [JavaFX Application Thread] DEBUG Engine               - Exiting FXGL
06:07:35.515 [JavaFX Application Thread] DEBUG Engine               - Shutting down background threads
06:07:35.516 [JavaFX Application Thread] DEBUG Engine               - Saving FXGL system data
06:07:35.519 [JavaFX Application Thread] DEBUG FSServiceImpl        - Writing to: E:\Spil projekt - Jan 2020\Demo1\system\fxgl.bundle
06:07:35.521 [JavaFX Application Thread] DEBUG Engine               - Closing logger and exiting JavaFX
