10:18:53.240 [main                     ] DEBUG GameApplication      - Logger initialized
10:18:53.263 [main                     ] DEBUG GameApplication      - Logging settings
Title: Basic Game app
Version: 0.1
Width: 600
Height: 600
Fullscreen: false
Intro: false
Menus: false
Profiling: false
Single step:false
App Mode: DEVELOPER
Menu Key: ESCAPE
Stage Style: DECORATED
Scene Factory: class com.almasb.fxgl.app.SceneFactory
Dialog Factory: class com.almasb.fxgl.ui.FXGLDialogFactory
UI Factory: class com.almasb.fxgl.ui.FXGLUIFactory

10:18:53.581 [JavaFX Application Thread] DEBUG Engine               - Initializing FXGL
10:18:53.582 [JavaFX Application Thread] INFO  Engine               - FXGL-11.7 (05.01.2020 09.46) on WINDOWS (J:11.0.5 FX:10.0.2-internal)
10:18:53.582 [JavaFX Application Thread] INFO  Engine               - Source code and latest versions at: https://github.com/AlmasB/FXGL
10:18:53.582 [JavaFX Application Thread] INFO  Engine               -              Join the FXGL chat at: https://gitter.im/AlmasB/FXGL
10:18:53.582 [JavaFX Application Thread] DEBUG Engine               - Initializing environment variables
10:18:53.584 [JavaFX Application Thread] DEBUG Engine               - Logging environment variables
10:18:53.584 [JavaFX Application Thread] DEBUG Engine               - achievements: []
10:18:53.584 [JavaFX Application Thread] DEBUG Engine               - sceneStack: com.almasb.fxgl.app.Engine@28810d61
10:18:53.585 [JavaFX Application Thread] DEBUG Engine               - language: ObjectProperty [value: ENGLISH]
10:18:53.585 [JavaFX Application Thread] DEBUG Engine               - isCloseConfirmation: false
10:18:53.585 [JavaFX Application Thread] DEBUG Engine               - isProfilingEnabled: false
10:18:53.585 [JavaFX Application Thread] DEBUG Engine               - soundNotification: core/notification.wav
10:18:53.585 [JavaFX Application Thread] DEBUG Engine               - devShowBBoxProperty: BooleanProperty [value: false]
10:18:53.586 [JavaFX Application Thread] DEBUG Engine               - pixelsPerMeter: 50.0
10:18:53.586 [JavaFX Application Thread] DEBUG Engine               - overlayRoot: Group@83c1bd2
10:18:53.586 [JavaFX Application Thread] DEBUG Engine               - appIcon: fxgl_icon.png
10:18:53.586 [JavaFX Application Thread] DEBUG Engine               - soundMenuBack: menu/back.wav
10:18:53.587 [JavaFX Application Thread] DEBUG Engine               - isFullScreenAllowed: false
10:18:53.587 [JavaFX Application Thread] DEBUG Engine               - isIntroEnabled: false
10:18:53.587 [JavaFX Application Thread] DEBUG Engine               - eventBus: com.almasb.fxgl.event.EventBus@41a83ae3
10:18:53.587 [JavaFX Application Thread] DEBUG Engine               - fontMono: lucida_console.ttf
10:18:53.587 [JavaFX Application Thread] DEBUG Engine               - soundMenuSelect: menu/select.wav
10:18:53.587 [JavaFX Application Thread] DEBUG Engine               - isWindows: true
10:18:53.587 [JavaFX Application Thread] DEBUG Engine               - isMobile: false
10:18:53.587 [JavaFX Application Thread] DEBUG Engine               - height: 600
10:18:53.588 [JavaFX Application Thread] DEBUG Engine               - isExperimentalNative: false
10:18:53.588 [JavaFX Application Thread] DEBUG Engine               - isSingleStep: false
10:18:53.588 [JavaFX Application Thread] DEBUG Engine               - cSSList: [fxgl_dark.css]
10:18:53.588 [JavaFX Application Thread] DEBUG Engine               - fontGame: Abel-Regular.ttf
10:18:53.588 [JavaFX Application Thread] DEBUG Engine               - menuKey: ESCAPE
10:18:53.588 [JavaFX Application Thread] DEBUG Engine               - devShowPositionProperty: BooleanProperty [value: false]
10:18:53.588 [JavaFX Application Thread] DEBUG Engine               - versionCheckDays: 7
10:18:53.588 [JavaFX Application Thread] DEBUG Engine               - masterTimer: com.almasb.fxgl.time.Timer@61e2cdb2
10:18:53.589 [JavaFX Application Thread] DEBUG Engine               - configClass: Optional.empty
10:18:53.589 [JavaFX Application Thread] DEBUG Engine               - isFullScreenFromStart: false
10:18:53.589 [JavaFX Application Thread] DEBUG Engine               - version: 0.1
10:18:53.589 [JavaFX Application Thread] DEBUG Engine               - fullScreen: BooleanProperty [value: false]
10:18:53.590 [JavaFX Application Thread] DEBUG Engine               - randomSeed: -1
10:18:53.590 [JavaFX Application Thread] DEBUG Engine               - dialogFactory: com.almasb.fxgl.ui.FXGLDialogFactory@288a9a4f
10:18:53.590 [JavaFX Application Thread] DEBUG Engine               - applicationMode: DEVELOPER
10:18:53.590 [JavaFX Application Thread] DEBUG Engine               - isMac: false
10:18:53.590 [JavaFX Application Thread] DEBUG Engine               - urlGoogleForms: https://goo.gl/forms/6wrMnOBxTE1fEpOy2
10:18:53.590 [JavaFX Application Thread] DEBUG Engine               - isMenuEnabled: false
10:18:53.590 [JavaFX Application Thread] DEBUG Engine               - profileName: user.profile
10:18:53.591 [JavaFX Application Thread] DEBUG Engine               - urlPOM: https://raw.githubusercontent.com/AlmasB/FXGL/master/pom.xml
10:18:53.591 [JavaFX Application Thread] DEBUG Engine               - notificationViewClass: class com.almasb.fxgl.notification.view.XboxNotificationView
10:18:53.591 [JavaFX Application Thread] DEBUG Engine               - devSensorColorProperty: ObjectProperty [value: 0xffff00ff]
10:18:53.591 [JavaFX Application Thread] DEBUG Engine               - sceneFactory: com.almasb.fxgl.app.SceneFactory@4000e607
10:18:53.591 [JavaFX Application Thread] DEBUG Engine               - dataFileExt: .dat
10:18:53.592 [JavaFX Application Thread] DEBUG Engine               - stageStyle: DECORATED
10:18:53.592 [JavaFX Application Thread] DEBUG Engine               - isManualResizeEnabled: false
10:18:53.592 [JavaFX Application Thread] DEBUG Engine               - title: Basic Game app
10:18:53.592 [JavaFX Application Thread] DEBUG Engine               - platform: WINDOWS
10:18:53.592 [JavaFX Application Thread] DEBUG Engine               - devBBoxColorProperty: ObjectProperty [value: 0xff0000ff]
10:18:53.592 [JavaFX Application Thread] DEBUG Engine               - isDesktop: true
10:18:53.592 [JavaFX Application Thread] DEBUG Engine               - globalMusicVolumeProperty: DoubleProperty [value: 0.5]
10:18:53.592 [JavaFX Application Thread] DEBUG Engine               - credits: []
10:18:53.593 [JavaFX Application Thread] DEBUG Engine               - isPreserveResizeRatio: false
10:18:53.593 [JavaFX Application Thread] DEBUG Engine               - uIFactory: com.almasb.fxgl.ui.FXGLUIFactory@40ffa3c6
10:18:53.593 [JavaFX Application Thread] DEBUG Engine               - fontText: Courier-Prime.ttf
10:18:53.593 [JavaFX Application Thread] DEBUG Engine               - isExperimentalTiledLargeMap: false
10:18:53.593 [JavaFX Application Thread] DEBUG Engine               - secondsIn24h: 60
10:18:53.593 [JavaFX Application Thread] DEBUG Engine               - runtimeInfo: RuntimeInfo(platform=WINDOWS, version=11.7, build=05.01.2020 09.46)
10:18:53.593 [JavaFX Application Thread] DEBUG Engine               - isLinux: false
10:18:53.593 [JavaFX Application Thread] DEBUG Engine               - soundMenuPress: menu/press.wav
10:18:53.593 [JavaFX Application Thread] DEBUG Engine               - urlGithub: https://github.com/AlmasB/FXGL
10:18:53.593 [JavaFX Application Thread] DEBUG Engine               - profileDir: profiles/
10:18:53.593 [JavaFX Application Thread] DEBUG Engine               - isDeveloperMenuEnabled: false
10:18:53.593 [JavaFX Application Thread] DEBUG Engine               - globalSoundVolumeProperty: DoubleProperty [value: 0.5]
10:18:53.594 [JavaFX Application Thread] DEBUG Engine               - isBrowser: false
10:18:53.594 [JavaFX Application Thread] DEBUG Engine               - urlLeaderboard: http://fxgl-top.herokuapp.com/
10:18:53.594 [JavaFX Application Thread] DEBUG Engine               - globalSoundVolume: 0.5
10:18:53.594 [JavaFX Application Thread] DEBUG Engine               - saveDir: saves/
10:18:53.594 [JavaFX Application Thread] DEBUG Engine               - engineServices: [class com.almasb.fxgl.audio.AudioPlayer, class com.almasb.fxgl.notification.impl.NotificationServiceProvider, class com.almasb.fxgl.achievement.AchievementManager, class com.almasb.fxgl.cutscene.CutsceneService, class com.almasb.fxgl.minigames.MiniGameService]
10:18:53.594 [JavaFX Application Thread] DEBUG Engine               - globalMusicVolume: 0.5
10:18:53.594 [JavaFX Application Thread] DEBUG Engine               - width: 600
10:18:53.594 [JavaFX Application Thread] DEBUG Engine               - saveFileExt: .sav
10:18:53.594 [JavaFX Application Thread] DEBUG Engine               - isAndroid: false
10:18:53.594 [JavaFX Application Thread] DEBUG Engine               - fontUI: VarelaRound-Regular.ttf
10:18:53.594 [JavaFX Application Thread] DEBUG Engine               - enabledMenuItems: []
10:18:53.594 [JavaFX Application Thread] DEBUG Engine               - isIOS: false
10:18:53.597 [JavaFX Application Thread] DEBUG Engine               - Adding new engine service: class com.almasb.fxgl.audio.AudioPlayer
10:18:53.597 [JavaFX Application Thread] DEBUG Engine               - Adding new engine service: class com.almasb.fxgl.notification.impl.NotificationServiceProvider
10:18:53.598 [JavaFX Application Thread] DEBUG Engine               - Adding new engine service: class com.almasb.fxgl.achievement.AchievementManager
10:18:53.598 [JavaFX Application Thread] DEBUG Engine               - Adding new engine service: class com.almasb.fxgl.cutscene.CutsceneService
10:18:53.598 [JavaFX Application Thread] DEBUG Engine               - Adding new engine service: class com.almasb.fxgl.minigames.MiniGameService
10:18:53.601 [JavaFX Application Thread] DEBUG Engine               - Loading localizations
10:18:53.603 [JavaFX Application Thread] DEBUG AssetLoader          - Loading from file system: /assets/properties/languages/english.properties
10:18:53.607 [JavaFX Application Thread] DEBUG AssetLoader          - Loading from file system: /assets/properties/languages/french.properties
10:18:53.608 [JavaFX Application Thread] DEBUG AssetLoader          - Loading from file system: /assets/properties/languages/german.properties
10:18:53.609 [JavaFX Application Thread] DEBUG AssetLoader          - Loading from file system: /assets/properties/languages/russian.properties
10:18:53.610 [JavaFX Application Thread] DEBUG AssetLoader          - Loading from file system: /assets/properties/languages/hungarian.properties
10:18:53.612 [JavaFX Application Thread] DEBUG Engine               - Registering font factories
10:18:53.612 [JavaFX Application Thread] DEBUG AssetLoader          - Loading from file system: /assets/ui/fonts/VarelaRound-Regular.ttf
10:18:53.853 [JavaFX Application Thread] DEBUG AssetLoader          - Loading from file system: /assets/ui/fonts/Abel-Regular.ttf
10:18:53.865 [JavaFX Application Thread] DEBUG AssetLoader          - Loading from file system: /assets/ui/fonts/lucida_console.ttf
10:18:53.877 [JavaFX Application Thread] DEBUG AssetLoader          - Loading from file system: /assets/ui/fonts/Courier-Prime.ttf
10:18:53.885 [JavaFX Application Thread] DEBUG Engine               - Setting UI factory
10:18:54.005 [JavaFX Application Thread] DEBUG AssetLoader          - Loading from file system: /assets/textures/fxgl_logo.png
10:18:54.061 [JavaFX Application Thread] DEBUG MainWindow           - Creating a JavaFX scene
10:18:54.088 [JavaFX Application Thread] DEBUG MainWindow           - Target settings size: 600.0 x 600.0
10:18:54.088 [JavaFX Application Thread] DEBUG MainWindow           - Scaled scene size:    600.0 x 600.0
10:18:54.088 [JavaFX Application Thread] DEBUG MainWindow           - Scaled ratio: (1.0, 1.0)
10:18:54.091 [JavaFX Application Thread] DEBUG MainWindow           - Set initial scene to FXGLStartupScene
10:18:54.100 [JavaFX Application Thread] DEBUG AssetLoader          - Loading from file system: /assets/textures/fxgl_icon.png
10:18:54.109 [JavaFX Application Thread] DEBUG Engine               - Applying CSS: fxgl_dark.css
10:18:54.109 [JavaFX Application Thread] DEBUG AssetLoader          - Loading from file system: /assets/ui/css/fxgl_dark.css
10:18:54.112 [JavaFX Application Thread] DEBUG AssetLoader          - Loading from file system: /assets/ui/cursors/fxgl_default.png
10:18:54.113 [JavaFX Application Thread] DEBUG MainWindow           - Opening main window
10:18:54.216 [JavaFX Application Thread] DEBUG MainWindow           - Window border size: (16.0, 39.0)
10:18:54.217 [JavaFX Application Thread] DEBUG MainWindow           - Scaled size: 600.0 x 600.0
10:18:54.217 [JavaFX Application Thread] DEBUG MainWindow           - Scaled ratio: (1.0, 1.0)
10:18:54.217 [JavaFX Application Thread] DEBUG MainWindow           - Scene size: 600.0 x 600.0
10:18:54.217 [JavaFX Application Thread] DEBUG MainWindow           - Stage size: 616.0 x 639.0
10:18:54.231 [FXGL Background Thread 1 ] DEBUG FS                   - Loaded FSServiceImpl
10:18:54.232 [FXGL Background Thread 1 ] DEBUG Engine               - Loading FXGL system data
10:18:54.235 [FXGL Background Thread 1 ] DEBUG FSServiceImpl        - Reading from: E:\Spil projekt - Jan 2020\system\fxgl.bundle
10:18:54.244 [FXGL Background Thread 1 ] DEBUG Engine               - Bundle FXGL: {}
10:18:54.245 [FXGL Background Thread 1 ] DEBUG Engine               - Initializing application scenes
10:18:54.274 [FXGL Background Thread 1 ] DEBUG GameWorld            - Game world initialized
10:18:54.352 [FXGL Background Thread 1 ] DEBUG PhysicsWorld         - Physics world initialized: appHeight=600, physics.ppm=50,0
10:18:54.356 [FXGL Background Thread 1 ] DEBUG GameScene            - Game scene initialized: 600x600
10:18:54.384 [FXGL Background Thread 1 ] DEBUG Input                - Registered new binding: Resume - Esc
10:18:54.384 [FXGL Background Thread 1 ] DEBUG AssetLoader          - Loading from file system: /assets/textures/pause_menu_bg.png
10:18:54.403 [FXGL Background Thread 1 ] DEBUG Input                - Registered new binding: Pause - Esc
10:18:54.403 [FXGL Background Thread 1 ] DEBUG Engine               - Application scenes initialized
10:18:54.406 [JavaFX Application Thread] DEBUG Engine               - Running preInit()
10:18:54.406 [JavaFX Application Thread] DEBUG Input                - Registered new binding: Move Right - D
10:18:54.406 [JavaFX Application Thread] DEBUG Input                - Registered new binding: Move Left - A
10:18:54.406 [JavaFX Application Thread] DEBUG Input                - Registered new binding: Move Up - W
10:18:54.406 [JavaFX Application Thread] DEBUG Input                - Registered new binding: Move Down - S
10:18:54.407 [JavaFX Application Thread] DEBUG Input                - Registered new binding: Screenshot - P
10:18:54.407 [JavaFX Application Thread] DEBUG Input                - Registered new binding: System info dump - CTRL+9
10:18:54.407 [JavaFX Application Thread] DEBUG Input                - Registered new binding: Restart - CTRL+R
10:18:54.407 [JavaFX Application Thread] DEBUG Engine               - generateDefaultProfile()
10:18:54.407 [JavaFX Application Thread] DEBUG Engine               - Creating default profile
10:18:54.407 [JavaFX Application Thread] DEBUG EventBus             - Firing event: SaveEvent
10:18:54.417 [JavaFX Application Thread] DEBUG AssetLoader          - Loading from file system: /assets/music/Pokemon Red, Yellow, Blue Battle Music- Trainer.mp3
10:18:54.485 [JavaFX Application Thread] DEBUG AudioPlayer          - Playing music com.almasb.fxgl.audio.Music@6bcb9ed3
10:18:54.485 [JavaFX Application Thread] INFO  Engine               - FXGL initialization took: 0,885 sec
10:18:54.485 [JavaFX Application Thread] DEBUG LoopRunner           - Starting loop
10:18:54.507 [JavaFX Application Thread] DEBUG FXGLStartupScene     - STARTUP
10:18:54.508 [JavaFX Application Thread] DEBUG Engine               - Starting new game
10:18:54.513 [JavaFX Application Thread] DEBUG Input                - Clearing active input actions
10:18:54.513 [FXGL Background Thread 1 ] DEBUG InitAppTask          - Clearing previous game
10:18:54.513 [FXGL Background Thread 1 ] DEBUG GameWorld            - Clearing game world
10:18:54.513 [FXGL Background Thread 1 ] DEBUG PhysicsWorld         - Clearing physics world
10:18:54.513 [FXGL Background Thread 1 ] DEBUG GameScene            - Clearing game scene
10:18:54.513 [FXGL Background Thread 1 ] DEBUG InitAppTask          - Initializing Game
10:18:54.523 [JavaFX Application Thread] DEBUG Engine               - Removing overlay from FXGLStartupScene and adding to LoadingScene
10:18:54.524 [JavaFX Application Thread] DEBUG MainWindow           - FXGLStartupScene -> LoadingScene
10:18:54.527 [FXGL Background Thread 1 ] DEBUG AssetLoader          - Loading from file system: /assets/textures/EvilPuff.png
10:18:54.540 [FXGL Background Thread 1 ] DEBUG AssetLoader          - Loading from file system: /assets/textures/PokePlayerUnit1.png
10:18:54.569 [FXGL Background Thread 1 ] DEBUG InitAppTask          - Initializing Physics
10:18:54.570 [FXGL Background Thread 1 ] DEBUG InitAppTask          - Initializing UI
10:18:54.571 [FXGL Background Thread 1 ] DEBUG InitAppTask          - Initialization Complete
10:18:54.572 [FXGL Background Thread 1 ] INFO  InitAppTask          - Game initialization took: 0,058 sec
10:18:54.615 [JavaFX Application Thread] DEBUG Input                - Clearing active input actions
10:18:54.625 [JavaFX Application Thread] DEBUG Engine               - Removing overlay from LoadingScene and adding to GameScene
10:18:54.626 [JavaFX Application Thread] DEBUG MainWindow           - LoadingScene -> GameScene
10:18:56.272 [JavaFX Application Thread] DEBUG Engine               - Exiting FXGL
10:18:56.272 [JavaFX Application Thread] DEBUG Engine               - Shutting down background threads
10:18:56.272 [JavaFX Application Thread] DEBUG Engine               - Saving FXGL system data
10:18:56.274 [JavaFX Application Thread] DEBUG FSServiceImpl        - Writing to: E:\Spil projekt - Jan 2020\system\fxgl.bundle
10:18:56.276 [JavaFX Application Thread] DEBUG Engine               - Closing logger and exiting JavaFX
