10:25:42.764 [main                     ] DEBUG GameApplication      - Logger initialized
10:25:42.788 [main                     ] DEBUG GameApplication      - Logging settings
Title: Basic Game app
Version: 0.1
Width: 600
Height: 600
Fullscreen: false
Intro: false
Menus: false
Profiling: false
Single step:false
App Mode: DEVELOPER
Menu Key: ESCAPE
Stage Style: DECORATED
Scene Factory: class com.almasb.fxgl.app.SceneFactory
Dialog Factory: class com.almasb.fxgl.ui.FXGLDialogFactory
UI Factory: class com.almasb.fxgl.ui.FXGLUIFactory

10:25:43.104 [JavaFX Application Thread] DEBUG Engine               - Initializing FXGL
10:25:43.104 [JavaFX Application Thread] INFO  Engine               - FXGL-11.7 (05.01.2020 09.46) on WINDOWS (J:11.0.5 FX:10.0.2-internal)
10:25:43.104 [JavaFX Application Thread] INFO  Engine               - Source code and latest versions at: https://github.com/AlmasB/FXGL
10:25:43.104 [JavaFX Application Thread] INFO  Engine               -              Join the FXGL chat at: https://gitter.im/AlmasB/FXGL
10:25:43.104 [JavaFX Application Thread] DEBUG Engine               - Initializing environment variables
10:25:43.106 [JavaFX Application Thread] DEBUG Engine               - Logging environment variables
10:25:43.106 [JavaFX Application Thread] DEBUG Engine               - achievements: []
10:25:43.107 [JavaFX Application Thread] DEBUG Engine               - sceneStack: com.almasb.fxgl.app.Engine@28810d61
10:25:43.107 [JavaFX Application Thread] DEBUG Engine               - language: ObjectProperty [value: ENGLISH]
10:25:43.107 [JavaFX Application Thread] DEBUG Engine               - isCloseConfirmation: false
10:25:43.107 [JavaFX Application Thread] DEBUG Engine               - isProfilingEnabled: false
10:25:43.107 [JavaFX Application Thread] DEBUG Engine               - soundNotification: core/notification.wav
10:25:43.107 [JavaFX Application Thread] DEBUG Engine               - devShowBBoxProperty: BooleanProperty [value: false]
10:25:43.108 [JavaFX Application Thread] DEBUG Engine               - pixelsPerMeter: 50.0
10:25:43.109 [JavaFX Application Thread] DEBUG Engine               - overlayRoot: Group@83c1bd2
10:25:43.109 [JavaFX Application Thread] DEBUG Engine               - soundMenuBack: menu/back.wav
10:25:43.109 [JavaFX Application Thread] DEBUG Engine               - appIcon: fxgl_icon.png
10:25:43.110 [JavaFX Application Thread] DEBUG Engine               - isFullScreenAllowed: false
10:25:43.110 [JavaFX Application Thread] DEBUG Engine               - isIntroEnabled: false
10:25:43.110 [JavaFX Application Thread] DEBUG Engine               - eventBus: com.almasb.fxgl.event.EventBus@41a83ae3
10:25:43.110 [JavaFX Application Thread] DEBUG Engine               - fontMono: lucida_console.ttf
10:25:43.110 [JavaFX Application Thread] DEBUG Engine               - soundMenuSelect: menu/select.wav
10:25:43.110 [JavaFX Application Thread] DEBUG Engine               - isWindows: true
10:25:43.111 [JavaFX Application Thread] DEBUG Engine               - isMobile: false
10:25:43.111 [JavaFX Application Thread] DEBUG Engine               - height: 600
10:25:43.111 [JavaFX Application Thread] DEBUG Engine               - isExperimentalNative: false
10:25:43.111 [JavaFX Application Thread] DEBUG Engine               - isSingleStep: false
10:25:43.111 [JavaFX Application Thread] DEBUG Engine               - cSSList: [fxgl_dark.css]
10:25:43.111 [JavaFX Application Thread] DEBUG Engine               - fontGame: Abel-Regular.ttf
10:25:43.111 [JavaFX Application Thread] DEBUG Engine               - menuKey: ESCAPE
10:25:43.111 [JavaFX Application Thread] DEBUG Engine               - devShowPositionProperty: BooleanProperty [value: false]
10:25:43.111 [JavaFX Application Thread] DEBUG Engine               - versionCheckDays: 7
10:25:43.112 [JavaFX Application Thread] DEBUG Engine               - masterTimer: com.almasb.fxgl.time.Timer@61e2cdb2
10:25:43.112 [JavaFX Application Thread] DEBUG Engine               - configClass: Optional.empty
10:25:43.112 [JavaFX Application Thread] DEBUG Engine               - isFullScreenFromStart: false
10:25:43.112 [JavaFX Application Thread] DEBUG Engine               - version: 0.1
10:25:43.112 [JavaFX Application Thread] DEBUG Engine               - fullScreen: BooleanProperty [value: false]
10:25:43.112 [JavaFX Application Thread] DEBUG Engine               - randomSeed: -1
10:25:43.112 [JavaFX Application Thread] DEBUG Engine               - dialogFactory: com.almasb.fxgl.ui.FXGLDialogFactory@288a9a4f
10:25:43.112 [JavaFX Application Thread] DEBUG Engine               - applicationMode: DEVELOPER
10:25:43.112 [JavaFX Application Thread] DEBUG Engine               - isMac: false
10:25:43.112 [JavaFX Application Thread] DEBUG Engine               - urlGoogleForms: https://goo.gl/forms/6wrMnOBxTE1fEpOy2
10:25:43.112 [JavaFX Application Thread] DEBUG Engine               - isMenuEnabled: false
10:25:43.113 [JavaFX Application Thread] DEBUG Engine               - urlPOM: https://raw.githubusercontent.com/AlmasB/FXGL/master/pom.xml
10:25:43.113 [JavaFX Application Thread] DEBUG Engine               - profileName: user.profile
10:25:43.113 [JavaFX Application Thread] DEBUG Engine               - notificationViewClass: class com.almasb.fxgl.notification.view.XboxNotificationView
10:25:43.113 [JavaFX Application Thread] DEBUG Engine               - devSensorColorProperty: ObjectProperty [value: 0xffff00ff]
10:25:43.113 [JavaFX Application Thread] DEBUG Engine               - sceneFactory: com.almasb.fxgl.app.SceneFactory@4000e607
10:25:43.113 [JavaFX Application Thread] DEBUG Engine               - dataFileExt: .dat
10:25:43.113 [JavaFX Application Thread] DEBUG Engine               - stageStyle: DECORATED
10:25:43.113 [JavaFX Application Thread] DEBUG Engine               - isManualResizeEnabled: false
10:25:43.113 [JavaFX Application Thread] DEBUG Engine               - title: Basic Game app
10:25:43.113 [JavaFX Application Thread] DEBUG Engine               - platform: WINDOWS
10:25:43.114 [JavaFX Application Thread] DEBUG Engine               - devBBoxColorProperty: ObjectProperty [value: 0xff0000ff]
10:25:43.114 [JavaFX Application Thread] DEBUG Engine               - isDesktop: true
10:25:43.114 [JavaFX Application Thread] DEBUG Engine               - credits: []
10:25:43.114 [JavaFX Application Thread] DEBUG Engine               - globalMusicVolumeProperty: DoubleProperty [value: 0.5]
10:25:43.114 [JavaFX Application Thread] DEBUG Engine               - uIFactory: com.almasb.fxgl.ui.FXGLUIFactory@40ffa3c6
10:25:43.114 [JavaFX Application Thread] DEBUG Engine               - isPreserveResizeRatio: false
10:25:43.114 [JavaFX Application Thread] DEBUG Engine               - fontText: Courier-Prime.ttf
10:25:43.114 [JavaFX Application Thread] DEBUG Engine               - isExperimentalTiledLargeMap: false
10:25:43.114 [JavaFX Application Thread] DEBUG Engine               - secondsIn24h: 60
10:25:43.115 [JavaFX Application Thread] DEBUG Engine               - runtimeInfo: RuntimeInfo(platform=WINDOWS, version=11.7, build=05.01.2020 09.46)
10:25:43.115 [JavaFX Application Thread] DEBUG Engine               - isLinux: false
10:25:43.115 [JavaFX Application Thread] DEBUG Engine               - soundMenuPress: menu/press.wav
10:25:43.115 [JavaFX Application Thread] DEBUG Engine               - urlGithub: https://github.com/AlmasB/FXGL
10:25:43.115 [JavaFX Application Thread] DEBUG Engine               - profileDir: profiles/
10:25:43.115 [JavaFX Application Thread] DEBUG Engine               - isDeveloperMenuEnabled: false
10:25:43.115 [JavaFX Application Thread] DEBUG Engine               - globalSoundVolumeProperty: DoubleProperty [value: 0.5]
10:25:43.115 [JavaFX Application Thread] DEBUG Engine               - isBrowser: false
10:25:43.115 [JavaFX Application Thread] DEBUG Engine               - globalSoundVolume: 0.5
10:25:43.115 [JavaFX Application Thread] DEBUG Engine               - urlLeaderboard: http://fxgl-top.herokuapp.com/
10:25:43.115 [JavaFX Application Thread] DEBUG Engine               - saveDir: saves/
10:25:43.115 [JavaFX Application Thread] DEBUG Engine               - engineServices: [class com.almasb.fxgl.audio.AudioPlayer, class com.almasb.fxgl.notification.impl.NotificationServiceProvider, class com.almasb.fxgl.achievement.AchievementManager, class com.almasb.fxgl.cutscene.CutsceneService, class com.almasb.fxgl.minigames.MiniGameService]
10:25:43.115 [JavaFX Application Thread] DEBUG Engine               - globalMusicVolume: 0.5
10:25:43.115 [JavaFX Application Thread] DEBUG Engine               - width: 600
10:25:43.116 [JavaFX Application Thread] DEBUG Engine               - saveFileExt: .sav
10:25:43.116 [JavaFX Application Thread] DEBUG Engine               - isAndroid: false
10:25:43.116 [JavaFX Application Thread] DEBUG Engine               - fontUI: VarelaRound-Regular.ttf
10:25:43.116 [JavaFX Application Thread] DEBUG Engine               - enabledMenuItems: []
10:25:43.116 [JavaFX Application Thread] DEBUG Engine               - isIOS: false
10:25:43.118 [JavaFX Application Thread] DEBUG Engine               - Adding new engine service: class com.almasb.fxgl.audio.AudioPlayer
10:25:43.119 [JavaFX Application Thread] DEBUG Engine               - Adding new engine service: class com.almasb.fxgl.notification.impl.NotificationServiceProvider
10:25:43.119 [JavaFX Application Thread] DEBUG Engine               - Adding new engine service: class com.almasb.fxgl.achievement.AchievementManager
10:25:43.119 [JavaFX Application Thread] DEBUG Engine               - Adding new engine service: class com.almasb.fxgl.cutscene.CutsceneService
10:25:43.120 [JavaFX Application Thread] DEBUG Engine               - Adding new engine service: class com.almasb.fxgl.minigames.MiniGameService
10:25:43.126 [JavaFX Application Thread] DEBUG Engine               - Loading localizations
10:25:43.128 [JavaFX Application Thread] DEBUG AssetLoader          - Loading from file system: /assets/properties/languages/english.properties
10:25:43.131 [JavaFX Application Thread] DEBUG AssetLoader          - Loading from file system: /assets/properties/languages/french.properties
10:25:43.132 [JavaFX Application Thread] DEBUG AssetLoader          - Loading from file system: /assets/properties/languages/german.properties
10:25:43.133 [JavaFX Application Thread] DEBUG AssetLoader          - Loading from file system: /assets/properties/languages/russian.properties
10:25:43.134 [JavaFX Application Thread] DEBUG AssetLoader          - Loading from file system: /assets/properties/languages/hungarian.properties
10:25:43.136 [JavaFX Application Thread] DEBUG Engine               - Registering font factories
10:25:43.136 [JavaFX Application Thread] DEBUG AssetLoader          - Loading from file system: /assets/ui/fonts/VarelaRound-Regular.ttf
10:25:43.305 [JavaFX Application Thread] DEBUG AssetLoader          - Loading from file system: /assets/ui/fonts/Abel-Regular.ttf
10:25:43.317 [JavaFX Application Thread] DEBUG AssetLoader          - Loading from file system: /assets/ui/fonts/lucida_console.ttf
10:25:43.330 [JavaFX Application Thread] DEBUG AssetLoader          - Loading from file system: /assets/ui/fonts/Courier-Prime.ttf
10:25:43.343 [JavaFX Application Thread] DEBUG Engine               - Setting UI factory
10:25:43.419 [JavaFX Application Thread] DEBUG AssetLoader          - Loading from file system: /assets/textures/fxgl_logo.png
10:25:43.468 [JavaFX Application Thread] DEBUG MainWindow           - Creating a JavaFX scene
10:25:43.495 [JavaFX Application Thread] DEBUG MainWindow           - Target settings size: 600.0 x 600.0
10:25:43.496 [JavaFX Application Thread] DEBUG MainWindow           - Scaled scene size:    600.0 x 600.0
10:25:43.496 [JavaFX Application Thread] DEBUG MainWindow           - Scaled ratio: (1.0, 1.0)
10:25:43.497 [JavaFX Application Thread] DEBUG MainWindow           - Set initial scene to FXGLStartupScene
10:25:43.502 [JavaFX Application Thread] DEBUG AssetLoader          - Loading from file system: /assets/textures/fxgl_icon.png
10:25:43.510 [JavaFX Application Thread] DEBUG Engine               - Applying CSS: fxgl_dark.css
10:25:43.511 [JavaFX Application Thread] DEBUG AssetLoader          - Loading from file system: /assets/ui/css/fxgl_dark.css
10:25:43.512 [JavaFX Application Thread] DEBUG AssetLoader          - Loading from file system: /assets/ui/cursors/fxgl_default.png
10:25:43.514 [JavaFX Application Thread] DEBUG MainWindow           - Opening main window
10:25:43.637 [JavaFX Application Thread] DEBUG MainWindow           - Window border size: (16.0, 39.0)
10:25:43.637 [JavaFX Application Thread] DEBUG MainWindow           - Scaled size: 600.0 x 600.0
10:25:43.637 [JavaFX Application Thread] DEBUG MainWindow           - Scaled ratio: (1.0, 1.0)
10:25:43.637 [JavaFX Application Thread] DEBUG MainWindow           - Scene size: 600.0 x 600.0
10:25:43.637 [JavaFX Application Thread] DEBUG MainWindow           - Stage size: 616.0 x 639.0
10:25:43.657 [FXGL Background Thread 1 ] DEBUG FS                   - Loaded FSServiceImpl
10:25:43.657 [FXGL Background Thread 1 ] DEBUG Engine               - Loading FXGL system data
10:25:43.660 [FXGL Background Thread 1 ] DEBUG FSServiceImpl        - Reading from: E:\Spil projekt - Jan 2020\system\fxgl.bundle
10:25:43.668 [FXGL Background Thread 1 ] DEBUG Engine               - Bundle FXGL: {}
10:25:43.668 [FXGL Background Thread 1 ] DEBUG Engine               - Initializing application scenes
10:25:43.691 [FXGL Background Thread 1 ] DEBUG GameWorld            - Game world initialized
10:25:43.727 [FXGL Background Thread 1 ] DEBUG PhysicsWorld         - Physics world initialized: appHeight=600, physics.ppm=50,0
10:25:43.729 [FXGL Background Thread 1 ] DEBUG GameScene            - Game scene initialized: 600x600
10:25:43.750 [FXGL Background Thread 1 ] DEBUG Input                - Registered new binding: Resume - Esc
10:25:43.750 [FXGL Background Thread 1 ] DEBUG AssetLoader          - Loading from file system: /assets/textures/pause_menu_bg.png
10:25:43.767 [FXGL Background Thread 1 ] DEBUG Input                - Registered new binding: Pause - Esc
10:25:43.767 [FXGL Background Thread 1 ] DEBUG Engine               - Application scenes initialized
10:25:43.770 [JavaFX Application Thread] DEBUG Engine               - Running preInit()
10:25:43.770 [JavaFX Application Thread] DEBUG Input                - Registered new binding: Move Right - D
10:25:43.770 [JavaFX Application Thread] DEBUG Input                - Registered new binding: Move Left - A
10:25:43.770 [JavaFX Application Thread] DEBUG Input                - Registered new binding: Move Up - W
10:25:43.770 [JavaFX Application Thread] DEBUG Input                - Registered new binding: Move Down - S
10:25:43.770 [JavaFX Application Thread] DEBUG Input                - Registered new binding: Screenshot - P
10:25:43.771 [JavaFX Application Thread] DEBUG Input                - Registered new binding: System info dump - CTRL+9
10:25:43.771 [JavaFX Application Thread] DEBUG Input                - Registered new binding: Restart - CTRL+R
10:25:43.771 [JavaFX Application Thread] DEBUG Engine               - generateDefaultProfile()
10:25:43.771 [JavaFX Application Thread] DEBUG Engine               - Creating default profile
10:25:43.771 [JavaFX Application Thread] DEBUG EventBus             - Firing event: SaveEvent
10:25:43.781 [JavaFX Application Thread] DEBUG AssetLoader          - Loading from file system: /assets/music/Pokemon Red, Yellow, Blue Battle Music- Trainer.mp3
10:25:43.851 [JavaFX Application Thread] DEBUG AudioPlayer          - Playing music com.almasb.fxgl.audio.Music@57eab7d4
10:25:43.851 [JavaFX Application Thread] INFO  Engine               - FXGL initialization took: 0,725 sec
10:25:43.851 [JavaFX Application Thread] DEBUG LoopRunner           - Starting loop
10:25:43.867 [JavaFX Application Thread] DEBUG FXGLStartupScene     - STARTUP
10:25:43.867 [JavaFX Application Thread] DEBUG Engine               - Starting new game
10:25:43.872 [JavaFX Application Thread] DEBUG Input                - Clearing active input actions
10:25:43.872 [FXGL Background Thread 1 ] DEBUG InitAppTask          - Clearing previous game
10:25:43.872 [FXGL Background Thread 1 ] DEBUG GameWorld            - Clearing game world
10:25:43.872 [FXGL Background Thread 1 ] DEBUG PhysicsWorld         - Clearing physics world
10:25:43.872 [FXGL Background Thread 1 ] DEBUG GameScene            - Clearing game scene
10:25:43.872 [FXGL Background Thread 1 ] DEBUG InitAppTask          - Initializing Game
10:25:43.881 [JavaFX Application Thread] DEBUG Engine               - Removing overlay from FXGLStartupScene and adding to LoadingScene
10:25:43.882 [JavaFX Application Thread] DEBUG MainWindow           - FXGLStartupScene -> LoadingScene
10:25:43.883 [FXGL Background Thread 1 ] DEBUG AssetLoader          - Loading from file system: /assets/textures/EvilPuff.png
10:25:43.893 [FXGL Background Thread 1 ] DEBUG AssetLoader          - Loading from file system: /assets/textures/PokePlayerUnit1.png
10:25:43.918 [FXGL Background Thread 1 ] DEBUG InitAppTask          - Initializing Physics
10:25:43.919 [FXGL Background Thread 1 ] DEBUG InitAppTask          - Initializing UI
10:25:43.921 [FXGL Background Thread 1 ] DEBUG InitAppTask          - Initialization Complete
10:25:43.921 [FXGL Background Thread 1 ] INFO  InitAppTask          - Game initialization took: 0,048 sec
10:25:43.967 [JavaFX Application Thread] DEBUG Input                - Clearing active input actions
10:25:43.976 [JavaFX Application Thread] DEBUG Engine               - Removing overlay from LoadingScene and adding to GameScene
10:25:43.976 [JavaFX Application Thread] DEBUG MainWindow           - LoadingScene -> GameScene
10:25:49.828 [JavaFX Application Thread] DEBUG Engine               - Exiting FXGL
10:25:49.828 [JavaFX Application Thread] DEBUG Engine               - Shutting down background threads
10:25:49.828 [JavaFX Application Thread] DEBUG Engine               - Saving FXGL system data
10:25:49.829 [JavaFX Application Thread] DEBUG FSServiceImpl        - Writing to: E:\Spil projekt - Jan 2020\system\fxgl.bundle
10:25:49.832 [JavaFX Application Thread] DEBUG Engine               - Closing logger and exiting JavaFX
