10:20:01.108 [main                     ] DEBUG GameApplication      - Logger initialized
10:20:01.133 [main                     ] DEBUG GameApplication      - Logging settings
Title: Basic Game app
Version: 0.1
Width: 600
Height: 600
Fullscreen: false
Intro: false
Menus: false
Profiling: false
Single step:false
App Mode: DEVELOPER
Menu Key: ESCAPE
Stage Style: DECORATED
Scene Factory: class com.almasb.fxgl.app.SceneFactory
Dialog Factory: class com.almasb.fxgl.ui.FXGLDialogFactory
UI Factory: class com.almasb.fxgl.ui.FXGLUIFactory

10:20:01.453 [JavaFX Application Thread] DEBUG Engine               - Initializing FXGL
10:20:01.454 [JavaFX Application Thread] INFO  Engine               - FXGL-11.7 (05.01.2020 09.46) on WINDOWS (J:11.0.5 FX:10.0.2-internal)
10:20:01.454 [JavaFX Application Thread] INFO  Engine               - Source code and latest versions at: https://github.com/AlmasB/FXGL
10:20:01.454 [JavaFX Application Thread] INFO  Engine               -              Join the FXGL chat at: https://gitter.im/AlmasB/FXGL
10:20:01.455 [JavaFX Application Thread] DEBUG Engine               - Initializing environment variables
10:20:01.458 [JavaFX Application Thread] DEBUG Engine               - Logging environment variables
10:20:01.458 [JavaFX Application Thread] DEBUG Engine               - achievements: []
10:20:01.458 [JavaFX Application Thread] DEBUG Engine               - sceneStack: com.almasb.fxgl.app.Engine@37b0cb13
10:20:01.458 [JavaFX Application Thread] DEBUG Engine               - language: ObjectProperty [value: ENGLISH]
10:20:01.459 [JavaFX Application Thread] DEBUG Engine               - isCloseConfirmation: false
10:20:01.459 [JavaFX Application Thread] DEBUG Engine               - isProfilingEnabled: false
10:20:01.459 [JavaFX Application Thread] DEBUG Engine               - soundNotification: core/notification.wav
10:20:01.459 [JavaFX Application Thread] DEBUG Engine               - devShowBBoxProperty: BooleanProperty [value: false]
10:20:01.460 [JavaFX Application Thread] DEBUG Engine               - pixelsPerMeter: 50.0
10:20:01.461 [JavaFX Application Thread] DEBUG Engine               - overlayRoot: Group@66db56cc
10:20:01.461 [JavaFX Application Thread] DEBUG Engine               - soundMenuBack: menu/back.wav
10:20:01.461 [JavaFX Application Thread] DEBUG Engine               - appIcon: fxgl_icon.png
10:20:01.461 [JavaFX Application Thread] DEBUG Engine               - isFullScreenAllowed: false
10:20:01.461 [JavaFX Application Thread] DEBUG Engine               - isIntroEnabled: false
10:20:01.461 [JavaFX Application Thread] DEBUG Engine               - eventBus: com.almasb.fxgl.event.EventBus@5e8d3fff
10:20:01.461 [JavaFX Application Thread] DEBUG Engine               - fontMono: lucida_console.ttf
10:20:01.461 [JavaFX Application Thread] DEBUG Engine               - soundMenuSelect: menu/select.wav
10:20:01.461 [JavaFX Application Thread] DEBUG Engine               - isWindows: true
10:20:01.462 [JavaFX Application Thread] DEBUG Engine               - isMobile: false
10:20:01.462 [JavaFX Application Thread] DEBUG Engine               - height: 600
10:20:01.462 [JavaFX Application Thread] DEBUG Engine               - isExperimentalNative: false
10:20:01.462 [JavaFX Application Thread] DEBUG Engine               - isSingleStep: false
10:20:01.462 [JavaFX Application Thread] DEBUG Engine               - cSSList: [fxgl_dark.css]
10:20:01.462 [JavaFX Application Thread] DEBUG Engine               - fontGame: Abel-Regular.ttf
10:20:01.462 [JavaFX Application Thread] DEBUG Engine               - menuKey: ESCAPE
10:20:01.462 [JavaFX Application Thread] DEBUG Engine               - devShowPositionProperty: BooleanProperty [value: false]
10:20:01.462 [JavaFX Application Thread] DEBUG Engine               - versionCheckDays: 7
10:20:01.462 [JavaFX Application Thread] DEBUG Engine               - masterTimer: com.almasb.fxgl.time.Timer@6fd49f6e
10:20:01.463 [JavaFX Application Thread] DEBUG Engine               - configClass: Optional.empty
10:20:01.463 [JavaFX Application Thread] DEBUG Engine               - isFullScreenFromStart: false
10:20:01.463 [JavaFX Application Thread] DEBUG Engine               - version: 0.1
10:20:01.463 [JavaFX Application Thread] DEBUG Engine               - fullScreen: BooleanProperty [value: false]
10:20:01.463 [JavaFX Application Thread] DEBUG Engine               - randomSeed: -1
10:20:01.463 [JavaFX Application Thread] DEBUG Engine               - dialogFactory: com.almasb.fxgl.ui.FXGLDialogFactory@13b1dff8
10:20:01.463 [JavaFX Application Thread] DEBUG Engine               - applicationMode: DEVELOPER
10:20:01.463 [JavaFX Application Thread] DEBUG Engine               - isMac: false
10:20:01.463 [JavaFX Application Thread] DEBUG Engine               - urlGoogleForms: https://goo.gl/forms/6wrMnOBxTE1fEpOy2
10:20:01.463 [JavaFX Application Thread] DEBUG Engine               - isMenuEnabled: false
10:20:01.464 [JavaFX Application Thread] DEBUG Engine               - urlPOM: https://raw.githubusercontent.com/AlmasB/FXGL/master/pom.xml
10:20:01.464 [JavaFX Application Thread] DEBUG Engine               - profileName: user.profile
10:20:01.464 [JavaFX Application Thread] DEBUG Engine               - notificationViewClass: class com.almasb.fxgl.notification.view.XboxNotificationView
10:20:01.464 [JavaFX Application Thread] DEBUG Engine               - devSensorColorProperty: ObjectProperty [value: 0xffff00ff]
10:20:01.464 [JavaFX Application Thread] DEBUG Engine               - sceneFactory: com.almasb.fxgl.app.SceneFactory@2fe08674
10:20:01.464 [JavaFX Application Thread] DEBUG Engine               - dataFileExt: .dat
10:20:01.464 [JavaFX Application Thread] DEBUG Engine               - stageStyle: DECORATED
10:20:01.465 [JavaFX Application Thread] DEBUG Engine               - isManualResizeEnabled: false
10:20:01.465 [JavaFX Application Thread] DEBUG Engine               - title: Basic Game app
10:20:01.465 [JavaFX Application Thread] DEBUG Engine               - platform: WINDOWS
10:20:01.465 [JavaFX Application Thread] DEBUG Engine               - devBBoxColorProperty: ObjectProperty [value: 0xff0000ff]
10:20:01.465 [JavaFX Application Thread] DEBUG Engine               - isDesktop: true
10:20:01.465 [JavaFX Application Thread] DEBUG Engine               - credits: []
10:20:01.465 [JavaFX Application Thread] DEBUG Engine               - globalMusicVolumeProperty: DoubleProperty [value: 0.5]
10:20:01.465 [JavaFX Application Thread] DEBUG Engine               - isPreserveResizeRatio: false
10:20:01.465 [JavaFX Application Thread] DEBUG Engine               - uIFactory: com.almasb.fxgl.ui.FXGLUIFactory@182536b0
10:20:01.465 [JavaFX Application Thread] DEBUG Engine               - fontText: Courier-Prime.ttf
10:20:01.465 [JavaFX Application Thread] DEBUG Engine               - isExperimentalTiledLargeMap: false
10:20:01.465 [JavaFX Application Thread] DEBUG Engine               - secondsIn24h: 60
10:20:01.466 [JavaFX Application Thread] DEBUG Engine               - runtimeInfo: RuntimeInfo(platform=WINDOWS, version=11.7, build=05.01.2020 09.46)
10:20:01.466 [JavaFX Application Thread] DEBUG Engine               - isLinux: false
10:20:01.466 [JavaFX Application Thread] DEBUG Engine               - soundMenuPress: menu/press.wav
10:20:01.466 [JavaFX Application Thread] DEBUG Engine               - urlGithub: https://github.com/AlmasB/FXGL
10:20:01.466 [JavaFX Application Thread] DEBUG Engine               - profileDir: profiles/
10:20:01.466 [JavaFX Application Thread] DEBUG Engine               - isDeveloperMenuEnabled: false
10:20:01.466 [JavaFX Application Thread] DEBUG Engine               - globalSoundVolumeProperty: DoubleProperty [value: 0.5]
10:20:01.466 [JavaFX Application Thread] DEBUG Engine               - isBrowser: false
10:20:01.466 [JavaFX Application Thread] DEBUG Engine               - globalSoundVolume: 0.5
10:20:01.466 [JavaFX Application Thread] DEBUG Engine               - urlLeaderboard: http://fxgl-top.herokuapp.com/
10:20:01.466 [JavaFX Application Thread] DEBUG Engine               - saveDir: saves/
10:20:01.466 [JavaFX Application Thread] DEBUG Engine               - engineServices: [class com.almasb.fxgl.audio.AudioPlayer, class com.almasb.fxgl.notification.impl.NotificationServiceProvider, class com.almasb.fxgl.achievement.AchievementManager, class com.almasb.fxgl.cutscene.CutsceneService, class com.almasb.fxgl.minigames.MiniGameService]
10:20:01.466 [JavaFX Application Thread] DEBUG Engine               - globalMusicVolume: 0.5
10:20:01.467 [JavaFX Application Thread] DEBUG Engine               - width: 600
10:20:01.467 [JavaFX Application Thread] DEBUG Engine               - saveFileExt: .sav
10:20:01.467 [JavaFX Application Thread] DEBUG Engine               - isAndroid: false
10:20:01.467 [JavaFX Application Thread] DEBUG Engine               - fontUI: VarelaRound-Regular.ttf
10:20:01.467 [JavaFX Application Thread] DEBUG Engine               - enabledMenuItems: []
10:20:01.467 [JavaFX Application Thread] DEBUG Engine               - isIOS: false
10:20:01.469 [JavaFX Application Thread] DEBUG Engine               - Adding new engine service: class com.almasb.fxgl.audio.AudioPlayer
10:20:01.470 [JavaFX Application Thread] DEBUG Engine               - Adding new engine service: class com.almasb.fxgl.notification.impl.NotificationServiceProvider
10:20:01.470 [JavaFX Application Thread] DEBUG Engine               - Adding new engine service: class com.almasb.fxgl.achievement.AchievementManager
10:20:01.471 [JavaFX Application Thread] DEBUG Engine               - Adding new engine service: class com.almasb.fxgl.cutscene.CutsceneService
10:20:01.471 [JavaFX Application Thread] DEBUG Engine               - Adding new engine service: class com.almasb.fxgl.minigames.MiniGameService
10:20:01.475 [JavaFX Application Thread] DEBUG Engine               - Loading localizations
10:20:01.477 [JavaFX Application Thread] DEBUG AssetLoader          - Loading from file system: /assets/properties/languages/english.properties
10:20:01.481 [JavaFX Application Thread] DEBUG AssetLoader          - Loading from file system: /assets/properties/languages/french.properties
10:20:01.482 [JavaFX Application Thread] DEBUG AssetLoader          - Loading from file system: /assets/properties/languages/german.properties
10:20:01.482 [JavaFX Application Thread] DEBUG AssetLoader          - Loading from file system: /assets/properties/languages/russian.properties
10:20:01.483 [JavaFX Application Thread] DEBUG AssetLoader          - Loading from file system: /assets/properties/languages/hungarian.properties
10:20:01.489 [JavaFX Application Thread] DEBUG Engine               - Registering font factories
10:20:01.489 [JavaFX Application Thread] DEBUG AssetLoader          - Loading from file system: /assets/ui/fonts/VarelaRound-Regular.ttf
10:20:01.667 [JavaFX Application Thread] DEBUG AssetLoader          - Loading from file system: /assets/ui/fonts/Abel-Regular.ttf
10:20:01.677 [JavaFX Application Thread] DEBUG AssetLoader          - Loading from file system: /assets/ui/fonts/lucida_console.ttf
10:20:01.688 [JavaFX Application Thread] DEBUG AssetLoader          - Loading from file system: /assets/ui/fonts/Courier-Prime.ttf
10:20:01.702 [JavaFX Application Thread] DEBUG Engine               - Setting UI factory
10:20:01.781 [JavaFX Application Thread] DEBUG AssetLoader          - Loading from file system: /assets/textures/fxgl_logo.png
10:20:01.828 [JavaFX Application Thread] DEBUG MainWindow           - Creating a JavaFX scene
10:20:01.866 [JavaFX Application Thread] DEBUG MainWindow           - Target settings size: 600.0 x 600.0
10:20:01.866 [JavaFX Application Thread] DEBUG MainWindow           - Scaled scene size:    600.0 x 600.0
10:20:01.866 [JavaFX Application Thread] DEBUG MainWindow           - Scaled ratio: (1.0, 1.0)
10:20:01.868 [JavaFX Application Thread] DEBUG MainWindow           - Set initial scene to FXGLStartupScene
10:20:01.876 [JavaFX Application Thread] DEBUG AssetLoader          - Loading from file system: /assets/textures/fxgl_icon.png
10:20:01.884 [JavaFX Application Thread] DEBUG Engine               - Applying CSS: fxgl_dark.css
10:20:01.885 [JavaFX Application Thread] DEBUG AssetLoader          - Loading from file system: /assets/ui/css/fxgl_dark.css
10:20:01.886 [JavaFX Application Thread] DEBUG AssetLoader          - Loading from file system: /assets/ui/cursors/fxgl_default.png
10:20:01.887 [JavaFX Application Thread] DEBUG MainWindow           - Opening main window
10:20:02.002 [JavaFX Application Thread] DEBUG MainWindow           - Window border size: (16.0, 39.0)
10:20:02.002 [JavaFX Application Thread] DEBUG MainWindow           - Scaled size: 600.0 x 600.0
10:20:02.002 [JavaFX Application Thread] DEBUG MainWindow           - Scaled ratio: (1.0, 1.0)
10:20:02.003 [JavaFX Application Thread] DEBUG MainWindow           - Scene size: 600.0 x 600.0
10:20:02.003 [JavaFX Application Thread] DEBUG MainWindow           - Stage size: 616.0 x 639.0
10:20:02.015 [FXGL Background Thread 1 ] DEBUG FS                   - Loaded FSServiceImpl
10:20:02.016 [FXGL Background Thread 1 ] DEBUG Engine               - Loading FXGL system data
10:20:02.024 [FXGL Background Thread 1 ] DEBUG FSServiceImpl        - Reading from: E:\Spil projekt - Jan 2020\system\fxgl.bundle
10:20:02.031 [FXGL Background Thread 1 ] DEBUG Engine               - Bundle FXGL: {}
10:20:02.031 [FXGL Background Thread 1 ] DEBUG Engine               - Initializing application scenes
10:20:02.054 [FXGL Background Thread 1 ] DEBUG GameWorld            - Game world initialized
10:20:02.089 [FXGL Background Thread 1 ] DEBUG PhysicsWorld         - Physics world initialized: appHeight=600, physics.ppm=50,0
10:20:02.091 [FXGL Background Thread 1 ] DEBUG GameScene            - Game scene initialized: 600x600
10:20:02.116 [FXGL Background Thread 1 ] DEBUG Input                - Registered new binding: Resume - Esc
10:20:02.116 [FXGL Background Thread 1 ] DEBUG AssetLoader          - Loading from file system: /assets/textures/pause_menu_bg.png
10:20:02.135 [FXGL Background Thread 1 ] DEBUG Input                - Registered new binding: Pause - Esc
10:20:02.135 [FXGL Background Thread 1 ] DEBUG Engine               - Application scenes initialized
10:20:02.137 [JavaFX Application Thread] DEBUG Engine               - Running preInit()
10:20:02.138 [JavaFX Application Thread] DEBUG Input                - Registered new binding: Move Right - D
10:20:02.138 [JavaFX Application Thread] DEBUG Input                - Registered new binding: Move Left - A
10:20:02.138 [JavaFX Application Thread] DEBUG Input                - Registered new binding: Move Up - W
10:20:02.138 [JavaFX Application Thread] DEBUG Input                - Registered new binding: Move Down - S
10:20:02.139 [JavaFX Application Thread] DEBUG Input                - Registered new binding: Screenshot - P
10:20:02.140 [JavaFX Application Thread] DEBUG Input                - Registered new binding: System info dump - CTRL+9
10:20:02.140 [JavaFX Application Thread] DEBUG Input                - Registered new binding: Restart - CTRL+R
10:20:02.140 [JavaFX Application Thread] DEBUG Engine               - generateDefaultProfile()
10:20:02.140 [JavaFX Application Thread] DEBUG Engine               - Creating default profile
10:20:02.140 [JavaFX Application Thread] DEBUG EventBus             - Firing event: SaveEvent
10:20:02.150 [JavaFX Application Thread] DEBUG AssetLoader          - Loading from file system: /assets/music/Pokemon Red, Yellow, Blue Battle Music- Trainer.mp3
10:20:02.220 [JavaFX Application Thread] DEBUG AudioPlayer          - Playing music com.almasb.fxgl.audio.Music@6b3b7e15
10:20:02.220 [JavaFX Application Thread] INFO  Engine               - FXGL initialization took: 0,745 sec
10:20:02.220 [JavaFX Application Thread] DEBUG LoopRunner           - Starting loop
10:20:02.233 [JavaFX Application Thread] DEBUG FXGLStartupScene     - STARTUP
10:20:02.233 [JavaFX Application Thread] DEBUG Engine               - Starting new game
10:20:02.238 [JavaFX Application Thread] DEBUG Input                - Clearing active input actions
10:20:02.238 [FXGL Background Thread 1 ] DEBUG InitAppTask          - Clearing previous game
10:20:02.238 [FXGL Background Thread 1 ] DEBUG GameWorld            - Clearing game world
10:20:02.238 [FXGL Background Thread 1 ] DEBUG PhysicsWorld         - Clearing physics world
10:20:02.238 [FXGL Background Thread 1 ] DEBUG GameScene            - Clearing game scene
10:20:02.238 [FXGL Background Thread 1 ] DEBUG InitAppTask          - Initializing Game
10:20:02.245 [FXGL Background Thread 1 ] DEBUG AssetLoader          - Loading from file system: /assets/textures/EvilPuff.png
10:20:02.246 [JavaFX Application Thread] DEBUG Engine               - Removing overlay from FXGLStartupScene and adding to LoadingScene
10:20:02.247 [JavaFX Application Thread] DEBUG MainWindow           - FXGLStartupScene -> LoadingScene
10:20:02.256 [FXGL Background Thread 1 ] DEBUG AssetLoader          - Loading from file system: /assets/textures/PokePlayerUnit1.png
10:20:02.277 [FXGL Background Thread 1 ] DEBUG InitAppTask          - Initializing Physics
10:20:02.278 [FXGL Background Thread 1 ] DEBUG InitAppTask          - Initializing UI
10:20:02.279 [FXGL Background Thread 1 ] DEBUG InitAppTask          - Initialization Complete
10:20:02.280 [FXGL Background Thread 1 ] INFO  InitAppTask          - Game initialization took: 0,042 sec
10:20:02.325 [JavaFX Application Thread] DEBUG Input                - Clearing active input actions
10:20:02.334 [JavaFX Application Thread] DEBUG Engine               - Removing overlay from LoadingScene and adding to GameScene
10:20:02.334 [JavaFX Application Thread] DEBUG MainWindow           - LoadingScene -> GameScene
10:20:10.651 [JavaFX Application Thread] DEBUG Engine               - Exiting FXGL
10:20:10.651 [JavaFX Application Thread] DEBUG Engine               - Shutting down background threads
10:20:10.651 [JavaFX Application Thread] DEBUG Engine               - Saving FXGL system data
10:20:10.653 [JavaFX Application Thread] DEBUG FSServiceImpl        - Writing to: E:\Spil projekt - Jan 2020\system\fxgl.bundle
10:20:10.655 [JavaFX Application Thread] DEBUG Engine               - Closing logger and exiting JavaFX
