10:31:30.442 [main                     ] DEBUG GameApplication      - Logger initialized
10:31:30.462 [main                     ] DEBUG GameApplication      - Logging settings
Title: Basic Game app
Version: 0.1
Width: 600
Height: 600
Fullscreen: false
Intro: false
Menus: false
Profiling: false
Single step:false
App Mode: DEVELOPER
Menu Key: ESCAPE
Stage Style: DECORATED
Scene Factory: class com.almasb.fxgl.app.SceneFactory
Dialog Factory: class com.almasb.fxgl.ui.FXGLDialogFactory
UI Factory: class com.almasb.fxgl.ui.FXGLUIFactory

10:31:30.773 [JavaFX Application Thread] DEBUG Engine               - Initializing FXGL
10:31:30.773 [JavaFX Application Thread] INFO  Engine               - FXGL-11.7 (05.01.2020 09.46) on WINDOWS (J:11.0.5 FX:10.0.2-internal)
10:31:30.773 [JavaFX Application Thread] INFO  Engine               - Source code and latest versions at: https://github.com/AlmasB/FXGL
10:31:30.773 [JavaFX Application Thread] INFO  Engine               -              Join the FXGL chat at: https://gitter.im/AlmasB/FXGL
10:31:30.774 [JavaFX Application Thread] DEBUG Engine               - Initializing environment variables
10:31:30.776 [JavaFX Application Thread] DEBUG Engine               - Logging environment variables
10:31:30.776 [JavaFX Application Thread] DEBUG Engine               - achievements: []
10:31:30.776 [JavaFX Application Thread] DEBUG Engine               - sceneStack: com.almasb.fxgl.app.Engine@37b0cb13
10:31:30.776 [JavaFX Application Thread] DEBUG Engine               - language: ObjectProperty [value: ENGLISH]
10:31:30.777 [JavaFX Application Thread] DEBUG Engine               - isCloseConfirmation: false
10:31:30.777 [JavaFX Application Thread] DEBUG Engine               - isProfilingEnabled: false
10:31:30.777 [JavaFX Application Thread] DEBUG Engine               - soundNotification: core/notification.wav
10:31:30.777 [JavaFX Application Thread] DEBUG Engine               - devShowBBoxProperty: BooleanProperty [value: false]
10:31:30.779 [JavaFX Application Thread] DEBUG Engine               - pixelsPerMeter: 50.0
10:31:30.779 [JavaFX Application Thread] DEBUG Engine               - overlayRoot: Group@66db56cc
10:31:30.779 [JavaFX Application Thread] DEBUG Engine               - appIcon: fxgl_icon.png
10:31:30.779 [JavaFX Application Thread] DEBUG Engine               - soundMenuBack: menu/back.wav
10:31:30.779 [JavaFX Application Thread] DEBUG Engine               - isFullScreenAllowed: false
10:31:30.779 [JavaFX Application Thread] DEBUG Engine               - isIntroEnabled: false
10:31:30.780 [JavaFX Application Thread] DEBUG Engine               - eventBus: com.almasb.fxgl.event.EventBus@5e8d3fff
10:31:30.780 [JavaFX Application Thread] DEBUG Engine               - fontMono: lucida_console.ttf
10:31:30.780 [JavaFX Application Thread] DEBUG Engine               - soundMenuSelect: menu/select.wav
10:31:30.780 [JavaFX Application Thread] DEBUG Engine               - isWindows: true
10:31:30.780 [JavaFX Application Thread] DEBUG Engine               - isMobile: false
10:31:30.780 [JavaFX Application Thread] DEBUG Engine               - height: 600
10:31:30.780 [JavaFX Application Thread] DEBUG Engine               - isExperimentalNative: false
10:31:30.780 [JavaFX Application Thread] DEBUG Engine               - isSingleStep: false
10:31:30.780 [JavaFX Application Thread] DEBUG Engine               - cSSList: [fxgl_dark.css]
10:31:30.781 [JavaFX Application Thread] DEBUG Engine               - fontGame: Abel-Regular.ttf
10:31:30.781 [JavaFX Application Thread] DEBUG Engine               - menuKey: ESCAPE
10:31:30.781 [JavaFX Application Thread] DEBUG Engine               - devShowPositionProperty: BooleanProperty [value: false]
10:31:30.781 [JavaFX Application Thread] DEBUG Engine               - versionCheckDays: 7
10:31:30.781 [JavaFX Application Thread] DEBUG Engine               - masterTimer: com.almasb.fxgl.time.Timer@6fd49f6e
10:31:30.781 [JavaFX Application Thread] DEBUG Engine               - configClass: Optional.empty
10:31:30.781 [JavaFX Application Thread] DEBUG Engine               - isFullScreenFromStart: false
10:31:30.781 [JavaFX Application Thread] DEBUG Engine               - version: 0.1
10:31:30.781 [JavaFX Application Thread] DEBUG Engine               - fullScreen: BooleanProperty [value: false]
10:31:30.782 [JavaFX Application Thread] DEBUG Engine               - randomSeed: -1
10:31:30.782 [JavaFX Application Thread] DEBUG Engine               - dialogFactory: com.almasb.fxgl.ui.FXGLDialogFactory@13b1dff8
10:31:30.782 [JavaFX Application Thread] DEBUG Engine               - applicationMode: DEVELOPER
10:31:30.782 [JavaFX Application Thread] DEBUG Engine               - isMac: false
10:31:30.782 [JavaFX Application Thread] DEBUG Engine               - urlGoogleForms: https://goo.gl/forms/6wrMnOBxTE1fEpOy2
10:31:30.782 [JavaFX Application Thread] DEBUG Engine               - isMenuEnabled: false
10:31:30.782 [JavaFX Application Thread] DEBUG Engine               - profileName: user.profile
10:31:30.782 [JavaFX Application Thread] DEBUG Engine               - urlPOM: https://raw.githubusercontent.com/AlmasB/FXGL/master/pom.xml
10:31:30.782 [JavaFX Application Thread] DEBUG Engine               - notificationViewClass: class com.almasb.fxgl.notification.view.XboxNotificationView
10:31:30.783 [JavaFX Application Thread] DEBUG Engine               - devSensorColorProperty: ObjectProperty [value: 0xffff00ff]
10:31:30.783 [JavaFX Application Thread] DEBUG Engine               - dataFileExt: .dat
10:31:30.783 [JavaFX Application Thread] DEBUG Engine               - sceneFactory: com.almasb.fxgl.app.SceneFactory@2fe08674
10:31:30.783 [JavaFX Application Thread] DEBUG Engine               - stageStyle: DECORATED
10:31:30.783 [JavaFX Application Thread] DEBUG Engine               - isManualResizeEnabled: false
10:31:30.783 [JavaFX Application Thread] DEBUG Engine               - title: Basic Game app
10:31:30.784 [JavaFX Application Thread] DEBUG Engine               - platform: WINDOWS
10:31:30.784 [JavaFX Application Thread] DEBUG Engine               - devBBoxColorProperty: ObjectProperty [value: 0xff0000ff]
10:31:30.784 [JavaFX Application Thread] DEBUG Engine               - isDesktop: true
10:31:30.784 [JavaFX Application Thread] DEBUG Engine               - credits: []
10:31:30.784 [JavaFX Application Thread] DEBUG Engine               - globalMusicVolumeProperty: DoubleProperty [value: 0.5]
10:31:30.784 [JavaFX Application Thread] DEBUG Engine               - uIFactory: com.almasb.fxgl.ui.FXGLUIFactory@182536b0
10:31:30.784 [JavaFX Application Thread] DEBUG Engine               - isPreserveResizeRatio: false
10:31:30.785 [JavaFX Application Thread] DEBUG Engine               - fontText: Courier-Prime.ttf
10:31:30.785 [JavaFX Application Thread] DEBUG Engine               - isExperimentalTiledLargeMap: false
10:31:30.785 [JavaFX Application Thread] DEBUG Engine               - secondsIn24h: 60
10:31:30.787 [JavaFX Application Thread] DEBUG Engine               - runtimeInfo: RuntimeInfo(platform=WINDOWS, version=11.7, build=05.01.2020 09.46)
10:31:30.787 [JavaFX Application Thread] DEBUG Engine               - urlGithub: https://github.com/AlmasB/FXGL
10:31:30.787 [JavaFX Application Thread] DEBUG Engine               - isLinux: false
10:31:30.787 [JavaFX Application Thread] DEBUG Engine               - soundMenuPress: menu/press.wav
10:31:30.787 [JavaFX Application Thread] DEBUG Engine               - profileDir: profiles/
10:31:30.787 [JavaFX Application Thread] DEBUG Engine               - isDeveloperMenuEnabled: false
10:31:30.788 [JavaFX Application Thread] DEBUG Engine               - globalSoundVolumeProperty: DoubleProperty [value: 0.5]
10:31:30.788 [JavaFX Application Thread] DEBUG Engine               - urlLeaderboard: http://fxgl-top.herokuapp.com/
10:31:30.788 [JavaFX Application Thread] DEBUG Engine               - isBrowser: false
10:31:30.788 [JavaFX Application Thread] DEBUG Engine               - globalSoundVolume: 0.5
10:31:30.788 [JavaFX Application Thread] DEBUG Engine               - saveDir: saves/
10:31:30.788 [JavaFX Application Thread] DEBUG Engine               - engineServices: [class com.almasb.fxgl.audio.AudioPlayer, class com.almasb.fxgl.notification.impl.NotificationServiceProvider, class com.almasb.fxgl.achievement.AchievementManager, class com.almasb.fxgl.cutscene.CutsceneService, class com.almasb.fxgl.minigames.MiniGameService]
10:31:30.788 [JavaFX Application Thread] DEBUG Engine               - globalMusicVolume: 0.5
10:31:30.789 [JavaFX Application Thread] DEBUG Engine               - width: 600
10:31:30.789 [JavaFX Application Thread] DEBUG Engine               - saveFileExt: .sav
10:31:30.789 [JavaFX Application Thread] DEBUG Engine               - isAndroid: false
10:31:30.789 [JavaFX Application Thread] DEBUG Engine               - fontUI: VarelaRound-Regular.ttf
10:31:30.789 [JavaFX Application Thread] DEBUG Engine               - isIOS: false
10:31:30.789 [JavaFX Application Thread] DEBUG Engine               - enabledMenuItems: []
10:31:30.791 [JavaFX Application Thread] DEBUG Engine               - Adding new engine service: class com.almasb.fxgl.audio.AudioPlayer
10:31:30.793 [JavaFX Application Thread] DEBUG Engine               - Adding new engine service: class com.almasb.fxgl.notification.impl.NotificationServiceProvider
10:31:30.793 [JavaFX Application Thread] DEBUG Engine               - Adding new engine service: class com.almasb.fxgl.achievement.AchievementManager
10:31:30.794 [JavaFX Application Thread] DEBUG Engine               - Adding new engine service: class com.almasb.fxgl.cutscene.CutsceneService
10:31:30.794 [JavaFX Application Thread] DEBUG Engine               - Adding new engine service: class com.almasb.fxgl.minigames.MiniGameService
10:31:30.796 [JavaFX Application Thread] DEBUG Engine               - Loading localizations
10:31:30.798 [JavaFX Application Thread] DEBUG AssetLoader          - Loading from file system: /assets/properties/languages/english.properties
10:31:30.802 [JavaFX Application Thread] DEBUG AssetLoader          - Loading from file system: /assets/properties/languages/french.properties
10:31:30.803 [JavaFX Application Thread] DEBUG AssetLoader          - Loading from file system: /assets/properties/languages/german.properties
10:31:30.804 [JavaFX Application Thread] DEBUG AssetLoader          - Loading from file system: /assets/properties/languages/russian.properties
10:31:30.806 [JavaFX Application Thread] DEBUG AssetLoader          - Loading from file system: /assets/properties/languages/hungarian.properties
10:31:30.807 [JavaFX Application Thread] DEBUG Engine               - Registering font factories
10:31:30.808 [JavaFX Application Thread] DEBUG AssetLoader          - Loading from file system: /assets/ui/fonts/VarelaRound-Regular.ttf
10:31:31.018 [JavaFX Application Thread] DEBUG AssetLoader          - Loading from file system: /assets/ui/fonts/Abel-Regular.ttf
10:31:31.030 [JavaFX Application Thread] DEBUG AssetLoader          - Loading from file system: /assets/ui/fonts/lucida_console.ttf
10:31:31.043 [JavaFX Application Thread] DEBUG AssetLoader          - Loading from file system: /assets/ui/fonts/Courier-Prime.ttf
10:31:31.051 [JavaFX Application Thread] DEBUG Engine               - Setting UI factory
10:31:31.125 [JavaFX Application Thread] DEBUG AssetLoader          - Loading from file system: /assets/textures/fxgl_logo.png
10:31:31.168 [JavaFX Application Thread] DEBUG MainWindow           - Creating a JavaFX scene
10:31:31.194 [JavaFX Application Thread] DEBUG MainWindow           - Target settings size: 600.0 x 600.0
10:31:31.194 [JavaFX Application Thread] DEBUG MainWindow           - Scaled scene size:    600.0 x 600.0
10:31:31.195 [JavaFX Application Thread] DEBUG MainWindow           - Scaled ratio: (1.0, 1.0)
10:31:31.195 [JavaFX Application Thread] DEBUG MainWindow           - Set initial scene to FXGLStartupScene
10:31:31.201 [JavaFX Application Thread] DEBUG AssetLoader          - Loading from file system: /assets/textures/fxgl_icon.png
10:31:31.210 [JavaFX Application Thread] DEBUG Engine               - Applying CSS: fxgl_dark.css
10:31:31.211 [JavaFX Application Thread] DEBUG AssetLoader          - Loading from file system: /assets/ui/css/fxgl_dark.css
10:31:31.213 [JavaFX Application Thread] DEBUG AssetLoader          - Loading from file system: /assets/ui/cursors/fxgl_default.png
10:31:31.215 [JavaFX Application Thread] DEBUG MainWindow           - Opening main window
10:31:31.326 [JavaFX Application Thread] DEBUG MainWindow           - Window border size: (16.0, 39.0)
10:31:31.326 [JavaFX Application Thread] DEBUG MainWindow           - Scaled size: 600.0 x 600.0
10:31:31.327 [JavaFX Application Thread] DEBUG MainWindow           - Scaled ratio: (1.0, 1.0)
10:31:31.327 [JavaFX Application Thread] DEBUG MainWindow           - Scene size: 600.0 x 600.0
10:31:31.327 [JavaFX Application Thread] DEBUG MainWindow           - Stage size: 616.0 x 639.0
10:31:31.342 [FXGL Background Thread 1 ] DEBUG FS                   - Loaded FSServiceImpl
10:31:31.343 [FXGL Background Thread 1 ] DEBUG Engine               - Loading FXGL system data
10:31:31.346 [FXGL Background Thread 1 ] DEBUG FSServiceImpl        - Reading from: E:\Spil projekt - Jan 2020\system\fxgl.bundle
10:31:31.353 [FXGL Background Thread 1 ] DEBUG Engine               - Bundle FXGL: {}
10:31:31.353 [FXGL Background Thread 1 ] DEBUG Engine               - Initializing application scenes
10:31:31.385 [FXGL Background Thread 1 ] DEBUG GameWorld            - Game world initialized
10:31:31.419 [FXGL Background Thread 1 ] DEBUG PhysicsWorld         - Physics world initialized: appHeight=600, physics.ppm=50,0
10:31:31.420 [FXGL Background Thread 1 ] DEBUG GameScene            - Game scene initialized: 600x600
10:31:31.442 [FXGL Background Thread 1 ] DEBUG Input                - Registered new binding: Resume - Esc
10:31:31.442 [FXGL Background Thread 1 ] DEBUG AssetLoader          - Loading from file system: /assets/textures/pause_menu_bg.png
10:31:31.462 [FXGL Background Thread 1 ] DEBUG Input                - Registered new binding: Pause - Esc
10:31:31.462 [FXGL Background Thread 1 ] DEBUG Engine               - Application scenes initialized
10:31:31.464 [JavaFX Application Thread] DEBUG Engine               - Running preInit()
10:31:31.464 [JavaFX Application Thread] DEBUG Input                - Registered new binding: Move Right - D
10:31:31.464 [JavaFX Application Thread] DEBUG Input                - Registered new binding: Move Left - A
10:31:31.464 [JavaFX Application Thread] DEBUG Input                - Registered new binding: Move Up - W
10:31:31.464 [JavaFX Application Thread] DEBUG Input                - Registered new binding: Move Down - S
10:31:31.465 [JavaFX Application Thread] DEBUG Input                - Registered new binding: Screenshot - P
10:31:31.465 [JavaFX Application Thread] DEBUG Input                - Registered new binding: System info dump - CTRL+9
10:31:31.466 [JavaFX Application Thread] DEBUG Input                - Registered new binding: Restart - CTRL+R
10:31:31.466 [JavaFX Application Thread] DEBUG Engine               - generateDefaultProfile()
10:31:31.466 [JavaFX Application Thread] DEBUG Engine               - Creating default profile
10:31:31.466 [JavaFX Application Thread] DEBUG EventBus             - Firing event: SaveEvent
10:31:31.476 [JavaFX Application Thread] DEBUG AssetLoader          - Loading from file system: /assets/music/Pokemon Red, Yellow, Blue Battle Music- Trainer.mp3
10:31:31.546 [JavaFX Application Thread] DEBUG AudioPlayer          - Playing music com.almasb.fxgl.audio.Music@37cc4c1b
10:31:31.546 [JavaFX Application Thread] INFO  Engine               - FXGL initialization took: 0,750 sec
10:31:31.546 [JavaFX Application Thread] DEBUG LoopRunner           - Starting loop
10:31:31.554 [JavaFX Application Thread] DEBUG FXGLStartupScene     - STARTUP
10:31:31.554 [JavaFX Application Thread] DEBUG Engine               - Starting new game
10:31:31.560 [JavaFX Application Thread] DEBUG Input                - Clearing active input actions
10:31:31.560 [FXGL Background Thread 1 ] DEBUG InitAppTask          - Clearing previous game
10:31:31.561 [FXGL Background Thread 1 ] DEBUG GameWorld            - Clearing game world
10:31:31.561 [FXGL Background Thread 1 ] DEBUG PhysicsWorld         - Clearing physics world
10:31:31.561 [FXGL Background Thread 1 ] DEBUG GameScene            - Clearing game scene
10:31:31.561 [FXGL Background Thread 1 ] DEBUG InitAppTask          - Initializing Game
10:31:31.570 [FXGL Background Thread 1 ] DEBUG AssetLoader          - Loading from file system: /assets/textures/EvilPuff.png
10:31:31.570 [JavaFX Application Thread] DEBUG Engine               - Removing overlay from FXGLStartupScene and adding to LoadingScene
10:31:31.570 [JavaFX Application Thread] DEBUG MainWindow           - FXGLStartupScene -> LoadingScene
10:31:31.581 [FXGL Background Thread 1 ] DEBUG AssetLoader          - Loading from file system: /assets/textures/PokePlayerUnit1.png
10:31:31.605 [FXGL Background Thread 1 ] DEBUG InitAppTask          - Initializing Physics
10:31:31.606 [FXGL Background Thread 1 ] DEBUG InitAppTask          - Initializing UI
10:31:31.608 [FXGL Background Thread 1 ] DEBUG InitAppTask          - Initialization Complete
10:31:31.614 [FXGL Background Thread 1 ] INFO  InitAppTask          - Game initialization took: 0,053 sec
10:31:31.647 [JavaFX Application Thread] DEBUG Input                - Clearing active input actions
10:31:31.661 [JavaFX Application Thread] DEBUG Engine               - Removing overlay from LoadingScene and adding to GameScene
10:31:31.661 [JavaFX Application Thread] DEBUG MainWindow           - LoadingScene -> GameScene
10:31:36.454 [JavaFX Application Thread] DEBUG Engine               - Exiting FXGL
10:31:36.455 [JavaFX Application Thread] DEBUG Engine               - Shutting down background threads
10:31:36.455 [JavaFX Application Thread] DEBUG Engine               - Saving FXGL system data
10:31:36.457 [JavaFX Application Thread] DEBUG FSServiceImpl        - Writing to: E:\Spil projekt - Jan 2020\system\fxgl.bundle
10:31:36.459 [JavaFX Application Thread] DEBUG Engine               - Closing logger and exiting JavaFX
